[2024-09-25T01:47:43.544+0000] {local_task_job_runner.py:123} INFO - ::group::Pre task execution logs
[2024-09-25T01:47:43.560+0000] {taskinstance.py:2612} INFO - Dependencies all met for dep_context=non-requeueable deps ti=<TaskInstance: fetch_and_store_amazon_books.insert_book_data scheduled__2024-09-24T00:00:00+00:00 [queued]>
[2024-09-25T01:47:43.567+0000] {taskinstance.py:2612} INFO - Dependencies all met for dep_context=requeueable deps ti=<TaskInstance: fetch_and_store_amazon_books.insert_book_data scheduled__2024-09-24T00:00:00+00:00 [queued]>
[2024-09-25T01:47:43.569+0000] {taskinstance.py:2865} INFO - Starting attempt 4 of 5
[2024-09-25T01:47:43.583+0000] {taskinstance.py:2888} INFO - Executing <Task(PythonOperator): insert_book_data> on 2024-09-24 00:00:00+00:00
[2024-09-25T01:47:43.590+0000] {warnings.py:112} WARNING - /home/***/.local/lib/python3.12/site-packages/***/task/task_runner/standard_task_runner.py:70: DeprecationWarning: This process (pid=3554) is multi-threaded, use of fork() may lead to deadlocks in the child.
  pid = os.fork()

[2024-09-25T01:47:43.592+0000] {standard_task_runner.py:72} INFO - Started process 3556 to run task
[2024-09-25T01:47:43.592+0000] {standard_task_runner.py:104} INFO - Running: ['***', 'tasks', 'run', 'fetch_and_store_amazon_books', 'insert_book_data', 'scheduled__2024-09-24T00:00:00+00:00', '--job-id', '115', '--raw', '--subdir', 'DAGS_FOLDER/dag.py', '--cfg-path', '/tmp/tmpwfc5g795']
[2024-09-25T01:47:43.594+0000] {standard_task_runner.py:105} INFO - Job 115: Subtask insert_book_data
[2024-09-25T01:47:43.654+0000] {task_command.py:467} INFO - Running <TaskInstance: fetch_and_store_amazon_books.insert_book_data scheduled__2024-09-24T00:00:00+00:00 [running]> on host 12236234e313
[2024-09-25T01:47:43.740+0000] {taskinstance.py:3131} INFO - Exporting env vars: AIRFLOW_CTX_DAG_OWNER='***' AIRFLOW_CTX_DAG_ID='fetch_and_store_amazon_books' AIRFLOW_CTX_TASK_ID='insert_book_data' AIRFLOW_CTX_EXECUTION_DATE='2024-09-24T00:00:00+00:00' AIRFLOW_CTX_TRY_NUMBER='4' AIRFLOW_CTX_DAG_RUN_ID='scheduled__2024-09-24T00:00:00+00:00'
[2024-09-25T01:47:43.743+0000] {logging_mixin.py:190} INFO - Task instance is in running state
[2024-09-25T01:47:43.744+0000] {logging_mixin.py:190} INFO -  Previous state of the Task instance: queued
[2024-09-25T01:47:43.745+0000] {logging_mixin.py:190} INFO - Current task name:insert_book_data state:running start_date:2024-09-25 01:47:43.561078+00:00
[2024-09-25T01:47:43.746+0000] {logging_mixin.py:190} INFO - Dag name:fetch_and_store_amazon_books and current dag run status:running
[2024-09-25T01:47:43.748+0000] {taskinstance.py:731} INFO - ::endgroup::
[2024-09-25T01:47:43.771+0000] {base.py:84} INFO - Retrieving connection 'books_connection'
[2024-09-25T01:47:43.777+0000] {sql.py:509} INFO - Running statement: 
    INSERT INTO books (title, authors, price, rating)
    VALUES (%s,%s,%s,%s)
    , parameters: ('Data Engineering with AWS - Second Edition: Acquire the skills to design and build AWS-based data transformation pipelines like a pro', 'Gareth Eagar', '41.', '4.4 out of 5 stars')
[2024-09-25T01:47:43.780+0000] {sql.py:518} INFO - Rows affected: 1
[2024-09-25T01:47:43.790+0000] {base.py:84} INFO - Retrieving connection 'books_connection'
[2024-09-25T01:47:43.796+0000] {sql.py:509} INFO - Running statement: 
    INSERT INTO books (title, authors, price, rating)
    VALUES (%s,%s,%s,%s)
    , parameters: ('Data Engineering 101', 'Hardcover', '30.', '4.6 out of 5 stars')
[2024-09-25T01:47:43.798+0000] {sql.py:518} INFO - Rows affected: 1
[2024-09-25T01:47:43.809+0000] {base.py:84} INFO - Retrieving connection 'books_connection'
[2024-09-25T01:47:43.814+0000] {sql.py:509} INFO - Running statement: 
    INSERT INTO books (title, authors, price, rating)
    VALUES (%s,%s,%s,%s)
    , parameters: ('Azure Data Engineer Associate Certification Guide: Ace the DP-203 exam with advanced data engineering skills', 'Giacinto Palmieri', '32.', '4.4 out of 5 stars')
[2024-09-25T01:47:43.817+0000] {sql.py:518} INFO - Rows affected: 1
[2024-09-25T01:47:43.828+0000] {base.py:84} INFO - Retrieving connection 'books_connection'
[2024-09-25T01:47:43.833+0000] {sql.py:509} INFO - Running statement: 
    INSERT INTO books (title, authors, price, rating)
    VALUES (%s,%s,%s,%s)
    , parameters: ('Data Engineering with dbt: A practical guide to building a cloud-based, pragmatic, and dependable data platform with SQL', 'Roberto Zagni', '37.', '4.6 out of 5 stars')
[2024-09-25T01:47:43.836+0000] {sql.py:518} INFO - Rows affected: 1
[2024-09-25T01:47:43.848+0000] {base.py:84} INFO - Retrieving connection 'books_connection'
[2024-09-25T01:47:43.853+0000] {sql.py:509} INFO - Running statement: 
    INSERT INTO books (title, authors, price, rating)
    VALUES (%s,%s,%s,%s)
    , parameters: ('Fundamentals of Data Engineering: Plan and Build Robust Data Systems', 'Joe Reis', '42.', '4.7 out of 5 stars')
[2024-09-25T01:47:43.855+0000] {sql.py:518} INFO - Rows affected: 1
[2024-09-25T01:47:43.866+0000] {base.py:84} INFO - Retrieving connection 'books_connection'
[2024-09-25T01:47:43.871+0000] {sql.py:509} INFO - Running statement: 
    INSERT INTO books (title, authors, price, rating)
    VALUES (%s,%s,%s,%s)
    , parameters: ('Designing Data-Intensive Applications: The Big Ideas Behind Reliable, Scalable, and Maintainable Systems', 'Martin Kleppmann', '46.', '4.8 out of 5 stars')
[2024-09-25T01:47:43.874+0000] {sql.py:518} INFO - Rows affected: 1
[2024-09-25T01:47:43.886+0000] {base.py:84} INFO - Retrieving connection 'books_connection'
[2024-09-25T01:47:43.891+0000] {sql.py:509} INFO - Running statement: 
    INSERT INTO books (title, authors, price, rating)
    VALUES (%s,%s,%s,%s)
    , parameters: ('Data Pipelines Pocket Reference: Moving and Processing Data for Analytics', 'James Densmore', '17.', '4.5 out of 5 stars')
[2024-09-25T01:47:43.894+0000] {sql.py:518} INFO - Rows affected: 1
[2024-09-25T01:47:43.905+0000] {base.py:84} INFO - Retrieving connection 'books_connection'
[2024-09-25T01:47:43.911+0000] {sql.py:509} INFO - Running statement: 
    INSERT INTO books (title, authors, price, rating)
    VALUES (%s,%s,%s,%s)
    , parameters: ('Fundamentals of Data Analytics: Learn Essential Skills, Embrace the Future, and Catapult Your Career in the Data-Driven World—A Comprehensive Guide to Data Literacy for Beginners', 'Russell Dawson', '17.', '4.8 out of 5 stars')
[2024-09-25T01:47:43.913+0000] {sql.py:518} INFO - Rows affected: 1
[2024-09-25T01:47:43.924+0000] {base.py:84} INFO - Retrieving connection 'books_connection'
[2024-09-25T01:47:43.930+0000] {sql.py:509} INFO - Running statement: 
    INSERT INTO books (title, authors, price, rating)
    VALUES (%s,%s,%s,%s)
    , parameters: ("Azure Data Factory Cookbook: A data engineer's guide to building and managing ETL and ELT pipelines with data integration", 'Dmitry Foshin', '51.', '4.2 out of 5 stars')
[2024-09-25T01:47:43.932+0000] {sql.py:518} INFO - Rows affected: 1
[2024-09-25T01:47:43.943+0000] {base.py:84} INFO - Retrieving connection 'books_connection'
[2024-09-25T01:47:43.948+0000] {sql.py:509} INFO - Running statement: 
    INSERT INTO books (title, authors, price, rating)
    VALUES (%s,%s,%s,%s)
    , parameters: ('Data Engineering with Python: Work with massive datasets to design data models and automate data pipelines using Python', 'Paul Crickard', '37.', '4.1 out of 5 stars')
[2024-09-25T01:47:43.950+0000] {sql.py:518} INFO - Rows affected: 1
[2024-09-25T01:47:43.960+0000] {base.py:84} INFO - Retrieving connection 'books_connection'
[2024-09-25T01:47:43.965+0000] {sql.py:509} INFO - Running statement: 
    INSERT INTO books (title, authors, price, rating)
    VALUES (%s,%s,%s,%s)
    , parameters: ('Cracking the Data Engineering Interview: Land your dream job with the help of resume-building tips, over 100 mock questions, and a unique portfolio', 'Kedeisha Bryan', '26.', '4.4 out of 5 stars')
[2024-09-25T01:47:43.967+0000] {sql.py:518} INFO - Rows affected: 1
[2024-09-25T01:47:43.977+0000] {base.py:84} INFO - Retrieving connection 'books_connection'
[2024-09-25T01:47:43.981+0000] {sql.py:509} INFO - Running statement: 
    INSERT INTO books (title, authors, price, rating)
    VALUES (%s,%s,%s,%s)
    , parameters: ('Ace the Data Engineering Interview: Questions and Answers for Python, SQL, Data Modeling and More', 'Sean Coyne', '24.', '3.8 out of 5 stars')
[2024-09-25T01:47:43.983+0000] {sql.py:518} INFO - Rows affected: 1
[2024-09-25T01:47:43.992+0000] {base.py:84} INFO - Retrieving connection 'books_connection'
[2024-09-25T01:47:43.995+0000] {sql.py:509} INFO - Running statement: 
    INSERT INTO books (title, authors, price, rating)
    VALUES (%s,%s,%s,%s)
    , parameters: ('Data Engineering with Databricks Cookbook: Build effective data and AI solutions using Apache Spark, Databricks, and Delta Lake', 'Pulkit Chadha', '33.', '4.3 out of 5 stars')
[2024-09-25T01:47:43.997+0000] {sql.py:518} INFO - Rows affected: 1
[2024-09-25T01:47:44.006+0000] {base.py:84} INFO - Retrieving connection 'books_connection'
[2024-09-25T01:47:44.010+0000] {sql.py:509} INFO - Running statement: 
    INSERT INTO books (title, authors, price, rating)
    VALUES (%s,%s,%s,%s)
    , parameters: ('Ace the Data Science Interview: 201 Real Interview Questions Asked By FAANG, Tech Startups, & Wall Street', 'Nick Singh', '34.', '4.5 out of 5 stars')
[2024-09-25T01:47:44.012+0000] {sql.py:518} INFO - Rows affected: 1
[2024-09-25T01:47:44.022+0000] {base.py:84} INFO - Retrieving connection 'books_connection'
[2024-09-25T01:47:44.026+0000] {sql.py:509} INFO - Running statement: 
    INSERT INTO books (title, authors, price, rating)
    VALUES (%s,%s,%s,%s)
    , parameters: ('Essentials of Data Engineering', 'Dr. Mukesh Saini', '19.', '5.0 out of 5 stars')
[2024-09-25T01:47:44.028+0000] {sql.py:518} INFO - Rows affected: 1
[2024-09-25T01:47:44.038+0000] {base.py:84} INFO - Retrieving connection 'books_connection'
[2024-09-25T01:47:44.042+0000] {sql.py:509} INFO - Running statement: 
    INSERT INTO books (title, authors, price, rating)
    VALUES (%s,%s,%s,%s)
    , parameters: ('Data Privacy: A runbook for engineers', 'Nishant Bhajaria', '35.', '4.8 out of 5 stars')
[2024-09-25T01:47:44.044+0000] {sql.py:518} INFO - Rows affected: 1
[2024-09-25T01:47:44.053+0000] {base.py:84} INFO - Retrieving connection 'books_connection'
[2024-09-25T01:47:44.057+0000] {sql.py:509} INFO - Running statement: 
    INSERT INTO books (title, authors, price, rating)
    VALUES (%s,%s,%s,%s)
    , parameters: ('Data Engineering with Python cookbook: Learn to build efficient data pipelines using the Modern Cloud Data Stack', 'Adithyan Ramanujakootam', '32.', '5.0 out of 5 stars')
[2024-09-25T01:47:44.059+0000] {sql.py:518} INFO - Rows affected: 1
[2024-09-25T01:47:44.067+0000] {base.py:84} INFO - Retrieving connection 'books_connection'
[2024-09-25T01:47:44.071+0000] {sql.py:509} INFO - Running statement: 
    INSERT INTO books (title, authors, price, rating)
    VALUES (%s,%s,%s,%s)
    , parameters: ('Data Engineering with AWS: Learn how to design and build cloud-based data transformation pipelines using AWS', 'Gareth Eagar', '49.', '4.4 out of 5 stars')
[2024-09-25T01:47:44.074+0000] {sql.py:518} INFO - Rows affected: 1
[2024-09-25T01:47:44.084+0000] {base.py:84} INFO - Retrieving connection 'books_connection'
[2024-09-25T01:47:44.089+0000] {sql.py:509} INFO - Running statement: 
    INSERT INTO books (title, authors, price, rating)
    VALUES (%s,%s,%s,%s)
    , parameters: ('97 Things Every Data Engineer Should Know: Collective Wisdom from the Experts', 'Tobias Macey', '28.', '4.1 out of 5 stars')
[2024-09-25T01:47:44.091+0000] {sql.py:518} INFO - Rows affected: 1
[2024-09-25T01:47:44.101+0000] {base.py:84} INFO - Retrieving connection 'books_connection'
[2024-09-25T01:47:44.106+0000] {sql.py:509} INFO - Running statement: 
    INSERT INTO books (title, authors, price, rating)
    VALUES (%s,%s,%s,%s)
    , parameters: ('Software Engineering for Data Scientists: From Notebooks to Scalable Systems', 'Catherine Nelson', '51.', '4.4 out of 5 stars')
[2024-09-25T01:47:44.108+0000] {sql.py:518} INFO - Rows affected: 1
[2024-09-25T01:47:44.118+0000] {base.py:84} INFO - Retrieving connection 'books_connection'
[2024-09-25T01:47:44.123+0000] {sql.py:509} INFO - Running statement: 
    INSERT INTO books (title, authors, price, rating)
    VALUES (%s,%s,%s,%s)
    , parameters: ('Data Engineering Fundamentals for Beginners: Mastering the Art of Building, Managing, and Scaling Data Systems', 'Paperback', '14.', '5.0 out of 5 stars')
[2024-09-25T01:47:44.126+0000] {sql.py:518} INFO - Rows affected: 1
[2024-09-25T01:47:44.136+0000] {base.py:84} INFO - Retrieving connection 'books_connection'
[2024-09-25T01:47:44.142+0000] {sql.py:509} INFO - Running statement: 
    INSERT INTO books (title, authors, price, rating)
    VALUES (%s,%s,%s,%s)
    , parameters: ("Ultimate Data Engineering with Databricks: Develop Scalable Data Pipelines Using Data Engineering's Core Tenets Such as Delta Tables, Ingestion, ... Security, and Scalability (English Edition)", 'Mayank Malhotra', '37.', '4.1 out of 5 stars')
[2024-09-25T01:47:44.144+0000] {sql.py:518} INFO - Rows affected: 1
[2024-09-25T01:47:44.155+0000] {base.py:84} INFO - Retrieving connection 'books_connection'
[2024-09-25T01:47:44.160+0000] {sql.py:509} INFO - Running statement: 
    INSERT INTO books (title, authors, price, rating)
    VALUES (%s,%s,%s,%s)
    , parameters: ('DATA ENGINEERING AND AI FOR BEGINNERS: Revolutionizing Data Processing and Analytics by Leveraging Artificial Intelligence for Efficient Input Collection, Storage, and Transformation (World of AI)', 'Paperback', '13.', '4.3 out of 5 stars')
[2024-09-25T01:47:44.163+0000] {sql.py:518} INFO - Rows affected: 1
[2024-09-25T01:47:44.174+0000] {base.py:84} INFO - Retrieving connection 'books_connection'
[2024-09-25T01:47:44.179+0000] {sql.py:509} INFO - Running statement: 
    INSERT INTO books (title, authors, price, rating)
    VALUES (%s,%s,%s,%s)
    , parameters: ('Data-Driven Science and Engineering: Machine Learning, Dynamical Systems, and Control', 'Steven L. Brunton', '64.', '4.8 out of 5 stars')
[2024-09-25T01:47:44.182+0000] {sql.py:518} INFO - Rows affected: 1
[2024-09-25T01:47:44.193+0000] {base.py:84} INFO - Retrieving connection 'books_connection'
[2024-09-25T01:47:44.197+0000] {sql.py:509} INFO - Running statement: 
    INSERT INTO books (title, authors, price, rating)
    VALUES (%s,%s,%s,%s)
    , parameters: ("Data Quality Fundamentals: A Practitioner's Guide to Building Trustworthy Data Pipelines", 'Paperback', '45.', '4.1 out of 5 stars')
[2024-09-25T01:47:44.200+0000] {sql.py:518} INFO - Rows affected: 1
[2024-09-25T01:47:44.210+0000] {base.py:84} INFO - Retrieving connection 'books_connection'
[2024-09-25T01:47:44.215+0000] {sql.py:509} INFO - Running statement: 
    INSERT INTO books (title, authors, price, rating)
    VALUES (%s,%s,%s,%s)
    , parameters: ("Engineering Data Mesh in Azure Cloud: Implement data mesh using Microsoft Azure's Cloud Adoption Framework", 'Paperback', '47.', '4.5 out of 5 stars')
[2024-09-25T01:47:44.218+0000] {sql.py:518} INFO - Rows affected: 1
[2024-09-25T01:47:44.229+0000] {base.py:84} INFO - Retrieving connection 'books_connection'
[2024-09-25T01:47:44.235+0000] {sql.py:509} INFO - Running statement: 
    INSERT INTO books (title, authors, price, rating)
    VALUES (%s,%s,%s,%s)
    , parameters: ('Python Data Engineering Resources: Boost Your Career With This Python Handbook; Prepare For Python Interview; Python Programming Cookbook For Beginners and Experienced; Python Data Analysis and More', 'Vajo Lukic', '0.', '4.7 out of 5 stars')
[2024-09-25T01:47:44.238+0000] {sql.py:518} INFO - Rows affected: 1
[2024-09-25T01:47:44.248+0000] {base.py:84} INFO - Retrieving connection 'books_connection'
[2024-09-25T01:47:44.254+0000] {sql.py:509} INFO - Running statement: 
    INSERT INTO books (title, authors, price, rating)
    VALUES (%s,%s,%s,%s)
    , parameters: ('Data Observability for Data Engineering: Proactive strategies for ensuring data accuracy and addressing broken data pipelines', 'Michele Pinto', '36.', '3.7 out of 5 stars')
[2024-09-25T01:47:44.257+0000] {sql.py:518} INFO - Rows affected: 1
[2024-09-25T01:47:44.269+0000] {base.py:84} INFO - Retrieving connection 'books_connection'
[2024-09-25T01:47:44.274+0000] {sql.py:509} INFO - Running statement: 
    INSERT INTO books (title, authors, price, rating)
    VALUES (%s,%s,%s,%s)
    , parameters: ('Data Engineering with Scala and Spark: A practical guide helping you build streaming and batch pipelines that process massive amounts of data using Scala', 'Eric Tome', '36.', '4.1 out of 5 stars')
[2024-09-25T01:47:44.277+0000] {sql.py:518} INFO - Rows affected: 1
[2024-09-25T01:47:44.292+0000] {base.py:84} INFO - Retrieving connection 'books_connection'
[2024-09-25T01:47:44.299+0000] {sql.py:509} INFO - Running statement: 
    INSERT INTO books (title, authors, price, rating)
    VALUES (%s,%s,%s,%s)
    , parameters: ('Data Engineering with Google Cloud Platform: A guide to leveling up as a data engineer by building a scalable data platform with Google Cloud', 'Adi Wijaya', '41.', '5.0 out of 5 stars')
[2024-09-25T01:47:44.301+0000] {sql.py:518} INFO - Rows affected: 1
[2024-09-25T01:47:44.317+0000] {base.py:84} INFO - Retrieving connection 'books_connection'
[2024-09-25T01:47:44.323+0000] {sql.py:509} INFO - Running statement: 
    INSERT INTO books (title, authors, price, rating)
    VALUES (%s,%s,%s,%s)
    , parameters: ('Analytics Engineering with SQL and dbt: Building Meaningful Data Models at Scale', 'Rui Pedro Machado', '41.', '3.9 out of 5 stars')
[2024-09-25T01:47:44.326+0000] {sql.py:518} INFO - Rows affected: 1
[2024-09-25T01:47:44.339+0000] {base.py:84} INFO - Retrieving connection 'books_connection'
[2024-09-25T01:47:44.343+0000] {sql.py:509} INFO - Running statement: 
    INSERT INTO books (title, authors, price, rating)
    VALUES (%s,%s,%s,%s)
    , parameters: ('Storytelling with Data: A Data Visualization Guide for Business Professionals', 'Cole Nussbaumer Knaflic', '27.', '4.6 out of 5 stars')
[2024-09-25T01:47:44.346+0000] {sql.py:518} INFO - Rows affected: 1
[2024-09-25T01:47:44.358+0000] {base.py:84} INFO - Retrieving connection 'books_connection'
[2024-09-25T01:47:44.362+0000] {sql.py:509} INFO - Running statement: 
    INSERT INTO books (title, authors, price, rating)
    VALUES (%s,%s,%s,%s)
    , parameters: ('Data Engineering with Apache Spark, Delta Lake, and Lakehouse: Create scalable pipelines that ingest, curate, and aggregate complex data in a timely and secure way', 'Manoj Kukreja', '46.', '3.9 out of 5 stars')
[2024-09-25T01:47:44.365+0000] {sql.py:518} INFO - Rows affected: 1
[2024-09-25T01:47:44.377+0000] {base.py:84} INFO - Retrieving connection 'books_connection'
[2024-09-25T01:47:44.382+0000] {sql.py:509} INFO - Running statement: 
    INSERT INTO books (title, authors, price, rating)
    VALUES (%s,%s,%s,%s)
    , parameters: ('Data Engineering with Google Cloud Platform: A practical guide to operationalizing scalable data analytics systems on GCP', 'Adi Wijaya', '39.', '4.7 out of 5 stars')
[2024-09-25T01:47:44.385+0000] {sql.py:518} INFO - Rows affected: 1
[2024-09-25T01:47:44.397+0000] {base.py:84} INFO - Retrieving connection 'books_connection'
[2024-09-25T01:47:44.402+0000] {sql.py:509} INFO - Running statement: 
    INSERT INTO books (title, authors, price, rating)
    VALUES (%s,%s,%s,%s)
    , parameters: ('Official Google Cloud Certified Professional Data Engineer Study Guide', 'Dan Sullivan', '33.', '4.5 out of 5 stars')
[2024-09-25T01:47:44.405+0000] {sql.py:518} INFO - Rows affected: 1
[2024-09-25T01:47:44.416+0000] {base.py:84} INFO - Retrieving connection 'books_connection'
[2024-09-25T01:47:44.420+0000] {sql.py:509} INFO - Running statement: 
    INSERT INTO books (title, authors, price, rating)
    VALUES (%s,%s,%s,%s)
    , parameters: ('Mastering the Data Paradox: Key to Winning in the AI Age', 'Nitin Seth', '17.', '4.8 out of 5 stars')
[2024-09-25T01:47:44.423+0000] {sql.py:518} INFO - Rows affected: 1
[2024-09-25T01:47:44.433+0000] {base.py:84} INFO - Retrieving connection 'books_connection'
[2024-09-25T01:47:44.437+0000] {sql.py:509} INFO - Running statement: 
    INSERT INTO books (title, authors, price, rating)
    VALUES (%s,%s,%s,%s)
    , parameters: ('Python Programming and SQL: 5 books in 1 - The #1 Coding Course from Beginner to Advanced. Learn it Well & Fast (2024) (Computer Programming)', 'Paperback', '29.', '4.3 out of 5 stars')
[2024-09-25T01:47:44.439+0000] {sql.py:518} INFO - Rows affected: 1
[2024-09-25T01:47:44.450+0000] {base.py:84} INFO - Retrieving connection 'books_connection'
[2024-09-25T01:47:44.455+0000] {sql.py:509} INFO - Running statement: 
    INSERT INTO books (title, authors, price, rating)
    VALUES (%s,%s,%s,%s)
    , parameters: ('Modern Data Engineering with Apache Spark: A Hands-On Guide for Building Mission-Critical Streaming Applications', 'Scott Haines', '30.', '4.1 out of 5 stars')
[2024-09-25T01:47:44.458+0000] {sql.py:518} INFO - Rows affected: 1
[2024-09-25T01:47:44.469+0000] {base.py:84} INFO - Retrieving connection 'books_connection'
[2024-09-25T01:47:44.474+0000] {sql.py:509} INFO - Running statement: 
    INSERT INTO books (title, authors, price, rating)
    VALUES (%s,%s,%s,%s)
    , parameters: ('Data Mesh: Delivering Data-Driven Value at Scale', 'Audible Audiobook', '0.', '4.5 out of 5 stars')
[2024-09-25T01:47:44.476+0000] {sql.py:518} INFO - Rows affected: 1
[2024-09-25T01:47:44.487+0000] {base.py:84} INFO - Retrieving connection 'books_connection'
[2024-09-25T01:47:44.491+0000] {sql.py:509} INFO - Running statement: 
    INSERT INTO books (title, authors, price, rating)
    VALUES (%s,%s,%s,%s)
    , parameters: ('Database Internals: A Deep Dive into How Distributed Data Systems Work', 'Alex Petrov', '36.', '4.6 out of 5 stars')
[2024-09-25T01:47:44.494+0000] {sql.py:518} INFO - Rows affected: 1
[2024-09-25T01:47:44.504+0000] {base.py:84} INFO - Retrieving connection 'books_connection'
[2024-09-25T01:47:44.509+0000] {sql.py:509} INFO - Running statement: 
    INSERT INTO books (title, authors, price, rating)
    VALUES (%s,%s,%s,%s)
    , parameters: ('Data Modeling with Snowflake: A practical guide to accelerating Snowflake development using universal data modeling techniques', 'Serge Gershkovich', '36.', '4.8 out of 5 stars')
[2024-09-25T01:47:44.511+0000] {sql.py:518} INFO - Rows affected: 1
[2024-09-25T01:47:44.521+0000] {base.py:84} INFO - Retrieving connection 'books_connection'
[2024-09-25T01:47:44.525+0000] {sql.py:509} INFO - Running statement: 
    INSERT INTO books (title, authors, price, rating)
    VALUES (%s,%s,%s,%s)
    , parameters: ('Better Data Visualizations: A Guide for Scholars, Researchers, and Wonks', 'Jonathan Schwabish', '26.', '4.5 out of 5 stars')
[2024-09-25T01:47:44.528+0000] {sql.py:518} INFO - Rows affected: 1
[2024-09-25T01:47:44.537+0000] {base.py:84} INFO - Retrieving connection 'books_connection'
[2024-09-25T01:47:44.542+0000] {sql.py:509} INFO - Running statement: 
    INSERT INTO books (title, authors, price, rating)
    VALUES (%s,%s,%s,%s)
    , parameters: ('Machine Learning Engineering', 'Andriy Burkov', '39.', '4.7 out of 5 stars')
[2024-09-25T01:47:44.544+0000] {sql.py:518} INFO - Rows affected: 1
[2024-09-25T01:47:44.554+0000] {base.py:84} INFO - Retrieving connection 'books_connection'
[2024-09-25T01:47:44.558+0000] {sql.py:509} INFO - Running statement: 
    INSERT INTO books (title, authors, price, rating)
    VALUES (%s,%s,%s,%s)
    , parameters: ('Data Engineering with Databricks', 'Paperback', '25.', '3.4 out of 5 stars')
[2024-09-25T01:47:44.561+0000] {sql.py:518} INFO - Rows affected: 1
[2024-09-25T01:47:44.570+0000] {base.py:84} INFO - Retrieving connection 'books_connection'
[2024-09-25T01:47:44.575+0000] {sql.py:509} INFO - Running statement: 
    INSERT INTO books (title, authors, price, rating)
    VALUES (%s,%s,%s,%s)
    , parameters: ("Engineers' Data Book", 'Clifford Matthews', '26.', '4.6 out of 5 stars')
[2024-09-25T01:47:44.577+0000] {sql.py:518} INFO - Rows affected: 1
[2024-09-25T01:47:44.586+0000] {base.py:84} INFO - Retrieving connection 'books_connection'
[2024-09-25T01:47:44.590+0000] {sql.py:509} INFO - Running statement: 
    INSERT INTO books (title, authors, price, rating)
    VALUES (%s,%s,%s,%s)
    , parameters: ('Prompt Engineering for Generative AI: Future-Proof Inputs for Reliable AI Outputs', 'James Phoenix', '53.', '4.5 out of 5 stars')
[2024-09-25T01:47:44.593+0000] {sql.py:518} INFO - Rows affected: 1
[2024-09-25T01:47:44.603+0000] {base.py:84} INFO - Retrieving connection 'books_connection'
[2024-09-25T01:47:44.607+0000] {sql.py:509} INFO - Running statement: 
    INSERT INTO books (title, authors, price, rating)
    VALUES (%s,%s,%s,%s)
    , parameters: ('Designing Machine Learning Systems: An Iterative Process for Production-Ready Applications', 'Chip Huyen', '52.', '4.6 out of 5 stars')
[2024-09-25T01:47:44.609+0000] {sql.py:518} INFO - Rows affected: 1
[2024-09-25T01:47:44.618+0000] {base.py:84} INFO - Retrieving connection 'books_connection'
[2024-09-25T01:47:44.623+0000] {sql.py:509} INFO - Running statement: 
    INSERT INTO books (title, authors, price, rating)
    VALUES (%s,%s,%s,%s)
    , parameters: ("SQL QuickStart Guide: The Simplified Beginner's Guide to Managing, Analyzing, and Manipulating Data With SQL (Coding & Programming - QuickStart Guides)", 'Paperback', '23.', '4.6 out of 5 stars')
[2024-09-25T01:47:44.625+0000] {sql.py:518} INFO - Rows affected: 1
[2024-09-25T01:47:44.634+0000] {base.py:84} INFO - Retrieving connection 'books_connection'
[2024-09-25T01:47:44.638+0000] {sql.py:509} INFO - Running statement: 
    INSERT INTO books (title, authors, price, rating)
    VALUES (%s,%s,%s,%s)
    , parameters: ('Ultimate Azure Data Engineering: Build Robust Data Engineering Systems on Azure with SQL, ETL, Data Modeling, and Power BI for Business Insights and Crack Azure Certifications (English Edition)', 'Ashish Agarwal', '39.', '5.0 out of 5 stars')
[2024-09-25T01:47:44.640+0000] {sql.py:518} INFO - Rows affected: 1
[2024-09-25T01:47:44.649+0000] {base.py:84} INFO - Retrieving connection 'books_connection'
[2024-09-25T01:47:44.653+0000] {sql.py:509} INFO - Running statement: 
    INSERT INTO books (title, authors, price, rating)
    VALUES (%s,%s,%s,%s)
    , parameters: ('Building ETL Pipelines with Python: Create and deploy enterprise-ready ETL pipelines by employing modern methods', 'Brij Kishore Pandey', '34.', '4.2 out of 5 stars')
[2024-09-25T01:47:44.655+0000] {sql.py:518} INFO - Rows affected: 1
[2024-09-25T01:47:44.658+0000] {python.py:240} INFO - Done. Returned value was: None
[2024-09-25T01:47:44.669+0000] {taskinstance.py:340} INFO - ::group::Post task execution logs
[2024-09-25T01:47:44.670+0000] {taskinstance.py:352} INFO - Marking task as SUCCESS. dag_id=fetch_and_store_amazon_books, task_id=insert_book_data, run_id=scheduled__2024-09-24T00:00:00+00:00, execution_date=20240924T000000, start_date=20240925T014743, end_date=20240925T014744
[2024-09-25T01:47:44.683+0000] {logging_mixin.py:190} INFO - Task instance in success state
[2024-09-25T01:47:44.684+0000] {logging_mixin.py:190} INFO -  Previous state of the Task instance: running
[2024-09-25T01:47:44.685+0000] {logging_mixin.py:190} INFO - Dag name:fetch_and_store_amazon_books queued_at:2024-09-25 01:37:50.630667+00:00
[2024-09-25T01:47:44.686+0000] {logging_mixin.py:190} INFO - Task hostname:12236234e313 operator:PythonOperator
[2024-09-25T01:47:44.734+0000] {local_task_job_runner.py:266} INFO - Task exited with return code 0
[2024-09-25T01:47:44.753+0000] {taskinstance.py:3900} INFO - 0 downstream tasks scheduled from follow-on schedule check
[2024-09-25T01:47:44.757+0000] {local_task_job_runner.py:245} INFO - ::endgroup::
