[2024-09-25T01:33:19.761+0000] {local_task_job_runner.py:123} INFO - ::group::Pre task execution logs
[2024-09-25T01:33:19.826+0000] {taskinstance.py:2612} INFO - Dependencies all met for dep_context=non-requeueable deps ti=<TaskInstance: fetch_and_store_amazon_books.fetch_book_data scheduled__2024-07-04T00:00:00+00:00 [queued]>
[2024-09-25T01:33:19.852+0000] {taskinstance.py:2612} INFO - Dependencies all met for dep_context=requeueable deps ti=<TaskInstance: fetch_and_store_amazon_books.fetch_book_data scheduled__2024-07-04T00:00:00+00:00 [queued]>
[2024-09-25T01:33:19.854+0000] {taskinstance.py:2865} INFO - Starting attempt 2 of 2
[2024-09-25T01:33:19.905+0000] {taskinstance.py:2888} INFO - Executing <Task(PythonOperator): fetch_book_data> on 2024-07-04 00:00:00+00:00
[2024-09-25T01:33:19.943+0000] {standard_task_runner.py:104} INFO - Running: ['***', 'tasks', 'run', 'fetch_and_store_amazon_books', 'fetch_book_data', 'scheduled__2024-07-04T00:00:00+00:00', '--job-id', '51', '--raw', '--subdir', 'DAGS_FOLDER/dag.py', '--cfg-path', '/tmp/tmpjqd_yqqb']
[2024-09-25T01:33:19.939+0000] {warnings.py:112} WARNING - /home/***/.local/lib/python3.12/site-packages/***/task/task_runner/standard_task_runner.py:70: DeprecationWarning: This process (pid=3089) is multi-threaded, use of fork() may lead to deadlocks in the child.
  pid = os.fork()

[2024-09-25T01:33:19.950+0000] {standard_task_runner.py:105} INFO - Job 51: Subtask fetch_book_data
[2024-09-25T01:33:19.950+0000] {standard_task_runner.py:72} INFO - Started process 3111 to run task
[2024-09-25T01:33:20.178+0000] {task_command.py:467} INFO - Running <TaskInstance: fetch_and_store_amazon_books.fetch_book_data scheduled__2024-07-04T00:00:00+00:00 [running]> on host 12236234e313
[2024-09-25T01:33:20.419+0000] {taskinstance.py:3131} INFO - Exporting env vars: AIRFLOW_CTX_DAG_OWNER='***' AIRFLOW_CTX_DAG_ID='fetch_and_store_amazon_books' AIRFLOW_CTX_TASK_ID='fetch_book_data' AIRFLOW_CTX_EXECUTION_DATE='2024-07-04T00:00:00+00:00' AIRFLOW_CTX_TRY_NUMBER='2' AIRFLOW_CTX_DAG_RUN_ID='scheduled__2024-07-04T00:00:00+00:00'
[2024-09-25T01:33:20.422+0000] {logging_mixin.py:190} INFO - Task instance is in running state
[2024-09-25T01:33:20.423+0000] {logging_mixin.py:190} INFO -  Previous state of the Task instance: queued
[2024-09-25T01:33:20.425+0000] {logging_mixin.py:190} INFO - Current task name:fetch_book_data state:running start_date:2024-09-25 01:33:19.828294+00:00
[2024-09-25T01:33:20.427+0000] {logging_mixin.py:190} INFO - Dag name:fetch_and_store_amazon_books and current dag run status:running
[2024-09-25T01:33:20.429+0000] {taskinstance.py:731} INFO - ::endgroup::
[2024-09-25T01:33:24.606+0000] {python.py:240} INFO - Done. Returned value was: None
[2024-09-25T01:33:24.641+0000] {taskinstance.py:340} INFO - ::group::Post task execution logs
[2024-09-25T01:33:24.644+0000] {taskinstance.py:352} INFO - Marking task as SUCCESS. dag_id=fetch_and_store_amazon_books, task_id=fetch_book_data, run_id=scheduled__2024-07-04T00:00:00+00:00, execution_date=20240704T000000, start_date=20240925T013319, end_date=20240925T013324
[2024-09-25T01:33:24.724+0000] {logging_mixin.py:190} INFO - Task instance in success state
[2024-09-25T01:33:24.727+0000] {logging_mixin.py:190} INFO -  Previous state of the Task instance: running
[2024-09-25T01:33:24.729+0000] {logging_mixin.py:190} INFO - Dag name:fetch_and_store_amazon_books queued_at:2024-09-25 01:25:22.852442+00:00
[2024-09-25T01:33:24.734+0000] {logging_mixin.py:190} INFO - Task hostname:12236234e313 operator:PythonOperator
[2024-09-25T01:33:24.829+0000] {local_task_job_runner.py:266} INFO - Task exited with return code 0
[2024-09-25T01:33:24.873+0000] {warnings.py:112} WARNING - /home/***/.local/lib/python3.12/site-packages/***/models/baseoperator.py:1378: AirflowProviderDeprecationWarning: Call to deprecated class PostgresOperator. (Please use `***.providers.common.sql.operators.sql.SQLExecuteQueryOperator`.Also, you can provide `hook_params={'schema': <database>}`.)
  result = cls.__new__(cls)

[2024-09-25T01:33:24.943+0000] {taskinstance.py:3900} INFO - 1 downstream tasks scheduled from follow-on schedule check
[2024-09-25T01:33:24.950+0000] {local_task_job_runner.py:245} INFO - ::endgroup::
[2024-09-25T01:33:24.959+0000] {standard_task_runner.py:217} INFO - Process not found (most likely exited), stop collecting metrics
