[2024-09-25T01:51:11.426+0000] {local_task_job_runner.py:123} INFO - ::group::Pre task execution logs
[2024-09-25T01:51:11.439+0000] {taskinstance.py:2612} INFO - Dependencies all met for dep_context=non-requeueable deps ti=<TaskInstance: fetch_and_store_amazon_books.insert_book_data scheduled__2024-06-21T00:00:00+00:00 [queued]>
[2024-09-25T01:51:11.446+0000] {taskinstance.py:2612} INFO - Dependencies all met for dep_context=requeueable deps ti=<TaskInstance: fetch_and_store_amazon_books.insert_book_data scheduled__2024-06-21T00:00:00+00:00 [queued]>
[2024-09-25T01:51:11.448+0000] {taskinstance.py:2865} INFO - Starting attempt 3 of 4
[2024-09-25T01:51:11.459+0000] {taskinstance.py:2888} INFO - Executing <Task(PythonOperator): insert_book_data> on 2024-06-21 00:00:00+00:00
[2024-09-25T01:51:11.466+0000] {warnings.py:112} WARNING - /home/***/.local/lib/python3.12/site-packages/***/task/task_runner/standard_task_runner.py:70: DeprecationWarning: This process (pid=3604) is multi-threaded, use of fork() may lead to deadlocks in the child.
  pid = os.fork()

[2024-09-25T01:51:11.468+0000] {standard_task_runner.py:72} INFO - Started process 3606 to run task
[2024-09-25T01:51:11.467+0000] {standard_task_runner.py:104} INFO - Running: ['***', 'tasks', 'run', 'fetch_and_store_amazon_books', 'insert_book_data', 'scheduled__2024-06-21T00:00:00+00:00', '--job-id', '117', '--raw', '--subdir', 'DAGS_FOLDER/dag.py', '--cfg-path', '/tmp/tmp3jpflhte']
[2024-09-25T01:51:11.469+0000] {standard_task_runner.py:105} INFO - Job 117: Subtask insert_book_data
[2024-09-25T01:51:11.511+0000] {task_command.py:467} INFO - Running <TaskInstance: fetch_and_store_amazon_books.insert_book_data scheduled__2024-06-21T00:00:00+00:00 [running]> on host 12236234e313
[2024-09-25T01:51:11.586+0000] {taskinstance.py:3131} INFO - Exporting env vars: AIRFLOW_CTX_DAG_OWNER='***' AIRFLOW_CTX_DAG_ID='fetch_and_store_amazon_books' AIRFLOW_CTX_TASK_ID='insert_book_data' AIRFLOW_CTX_EXECUTION_DATE='2024-06-21T00:00:00+00:00' AIRFLOW_CTX_TRY_NUMBER='3' AIRFLOW_CTX_DAG_RUN_ID='scheduled__2024-06-21T00:00:00+00:00'
[2024-09-25T01:51:11.589+0000] {logging_mixin.py:190} INFO - Task instance is in running state
[2024-09-25T01:51:11.589+0000] {logging_mixin.py:190} INFO -  Previous state of the Task instance: queued
[2024-09-25T01:51:11.590+0000] {logging_mixin.py:190} INFO - Current task name:insert_book_data state:running start_date:2024-09-25 01:51:11.440934+00:00
[2024-09-25T01:51:11.591+0000] {logging_mixin.py:190} INFO - Dag name:fetch_and_store_amazon_books and current dag run status:running
[2024-09-25T01:51:11.592+0000] {taskinstance.py:731} INFO - ::endgroup::
[2024-09-25T01:51:11.612+0000] {base.py:84} INFO - Retrieving connection 'books_connection'
[2024-09-25T01:51:11.617+0000] {sql.py:509} INFO - Running statement: 
    INSERT INTO books (title, authors, price, rating)
    VALUES (%s,%s,%s,%s)
    , parameters: ('Data Engineering with AWS - Second Edition: Acquire the skills to design and build AWS-based data transformation pipelines like a pro', 'Gareth Eagar', '41.', '4.4 out of 5 stars')
[2024-09-25T01:51:11.619+0000] {sql.py:518} INFO - Rows affected: 1
[2024-09-25T01:51:11.629+0000] {base.py:84} INFO - Retrieving connection 'books_connection'
[2024-09-25T01:51:11.633+0000] {sql.py:509} INFO - Running statement: 
    INSERT INTO books (title, authors, price, rating)
    VALUES (%s,%s,%s,%s)
    , parameters: ('Data Engineering 101', 'Hardcover', '30.', '4.6 out of 5 stars')
[2024-09-25T01:51:11.635+0000] {sql.py:518} INFO - Rows affected: 1
[2024-09-25T01:51:11.644+0000] {base.py:84} INFO - Retrieving connection 'books_connection'
[2024-09-25T01:51:11.648+0000] {sql.py:509} INFO - Running statement: 
    INSERT INTO books (title, authors, price, rating)
    VALUES (%s,%s,%s,%s)
    , parameters: ('Azure Data Engineer Associate Certification Guide: Ace the DP-203 exam with advanced data engineering skills', 'Giacinto Palmieri', '32.', '4.4 out of 5 stars')
[2024-09-25T01:51:11.650+0000] {sql.py:518} INFO - Rows affected: 1
[2024-09-25T01:51:11.659+0000] {base.py:84} INFO - Retrieving connection 'books_connection'
[2024-09-25T01:51:11.663+0000] {sql.py:509} INFO - Running statement: 
    INSERT INTO books (title, authors, price, rating)
    VALUES (%s,%s,%s,%s)
    , parameters: ('Data Engineering with dbt: A practical guide to building a cloud-based, pragmatic, and dependable data platform with SQL', 'Roberto Zagni', '37.', '4.6 out of 5 stars')
[2024-09-25T01:51:11.665+0000] {sql.py:518} INFO - Rows affected: 1
[2024-09-25T01:51:11.674+0000] {base.py:84} INFO - Retrieving connection 'books_connection'
[2024-09-25T01:51:11.679+0000] {sql.py:509} INFO - Running statement: 
    INSERT INTO books (title, authors, price, rating)
    VALUES (%s,%s,%s,%s)
    , parameters: ('Fundamentals of Data Engineering: Plan and Build Robust Data Systems', 'Joe Reis', '42.', '4.7 out of 5 stars')
[2024-09-25T01:51:11.682+0000] {sql.py:518} INFO - Rows affected: 1
[2024-09-25T01:51:11.690+0000] {base.py:84} INFO - Retrieving connection 'books_connection'
[2024-09-25T01:51:11.695+0000] {sql.py:509} INFO - Running statement: 
    INSERT INTO books (title, authors, price, rating)
    VALUES (%s,%s,%s,%s)
    , parameters: ('Designing Data-Intensive Applications: The Big Ideas Behind Reliable, Scalable, and Maintainable Systems', 'Martin Kleppmann', '46.', '4.8 out of 5 stars')
[2024-09-25T01:51:11.698+0000] {sql.py:518} INFO - Rows affected: 1
[2024-09-25T01:51:11.706+0000] {base.py:84} INFO - Retrieving connection 'books_connection'
[2024-09-25T01:51:11.710+0000] {sql.py:509} INFO - Running statement: 
    INSERT INTO books (title, authors, price, rating)
    VALUES (%s,%s,%s,%s)
    , parameters: ('Data Pipelines Pocket Reference: Moving and Processing Data for Analytics', 'James Densmore', '17.', '4.5 out of 5 stars')
[2024-09-25T01:51:11.713+0000] {sql.py:518} INFO - Rows affected: 1
[2024-09-25T01:51:11.724+0000] {base.py:84} INFO - Retrieving connection 'books_connection'
[2024-09-25T01:51:11.730+0000] {sql.py:509} INFO - Running statement: 
    INSERT INTO books (title, authors, price, rating)
    VALUES (%s,%s,%s,%s)
    , parameters: ('Fundamentals of Data Analytics: Learn Essential Skills, Embrace the Future, and Catapult Your Career in the Data-Driven World—A Comprehensive Guide to Data Literacy for Beginners', 'Russell Dawson', '17.', '4.8 out of 5 stars')
[2024-09-25T01:51:11.733+0000] {sql.py:518} INFO - Rows affected: 1
[2024-09-25T01:51:11.742+0000] {base.py:84} INFO - Retrieving connection 'books_connection'
[2024-09-25T01:51:11.747+0000] {sql.py:509} INFO - Running statement: 
    INSERT INTO books (title, authors, price, rating)
    VALUES (%s,%s,%s,%s)
    , parameters: ("Ultimate Data Engineering with Databricks: Develop Scalable Data Pipelines Using Data Engineering's Core Tenets Such as Delta Tables, Ingestion, ... Security, and Scalability (English Edition)", 'Mayank Malhotra', '37.', '4.1 out of 5 stars')
[2024-09-25T01:51:11.749+0000] {sql.py:518} INFO - Rows affected: 1
[2024-09-25T01:51:11.759+0000] {base.py:84} INFO - Retrieving connection 'books_connection'
[2024-09-25T01:51:11.764+0000] {sql.py:509} INFO - Running statement: 
    INSERT INTO books (title, authors, price, rating)
    VALUES (%s,%s,%s,%s)
    , parameters: ('Data Engineering with Python: Work with massive datasets to design data models and automate data pipelines using Python', 'Paul Crickard', '37.', '4.1 out of 5 stars')
[2024-09-25T01:51:11.767+0000] {sql.py:518} INFO - Rows affected: 1
[2024-09-25T01:51:11.775+0000] {base.py:84} INFO - Retrieving connection 'books_connection'
[2024-09-25T01:51:11.781+0000] {sql.py:509} INFO - Running statement: 
    INSERT INTO books (title, authors, price, rating)
    VALUES (%s,%s,%s,%s)
    , parameters: ('Cracking the Data Engineering Interview: Land your dream job with the help of resume-building tips, over 100 mock questions, and a unique portfolio', 'Kedeisha Bryan', '26.', '4.4 out of 5 stars')
[2024-09-25T01:51:11.783+0000] {sql.py:518} INFO - Rows affected: 1
[2024-09-25T01:51:11.792+0000] {base.py:84} INFO - Retrieving connection 'books_connection'
[2024-09-25T01:51:11.797+0000] {sql.py:509} INFO - Running statement: 
    INSERT INTO books (title, authors, price, rating)
    VALUES (%s,%s,%s,%s)
    , parameters: ('Ace the Data Engineering Interview: Questions and Answers for Python, SQL, Data Modeling and More', 'Sean Coyne', '24.', '3.8 out of 5 stars')
[2024-09-25T01:51:11.799+0000] {sql.py:518} INFO - Rows affected: 1
[2024-09-25T01:51:11.807+0000] {base.py:84} INFO - Retrieving connection 'books_connection'
[2024-09-25T01:51:11.811+0000] {sql.py:509} INFO - Running statement: 
    INSERT INTO books (title, authors, price, rating)
    VALUES (%s,%s,%s,%s)
    , parameters: ('Ace the Data Science Interview: 201 Real Interview Questions Asked By FAANG, Tech Startups, & Wall Street', 'Nick Singh', '34.', '4.5 out of 5 stars')
[2024-09-25T01:51:11.813+0000] {sql.py:518} INFO - Rows affected: 1
[2024-09-25T01:51:11.821+0000] {base.py:84} INFO - Retrieving connection 'books_connection'
[2024-09-25T01:51:11.825+0000] {sql.py:509} INFO - Running statement: 
    INSERT INTO books (title, authors, price, rating)
    VALUES (%s,%s,%s,%s)
    , parameters: ('Data Engineering with Databricks Cookbook: Build effective data and AI solutions using Apache Spark, Databricks, and Delta Lake', 'Pulkit Chadha', '33.', '4.3 out of 5 stars')
[2024-09-25T01:51:11.827+0000] {sql.py:518} INFO - Rows affected: 1
[2024-09-25T01:51:11.837+0000] {base.py:84} INFO - Retrieving connection 'books_connection'
[2024-09-25T01:51:11.841+0000] {sql.py:509} INFO - Running statement: 
    INSERT INTO books (title, authors, price, rating)
    VALUES (%s,%s,%s,%s)
    , parameters: ('Essentials of Data Engineering', 'Dr. Mukesh Saini', '19.', '5.0 out of 5 stars')
[2024-09-25T01:51:11.844+0000] {sql.py:518} INFO - Rows affected: 1
[2024-09-25T01:51:11.853+0000] {base.py:84} INFO - Retrieving connection 'books_connection'
[2024-09-25T01:51:11.858+0000] {sql.py:509} INFO - Running statement: 
    INSERT INTO books (title, authors, price, rating)
    VALUES (%s,%s,%s,%s)
    , parameters: ('Data Engineering with Python cookbook: Learn to build efficient data pipelines using the Modern Cloud Data Stack', 'Adithyan Ramanujakootam', '32.', '5.0 out of 5 stars')
[2024-09-25T01:51:11.860+0000] {sql.py:518} INFO - Rows affected: 1
[2024-09-25T01:51:11.868+0000] {base.py:84} INFO - Retrieving connection 'books_connection'
[2024-09-25T01:51:11.873+0000] {sql.py:509} INFO - Running statement: 
    INSERT INTO books (title, authors, price, rating)
    VALUES (%s,%s,%s,%s)
    , parameters: ('Data Privacy: A runbook for engineers', 'Nishant Bhajaria', '35.', '4.8 out of 5 stars')
[2024-09-25T01:51:11.875+0000] {sql.py:518} INFO - Rows affected: 1
[2024-09-25T01:51:11.883+0000] {base.py:84} INFO - Retrieving connection 'books_connection'
[2024-09-25T01:51:11.887+0000] {sql.py:509} INFO - Running statement: 
    INSERT INTO books (title, authors, price, rating)
    VALUES (%s,%s,%s,%s)
    , parameters: ('Data Engineering with AWS: Learn how to design and build cloud-based data transformation pipelines using AWS', 'Gareth Eagar', '49.', '4.4 out of 5 stars')
[2024-09-25T01:51:11.889+0000] {sql.py:518} INFO - Rows affected: 1
[2024-09-25T01:51:11.899+0000] {base.py:84} INFO - Retrieving connection 'books_connection'
[2024-09-25T01:51:11.904+0000] {sql.py:509} INFO - Running statement: 
    INSERT INTO books (title, authors, price, rating)
    VALUES (%s,%s,%s,%s)
    , parameters: ('97 Things Every Data Engineer Should Know: Collective Wisdom from the Experts', 'Tobias Macey', '28.', '4.1 out of 5 stars')
[2024-09-25T01:51:11.905+0000] {sql.py:518} INFO - Rows affected: 1
[2024-09-25T01:51:11.915+0000] {base.py:84} INFO - Retrieving connection 'books_connection'
[2024-09-25T01:51:11.918+0000] {sql.py:509} INFO - Running statement: 
    INSERT INTO books (title, authors, price, rating)
    VALUES (%s,%s,%s,%s)
    , parameters: ('Software Engineering for Data Scientists: From Notebooks to Scalable Systems', 'Catherine Nelson', '51.', '4.4 out of 5 stars')
[2024-09-25T01:51:11.920+0000] {sql.py:518} INFO - Rows affected: 1
[2024-09-25T01:51:11.929+0000] {base.py:84} INFO - Retrieving connection 'books_connection'
[2024-09-25T01:51:11.933+0000] {sql.py:509} INFO - Running statement: 
    INSERT INTO books (title, authors, price, rating)
    VALUES (%s,%s,%s,%s)
    , parameters: ('DATA ENGINEERING AND AI FOR BEGINNERS: Revolutionizing Data Processing and Analytics by Leveraging Artificial Intelligence for Efficient Input Collection, Storage, and Transformation (World of AI)', 'Paperback', '13.', '4.3 out of 5 stars')
[2024-09-25T01:51:11.935+0000] {sql.py:518} INFO - Rows affected: 1
[2024-09-25T01:51:11.943+0000] {base.py:84} INFO - Retrieving connection 'books_connection'
[2024-09-25T01:51:11.947+0000] {sql.py:509} INFO - Running statement: 
    INSERT INTO books (title, authors, price, rating)
    VALUES (%s,%s,%s,%s)
    , parameters: ('Data Engineering Fundamentals for Beginners: Mastering the Art of Building, Managing, and Scaling Data Systems', 'Paperback', '14.', '5.0 out of 5 stars')
[2024-09-25T01:51:11.949+0000] {sql.py:518} INFO - Rows affected: 1
[2024-09-25T01:51:11.957+0000] {base.py:84} INFO - Retrieving connection 'books_connection'
[2024-09-25T01:51:11.961+0000] {sql.py:509} INFO - Running statement: 
    INSERT INTO books (title, authors, price, rating)
    VALUES (%s,%s,%s,%s)
    , parameters: ("Azure Data Factory Cookbook: A data engineer's guide to building and managing ETL and ELT pipelines with data integration", 'Dmitry Foshin', '51.', '4.2 out of 5 stars')
[2024-09-25T01:51:11.963+0000] {sql.py:518} INFO - Rows affected: 1
[2024-09-25T01:51:11.972+0000] {base.py:84} INFO - Retrieving connection 'books_connection'
[2024-09-25T01:51:11.977+0000] {sql.py:509} INFO - Running statement: 
    INSERT INTO books (title, authors, price, rating)
    VALUES (%s,%s,%s,%s)
    , parameters: ("Engineering Data Mesh in Azure Cloud: Implement data mesh using Microsoft Azure's Cloud Adoption Framework", 'Paperback', '47.', '4.5 out of 5 stars')
[2024-09-25T01:51:11.979+0000] {sql.py:518} INFO - Rows affected: 1
[2024-09-25T01:51:11.989+0000] {base.py:84} INFO - Retrieving connection 'books_connection'
[2024-09-25T01:51:11.993+0000] {sql.py:509} INFO - Running statement: 
    INSERT INTO books (title, authors, price, rating)
    VALUES (%s,%s,%s,%s)
    , parameters: ('Data-Driven Science and Engineering: Machine Learning, Dynamical Systems, and Control', 'Steven L. Brunton', '64.', '4.8 out of 5 stars')
[2024-09-25T01:51:11.995+0000] {sql.py:518} INFO - Rows affected: 1
[2024-09-25T01:51:12.005+0000] {base.py:84} INFO - Retrieving connection 'books_connection'
[2024-09-25T01:51:12.009+0000] {sql.py:509} INFO - Running statement: 
    INSERT INTO books (title, authors, price, rating)
    VALUES (%s,%s,%s,%s)
    , parameters: ("Data Quality Fundamentals: A Practitioner's Guide to Building Trustworthy Data Pipelines", 'Paperback', '45.', '4.1 out of 5 stars')
[2024-09-25T01:51:12.011+0000] {sql.py:518} INFO - Rows affected: 1
[2024-09-25T01:51:12.021+0000] {base.py:84} INFO - Retrieving connection 'books_connection'
[2024-09-25T01:51:12.025+0000] {sql.py:509} INFO - Running statement: 
    INSERT INTO books (title, authors, price, rating)
    VALUES (%s,%s,%s,%s)
    , parameters: ('Python Data Engineering Resources: Boost Your Career With This Python Handbook; Prepare For Python Interview; Python Programming Cookbook For Beginners and Experienced; Python Data Analysis and More', 'Vajo Lukic', '0.', '4.7 out of 5 stars')
[2024-09-25T01:51:12.027+0000] {sql.py:518} INFO - Rows affected: 1
[2024-09-25T01:51:12.037+0000] {base.py:84} INFO - Retrieving connection 'books_connection'
[2024-09-25T01:51:12.041+0000] {sql.py:509} INFO - Running statement: 
    INSERT INTO books (title, authors, price, rating)
    VALUES (%s,%s,%s,%s)
    , parameters: ('Mastering Large Datasets with Python: Parallelize and Distribute Your Python Code', 'John T. Wolohan', '49.', '3.9 out of 5 stars')
[2024-09-25T01:51:12.043+0000] {sql.py:518} INFO - Rows affected: 1
[2024-09-25T01:51:12.053+0000] {base.py:84} INFO - Retrieving connection 'books_connection'
[2024-09-25T01:51:12.057+0000] {sql.py:509} INFO - Running statement: 
    INSERT INTO books (title, authors, price, rating)
    VALUES (%s,%s,%s,%s)
    , parameters: ('Data Engineering with Scala and Spark: A practical guide helping you build streaming and batch pipelines that process massive amounts of data using Scala', 'Eric Tome', '36.', '4.1 out of 5 stars')
[2024-09-25T01:51:12.059+0000] {sql.py:518} INFO - Rows affected: 1
[2024-09-25T01:51:12.069+0000] {base.py:84} INFO - Retrieving connection 'books_connection'
[2024-09-25T01:51:12.073+0000] {sql.py:509} INFO - Running statement: 
    INSERT INTO books (title, authors, price, rating)
    VALUES (%s,%s,%s,%s)
    , parameters: ('Data Engineering with Google Cloud Platform: A guide to leveling up as a data engineer by building a scalable data platform with Google Cloud', 'Adi Wijaya', '41.', '5.0 out of 5 stars')
[2024-09-25T01:51:12.075+0000] {sql.py:518} INFO - Rows affected: 1
[2024-09-25T01:51:12.082+0000] {base.py:84} INFO - Retrieving connection 'books_connection'
[2024-09-25T01:51:12.086+0000] {sql.py:509} INFO - Running statement: 
    INSERT INTO books (title, authors, price, rating)
    VALUES (%s,%s,%s,%s)
    , parameters: ('Analytics Engineering with SQL and dbt: Building Meaningful Data Models at Scale', 'Rui Pedro Machado', '41.', '3.9 out of 5 stars')
[2024-09-25T01:51:12.088+0000] {sql.py:518} INFO - Rows affected: 1
[2024-09-25T01:51:12.096+0000] {base.py:84} INFO - Retrieving connection 'books_connection'
[2024-09-25T01:51:12.100+0000] {sql.py:509} INFO - Running statement: 
    INSERT INTO books (title, authors, price, rating)
    VALUES (%s,%s,%s,%s)
    , parameters: ('Storytelling with Data: A Data Visualization Guide for Business Professionals', 'Cole Nussbaumer Knaflic', '27.', '4.6 out of 5 stars')
[2024-09-25T01:51:12.101+0000] {sql.py:518} INFO - Rows affected: 1
[2024-09-25T01:51:12.110+0000] {base.py:84} INFO - Retrieving connection 'books_connection'
[2024-09-25T01:51:12.114+0000] {sql.py:509} INFO - Running statement: 
    INSERT INTO books (title, authors, price, rating)
    VALUES (%s,%s,%s,%s)
    , parameters: ('Data Engineering with Apache Spark, Delta Lake, and Lakehouse: Create scalable pipelines that ingest, curate, and aggregate complex data in a timely and secure way', 'Manoj Kukreja', '46.', '3.9 out of 5 stars')
[2024-09-25T01:51:12.116+0000] {sql.py:518} INFO - Rows affected: 1
[2024-09-25T01:51:12.128+0000] {base.py:84} INFO - Retrieving connection 'books_connection'
[2024-09-25T01:51:12.133+0000] {sql.py:509} INFO - Running statement: 
    INSERT INTO books (title, authors, price, rating)
    VALUES (%s,%s,%s,%s)
    , parameters: ('Official Google Cloud Certified Professional Data Engineer Study Guide', 'Dan Sullivan', '33.', '4.5 out of 5 stars')
[2024-09-25T01:51:12.135+0000] {sql.py:518} INFO - Rows affected: 1
[2024-09-25T01:51:12.146+0000] {base.py:84} INFO - Retrieving connection 'books_connection'
[2024-09-25T01:51:12.150+0000] {sql.py:509} INFO - Running statement: 
    INSERT INTO books (title, authors, price, rating)
    VALUES (%s,%s,%s,%s)
    , parameters: ('Data Engineering with Google Cloud Platform: A practical guide to operationalizing scalable data analytics systems on GCP', 'Adi Wijaya', '39.', '4.7 out of 5 stars')
[2024-09-25T01:51:12.152+0000] {sql.py:518} INFO - Rows affected: 1
[2024-09-25T01:51:12.162+0000] {base.py:84} INFO - Retrieving connection 'books_connection'
[2024-09-25T01:51:12.167+0000] {sql.py:509} INFO - Running statement: 
    INSERT INTO books (title, authors, price, rating)
    VALUES (%s,%s,%s,%s)
    , parameters: ('Mastering the Data Paradox: Key to Winning in the AI Age', 'Nitin Seth', '17.', '4.8 out of 5 stars')
[2024-09-25T01:51:12.169+0000] {sql.py:518} INFO - Rows affected: 1
[2024-09-25T01:51:12.179+0000] {base.py:84} INFO - Retrieving connection 'books_connection'
[2024-09-25T01:51:12.183+0000] {sql.py:509} INFO - Running statement: 
    INSERT INTO books (title, authors, price, rating)
    VALUES (%s,%s,%s,%s)
    , parameters: ('Python Programming and SQL: 5 books in 1 - The #1 Coding Course from Beginner to Advanced. Learn it Well & Fast (2024) (Computer Programming)', 'Paperback', '29.', '4.3 out of 5 stars')
[2024-09-25T01:51:12.185+0000] {sql.py:518} INFO - Rows affected: 1
[2024-09-25T01:51:12.194+0000] {base.py:84} INFO - Retrieving connection 'books_connection'
[2024-09-25T01:51:12.198+0000] {sql.py:509} INFO - Running statement: 
    INSERT INTO books (title, authors, price, rating)
    VALUES (%s,%s,%s,%s)
    , parameters: ('Modern Data Engineering with Apache Spark: A Hands-On Guide for Building Mission-Critical Streaming Applications', 'Scott Haines', '30.', '4.1 out of 5 stars')
[2024-09-25T01:51:12.200+0000] {sql.py:518} INFO - Rows affected: 1
[2024-09-25T01:51:12.209+0000] {base.py:84} INFO - Retrieving connection 'books_connection'
[2024-09-25T01:51:12.214+0000] {sql.py:509} INFO - Running statement: 
    INSERT INTO books (title, authors, price, rating)
    VALUES (%s,%s,%s,%s)
    , parameters: ('Data Mesh: Delivering Data-Driven Value at Scale', 'Audible Audiobook', '0.', '4.5 out of 5 stars')
[2024-09-25T01:51:12.216+0000] {sql.py:518} INFO - Rows affected: 1
[2024-09-25T01:51:12.225+0000] {base.py:84} INFO - Retrieving connection 'books_connection'
[2024-09-25T01:51:12.230+0000] {sql.py:509} INFO - Running statement: 
    INSERT INTO books (title, authors, price, rating)
    VALUES (%s,%s,%s,%s)
    , parameters: ('Machine Learning Engineering', 'Andriy Burkov', '39.', '4.7 out of 5 stars')
[2024-09-25T01:51:12.232+0000] {sql.py:518} INFO - Rows affected: 1
[2024-09-25T01:51:12.241+0000] {base.py:84} INFO - Retrieving connection 'books_connection'
[2024-09-25T01:51:12.245+0000] {sql.py:509} INFO - Running statement: 
    INSERT INTO books (title, authors, price, rating)
    VALUES (%s,%s,%s,%s)
    , parameters: ('Data Engineering with Databricks', 'Paperback', '25.', '3.4 out of 5 stars')
[2024-09-25T01:51:12.248+0000] {sql.py:518} INFO - Rows affected: 1
[2024-09-25T01:51:12.257+0000] {base.py:84} INFO - Retrieving connection 'books_connection'
[2024-09-25T01:51:12.261+0000] {sql.py:509} INFO - Running statement: 
    INSERT INTO books (title, authors, price, rating)
    VALUES (%s,%s,%s,%s)
    , parameters: ('Better Data Visualizations: A Guide for Scholars, Researchers, and Wonks', 'Jonathan Schwabish', '26.', '4.5 out of 5 stars')
[2024-09-25T01:51:12.263+0000] {sql.py:518} INFO - Rows affected: 1
[2024-09-25T01:51:12.271+0000] {base.py:84} INFO - Retrieving connection 'books_connection'
[2024-09-25T01:51:12.275+0000] {sql.py:509} INFO - Running statement: 
    INSERT INTO books (title, authors, price, rating)
    VALUES (%s,%s,%s,%s)
    , parameters: ('Data Modeling with Snowflake: A practical guide to accelerating Snowflake development using universal data modeling techniques', 'Serge Gershkovich', '36.', '4.8 out of 5 stars')
[2024-09-25T01:51:12.277+0000] {sql.py:518} INFO - Rows affected: 1
[2024-09-25T01:51:12.286+0000] {base.py:84} INFO - Retrieving connection 'books_connection'
[2024-09-25T01:51:12.290+0000] {sql.py:509} INFO - Running statement: 
    INSERT INTO books (title, authors, price, rating)
    VALUES (%s,%s,%s,%s)
    , parameters: ('Database Internals: A Deep Dive into How Distributed Data Systems Work', 'Alex Petrov', '36.', '4.6 out of 5 stars')
[2024-09-25T01:51:12.292+0000] {sql.py:518} INFO - Rows affected: 1
[2024-09-25T01:51:12.301+0000] {base.py:84} INFO - Retrieving connection 'books_connection'
[2024-09-25T01:51:12.306+0000] {sql.py:509} INFO - Running statement: 
    INSERT INTO books (title, authors, price, rating)
    VALUES (%s,%s,%s,%s)
    , parameters: ("Engineers' Data Book", 'Clifford Matthews', '26.', '4.6 out of 5 stars')
[2024-09-25T01:51:12.308+0000] {sql.py:518} INFO - Rows affected: 1
[2024-09-25T01:51:12.317+0000] {base.py:84} INFO - Retrieving connection 'books_connection'
[2024-09-25T01:51:12.321+0000] {sql.py:509} INFO - Running statement: 
    INSERT INTO books (title, authors, price, rating)
    VALUES (%s,%s,%s,%s)
    , parameters: ('Prompt Engineering for Generative AI: Future-Proof Inputs for Reliable AI Outputs', 'James Phoenix', '53.', '4.5 out of 5 stars')
[2024-09-25T01:51:12.323+0000] {sql.py:518} INFO - Rows affected: 1
[2024-09-25T01:51:12.332+0000] {base.py:84} INFO - Retrieving connection 'books_connection'
[2024-09-25T01:51:12.336+0000] {sql.py:509} INFO - Running statement: 
    INSERT INTO books (title, authors, price, rating)
    VALUES (%s,%s,%s,%s)
    , parameters: ('Designing Machine Learning Systems: An Iterative Process for Production-Ready Applications', 'Chip Huyen', '52.', '4.6 out of 5 stars')
[2024-09-25T01:51:12.338+0000] {sql.py:518} INFO - Rows affected: 1
[2024-09-25T01:51:12.349+0000] {base.py:84} INFO - Retrieving connection 'books_connection'
[2024-09-25T01:51:12.353+0000] {sql.py:509} INFO - Running statement: 
    INSERT INTO books (title, authors, price, rating)
    VALUES (%s,%s,%s,%s)
    , parameters: ("SQL QuickStart Guide: The Simplified Beginner's Guide to Managing, Analyzing, and Manipulating Data With SQL (Coding & Programming - QuickStart Guides)", 'Paperback', '23.', '4.6 out of 5 stars')
[2024-09-25T01:51:12.355+0000] {sql.py:518} INFO - Rows affected: 1
[2024-09-25T01:51:12.364+0000] {base.py:84} INFO - Retrieving connection 'books_connection'
[2024-09-25T01:51:12.368+0000] {sql.py:509} INFO - Running statement: 
    INSERT INTO books (title, authors, price, rating)
    VALUES (%s,%s,%s,%s)
    , parameters: ('Ultimate Azure Data Engineering: Build Robust Data Engineering Systems on Azure with SQL, ETL, Data Modeling, and Power BI for Business Insights and Crack Azure Certifications (English Edition)', 'Ashish Agarwal', '39.', '5.0 out of 5 stars')
[2024-09-25T01:51:12.370+0000] {sql.py:518} INFO - Rows affected: 1
[2024-09-25T01:51:12.379+0000] {base.py:84} INFO - Retrieving connection 'books_connection'
[2024-09-25T01:51:12.383+0000] {sql.py:509} INFO - Running statement: 
    INSERT INTO books (title, authors, price, rating)
    VALUES (%s,%s,%s,%s)
    , parameters: ('Building ETL Pipelines with Python: Create and deploy enterprise-ready ETL pipelines by employing modern methods', 'Brij Kishore Pandey', '34.', '4.2 out of 5 stars')
[2024-09-25T01:51:12.385+0000] {sql.py:518} INFO - Rows affected: 1
[2024-09-25T01:51:12.387+0000] {python.py:240} INFO - Done. Returned value was: None
[2024-09-25T01:51:12.398+0000] {taskinstance.py:340} INFO - ::group::Post task execution logs
[2024-09-25T01:51:12.399+0000] {taskinstance.py:352} INFO - Marking task as SUCCESS. dag_id=fetch_and_store_amazon_books, task_id=insert_book_data, run_id=scheduled__2024-06-21T00:00:00+00:00, execution_date=20240621T000000, start_date=20240925T015111, end_date=20240925T015112
[2024-09-25T01:51:12.409+0000] {logging_mixin.py:190} INFO - Task instance in success state
[2024-09-25T01:51:12.410+0000] {logging_mixin.py:190} INFO -  Previous state of the Task instance: running
[2024-09-25T01:51:12.411+0000] {logging_mixin.py:190} INFO - Dag name:fetch_and_store_amazon_books queued_at:2024-09-25 01:51:09.340102+00:00
[2024-09-25T01:51:12.412+0000] {logging_mixin.py:190} INFO - Task hostname:12236234e313 operator:PythonOperator
[2024-09-25T01:51:12.447+0000] {local_task_job_runner.py:266} INFO - Task exited with return code 0
[2024-09-25T01:51:12.464+0000] {taskinstance.py:3900} INFO - 0 downstream tasks scheduled from follow-on schedule check
[2024-09-25T01:51:12.467+0000] {local_task_job_runner.py:245} INFO - ::endgroup::
