[2024-09-25T01:51:04.386+0000] {local_task_job_runner.py:123} INFO - ::group::Pre task execution logs
[2024-09-25T01:51:04.401+0000] {taskinstance.py:2612} INFO - Dependencies all met for dep_context=non-requeueable deps ti=<TaskInstance: fetch_and_store_amazon_books.insert_book_data scheduled__2024-06-20T00:00:00+00:00 [queued]>
[2024-09-25T01:51:04.408+0000] {taskinstance.py:2612} INFO - Dependencies all met for dep_context=requeueable deps ti=<TaskInstance: fetch_and_store_amazon_books.insert_book_data scheduled__2024-06-20T00:00:00+00:00 [queued]>
[2024-09-25T01:51:04.410+0000] {taskinstance.py:2865} INFO - Starting attempt 3 of 4
[2024-09-25T01:51:04.422+0000] {taskinstance.py:2888} INFO - Executing <Task(PythonOperator): insert_book_data> on 2024-06-20 00:00:00+00:00
[2024-09-25T01:51:04.428+0000] {warnings.py:112} WARNING - /home/***/.local/lib/python3.12/site-packages/***/task/task_runner/standard_task_runner.py:70: DeprecationWarning: This process (pid=3600) is multi-threaded, use of fork() may lead to deadlocks in the child.
  pid = os.fork()

[2024-09-25T01:51:04.430+0000] {standard_task_runner.py:72} INFO - Started process 3602 to run task
[2024-09-25T01:51:04.430+0000] {standard_task_runner.py:104} INFO - Running: ['***', 'tasks', 'run', 'fetch_and_store_amazon_books', 'insert_book_data', 'scheduled__2024-06-20T00:00:00+00:00', '--job-id', '116', '--raw', '--subdir', 'DAGS_FOLDER/dag.py', '--cfg-path', '/tmp/tmpedk0nbfx']
[2024-09-25T01:51:04.432+0000] {standard_task_runner.py:105} INFO - Job 116: Subtask insert_book_data
[2024-09-25T01:51:04.479+0000] {task_command.py:467} INFO - Running <TaskInstance: fetch_and_store_amazon_books.insert_book_data scheduled__2024-06-20T00:00:00+00:00 [running]> on host 12236234e313
[2024-09-25T01:51:04.543+0000] {taskinstance.py:3131} INFO - Exporting env vars: AIRFLOW_CTX_DAG_OWNER='***' AIRFLOW_CTX_DAG_ID='fetch_and_store_amazon_books' AIRFLOW_CTX_TASK_ID='insert_book_data' AIRFLOW_CTX_EXECUTION_DATE='2024-06-20T00:00:00+00:00' AIRFLOW_CTX_TRY_NUMBER='3' AIRFLOW_CTX_DAG_RUN_ID='scheduled__2024-06-20T00:00:00+00:00'
[2024-09-25T01:51:04.545+0000] {logging_mixin.py:190} INFO - Task instance is in running state
[2024-09-25T01:51:04.546+0000] {logging_mixin.py:190} INFO -  Previous state of the Task instance: queued
[2024-09-25T01:51:04.547+0000] {logging_mixin.py:190} INFO - Current task name:insert_book_data state:running start_date:2024-09-25 01:51:04.403040+00:00
[2024-09-25T01:51:04.548+0000] {logging_mixin.py:190} INFO - Dag name:fetch_and_store_amazon_books and current dag run status:running
[2024-09-25T01:51:04.549+0000] {taskinstance.py:731} INFO - ::endgroup::
[2024-09-25T01:51:04.565+0000] {base.py:84} INFO - Retrieving connection 'books_connection'
[2024-09-25T01:51:04.569+0000] {sql.py:509} INFO - Running statement: 
    INSERT INTO books (title, authors, price, rating)
    VALUES (%s,%s,%s,%s)
    , parameters: ('Data Engineering with AWS - Second Edition: Acquire the skills to design and build AWS-based data transformation pipelines like a pro', 'Gareth Eagar', '41.', '4.4 out of 5 stars')
[2024-09-25T01:51:04.571+0000] {sql.py:518} INFO - Rows affected: 1
[2024-09-25T01:51:04.578+0000] {base.py:84} INFO - Retrieving connection 'books_connection'
[2024-09-25T01:51:04.582+0000] {sql.py:509} INFO - Running statement: 
    INSERT INTO books (title, authors, price, rating)
    VALUES (%s,%s,%s,%s)
    , parameters: ('Fundamentals of Data Analytics: Learn Essential Skills, Embrace the Future, and Catapult Your Career in the Data-Driven World—A Comprehensive Guide to Data Literacy for Beginners', 'Russell Dawson', '17.', '4.8 out of 5 stars')
[2024-09-25T01:51:04.584+0000] {sql.py:518} INFO - Rows affected: 1
[2024-09-25T01:51:04.590+0000] {base.py:84} INFO - Retrieving connection 'books_connection'
[2024-09-25T01:51:04.593+0000] {sql.py:509} INFO - Running statement: 
    INSERT INTO books (title, authors, price, rating)
    VALUES (%s,%s,%s,%s)
    , parameters: ('Data Engineering with dbt: A practical guide to building a cloud-based, pragmatic, and dependable data platform with SQL', 'Roberto Zagni', '37.', '4.6 out of 5 stars')
[2024-09-25T01:51:04.595+0000] {sql.py:518} INFO - Rows affected: 1
[2024-09-25T01:51:04.602+0000] {base.py:84} INFO - Retrieving connection 'books_connection'
[2024-09-25T01:51:04.605+0000] {sql.py:509} INFO - Running statement: 
    INSERT INTO books (title, authors, price, rating)
    VALUES (%s,%s,%s,%s)
    , parameters: ('Data Engineering 101', 'Paperback', '22.', '4.6 out of 5 stars')
[2024-09-25T01:51:04.607+0000] {sql.py:518} INFO - Rows affected: 1
[2024-09-25T01:51:04.615+0000] {base.py:84} INFO - Retrieving connection 'books_connection'
[2024-09-25T01:51:04.618+0000] {sql.py:509} INFO - Running statement: 
    INSERT INTO books (title, authors, price, rating)
    VALUES (%s,%s,%s,%s)
    , parameters: ('Fundamentals of Data Engineering: Plan and Build Robust Data Systems', 'Joe Reis', '42.', '4.7 out of 5 stars')
[2024-09-25T01:51:04.619+0000] {sql.py:518} INFO - Rows affected: 1
[2024-09-25T01:51:04.626+0000] {base.py:84} INFO - Retrieving connection 'books_connection'
[2024-09-25T01:51:04.629+0000] {sql.py:509} INFO - Running statement: 
    INSERT INTO books (title, authors, price, rating)
    VALUES (%s,%s,%s,%s)
    , parameters: ('Designing Data-Intensive Applications: The Big Ideas Behind Reliable, Scalable, and Maintainable Systems', 'Martin Kleppmann', '46.', '4.8 out of 5 stars')
[2024-09-25T01:51:04.631+0000] {sql.py:518} INFO - Rows affected: 1
[2024-09-25T01:51:04.638+0000] {base.py:84} INFO - Retrieving connection 'books_connection'
[2024-09-25T01:51:04.641+0000] {sql.py:509} INFO - Running statement: 
    INSERT INTO books (title, authors, price, rating)
    VALUES (%s,%s,%s,%s)
    , parameters: ('Data Pipelines Pocket Reference: Moving and Processing Data for Analytics', 'James Densmore', '17.', '4.5 out of 5 stars')
[2024-09-25T01:51:04.643+0000] {sql.py:518} INFO - Rows affected: 1
[2024-09-25T01:51:04.650+0000] {base.py:84} INFO - Retrieving connection 'books_connection'
[2024-09-25T01:51:04.654+0000] {sql.py:509} INFO - Running statement: 
    INSERT INTO books (title, authors, price, rating)
    VALUES (%s,%s,%s,%s)
    , parameters: ('Data Engineering with Python: Work with massive datasets to design data models and automate data pipelines using Python', 'Paul Crickard', '37.', '4.1 out of 5 stars')
[2024-09-25T01:51:04.655+0000] {sql.py:518} INFO - Rows affected: 1
[2024-09-25T01:51:04.662+0000] {base.py:84} INFO - Retrieving connection 'books_connection'
[2024-09-25T01:51:04.665+0000] {sql.py:509} INFO - Running statement: 
    INSERT INTO books (title, authors, price, rating)
    VALUES (%s,%s,%s,%s)
    , parameters: ('Cracking the Data Engineering Interview: Land your dream job with the help of resume-building tips, over 100 mock questions, and a unique portfolio', 'Kedeisha Bryan', '26.', '4.4 out of 5 stars')
[2024-09-25T01:51:04.667+0000] {sql.py:518} INFO - Rows affected: 1
[2024-09-25T01:51:04.675+0000] {base.py:84} INFO - Retrieving connection 'books_connection'
[2024-09-25T01:51:04.678+0000] {sql.py:509} INFO - Running statement: 
    INSERT INTO books (title, authors, price, rating)
    VALUES (%s,%s,%s,%s)
    , parameters: ('Data Engineering with Databricks Cookbook: Build effective data and AI solutions using Apache Spark, Databricks, and Delta Lake', 'Pulkit Chadha', '33.', '4.3 out of 5 stars')
[2024-09-25T01:51:04.679+0000] {sql.py:518} INFO - Rows affected: 1
[2024-09-25T01:51:04.687+0000] {base.py:84} INFO - Retrieving connection 'books_connection'
[2024-09-25T01:51:04.690+0000] {sql.py:509} INFO - Running statement: 
    INSERT INTO books (title, authors, price, rating)
    VALUES (%s,%s,%s,%s)
    , parameters: ('Ace the Data Engineering Interview: Questions and Answers for Python, SQL, Data Modeling and More', 'Sean Coyne', '24.', '3.8 out of 5 stars')
[2024-09-25T01:51:04.692+0000] {sql.py:518} INFO - Rows affected: 1
[2024-09-25T01:51:04.698+0000] {base.py:84} INFO - Retrieving connection 'books_connection'
[2024-09-25T01:51:04.702+0000] {sql.py:509} INFO - Running statement: 
    INSERT INTO books (title, authors, price, rating)
    VALUES (%s,%s,%s,%s)
    , parameters: ('Essentials of Data Engineering', 'Dr. Mukesh Saini', '19.', '5.0 out of 5 stars')
[2024-09-25T01:51:04.703+0000] {sql.py:518} INFO - Rows affected: 1
[2024-09-25T01:51:04.710+0000] {base.py:84} INFO - Retrieving connection 'books_connection'
[2024-09-25T01:51:04.713+0000] {sql.py:509} INFO - Running statement: 
    INSERT INTO books (title, authors, price, rating)
    VALUES (%s,%s,%s,%s)
    , parameters: ('97 Things Every Data Engineer Should Know: Collective Wisdom from the Experts', 'Tobias Macey', '28.', '4.1 out of 5 stars')
[2024-09-25T01:51:04.715+0000] {sql.py:518} INFO - Rows affected: 1
[2024-09-25T01:51:04.722+0000] {base.py:84} INFO - Retrieving connection 'books_connection'
[2024-09-25T01:51:04.725+0000] {sql.py:509} INFO - Running statement: 
    INSERT INTO books (title, authors, price, rating)
    VALUES (%s,%s,%s,%s)
    , parameters: ('Ace the Data Science Interview: 201 Real Interview Questions Asked By FAANG, Tech Startups, & Wall Street', 'Nick Singh', '34.', '4.5 out of 5 stars')
[2024-09-25T01:51:04.726+0000] {sql.py:518} INFO - Rows affected: 1
[2024-09-25T01:51:04.733+0000] {base.py:84} INFO - Retrieving connection 'books_connection'
[2024-09-25T01:51:04.736+0000] {sql.py:509} INFO - Running statement: 
    INSERT INTO books (title, authors, price, rating)
    VALUES (%s,%s,%s,%s)
    , parameters: ('Azure Data Engineer Associate Certification Guide: Ace the DP-203 exam with advanced data engineering skills', 'Giacinto Palmieri', '32.', '4.4 out of 5 stars')
[2024-09-25T01:51:04.737+0000] {sql.py:518} INFO - Rows affected: 1
[2024-09-25T01:51:04.744+0000] {base.py:84} INFO - Retrieving connection 'books_connection'
[2024-09-25T01:51:04.747+0000] {sql.py:509} INFO - Running statement: 
    INSERT INTO books (title, authors, price, rating)
    VALUES (%s,%s,%s,%s)
    , parameters: ('Software Engineering for Data Scientists: From Notebooks to Scalable Systems', 'Catherine Nelson', '51.', '4.4 out of 5 stars')
[2024-09-25T01:51:04.749+0000] {sql.py:518} INFO - Rows affected: 1
[2024-09-25T01:51:04.756+0000] {base.py:84} INFO - Retrieving connection 'books_connection'
[2024-09-25T01:51:04.758+0000] {sql.py:509} INFO - Running statement: 
    INSERT INTO books (title, authors, price, rating)
    VALUES (%s,%s,%s,%s)
    , parameters: ('DATA ENGINEERING AND AI FOR BEGINNERS: Revolutionizing Data Processing and Analytics by Leveraging Artificial Intelligence for Efficient Input Collection, Storage, and Transformation (World of AI)', 'Paperback', '13.', '4.3 out of 5 stars')
[2024-09-25T01:51:04.760+0000] {sql.py:518} INFO - Rows affected: 1
[2024-09-25T01:51:04.766+0000] {base.py:84} INFO - Retrieving connection 'books_connection'
[2024-09-25T01:51:04.769+0000] {sql.py:509} INFO - Running statement: 
    INSERT INTO books (title, authors, price, rating)
    VALUES (%s,%s,%s,%s)
    , parameters: ('Data Engineering with Python cookbook: Learn to build efficient data pipelines using the Modern Cloud Data Stack', 'Adithyan Ramanujakootam', '32.', '5.0 out of 5 stars')
[2024-09-25T01:51:04.771+0000] {sql.py:518} INFO - Rows affected: 1
[2024-09-25T01:51:04.777+0000] {base.py:84} INFO - Retrieving connection 'books_connection'
[2024-09-25T01:51:04.780+0000] {sql.py:509} INFO - Running statement: 
    INSERT INTO books (title, authors, price, rating)
    VALUES (%s,%s,%s,%s)
    , parameters: ('Data-Driven Science and Engineering: Machine Learning, Dynamical Systems, and Control', 'Steven L. Brunton', '64.', '4.8 out of 5 stars')
[2024-09-25T01:51:04.782+0000] {sql.py:518} INFO - Rows affected: 1
[2024-09-25T01:51:04.789+0000] {base.py:84} INFO - Retrieving connection 'books_connection'
[2024-09-25T01:51:04.792+0000] {sql.py:509} INFO - Running statement: 
    INSERT INTO books (title, authors, price, rating)
    VALUES (%s,%s,%s,%s)
    , parameters: ("Ultimate Data Engineering with Databricks: Develop Scalable Data Pipelines Using Data Engineering's Core Tenets Such as Delta Tables, Ingestion, ... Security, and Scalability (English Edition)", 'Mayank Malhotra', '37.', '4.1 out of 5 stars')
[2024-09-25T01:51:04.793+0000] {sql.py:518} INFO - Rows affected: 1
[2024-09-25T01:51:04.801+0000] {base.py:84} INFO - Retrieving connection 'books_connection'
[2024-09-25T01:51:04.804+0000] {sql.py:509} INFO - Running statement: 
    INSERT INTO books (title, authors, price, rating)
    VALUES (%s,%s,%s,%s)
    , parameters: ('Data Engineering with AWS: Learn how to design and build cloud-based data transformation pipelines using AWS', 'Gareth Eagar', '49.', '4.4 out of 5 stars')
[2024-09-25T01:51:04.806+0000] {sql.py:518} INFO - Rows affected: 1
[2024-09-25T01:51:04.812+0000] {base.py:84} INFO - Retrieving connection 'books_connection'
[2024-09-25T01:51:04.816+0000] {sql.py:509} INFO - Running statement: 
    INSERT INTO books (title, authors, price, rating)
    VALUES (%s,%s,%s,%s)
    , parameters: ('Data Engineering with Scala and Spark: A practical guide helping you build streaming and batch pipelines that process massive amounts of data using Scala', 'Eric Tome', '36.', '4.1 out of 5 stars')
[2024-09-25T01:51:04.817+0000] {sql.py:518} INFO - Rows affected: 1
[2024-09-25T01:51:04.824+0000] {base.py:84} INFO - Retrieving connection 'books_connection'
[2024-09-25T01:51:04.827+0000] {sql.py:509} INFO - Running statement: 
    INSERT INTO books (title, authors, price, rating)
    VALUES (%s,%s,%s,%s)
    , parameters: ("Data Quality Fundamentals: A Practitioner's Guide to Building Trustworthy Data Pipelines", 'Paperback', '45.', '4.1 out of 5 stars')
[2024-09-25T01:51:04.828+0000] {sql.py:518} INFO - Rows affected: 1
[2024-09-25T01:51:04.835+0000] {base.py:84} INFO - Retrieving connection 'books_connection'
[2024-09-25T01:51:04.838+0000] {sql.py:509} INFO - Running statement: 
    INSERT INTO books (title, authors, price, rating)
    VALUES (%s,%s,%s,%s)
    , parameters: ('Data Privacy: A runbook for engineers', 'Nishant Bhajaria', '35.', '4.8 out of 5 stars')
[2024-09-25T01:51:04.839+0000] {sql.py:518} INFO - Rows affected: 1
[2024-09-25T01:51:04.846+0000] {base.py:84} INFO - Retrieving connection 'books_connection'
[2024-09-25T01:51:04.850+0000] {sql.py:509} INFO - Running statement: 
    INSERT INTO books (title, authors, price, rating)
    VALUES (%s,%s,%s,%s)
    , parameters: ("Azure Data Factory Cookbook: A data engineer's guide to building and managing ETL and ELT pipelines with data integration", 'Dmitry Foshin', '51.', '4.2 out of 5 stars')
[2024-09-25T01:51:04.852+0000] {sql.py:518} INFO - Rows affected: 1
[2024-09-25T01:51:04.859+0000] {base.py:84} INFO - Retrieving connection 'books_connection'
[2024-09-25T01:51:04.863+0000] {sql.py:509} INFO - Running statement: 
    INSERT INTO books (title, authors, price, rating)
    VALUES (%s,%s,%s,%s)
    , parameters: ('Data Engineering Fundamentals for Beginners: Mastering the Art of Building, Managing, and Scaling Data Systems', 'Paperback', '14.', '5.0 out of 5 stars')
[2024-09-25T01:51:04.865+0000] {sql.py:518} INFO - Rows affected: 1
[2024-09-25T01:51:04.871+0000] {base.py:84} INFO - Retrieving connection 'books_connection'
[2024-09-25T01:51:04.874+0000] {sql.py:509} INFO - Running statement: 
    INSERT INTO books (title, authors, price, rating)
    VALUES (%s,%s,%s,%s)
    , parameters: ('Data Observability for Data Engineering: Proactive strategies for ensuring data accuracy and addressing broken data pipelines', 'Michele Pinto', '36.', '3.7 out of 5 stars')
[2024-09-25T01:51:04.876+0000] {sql.py:518} INFO - Rows affected: 1
[2024-09-25T01:51:04.883+0000] {base.py:84} INFO - Retrieving connection 'books_connection'
[2024-09-25T01:51:04.886+0000] {sql.py:509} INFO - Running statement: 
    INSERT INTO books (title, authors, price, rating)
    VALUES (%s,%s,%s,%s)
    , parameters: ('Analytics Engineering with SQL and dbt: Building Meaningful Data Models at Scale', 'Rui Pedro Machado', '41.', '3.9 out of 5 stars')
[2024-09-25T01:51:04.888+0000] {sql.py:518} INFO - Rows affected: 1
[2024-09-25T01:51:04.894+0000] {base.py:84} INFO - Retrieving connection 'books_connection'
[2024-09-25T01:51:04.898+0000] {sql.py:509} INFO - Running statement: 
    INSERT INTO books (title, authors, price, rating)
    VALUES (%s,%s,%s,%s)
    , parameters: ('Storytelling with Data: A Data Visualization Guide for Business Professionals', 'Cole Nussbaumer Knaflic', '27.', '4.6 out of 5 stars')
[2024-09-25T01:51:04.900+0000] {sql.py:518} INFO - Rows affected: 1
[2024-09-25T01:51:04.907+0000] {base.py:84} INFO - Retrieving connection 'books_connection'
[2024-09-25T01:51:04.909+0000] {sql.py:509} INFO - Running statement: 
    INSERT INTO books (title, authors, price, rating)
    VALUES (%s,%s,%s,%s)
    , parameters: ('Python Data Engineering Resources: Boost Your Career With This Python Handbook; Prepare For Python Interview; Python Programming Cookbook For Beginners and Experienced; Python Data Analysis and More', 'Vajo Lukic', '0.', '4.7 out of 5 stars')
[2024-09-25T01:51:04.911+0000] {sql.py:518} INFO - Rows affected: 1
[2024-09-25T01:51:04.919+0000] {base.py:84} INFO - Retrieving connection 'books_connection'
[2024-09-25T01:51:04.922+0000] {sql.py:509} INFO - Running statement: 
    INSERT INTO books (title, authors, price, rating)
    VALUES (%s,%s,%s,%s)
    , parameters: ('Data Engineering with Google Cloud Platform: A guide to leveling up as a data engineer by building a scalable data platform with Google Cloud', 'Adi Wijaya', '41.', '5.0 out of 5 stars')
[2024-09-25T01:51:04.923+0000] {sql.py:518} INFO - Rows affected: 1
[2024-09-25T01:51:04.931+0000] {base.py:84} INFO - Retrieving connection 'books_connection'
[2024-09-25T01:51:04.935+0000] {sql.py:509} INFO - Running statement: 
    INSERT INTO books (title, authors, price, rating)
    VALUES (%s,%s,%s,%s)
    , parameters: ('Data Engineering with Apache Spark, Delta Lake, and Lakehouse: Create scalable pipelines that ingest, curate, and aggregate complex data in a timely and secure way', 'Manoj Kukreja', '46.', '3.9 out of 5 stars')
[2024-09-25T01:51:04.937+0000] {sql.py:518} INFO - Rows affected: 1
[2024-09-25T01:51:04.943+0000] {base.py:84} INFO - Retrieving connection 'books_connection'
[2024-09-25T01:51:04.947+0000] {sql.py:509} INFO - Running statement: 
    INSERT INTO books (title, authors, price, rating)
    VALUES (%s,%s,%s,%s)
    , parameters: ('Data Engineering with Google Cloud Platform: A practical guide to operationalizing scalable data analytics systems on GCP', 'Adi Wijaya', '39.', '4.7 out of 5 stars')
[2024-09-25T01:51:04.948+0000] {sql.py:518} INFO - Rows affected: 1
[2024-09-25T01:51:04.956+0000] {base.py:84} INFO - Retrieving connection 'books_connection'
[2024-09-25T01:51:04.959+0000] {sql.py:509} INFO - Running statement: 
    INSERT INTO books (title, authors, price, rating)
    VALUES (%s,%s,%s,%s)
    , parameters: ('Official Google Cloud Certified Professional Data Engineer Study Guide', 'Dan Sullivan', '33.', '4.5 out of 5 stars')
[2024-09-25T01:51:04.960+0000] {sql.py:518} INFO - Rows affected: 1
[2024-09-25T01:51:04.968+0000] {base.py:84} INFO - Retrieving connection 'books_connection'
[2024-09-25T01:51:04.971+0000] {sql.py:509} INFO - Running statement: 
    INSERT INTO books (title, authors, price, rating)
    VALUES (%s,%s,%s,%s)
    , parameters: ('Data Mesh: Delivering Data-Driven Value at Scale', 'Audible Audiobook', '0.', '4.5 out of 5 stars')
[2024-09-25T01:51:04.973+0000] {sql.py:518} INFO - Rows affected: 1
[2024-09-25T01:51:04.980+0000] {base.py:84} INFO - Retrieving connection 'books_connection'
[2024-09-25T01:51:04.983+0000] {sql.py:509} INFO - Running statement: 
    INSERT INTO books (title, authors, price, rating)
    VALUES (%s,%s,%s,%s)
    , parameters: ("Engineers' Data Book", 'Clifford Matthews', '26.', '4.6 out of 5 stars')
[2024-09-25T01:51:04.985+0000] {sql.py:518} INFO - Rows affected: 1
[2024-09-25T01:51:04.992+0000] {base.py:84} INFO - Retrieving connection 'books_connection'
[2024-09-25T01:51:04.995+0000] {sql.py:509} INFO - Running statement: 
    INSERT INTO books (title, authors, price, rating)
    VALUES (%s,%s,%s,%s)
    , parameters: ('Designing Machine Learning Systems: An Iterative Process for Production-Ready Applications', 'Chip Huyen', '52.', '4.6 out of 5 stars')
[2024-09-25T01:51:04.997+0000] {sql.py:518} INFO - Rows affected: 1
[2024-09-25T01:51:05.004+0000] {base.py:84} INFO - Retrieving connection 'books_connection'
[2024-09-25T01:51:05.007+0000] {sql.py:509} INFO - Running statement: 
    INSERT INTO books (title, authors, price, rating)
    VALUES (%s,%s,%s,%s)
    , parameters: ('Mastering the Data Paradox: Key to Winning in the AI Age', 'Nitin Seth', '17.', '4.8 out of 5 stars')
[2024-09-25T01:51:05.009+0000] {sql.py:518} INFO - Rows affected: 1
[2024-09-25T01:51:05.017+0000] {base.py:84} INFO - Retrieving connection 'books_connection'
[2024-09-25T01:51:05.020+0000] {sql.py:509} INFO - Running statement: 
    INSERT INTO books (title, authors, price, rating)
    VALUES (%s,%s,%s,%s)
    , parameters: ('Python Programming and SQL: 5 books in 1 - The #1 Coding Course from Beginner to Advanced. Learn it Well & Fast (2024) (Computer Programming)', 'Paperback', '29.', '4.3 out of 5 stars')
[2024-09-25T01:51:05.021+0000] {sql.py:518} INFO - Rows affected: 1
[2024-09-25T01:51:05.027+0000] {base.py:84} INFO - Retrieving connection 'books_connection'
[2024-09-25T01:51:05.030+0000] {sql.py:509} INFO - Running statement: 
    INSERT INTO books (title, authors, price, rating)
    VALUES (%s,%s,%s,%s)
    , parameters: ('Database Internals: A Deep Dive into How Distributed Data Systems Work', 'Alex Petrov', '36.', '4.6 out of 5 stars')
[2024-09-25T01:51:05.032+0000] {sql.py:518} INFO - Rows affected: 1
[2024-09-25T01:51:05.039+0000] {base.py:84} INFO - Retrieving connection 'books_connection'
[2024-09-25T01:51:05.042+0000] {sql.py:509} INFO - Running statement: 
    INSERT INTO books (title, authors, price, rating)
    VALUES (%s,%s,%s,%s)
    , parameters: ('Modern Data Engineering with Apache Spark: A Hands-On Guide for Building Mission-Critical Streaming Applications', 'Scott Haines', '30.', '4.1 out of 5 stars')
[2024-09-25T01:51:05.043+0000] {sql.py:518} INFO - Rows affected: 1
[2024-09-25T01:51:05.050+0000] {base.py:84} INFO - Retrieving connection 'books_connection'
[2024-09-25T01:51:05.054+0000] {sql.py:509} INFO - Running statement: 
    INSERT INTO books (title, authors, price, rating)
    VALUES (%s,%s,%s,%s)
    , parameters: ('Machine Learning Engineering', 'Andriy Burkov', '39.', '4.7 out of 5 stars')
[2024-09-25T01:51:05.056+0000] {sql.py:518} INFO - Rows affected: 1
[2024-09-25T01:51:05.063+0000] {base.py:84} INFO - Retrieving connection 'books_connection'
[2024-09-25T01:51:05.067+0000] {sql.py:509} INFO - Running statement: 
    INSERT INTO books (title, authors, price, rating)
    VALUES (%s,%s,%s,%s)
    , parameters: ('Data Modeling with Snowflake: A practical guide to accelerating Snowflake development using universal data modeling techniques', 'Serge Gershkovich', '36.', '4.8 out of 5 stars')
[2024-09-25T01:51:05.069+0000] {sql.py:518} INFO - Rows affected: 1
[2024-09-25T01:51:05.077+0000] {base.py:84} INFO - Retrieving connection 'books_connection'
[2024-09-25T01:51:05.080+0000] {sql.py:509} INFO - Running statement: 
    INSERT INTO books (title, authors, price, rating)
    VALUES (%s,%s,%s,%s)
    , parameters: ('Data Engineering with Databricks', 'Paperback', '25.', '3.4 out of 5 stars')
[2024-09-25T01:51:05.083+0000] {sql.py:518} INFO - Rows affected: 1
[2024-09-25T01:51:05.091+0000] {base.py:84} INFO - Retrieving connection 'books_connection'
[2024-09-25T01:51:05.094+0000] {sql.py:509} INFO - Running statement: 
    INSERT INTO books (title, authors, price, rating)
    VALUES (%s,%s,%s,%s)
    , parameters: ('The Enterprise Data Catalog: Improve Data Discovery, Ensure Data Governance, and Enable Innovation', 'Ole Olesen-Bagneux', '31.', '4.5 out of 5 stars')
[2024-09-25T01:51:05.095+0000] {sql.py:518} INFO - Rows affected: 1
[2024-09-25T01:51:05.103+0000] {base.py:84} INFO - Retrieving connection 'books_connection'
[2024-09-25T01:51:05.106+0000] {sql.py:509} INFO - Running statement: 
    INSERT INTO books (title, authors, price, rating)
    VALUES (%s,%s,%s,%s)
    , parameters: ('Ultimate Azure Data Engineering: Build Robust Data Engineering Systems on Azure with SQL, ETL, Data Modeling, and Power BI for Business Insights and Crack Azure Certifications (English Edition)', 'Ashish Agarwal', '39.', '5.0 out of 5 stars')
[2024-09-25T01:51:05.108+0000] {sql.py:518} INFO - Rows affected: 1
[2024-09-25T01:51:05.116+0000] {base.py:84} INFO - Retrieving connection 'books_connection'
[2024-09-25T01:51:05.119+0000] {sql.py:509} INFO - Running statement: 
    INSERT INTO books (title, authors, price, rating)
    VALUES (%s,%s,%s,%s)
    , parameters: ('Better Data Visualizations: A Guide for Scholars, Researchers, and Wonks', 'Jonathan Schwabish', '26.', '4.5 out of 5 stars')
[2024-09-25T01:51:05.121+0000] {sql.py:518} INFO - Rows affected: 1
[2024-09-25T01:51:05.129+0000] {base.py:84} INFO - Retrieving connection 'books_connection'
[2024-09-25T01:51:05.132+0000] {sql.py:509} INFO - Running statement: 
    INSERT INTO books (title, authors, price, rating)
    VALUES (%s,%s,%s,%s)
    , parameters: ('Prompt Engineering for Generative AI: Future-Proof Inputs for Reliable AI Outputs', 'James Phoenix', '53.', '4.5 out of 5 stars')
[2024-09-25T01:51:05.134+0000] {sql.py:518} INFO - Rows affected: 1
[2024-09-25T01:51:05.142+0000] {base.py:84} INFO - Retrieving connection 'books_connection'
[2024-09-25T01:51:05.145+0000] {sql.py:509} INFO - Running statement: 
    INSERT INTO books (title, authors, price, rating)
    VALUES (%s,%s,%s,%s)
    , parameters: ("SQL QuickStart Guide: The Simplified Beginner's Guide to Managing, Analyzing, and Manipulating Data With SQL (Coding & Programming - QuickStart Guides)", 'Paperback', '23.', '4.6 out of 5 stars')
[2024-09-25T01:51:05.147+0000] {sql.py:518} INFO - Rows affected: 1
[2024-09-25T01:51:05.154+0000] {base.py:84} INFO - Retrieving connection 'books_connection'
[2024-09-25T01:51:05.157+0000] {sql.py:509} INFO - Running statement: 
    INSERT INTO books (title, authors, price, rating)
    VALUES (%s,%s,%s,%s)
    , parameters: ("The Baofeng Radio Guerrilla's Bible 16 Books in 1: The Guerrilla's Comprehensive Manual: Mastering Your Baofeng Radio for Every Situation - Essential Tactics for Emergencies,Disasters,Covert Oper...", 'Paperback', '34.', '4.5 out of 5 stars')
[2024-09-25T01:51:05.159+0000] {sql.py:518} INFO - Rows affected: 1
[2024-09-25T01:51:05.161+0000] {python.py:240} INFO - Done. Returned value was: None
[2024-09-25T01:51:05.169+0000] {taskinstance.py:340} INFO - ::group::Post task execution logs
[2024-09-25T01:51:05.170+0000] {taskinstance.py:352} INFO - Marking task as SUCCESS. dag_id=fetch_and_store_amazon_books, task_id=insert_book_data, run_id=scheduled__2024-06-20T00:00:00+00:00, execution_date=20240620T000000, start_date=20240925T015104, end_date=20240925T015105
[2024-09-25T01:51:05.179+0000] {logging_mixin.py:190} INFO - Task instance in success state
[2024-09-25T01:51:05.180+0000] {logging_mixin.py:190} INFO -  Previous state of the Task instance: running
[2024-09-25T01:51:05.181+0000] {logging_mixin.py:190} INFO - Dag name:fetch_and_store_amazon_books queued_at:2024-09-25 01:51:02.846219+00:00
[2024-09-25T01:51:05.182+0000] {logging_mixin.py:190} INFO - Task hostname:12236234e313 operator:PythonOperator
[2024-09-25T01:51:05.209+0000] {local_task_job_runner.py:266} INFO - Task exited with return code 0
[2024-09-25T01:51:05.226+0000] {taskinstance.py:3900} INFO - 0 downstream tasks scheduled from follow-on schedule check
[2024-09-25T01:51:05.228+0000] {local_task_job_runner.py:245} INFO - ::endgroup::
