[2024-09-25T01:52:10.742+0000] {local_task_job_runner.py:123} INFO - ::group::Pre task execution logs
[2024-09-25T01:52:10.765+0000] {taskinstance.py:2612} INFO - Dependencies all met for dep_context=non-requeueable deps ti=<TaskInstance: fetch_and_store_amazon_books.insert_book_data manual__2024-09-25T01:25:48.169297+00:00 [queued]>
[2024-09-25T01:52:10.776+0000] {taskinstance.py:2612} INFO - Dependencies all met for dep_context=requeueable deps ti=<TaskInstance: fetch_and_store_amazon_books.insert_book_data manual__2024-09-25T01:25:48.169297+00:00 [queued]>
[2024-09-25T01:52:10.777+0000] {taskinstance.py:2865} INFO - Starting attempt 4 of 5
[2024-09-25T01:52:10.796+0000] {taskinstance.py:2888} INFO - Executing <Task(PythonOperator): insert_book_data> on 2024-09-25 01:25:48.169297+00:00
[2024-09-25T01:52:10.806+0000] {warnings.py:112} WARNING - /home/***/.local/lib/python3.12/site-packages/***/task/task_runner/standard_task_runner.py:70: DeprecationWarning: This process (pid=3678) is multi-threaded, use of fork() may lead to deadlocks in the child.
  pid = os.fork()

[2024-09-25T01:52:10.808+0000] {standard_task_runner.py:72} INFO - Started process 3680 to run task
[2024-09-25T01:52:10.809+0000] {standard_task_runner.py:104} INFO - Running: ['***', 'tasks', 'run', 'fetch_and_store_amazon_books', 'insert_book_data', 'manual__2024-09-25T01:25:48.169297+00:00', '--job-id', '132', '--raw', '--subdir', 'DAGS_FOLDER/dag.py', '--cfg-path', '/tmp/tmpyec_ojl7']
[2024-09-25T01:52:10.811+0000] {standard_task_runner.py:105} INFO - Job 132: Subtask insert_book_data
[2024-09-25T01:52:10.899+0000] {task_command.py:467} INFO - Running <TaskInstance: fetch_and_store_amazon_books.insert_book_data manual__2024-09-25T01:25:48.169297+00:00 [running]> on host 12236234e313
[2024-09-25T01:52:11.031+0000] {taskinstance.py:3131} INFO - Exporting env vars: AIRFLOW_CTX_DAG_OWNER='***' AIRFLOW_CTX_DAG_ID='fetch_and_store_amazon_books' AIRFLOW_CTX_TASK_ID='insert_book_data' AIRFLOW_CTX_EXECUTION_DATE='2024-09-25T01:25:48.169297+00:00' AIRFLOW_CTX_TRY_NUMBER='4' AIRFLOW_CTX_DAG_RUN_ID='manual__2024-09-25T01:25:48.169297+00:00'
[2024-09-25T01:52:11.033+0000] {logging_mixin.py:190} INFO - Task instance is in running state
[2024-09-25T01:52:11.034+0000] {logging_mixin.py:190} INFO -  Previous state of the Task instance: queued
[2024-09-25T01:52:11.035+0000] {logging_mixin.py:190} INFO - Current task name:insert_book_data state:running start_date:2024-09-25 01:52:10.766416+00:00
[2024-09-25T01:52:11.036+0000] {logging_mixin.py:190} INFO - Dag name:fetch_and_store_amazon_books and current dag run status:running
[2024-09-25T01:52:11.037+0000] {taskinstance.py:731} INFO - ::endgroup::
[2024-09-25T01:52:11.064+0000] {base.py:84} INFO - Retrieving connection 'books_connection'
[2024-09-25T01:52:11.070+0000] {sql.py:509} INFO - Running statement: 
    INSERT INTO books (title, authors, price, rating)
    VALUES (%s,%s,%s,%s)
    , parameters: ('Data Engineering with AWS - Second Edition: Acquire the skills to design and build AWS-based data transformation pipelines like a pro', 'Gareth Eagar', '41.', '4.4 out of 5 stars')
[2024-09-25T01:52:11.073+0000] {sql.py:518} INFO - Rows affected: 1
[2024-09-25T01:52:11.084+0000] {base.py:84} INFO - Retrieving connection 'books_connection'
[2024-09-25T01:52:11.090+0000] {sql.py:509} INFO - Running statement: 
    INSERT INTO books (title, authors, price, rating)
    VALUES (%s,%s,%s,%s)
    , parameters: ('Data Engineering 101', 'Hardcover', '30.', '4.6 out of 5 stars')
[2024-09-25T01:52:11.092+0000] {sql.py:518} INFO - Rows affected: 1
[2024-09-25T01:52:11.104+0000] {base.py:84} INFO - Retrieving connection 'books_connection'
[2024-09-25T01:52:11.110+0000] {sql.py:509} INFO - Running statement: 
    INSERT INTO books (title, authors, price, rating)
    VALUES (%s,%s,%s,%s)
    , parameters: ('Azure Data Engineer Associate Certification Guide: Ace the DP-203 exam with advanced data engineering skills', 'Giacinto Palmieri', '32.', '4.4 out of 5 stars')
[2024-09-25T01:52:11.112+0000] {sql.py:518} INFO - Rows affected: 1
[2024-09-25T01:52:11.124+0000] {base.py:84} INFO - Retrieving connection 'books_connection'
[2024-09-25T01:52:11.129+0000] {sql.py:509} INFO - Running statement: 
    INSERT INTO books (title, authors, price, rating)
    VALUES (%s,%s,%s,%s)
    , parameters: ('Data Engineering with dbt: A practical guide to building a cloud-based, pragmatic, and dependable data platform with SQL', 'Roberto Zagni', '37.', '4.6 out of 5 stars')
[2024-09-25T01:52:11.133+0000] {sql.py:518} INFO - Rows affected: 1
[2024-09-25T01:52:11.144+0000] {base.py:84} INFO - Retrieving connection 'books_connection'
[2024-09-25T01:52:11.150+0000] {sql.py:509} INFO - Running statement: 
    INSERT INTO books (title, authors, price, rating)
    VALUES (%s,%s,%s,%s)
    , parameters: ('Fundamentals of Data Engineering: Plan and Build Robust Data Systems', 'Joe Reis', '42.', '4.7 out of 5 stars')
[2024-09-25T01:52:11.153+0000] {sql.py:518} INFO - Rows affected: 1
[2024-09-25T01:52:11.164+0000] {base.py:84} INFO - Retrieving connection 'books_connection'
[2024-09-25T01:52:11.169+0000] {sql.py:509} INFO - Running statement: 
    INSERT INTO books (title, authors, price, rating)
    VALUES (%s,%s,%s,%s)
    , parameters: ('Designing Data-Intensive Applications: The Big Ideas Behind Reliable, Scalable, and Maintainable Systems', 'Martin Kleppmann', '46.', '4.8 out of 5 stars')
[2024-09-25T01:52:11.172+0000] {sql.py:518} INFO - Rows affected: 1
[2024-09-25T01:52:11.204+0000] {base.py:84} INFO - Retrieving connection 'books_connection'
[2024-09-25T01:52:11.210+0000] {sql.py:509} INFO - Running statement: 
    INSERT INTO books (title, authors, price, rating)
    VALUES (%s,%s,%s,%s)
    , parameters: ('Data Pipelines Pocket Reference: Moving and Processing Data for Analytics', 'James Densmore', '17.', '4.5 out of 5 stars')
[2024-09-25T01:52:11.212+0000] {sql.py:518} INFO - Rows affected: 1
[2024-09-25T01:52:11.223+0000] {base.py:84} INFO - Retrieving connection 'books_connection'
[2024-09-25T01:52:11.228+0000] {sql.py:509} INFO - Running statement: 
    INSERT INTO books (title, authors, price, rating)
    VALUES (%s,%s,%s,%s)
    , parameters: ('Fundamentals of Data Analytics: Learn Essential Skills, Embrace the Future, and Catapult Your Career in the Data-Driven World—A Comprehensive Guide to Data Literacy for Beginners', 'Russell Dawson', '17.', '4.8 out of 5 stars')
[2024-09-25T01:52:11.231+0000] {sql.py:518} INFO - Rows affected: 1
[2024-09-25T01:52:11.242+0000] {base.py:84} INFO - Retrieving connection 'books_connection'
[2024-09-25T01:52:11.247+0000] {sql.py:509} INFO - Running statement: 
    INSERT INTO books (title, authors, price, rating)
    VALUES (%s,%s,%s,%s)
    , parameters: ("Ultimate Data Engineering with Databricks: Develop Scalable Data Pipelines Using Data Engineering's Core Tenets Such as Delta Tables, Ingestion, ... Security, and Scalability (English Edition)", 'Mayank Malhotra', '37.', '4.1 out of 5 stars')
[2024-09-25T01:52:11.250+0000] {sql.py:518} INFO - Rows affected: 1
[2024-09-25T01:52:11.260+0000] {base.py:84} INFO - Retrieving connection 'books_connection'
[2024-09-25T01:52:11.266+0000] {sql.py:509} INFO - Running statement: 
    INSERT INTO books (title, authors, price, rating)
    VALUES (%s,%s,%s,%s)
    , parameters: ('Data Engineering with Python: Work with massive datasets to design data models and automate data pipelines using Python', 'Paul Crickard', '37.', '4.1 out of 5 stars')
[2024-09-25T01:52:11.269+0000] {sql.py:518} INFO - Rows affected: 1
[2024-09-25T01:52:11.280+0000] {base.py:84} INFO - Retrieving connection 'books_connection'
[2024-09-25T01:52:11.286+0000] {sql.py:509} INFO - Running statement: 
    INSERT INTO books (title, authors, price, rating)
    VALUES (%s,%s,%s,%s)
    , parameters: ('Cracking the Data Engineering Interview: Land your dream job with the help of resume-building tips, over 100 mock questions, and a unique portfolio', 'Kedeisha Bryan', '26.', '4.4 out of 5 stars')
[2024-09-25T01:52:11.288+0000] {sql.py:518} INFO - Rows affected: 1
[2024-09-25T01:52:11.301+0000] {base.py:84} INFO - Retrieving connection 'books_connection'
[2024-09-25T01:52:11.306+0000] {sql.py:509} INFO - Running statement: 
    INSERT INTO books (title, authors, price, rating)
    VALUES (%s,%s,%s,%s)
    , parameters: ('Ace the Data Engineering Interview: Questions and Answers for Python, SQL, Data Modeling and More', 'Sean Coyne', '24.', '3.8 out of 5 stars')
[2024-09-25T01:52:11.309+0000] {sql.py:518} INFO - Rows affected: 1
[2024-09-25T01:52:11.321+0000] {base.py:84} INFO - Retrieving connection 'books_connection'
[2024-09-25T01:52:11.327+0000] {sql.py:509} INFO - Running statement: 
    INSERT INTO books (title, authors, price, rating)
    VALUES (%s,%s,%s,%s)
    , parameters: ('Ace the Data Science Interview: 201 Real Interview Questions Asked By FAANG, Tech Startups, & Wall Street', 'Nick Singh', '34.', '4.5 out of 5 stars')
[2024-09-25T01:52:11.329+0000] {sql.py:518} INFO - Rows affected: 1
[2024-09-25T01:52:11.342+0000] {base.py:84} INFO - Retrieving connection 'books_connection'
[2024-09-25T01:52:11.348+0000] {sql.py:509} INFO - Running statement: 
    INSERT INTO books (title, authors, price, rating)
    VALUES (%s,%s,%s,%s)
    , parameters: ('Data Engineering with Databricks Cookbook: Build effective data and AI solutions using Apache Spark, Databricks, and Delta Lake', 'Pulkit Chadha', '33.', '4.3 out of 5 stars')
[2024-09-25T01:52:11.351+0000] {sql.py:518} INFO - Rows affected: 1
[2024-09-25T01:52:11.364+0000] {base.py:84} INFO - Retrieving connection 'books_connection'
[2024-09-25T01:52:11.370+0000] {sql.py:509} INFO - Running statement: 
    INSERT INTO books (title, authors, price, rating)
    VALUES (%s,%s,%s,%s)
    , parameters: ('Essentials of Data Engineering', 'Dr. Mukesh Saini', '19.', '5.0 out of 5 stars')
[2024-09-25T01:52:11.373+0000] {sql.py:518} INFO - Rows affected: 1
[2024-09-25T01:52:11.386+0000] {base.py:84} INFO - Retrieving connection 'books_connection'
[2024-09-25T01:52:11.393+0000] {sql.py:509} INFO - Running statement: 
    INSERT INTO books (title, authors, price, rating)
    VALUES (%s,%s,%s,%s)
    , parameters: ('Data Engineering with Python cookbook: Learn to build efficient data pipelines using the Modern Cloud Data Stack', 'Adithyan Ramanujakootam', '32.', '5.0 out of 5 stars')
[2024-09-25T01:52:11.396+0000] {sql.py:518} INFO - Rows affected: 1
[2024-09-25T01:52:11.410+0000] {base.py:84} INFO - Retrieving connection 'books_connection'
[2024-09-25T01:52:11.416+0000] {sql.py:509} INFO - Running statement: 
    INSERT INTO books (title, authors, price, rating)
    VALUES (%s,%s,%s,%s)
    , parameters: ('Data Privacy: A runbook for engineers', 'Nishant Bhajaria', '35.', '4.8 out of 5 stars')
[2024-09-25T01:52:11.419+0000] {sql.py:518} INFO - Rows affected: 1
[2024-09-25T01:52:11.434+0000] {base.py:84} INFO - Retrieving connection 'books_connection'
[2024-09-25T01:52:11.441+0000] {sql.py:509} INFO - Running statement: 
    INSERT INTO books (title, authors, price, rating)
    VALUES (%s,%s,%s,%s)
    , parameters: ('Data Engineering with AWS: Learn how to design and build cloud-based data transformation pipelines using AWS', 'Gareth Eagar', '49.', '4.4 out of 5 stars')
[2024-09-25T01:52:11.444+0000] {sql.py:518} INFO - Rows affected: 1
[2024-09-25T01:52:11.458+0000] {base.py:84} INFO - Retrieving connection 'books_connection'
[2024-09-25T01:52:11.465+0000] {sql.py:509} INFO - Running statement: 
    INSERT INTO books (title, authors, price, rating)
    VALUES (%s,%s,%s,%s)
    , parameters: ('97 Things Every Data Engineer Should Know: Collective Wisdom from the Experts', 'Tobias Macey', '28.', '4.1 out of 5 stars')
[2024-09-25T01:52:11.468+0000] {sql.py:518} INFO - Rows affected: 1
[2024-09-25T01:52:11.481+0000] {base.py:84} INFO - Retrieving connection 'books_connection'
[2024-09-25T01:52:11.489+0000] {sql.py:509} INFO - Running statement: 
    INSERT INTO books (title, authors, price, rating)
    VALUES (%s,%s,%s,%s)
    , parameters: ('Software Engineering for Data Scientists: From Notebooks to Scalable Systems', 'Catherine Nelson', '51.', '4.4 out of 5 stars')
[2024-09-25T01:52:11.494+0000] {sql.py:518} INFO - Rows affected: 1
[2024-09-25T01:52:11.512+0000] {base.py:84} INFO - Retrieving connection 'books_connection'
[2024-09-25T01:52:11.519+0000] {sql.py:509} INFO - Running statement: 
    INSERT INTO books (title, authors, price, rating)
    VALUES (%s,%s,%s,%s)
    , parameters: ('DATA ENGINEERING AND AI FOR BEGINNERS: Revolutionizing Data Processing and Analytics by Leveraging Artificial Intelligence for Efficient Input Collection, Storage, and Transformation (World of AI)', 'Paperback', '13.', '4.3 out of 5 stars')
[2024-09-25T01:52:11.522+0000] {sql.py:518} INFO - Rows affected: 1
[2024-09-25T01:52:11.535+0000] {base.py:84} INFO - Retrieving connection 'books_connection'
[2024-09-25T01:52:11.542+0000] {sql.py:509} INFO - Running statement: 
    INSERT INTO books (title, authors, price, rating)
    VALUES (%s,%s,%s,%s)
    , parameters: ('Data Engineering Fundamentals for Beginners: Mastering the Art of Building, Managing, and Scaling Data Systems', 'Paperback', '14.', '5.0 out of 5 stars')
[2024-09-25T01:52:11.545+0000] {sql.py:518} INFO - Rows affected: 1
[2024-09-25T01:52:11.559+0000] {base.py:84} INFO - Retrieving connection 'books_connection'
[2024-09-25T01:52:11.566+0000] {sql.py:509} INFO - Running statement: 
    INSERT INTO books (title, authors, price, rating)
    VALUES (%s,%s,%s,%s)
    , parameters: ("Azure Data Factory Cookbook: A data engineer's guide to building and managing ETL and ELT pipelines with data integration", 'Dmitry Foshin', '51.', '4.2 out of 5 stars')
[2024-09-25T01:52:11.569+0000] {sql.py:518} INFO - Rows affected: 1
[2024-09-25T01:52:11.585+0000] {base.py:84} INFO - Retrieving connection 'books_connection'
[2024-09-25T01:52:11.592+0000] {sql.py:509} INFO - Running statement: 
    INSERT INTO books (title, authors, price, rating)
    VALUES (%s,%s,%s,%s)
    , parameters: ('Expert Data Modeling with Power BI - Second Edition: Enrich and optimize your data models to get the best out of Power BI for reporting and business needs', 'Soheil Bakhshi', '47.', '4.8 out of 5 stars')
[2024-09-25T01:52:11.594+0000] {sql.py:518} INFO - Rows affected: 1
[2024-09-25T01:52:11.608+0000] {base.py:84} INFO - Retrieving connection 'books_connection'
[2024-09-25T01:52:11.615+0000] {sql.py:509} INFO - Running statement: 
    INSERT INTO books (title, authors, price, rating)
    VALUES (%s,%s,%s,%s)
    , parameters: ('Data-Driven Science and Engineering: Machine Learning, Dynamical Systems, and Control', 'Steven L. Brunton', '64.', '4.8 out of 5 stars')
[2024-09-25T01:52:11.618+0000] {sql.py:518} INFO - Rows affected: 1
[2024-09-25T01:52:11.631+0000] {base.py:84} INFO - Retrieving connection 'books_connection'
[2024-09-25T01:52:11.637+0000] {sql.py:509} INFO - Running statement: 
    INSERT INTO books (title, authors, price, rating)
    VALUES (%s,%s,%s,%s)
    , parameters: ("Data Quality Fundamentals: A Practitioner's Guide to Building Trustworthy Data Pipelines", 'Paperback', '45.', '4.1 out of 5 stars')
[2024-09-25T01:52:11.639+0000] {sql.py:518} INFO - Rows affected: 1
[2024-09-25T01:52:11.653+0000] {base.py:84} INFO - Retrieving connection 'books_connection'
[2024-09-25T01:52:11.659+0000] {sql.py:509} INFO - Running statement: 
    INSERT INTO books (title, authors, price, rating)
    VALUES (%s,%s,%s,%s)
    , parameters: ("Engineering Data Mesh in Azure Cloud: Implement data mesh using Microsoft Azure's Cloud Adoption Framework", 'Paperback', '47.', '4.5 out of 5 stars')
[2024-09-25T01:52:11.661+0000] {sql.py:518} INFO - Rows affected: 1
[2024-09-25T01:52:11.675+0000] {base.py:84} INFO - Retrieving connection 'books_connection'
[2024-09-25T01:52:11.681+0000] {sql.py:509} INFO - Running statement: 
    INSERT INTO books (title, authors, price, rating)
    VALUES (%s,%s,%s,%s)
    , parameters: ('Python Data Engineering Resources: Boost Your Career With This Python Handbook; Prepare For Python Interview; Python Programming Cookbook For Beginners and Experienced; Python Data Analysis and More', 'Vajo Lukic', '0.', '4.7 out of 5 stars')
[2024-09-25T01:52:11.685+0000] {sql.py:518} INFO - Rows affected: 1
[2024-09-25T01:52:11.699+0000] {base.py:84} INFO - Retrieving connection 'books_connection'
[2024-09-25T01:52:11.705+0000] {sql.py:509} INFO - Running statement: 
    INSERT INTO books (title, authors, price, rating)
    VALUES (%s,%s,%s,%s)
    , parameters: ('Data Engineering with Scala and Spark: A practical guide helping you build streaming and batch pipelines that process massive amounts of data using Scala', 'Eric Tome', '36.', '4.1 out of 5 stars')
[2024-09-25T01:52:11.707+0000] {sql.py:518} INFO - Rows affected: 1
[2024-09-25T01:52:11.721+0000] {base.py:84} INFO - Retrieving connection 'books_connection'
[2024-09-25T01:52:11.726+0000] {sql.py:509} INFO - Running statement: 
    INSERT INTO books (title, authors, price, rating)
    VALUES (%s,%s,%s,%s)
    , parameters: ('Data Engineering with Google Cloud Platform: A guide to leveling up as a data engineer by building a scalable data platform with Google Cloud', 'Adi Wijaya', '41.', '5.0 out of 5 stars')
[2024-09-25T01:52:11.729+0000] {sql.py:518} INFO - Rows affected: 1
[2024-09-25T01:52:11.742+0000] {base.py:84} INFO - Retrieving connection 'books_connection'
[2024-09-25T01:52:11.748+0000] {sql.py:509} INFO - Running statement: 
    INSERT INTO books (title, authors, price, rating)
    VALUES (%s,%s,%s,%s)
    , parameters: ('Analytics Engineering with SQL and dbt: Building Meaningful Data Models at Scale', 'Rui Pedro Machado', '41.', '3.9 out of 5 stars')
[2024-09-25T01:52:11.752+0000] {sql.py:518} INFO - Rows affected: 1
[2024-09-25T01:52:11.765+0000] {base.py:84} INFO - Retrieving connection 'books_connection'
[2024-09-25T01:52:11.771+0000] {sql.py:509} INFO - Running statement: 
    INSERT INTO books (title, authors, price, rating)
    VALUES (%s,%s,%s,%s)
    , parameters: ('Storytelling with Data: A Data Visualization Guide for Business Professionals', 'Cole Nussbaumer Knaflic', '27.', '4.6 out of 5 stars')
[2024-09-25T01:52:11.774+0000] {sql.py:518} INFO - Rows affected: 1
[2024-09-25T01:52:11.788+0000] {base.py:84} INFO - Retrieving connection 'books_connection'
[2024-09-25T01:52:11.793+0000] {sql.py:509} INFO - Running statement: 
    INSERT INTO books (title, authors, price, rating)
    VALUES (%s,%s,%s,%s)
    , parameters: ('Data Engineering with Apache Spark, Delta Lake, and Lakehouse: Create scalable pipelines that ingest, curate, and aggregate complex data in a timely and secure way', 'Manoj Kukreja', '46.', '3.9 out of 5 stars')
[2024-09-25T01:52:11.797+0000] {sql.py:518} INFO - Rows affected: 1
[2024-09-25T01:52:11.809+0000] {base.py:84} INFO - Retrieving connection 'books_connection'
[2024-09-25T01:52:11.815+0000] {sql.py:509} INFO - Running statement: 
    INSERT INTO books (title, authors, price, rating)
    VALUES (%s,%s,%s,%s)
    , parameters: ('Official Google Cloud Certified Professional Data Engineer Study Guide', 'Dan Sullivan', '33.', '4.5 out of 5 stars')
[2024-09-25T01:52:11.818+0000] {sql.py:518} INFO - Rows affected: 1
[2024-09-25T01:52:11.831+0000] {base.py:84} INFO - Retrieving connection 'books_connection'
[2024-09-25T01:52:11.837+0000] {sql.py:509} INFO - Running statement: 
    INSERT INTO books (title, authors, price, rating)
    VALUES (%s,%s,%s,%s)
    , parameters: ('Data Engineering with Google Cloud Platform: A practical guide to operationalizing scalable data analytics systems on GCP', 'Adi Wijaya', '39.', '4.7 out of 5 stars')
[2024-09-25T01:52:11.840+0000] {sql.py:518} INFO - Rows affected: 1
[2024-09-25T01:52:11.853+0000] {base.py:84} INFO - Retrieving connection 'books_connection'
[2024-09-25T01:52:11.859+0000] {sql.py:509} INFO - Running statement: 
    INSERT INTO books (title, authors, price, rating)
    VALUES (%s,%s,%s,%s)
    , parameters: ('Mastering the Data Paradox: Key to Winning in the AI Age', 'Nitin Seth', '17.', '4.8 out of 5 stars')
[2024-09-25T01:52:11.861+0000] {sql.py:518} INFO - Rows affected: 1
[2024-09-25T01:52:11.874+0000] {base.py:84} INFO - Retrieving connection 'books_connection'
[2024-09-25T01:52:11.879+0000] {sql.py:509} INFO - Running statement: 
    INSERT INTO books (title, authors, price, rating)
    VALUES (%s,%s,%s,%s)
    , parameters: ('Python Programming and SQL: 5 books in 1 - The #1 Coding Course from Beginner to Advanced. Learn it Well & Fast (2024) (Computer Programming)', 'Paperback', '29.', '4.3 out of 5 stars')
[2024-09-25T01:52:11.882+0000] {sql.py:518} INFO - Rows affected: 1
[2024-09-25T01:52:11.894+0000] {base.py:84} INFO - Retrieving connection 'books_connection'
[2024-09-25T01:52:11.901+0000] {sql.py:509} INFO - Running statement: 
    INSERT INTO books (title, authors, price, rating)
    VALUES (%s,%s,%s,%s)
    , parameters: ('Modern Data Engineering with Apache Spark: A Hands-On Guide for Building Mission-Critical Streaming Applications', 'Scott Haines', '30.', '4.1 out of 5 stars')
[2024-09-25T01:52:11.904+0000] {sql.py:518} INFO - Rows affected: 1
[2024-09-25T01:52:11.917+0000] {base.py:84} INFO - Retrieving connection 'books_connection'
[2024-09-25T01:52:11.922+0000] {sql.py:509} INFO - Running statement: 
    INSERT INTO books (title, authors, price, rating)
    VALUES (%s,%s,%s,%s)
    , parameters: ('Data Mesh: Delivering Data-Driven Value at Scale', 'Audible Audiobook', '0.', '4.5 out of 5 stars')
[2024-09-25T01:52:11.924+0000] {sql.py:518} INFO - Rows affected: 1
[2024-09-25T01:52:11.936+0000] {base.py:84} INFO - Retrieving connection 'books_connection'
[2024-09-25T01:52:11.941+0000] {sql.py:509} INFO - Running statement: 
    INSERT INTO books (title, authors, price, rating)
    VALUES (%s,%s,%s,%s)
    , parameters: ('Machine Learning Engineering', 'Andriy Burkov', '39.', '4.7 out of 5 stars')
[2024-09-25T01:52:11.944+0000] {sql.py:518} INFO - Rows affected: 1
[2024-09-25T01:52:11.958+0000] {base.py:84} INFO - Retrieving connection 'books_connection'
[2024-09-25T01:52:11.965+0000] {sql.py:509} INFO - Running statement: 
    INSERT INTO books (title, authors, price, rating)
    VALUES (%s,%s,%s,%s)
    , parameters: ('Data Engineering with Databricks', 'Paperback', '25.', '3.4 out of 5 stars')
[2024-09-25T01:52:11.968+0000] {sql.py:518} INFO - Rows affected: 1
[2024-09-25T01:52:11.982+0000] {base.py:84} INFO - Retrieving connection 'books_connection'
[2024-09-25T01:52:11.988+0000] {sql.py:509} INFO - Running statement: 
    INSERT INTO books (title, authors, price, rating)
    VALUES (%s,%s,%s,%s)
    , parameters: ('Better Data Visualizations: A Guide for Scholars, Researchers, and Wonks', 'Jonathan Schwabish', '26.', '4.5 out of 5 stars')
[2024-09-25T01:52:11.991+0000] {sql.py:518} INFO - Rows affected: 1
[2024-09-25T01:52:12.005+0000] {base.py:84} INFO - Retrieving connection 'books_connection'
[2024-09-25T01:52:12.011+0000] {sql.py:509} INFO - Running statement: 
    INSERT INTO books (title, authors, price, rating)
    VALUES (%s,%s,%s,%s)
    , parameters: ('Data Modeling with Snowflake: A practical guide to accelerating Snowflake development using universal data modeling techniques', 'Serge Gershkovich', '36.', '4.8 out of 5 stars')
[2024-09-25T01:52:12.014+0000] {sql.py:518} INFO - Rows affected: 1
[2024-09-25T01:52:12.029+0000] {base.py:84} INFO - Retrieving connection 'books_connection'
[2024-09-25T01:52:12.036+0000] {sql.py:509} INFO - Running statement: 
    INSERT INTO books (title, authors, price, rating)
    VALUES (%s,%s,%s,%s)
    , parameters: ('Database Internals: A Deep Dive into How Distributed Data Systems Work', 'Alex Petrov', '36.', '4.6 out of 5 stars')
[2024-09-25T01:52:12.039+0000] {sql.py:518} INFO - Rows affected: 1
[2024-09-25T01:52:12.053+0000] {base.py:84} INFO - Retrieving connection 'books_connection'
[2024-09-25T01:52:12.059+0000] {sql.py:509} INFO - Running statement: 
    INSERT INTO books (title, authors, price, rating)
    VALUES (%s,%s,%s,%s)
    , parameters: ("Engineers' Data Book", 'Clifford Matthews', '26.', '4.6 out of 5 stars')
[2024-09-25T01:52:12.062+0000] {sql.py:518} INFO - Rows affected: 1
[2024-09-25T01:52:12.074+0000] {base.py:84} INFO - Retrieving connection 'books_connection'
[2024-09-25T01:52:12.079+0000] {sql.py:509} INFO - Running statement: 
    INSERT INTO books (title, authors, price, rating)
    VALUES (%s,%s,%s,%s)
    , parameters: ('Prompt Engineering for Generative AI: Future-Proof Inputs for Reliable AI Outputs', 'James Phoenix', '53.', '4.5 out of 5 stars')
[2024-09-25T01:52:12.083+0000] {sql.py:518} INFO - Rows affected: 1
[2024-09-25T01:52:12.096+0000] {base.py:84} INFO - Retrieving connection 'books_connection'
[2024-09-25T01:52:12.103+0000] {sql.py:509} INFO - Running statement: 
    INSERT INTO books (title, authors, price, rating)
    VALUES (%s,%s,%s,%s)
    , parameters: ('Designing Machine Learning Systems: An Iterative Process for Production-Ready Applications', 'Chip Huyen', '52.', '4.6 out of 5 stars')
[2024-09-25T01:52:12.106+0000] {sql.py:518} INFO - Rows affected: 1
[2024-09-25T01:52:12.118+0000] {base.py:84} INFO - Retrieving connection 'books_connection'
[2024-09-25T01:52:12.124+0000] {sql.py:509} INFO - Running statement: 
    INSERT INTO books (title, authors, price, rating)
    VALUES (%s,%s,%s,%s)
    , parameters: ("SQL QuickStart Guide: The Simplified Beginner's Guide to Managing, Analyzing, and Manipulating Data With SQL (Coding & Programming - QuickStart Guides)", 'Paperback', '23.', '4.6 out of 5 stars')
[2024-09-25T01:52:12.126+0000] {sql.py:518} INFO - Rows affected: 1
[2024-09-25T01:52:12.138+0000] {base.py:84} INFO - Retrieving connection 'books_connection'
[2024-09-25T01:52:12.143+0000] {sql.py:509} INFO - Running statement: 
    INSERT INTO books (title, authors, price, rating)
    VALUES (%s,%s,%s,%s)
    , parameters: ('Ultimate Azure Data Engineering: Build Robust Data Engineering Systems on Azure with SQL, ETL, Data Modeling, and Power BI for Business Insights and Crack Azure Certifications (English Edition)', 'Ashish Agarwal', '39.', '5.0 out of 5 stars')
[2024-09-25T01:52:12.146+0000] {sql.py:518} INFO - Rows affected: 1
[2024-09-25T01:52:12.158+0000] {base.py:84} INFO - Retrieving connection 'books_connection'
[2024-09-25T01:52:12.164+0000] {sql.py:509} INFO - Running statement: 
    INSERT INTO books (title, authors, price, rating)
    VALUES (%s,%s,%s,%s)
    , parameters: ('Building ETL Pipelines with Python: Create and deploy enterprise-ready ETL pipelines by employing modern methods', 'Brij Kishore Pandey', '34.', '4.2 out of 5 stars')
[2024-09-25T01:52:12.167+0000] {sql.py:518} INFO - Rows affected: 1
[2024-09-25T01:52:12.169+0000] {python.py:240} INFO - Done. Returned value was: None
[2024-09-25T01:52:12.185+0000] {taskinstance.py:340} INFO - ::group::Post task execution logs
[2024-09-25T01:52:12.187+0000] {taskinstance.py:352} INFO - Marking task as SUCCESS. dag_id=fetch_and_store_amazon_books, task_id=insert_book_data, run_id=manual__2024-09-25T01:25:48.169297+00:00, execution_date=20240925T012548, start_date=20240925T015210, end_date=20240925T015212
[2024-09-25T01:52:12.203+0000] {logging_mixin.py:190} INFO - Task instance in success state
[2024-09-25T01:52:12.204+0000] {logging_mixin.py:190} INFO -  Previous state of the Task instance: running
[2024-09-25T01:52:12.205+0000] {logging_mixin.py:190} INFO - Dag name:fetch_and_store_amazon_books queued_at:2024-09-25 01:52:07.910511+00:00
[2024-09-25T01:52:12.205+0000] {logging_mixin.py:190} INFO - Task hostname:12236234e313 operator:PythonOperator
[2024-09-25T01:52:12.233+0000] {local_task_job_runner.py:266} INFO - Task exited with return code 0
[2024-09-25T01:52:12.258+0000] {taskinstance.py:3900} INFO - 0 downstream tasks scheduled from follow-on schedule check
[2024-09-25T01:52:12.262+0000] {local_task_job_runner.py:245} INFO - ::endgroup::
