[2024-09-25T01:52:19.033+0000] {local_task_job_runner.py:123} INFO - ::group::Pre task execution logs
[2024-09-25T01:52:19.048+0000] {taskinstance.py:2612} INFO - Dependencies all met for dep_context=non-requeueable deps ti=<TaskInstance: fetch_and_store_amazon_books.insert_book_data manual__2024-09-25T01:40:31.852081+00:00 [queued]>
[2024-09-25T01:52:19.056+0000] {taskinstance.py:2612} INFO - Dependencies all met for dep_context=requeueable deps ti=<TaskInstance: fetch_and_store_amazon_books.insert_book_data manual__2024-09-25T01:40:31.852081+00:00 [queued]>
[2024-09-25T01:52:19.057+0000] {taskinstance.py:2865} INFO - Starting attempt 3 of 4
[2024-09-25T01:52:19.069+0000] {taskinstance.py:2888} INFO - Executing <Task(PythonOperator): insert_book_data> on 2024-09-25 01:40:31.852081+00:00
[2024-09-25T01:52:19.076+0000] {warnings.py:112} WARNING - /home/***/.local/lib/python3.12/site-packages/***/task/task_runner/standard_task_runner.py:70: DeprecationWarning: This process (pid=3690) is multi-threaded, use of fork() may lead to deadlocks in the child.
  pid = os.fork()

[2024-09-25T01:52:19.078+0000] {standard_task_runner.py:72} INFO - Started process 3692 to run task
[2024-09-25T01:52:19.078+0000] {standard_task_runner.py:104} INFO - Running: ['***', 'tasks', 'run', 'fetch_and_store_amazon_books', 'insert_book_data', 'manual__2024-09-25T01:40:31.852081+00:00', '--job-id', '135', '--raw', '--subdir', 'DAGS_FOLDER/dag.py', '--cfg-path', '/tmp/tmpxpcehzrt']
[2024-09-25T01:52:19.080+0000] {standard_task_runner.py:105} INFO - Job 135: Subtask insert_book_data
[2024-09-25T01:52:19.124+0000] {task_command.py:467} INFO - Running <TaskInstance: fetch_and_store_amazon_books.insert_book_data manual__2024-09-25T01:40:31.852081+00:00 [running]> on host 12236234e313
[2024-09-25T01:52:19.196+0000] {taskinstance.py:3131} INFO - Exporting env vars: AIRFLOW_CTX_DAG_OWNER='***' AIRFLOW_CTX_DAG_ID='fetch_and_store_amazon_books' AIRFLOW_CTX_TASK_ID='insert_book_data' AIRFLOW_CTX_EXECUTION_DATE='2024-09-25T01:40:31.852081+00:00' AIRFLOW_CTX_TRY_NUMBER='3' AIRFLOW_CTX_DAG_RUN_ID='manual__2024-09-25T01:40:31.852081+00:00'
[2024-09-25T01:52:19.198+0000] {logging_mixin.py:190} INFO - Task instance is in running state
[2024-09-25T01:52:19.199+0000] {logging_mixin.py:190} INFO -  Previous state of the Task instance: queued
[2024-09-25T01:52:19.199+0000] {logging_mixin.py:190} INFO - Current task name:insert_book_data state:running start_date:2024-09-25 01:52:19.049662+00:00
[2024-09-25T01:52:19.200+0000] {logging_mixin.py:190} INFO - Dag name:fetch_and_store_amazon_books and current dag run status:running
[2024-09-25T01:52:19.201+0000] {taskinstance.py:731} INFO - ::endgroup::
[2024-09-25T01:52:19.216+0000] {base.py:84} INFO - Retrieving connection 'books_connection'
[2024-09-25T01:52:19.220+0000] {sql.py:509} INFO - Running statement: 
    INSERT INTO books (title, authors, price, rating)
    VALUES (%s,%s,%s,%s)
    , parameters: ('Data Engineering with AWS - Second Edition: Acquire the skills to design and build AWS-based data transformation pipelines like a pro', 'Gareth Eagar', '41.', '4.4 out of 5 stars')
[2024-09-25T01:52:19.221+0000] {sql.py:518} INFO - Rows affected: 1
[2024-09-25T01:52:19.228+0000] {base.py:84} INFO - Retrieving connection 'books_connection'
[2024-09-25T01:52:19.232+0000] {sql.py:509} INFO - Running statement: 
    INSERT INTO books (title, authors, price, rating)
    VALUES (%s,%s,%s,%s)
    , parameters: ('Data Engineering 101', 'Hardcover', '30.', '4.6 out of 5 stars')
[2024-09-25T01:52:19.233+0000] {sql.py:518} INFO - Rows affected: 1
[2024-09-25T01:52:19.240+0000] {base.py:84} INFO - Retrieving connection 'books_connection'
[2024-09-25T01:52:19.243+0000] {sql.py:509} INFO - Running statement: 
    INSERT INTO books (title, authors, price, rating)
    VALUES (%s,%s,%s,%s)
    , parameters: ('Data Governance Handbook: A practical approach to building trust in data', 'Wendy S Batchelder', '32.', '5.0 out of 5 stars')
[2024-09-25T01:52:19.245+0000] {sql.py:518} INFO - Rows affected: 1
[2024-09-25T01:52:19.252+0000] {base.py:84} INFO - Retrieving connection 'books_connection'
[2024-09-25T01:52:19.256+0000] {sql.py:509} INFO - Running statement: 
    INSERT INTO books (title, authors, price, rating)
    VALUES (%s,%s,%s,%s)
    , parameters: ('Fundamentals of Data Analytics: Learn Essential Skills, Embrace the Future, and Catapult Your Career in the Data-Driven World—A Comprehensive Guide to Data Literacy for Beginners', 'Russell Dawson', '17.', '4.8 out of 5 stars')
[2024-09-25T01:52:19.257+0000] {sql.py:518} INFO - Rows affected: 1
[2024-09-25T01:52:19.264+0000] {base.py:84} INFO - Retrieving connection 'books_connection'
[2024-09-25T01:52:19.267+0000] {sql.py:509} INFO - Running statement: 
    INSERT INTO books (title, authors, price, rating)
    VALUES (%s,%s,%s,%s)
    , parameters: ('Fundamentals of Data Engineering: Plan and Build Robust Data Systems', 'Joe Reis', '42.', '4.7 out of 5 stars')
[2024-09-25T01:52:19.269+0000] {sql.py:518} INFO - Rows affected: 1
[2024-09-25T01:52:19.276+0000] {base.py:84} INFO - Retrieving connection 'books_connection'
[2024-09-25T01:52:19.280+0000] {sql.py:509} INFO - Running statement: 
    INSERT INTO books (title, authors, price, rating)
    VALUES (%s,%s,%s,%s)
    , parameters: ('Designing Data-Intensive Applications: The Big Ideas Behind Reliable, Scalable, and Maintainable Systems', 'Martin Kleppmann', '46.', '4.8 out of 5 stars')
[2024-09-25T01:52:19.281+0000] {sql.py:518} INFO - Rows affected: 1
[2024-09-25T01:52:19.288+0000] {base.py:84} INFO - Retrieving connection 'books_connection'
[2024-09-25T01:52:19.291+0000] {sql.py:509} INFO - Running statement: 
    INSERT INTO books (title, authors, price, rating)
    VALUES (%s,%s,%s,%s)
    , parameters: ('Data Pipelines Pocket Reference: Moving and Processing Data for Analytics', 'James Densmore', '17.', '4.5 out of 5 stars')
[2024-09-25T01:52:19.293+0000] {sql.py:518} INFO - Rows affected: 1
[2024-09-25T01:52:19.301+0000] {base.py:84} INFO - Retrieving connection 'books_connection'
[2024-09-25T01:52:19.306+0000] {sql.py:509} INFO - Running statement: 
    INSERT INTO books (title, authors, price, rating)
    VALUES (%s,%s,%s,%s)
    , parameters: ('Azure Data Engineer Associate Certification Guide: Ace the DP-203 exam with advanced data engineering skills', 'Giacinto Palmieri', '32.', '4.4 out of 5 stars')
[2024-09-25T01:52:19.308+0000] {sql.py:518} INFO - Rows affected: 1
[2024-09-25T01:52:19.317+0000] {base.py:84} INFO - Retrieving connection 'books_connection'
[2024-09-25T01:52:19.320+0000] {sql.py:509} INFO - Running statement: 
    INSERT INTO books (title, authors, price, rating)
    VALUES (%s,%s,%s,%s)
    , parameters: ('Data Engineering with dbt: A practical guide to building a cloud-based, pragmatic, and dependable data platform with SQL', 'Roberto Zagni', '37.', '4.6 out of 5 stars')
[2024-09-25T01:52:19.322+0000] {sql.py:518} INFO - Rows affected: 1
[2024-09-25T01:52:19.330+0000] {base.py:84} INFO - Retrieving connection 'books_connection'
[2024-09-25T01:52:19.334+0000] {sql.py:509} INFO - Running statement: 
    INSERT INTO books (title, authors, price, rating)
    VALUES (%s,%s,%s,%s)
    , parameters: ("Ultimate Data Engineering with Databricks: Develop Scalable Data Pipelines Using Data Engineering's Core Tenets Such as Delta Tables, Ingestion, ... Security, and Scalability (English Edition)", 'Mayank Malhotra', '37.', '4.1 out of 5 stars')
[2024-09-25T01:52:19.336+0000] {sql.py:518} INFO - Rows affected: 1
[2024-09-25T01:52:19.343+0000] {base.py:84} INFO - Retrieving connection 'books_connection'
[2024-09-25T01:52:19.347+0000] {sql.py:509} INFO - Running statement: 
    INSERT INTO books (title, authors, price, rating)
    VALUES (%s,%s,%s,%s)
    , parameters: ('Data Engineering with Python: Work with massive datasets to design data models and automate data pipelines using Python', 'Paul Crickard', '37.', '4.1 out of 5 stars')
[2024-09-25T01:52:19.348+0000] {sql.py:518} INFO - Rows affected: 1
[2024-09-25T01:52:19.356+0000] {base.py:84} INFO - Retrieving connection 'books_connection'
[2024-09-25T01:52:19.359+0000] {sql.py:509} INFO - Running statement: 
    INSERT INTO books (title, authors, price, rating)
    VALUES (%s,%s,%s,%s)
    , parameters: ('Cracking the Data Engineering Interview: Land your dream job with the help of resume-building tips, over 100 mock questions, and a unique portfolio', 'Kedeisha Bryan', '26.', '4.4 out of 5 stars')
[2024-09-25T01:52:19.361+0000] {sql.py:518} INFO - Rows affected: 1
[2024-09-25T01:52:19.368+0000] {base.py:84} INFO - Retrieving connection 'books_connection'
[2024-09-25T01:52:19.372+0000] {sql.py:509} INFO - Running statement: 
    INSERT INTO books (title, authors, price, rating)
    VALUES (%s,%s,%s,%s)
    , parameters: ('Ace the Data Engineering Interview: Questions and Answers for Python, SQL, Data Modeling and More', 'Sean Coyne', '24.', '3.8 out of 5 stars')
[2024-09-25T01:52:19.373+0000] {sql.py:518} INFO - Rows affected: 1
[2024-09-25T01:52:19.381+0000] {base.py:84} INFO - Retrieving connection 'books_connection'
[2024-09-25T01:52:19.385+0000] {sql.py:509} INFO - Running statement: 
    INSERT INTO books (title, authors, price, rating)
    VALUES (%s,%s,%s,%s)
    , parameters: ('Data Engineering with Databricks Cookbook: Build effective data and AI solutions using Apache Spark, Databricks, and Delta Lake', 'Pulkit Chadha', '33.', '4.3 out of 5 stars')
[2024-09-25T01:52:19.387+0000] {sql.py:518} INFO - Rows affected: 1
[2024-09-25T01:52:19.396+0000] {base.py:84} INFO - Retrieving connection 'books_connection'
[2024-09-25T01:52:19.399+0000] {sql.py:509} INFO - Running statement: 
    INSERT INTO books (title, authors, price, rating)
    VALUES (%s,%s,%s,%s)
    , parameters: ('Ace the Data Science Interview: 201 Real Interview Questions Asked By FAANG, Tech Startups, & Wall Street', 'Nick Singh', '34.', '4.5 out of 5 stars')
[2024-09-25T01:52:19.401+0000] {sql.py:518} INFO - Rows affected: 1
[2024-09-25T01:52:19.409+0000] {base.py:84} INFO - Retrieving connection 'books_connection'
[2024-09-25T01:52:19.412+0000] {sql.py:509} INFO - Running statement: 
    INSERT INTO books (title, authors, price, rating)
    VALUES (%s,%s,%s,%s)
    , parameters: ('Essentials of Data Engineering', 'Dr. Mukesh Saini', '19.', '5.0 out of 5 stars')
[2024-09-25T01:52:19.414+0000] {sql.py:518} INFO - Rows affected: 1
[2024-09-25T01:52:19.421+0000] {base.py:84} INFO - Retrieving connection 'books_connection'
[2024-09-25T01:52:19.424+0000] {sql.py:509} INFO - Running statement: 
    INSERT INTO books (title, authors, price, rating)
    VALUES (%s,%s,%s,%s)
    , parameters: ('Data Engineering with Python cookbook: Learn to build efficient data pipelines using the Modern Cloud Data Stack', 'Adithyan Ramanujakootam', '32.', '5.0 out of 5 stars')
[2024-09-25T01:52:19.426+0000] {sql.py:518} INFO - Rows affected: 1
[2024-09-25T01:52:19.434+0000] {base.py:84} INFO - Retrieving connection 'books_connection'
[2024-09-25T01:52:19.437+0000] {sql.py:509} INFO - Running statement: 
    INSERT INTO books (title, authors, price, rating)
    VALUES (%s,%s,%s,%s)
    , parameters: ('Build a Career in Data Science', 'Emily Robinson', '35.', '4.6 out of 5 stars')
[2024-09-25T01:52:19.439+0000] {sql.py:518} INFO - Rows affected: 1
[2024-09-25T01:52:19.447+0000] {base.py:84} INFO - Retrieving connection 'books_connection'
[2024-09-25T01:52:19.451+0000] {sql.py:509} INFO - Running statement: 
    INSERT INTO books (title, authors, price, rating)
    VALUES (%s,%s,%s,%s)
    , parameters: ('Data Privacy: A runbook for engineers', 'Nishant Bhajaria', '35.', '4.8 out of 5 stars')
[2024-09-25T01:52:19.453+0000] {sql.py:518} INFO - Rows affected: 1
[2024-09-25T01:52:19.461+0000] {base.py:84} INFO - Retrieving connection 'books_connection'
[2024-09-25T01:52:19.465+0000] {sql.py:509} INFO - Running statement: 
    INSERT INTO books (title, authors, price, rating)
    VALUES (%s,%s,%s,%s)
    , parameters: ('Data Engineering with AWS: Learn how to design and build cloud-based data transformation pipelines using AWS', 'Gareth Eagar', '49.', '4.4 out of 5 stars')
[2024-09-25T01:52:19.467+0000] {sql.py:518} INFO - Rows affected: 1
[2024-09-25T01:52:19.475+0000] {base.py:84} INFO - Retrieving connection 'books_connection'
[2024-09-25T01:52:19.479+0000] {sql.py:509} INFO - Running statement: 
    INSERT INTO books (title, authors, price, rating)
    VALUES (%s,%s,%s,%s)
    , parameters: ('97 Things Every Data Engineer Should Know: Collective Wisdom from the Experts', 'Tobias Macey', '28.', '4.1 out of 5 stars')
[2024-09-25T01:52:19.482+0000] {sql.py:518} INFO - Rows affected: 1
[2024-09-25T01:52:19.490+0000] {base.py:84} INFO - Retrieving connection 'books_connection'
[2024-09-25T01:52:19.493+0000] {sql.py:509} INFO - Running statement: 
    INSERT INTO books (title, authors, price, rating)
    VALUES (%s,%s,%s,%s)
    , parameters: ('Software Engineering for Data Scientists: From Notebooks to Scalable Systems', 'Catherine Nelson', '51.', '4.4 out of 5 stars')
[2024-09-25T01:52:19.495+0000] {sql.py:518} INFO - Rows affected: 1
[2024-09-25T01:52:19.502+0000] {base.py:84} INFO - Retrieving connection 'books_connection'
[2024-09-25T01:52:19.506+0000] {sql.py:509} INFO - Running statement: 
    INSERT INTO books (title, authors, price, rating)
    VALUES (%s,%s,%s,%s)
    , parameters: ('DATA ENGINEERING AND AI FOR BEGINNERS: Revolutionizing Data Processing and Analytics by Leveraging Artificial Intelligence for Efficient Input Collection, Storage, and Transformation (World of AI)', 'Paperback', '13.', '4.3 out of 5 stars')
[2024-09-25T01:52:19.507+0000] {sql.py:518} INFO - Rows affected: 1
[2024-09-25T01:52:19.515+0000] {base.py:84} INFO - Retrieving connection 'books_connection'
[2024-09-25T01:52:19.519+0000] {sql.py:509} INFO - Running statement: 
    INSERT INTO books (title, authors, price, rating)
    VALUES (%s,%s,%s,%s)
    , parameters: ('Mastering Large Datasets with Python: Parallelize and Distribute Your Python Code', 'John T. Wolohan', '49.', '3.9 out of 5 stars')
[2024-09-25T01:52:19.520+0000] {sql.py:518} INFO - Rows affected: 1
[2024-09-25T01:52:19.528+0000] {base.py:84} INFO - Retrieving connection 'books_connection'
[2024-09-25T01:52:19.532+0000] {sql.py:509} INFO - Running statement: 
    INSERT INTO books (title, authors, price, rating)
    VALUES (%s,%s,%s,%s)
    , parameters: ("Azure Data Factory Cookbook: A data engineer's guide to building and managing ETL and ELT pipelines with data integration", 'Dmitry Foshin', '51.', '4.2 out of 5 stars')
[2024-09-25T01:52:19.534+0000] {sql.py:518} INFO - Rows affected: 1
[2024-09-25T01:52:19.542+0000] {base.py:84} INFO - Retrieving connection 'books_connection'
[2024-09-25T01:52:19.546+0000] {sql.py:509} INFO - Running statement: 
    INSERT INTO books (title, authors, price, rating)
    VALUES (%s,%s,%s,%s)
    , parameters: ('Data-Driven Science and Engineering: Machine Learning, Dynamical Systems, and Control', 'Steven L. Brunton', '64.', '4.8 out of 5 stars')
[2024-09-25T01:52:19.549+0000] {sql.py:518} INFO - Rows affected: 1
[2024-09-25T01:52:19.558+0000] {base.py:84} INFO - Retrieving connection 'books_connection'
[2024-09-25T01:52:19.562+0000] {sql.py:509} INFO - Running statement: 
    INSERT INTO books (title, authors, price, rating)
    VALUES (%s,%s,%s,%s)
    , parameters: ("Data Quality Fundamentals: A Practitioner's Guide to Building Trustworthy Data Pipelines", 'Paperback', '45.', '4.1 out of 5 stars')
[2024-09-25T01:52:19.564+0000] {sql.py:518} INFO - Rows affected: 1
[2024-09-25T01:52:19.573+0000] {base.py:84} INFO - Retrieving connection 'books_connection'
[2024-09-25T01:52:19.577+0000] {sql.py:509} INFO - Running statement: 
    INSERT INTO books (title, authors, price, rating)
    VALUES (%s,%s,%s,%s)
    , parameters: ('Data Engineering with Scala and Spark: A practical guide helping you build streaming and batch pipelines that process massive amounts of data using Scala', 'Eric Tome', '36.', '4.1 out of 5 stars')
[2024-09-25T01:52:19.579+0000] {sql.py:518} INFO - Rows affected: 1
[2024-09-25T01:52:19.588+0000] {base.py:84} INFO - Retrieving connection 'books_connection'
[2024-09-25T01:52:19.593+0000] {sql.py:509} INFO - Running statement: 
    INSERT INTO books (title, authors, price, rating)
    VALUES (%s,%s,%s,%s)
    , parameters: ('Data Engineering with Google Cloud Platform: A guide to leveling up as a data engineer by building a scalable data platform with Google Cloud', 'Adi Wijaya', '41.', '5.0 out of 5 stars')
[2024-09-25T01:52:19.595+0000] {sql.py:518} INFO - Rows affected: 1
[2024-09-25T01:52:19.604+0000] {base.py:84} INFO - Retrieving connection 'books_connection'
[2024-09-25T01:52:19.609+0000] {sql.py:509} INFO - Running statement: 
    INSERT INTO books (title, authors, price, rating)
    VALUES (%s,%s,%s,%s)
    , parameters: ('Analytics Engineering with SQL and dbt: Building Meaningful Data Models at Scale', 'Rui Pedro Machado', '41.', '3.9 out of 5 stars')
[2024-09-25T01:52:19.611+0000] {sql.py:518} INFO - Rows affected: 1
[2024-09-25T01:52:19.619+0000] {base.py:84} INFO - Retrieving connection 'books_connection'
[2024-09-25T01:52:19.623+0000] {sql.py:509} INFO - Running statement: 
    INSERT INTO books (title, authors, price, rating)
    VALUES (%s,%s,%s,%s)
    , parameters: ('Storytelling with Data: A Data Visualization Guide for Business Professionals', 'Cole Nussbaumer Knaflic', '27.', '4.6 out of 5 stars')
[2024-09-25T01:52:19.625+0000] {sql.py:518} INFO - Rows affected: 1
[2024-09-25T01:52:19.633+0000] {base.py:84} INFO - Retrieving connection 'books_connection'
[2024-09-25T01:52:19.637+0000] {sql.py:509} INFO - Running statement: 
    INSERT INTO books (title, authors, price, rating)
    VALUES (%s,%s,%s,%s)
    , parameters: ('Data Engineering with Apache Spark, Delta Lake, and Lakehouse: Create scalable pipelines that ingest, curate, and aggregate complex data in a timely and secure way', 'Manoj Kukreja', '46.', '3.9 out of 5 stars')
[2024-09-25T01:52:19.638+0000] {sql.py:518} INFO - Rows affected: 1
[2024-09-25T01:52:19.647+0000] {base.py:84} INFO - Retrieving connection 'books_connection'
[2024-09-25T01:52:19.650+0000] {sql.py:509} INFO - Running statement: 
    INSERT INTO books (title, authors, price, rating)
    VALUES (%s,%s,%s,%s)
    , parameters: ('Data Engineering with Google Cloud Platform: A practical guide to operationalizing scalable data analytics systems on GCP', 'Adi Wijaya', '39.', '4.7 out of 5 stars')
[2024-09-25T01:52:19.652+0000] {sql.py:518} INFO - Rows affected: 1
[2024-09-25T01:52:19.661+0000] {base.py:84} INFO - Retrieving connection 'books_connection'
[2024-09-25T01:52:19.664+0000] {sql.py:509} INFO - Running statement: 
    INSERT INTO books (title, authors, price, rating)
    VALUES (%s,%s,%s,%s)
    , parameters: ('Official Google Cloud Certified Professional Data Engineer Study Guide', 'Dan Sullivan', '33.', '4.5 out of 5 stars')
[2024-09-25T01:52:19.666+0000] {sql.py:518} INFO - Rows affected: 1
[2024-09-25T01:52:19.673+0000] {base.py:84} INFO - Retrieving connection 'books_connection'
[2024-09-25T01:52:19.677+0000] {sql.py:509} INFO - Running statement: 
    INSERT INTO books (title, authors, price, rating)
    VALUES (%s,%s,%s,%s)
    , parameters: ('Mastering the Data Paradox: Key to Winning in the AI Age', 'Nitin Seth', '17.', '4.8 out of 5 stars')
[2024-09-25T01:52:19.679+0000] {sql.py:518} INFO - Rows affected: 1
[2024-09-25T01:52:19.686+0000] {base.py:84} INFO - Retrieving connection 'books_connection'
[2024-09-25T01:52:19.690+0000] {sql.py:509} INFO - Running statement: 
    INSERT INTO books (title, authors, price, rating)
    VALUES (%s,%s,%s,%s)
    , parameters: ('Python Programming and SQL: 5 books in 1 - The #1 Coding Course from Beginner to Advanced. Learn it Well & Fast (2024) (Computer Programming)', 'Paperback', '29.', '4.3 out of 5 stars')
[2024-09-25T01:52:19.691+0000] {sql.py:518} INFO - Rows affected: 1
[2024-09-25T01:52:19.699+0000] {base.py:84} INFO - Retrieving connection 'books_connection'
[2024-09-25T01:52:19.703+0000] {sql.py:509} INFO - Running statement: 
    INSERT INTO books (title, authors, price, rating)
    VALUES (%s,%s,%s,%s)
    , parameters: ('Modern Data Engineering with Apache Spark: A Hands-On Guide for Building Mission-Critical Streaming Applications', 'Scott Haines', '30.', '4.1 out of 5 stars')
[2024-09-25T01:52:19.704+0000] {sql.py:518} INFO - Rows affected: 1
[2024-09-25T01:52:19.713+0000] {base.py:84} INFO - Retrieving connection 'books_connection'
[2024-09-25T01:52:19.716+0000] {sql.py:509} INFO - Running statement: 
    INSERT INTO books (title, authors, price, rating)
    VALUES (%s,%s,%s,%s)
    , parameters: ('Data Mesh: Delivering Data-Driven Value at Scale', 'Audible Audiobook', '0.', '4.5 out of 5 stars')
[2024-09-25T01:52:19.718+0000] {sql.py:518} INFO - Rows affected: 1
[2024-09-25T01:52:19.726+0000] {base.py:84} INFO - Retrieving connection 'books_connection'
[2024-09-25T01:52:19.730+0000] {sql.py:509} INFO - Running statement: 
    INSERT INTO books (title, authors, price, rating)
    VALUES (%s,%s,%s,%s)
    , parameters: ('Database Internals: A Deep Dive into How Distributed Data Systems Work', 'Alex Petrov', '36.', '4.6 out of 5 stars')
[2024-09-25T01:52:19.731+0000] {sql.py:518} INFO - Rows affected: 1
[2024-09-25T01:52:19.739+0000] {base.py:84} INFO - Retrieving connection 'books_connection'
[2024-09-25T01:52:19.743+0000] {sql.py:509} INFO - Running statement: 
    INSERT INTO books (title, authors, price, rating)
    VALUES (%s,%s,%s,%s)
    , parameters: ('Data Modeling with Snowflake: A practical guide to accelerating Snowflake development using universal data modeling techniques', 'Serge Gershkovich', '36.', '4.8 out of 5 stars')
[2024-09-25T01:52:19.745+0000] {sql.py:518} INFO - Rows affected: 1
[2024-09-25T01:52:19.753+0000] {base.py:84} INFO - Retrieving connection 'books_connection'
[2024-09-25T01:52:19.757+0000] {sql.py:509} INFO - Running statement: 
    INSERT INTO books (title, authors, price, rating)
    VALUES (%s,%s,%s,%s)
    , parameters: ('Better Data Visualizations: A Guide for Scholars, Researchers, and Wonks', 'Jonathan Schwabish', '26.', '4.5 out of 5 stars')
[2024-09-25T01:52:19.759+0000] {sql.py:518} INFO - Rows affected: 1
[2024-09-25T01:52:19.767+0000] {base.py:84} INFO - Retrieving connection 'books_connection'
[2024-09-25T01:52:19.771+0000] {sql.py:509} INFO - Running statement: 
    INSERT INTO books (title, authors, price, rating)
    VALUES (%s,%s,%s,%s)
    , parameters: ('Machine Learning Engineering', 'Andriy Burkov', '39.', '4.7 out of 5 stars')
[2024-09-25T01:52:19.773+0000] {sql.py:518} INFO - Rows affected: 1
[2024-09-25T01:52:19.781+0000] {base.py:84} INFO - Retrieving connection 'books_connection'
[2024-09-25T01:52:19.785+0000] {sql.py:509} INFO - Running statement: 
    INSERT INTO books (title, authors, price, rating)
    VALUES (%s,%s,%s,%s)
    , parameters: ('Data Engineering with Databricks', 'Paperback', '25.', '3.4 out of 5 stars')
[2024-09-25T01:52:19.788+0000] {sql.py:518} INFO - Rows affected: 1
[2024-09-25T01:52:19.798+0000] {base.py:84} INFO - Retrieving connection 'books_connection'
[2024-09-25T01:52:19.803+0000] {sql.py:509} INFO - Running statement: 
    INSERT INTO books (title, authors, price, rating)
    VALUES (%s,%s,%s,%s)
    , parameters: ("Engineers' Data Book", 'Clifford Matthews', '26.', '4.6 out of 5 stars')
[2024-09-25T01:52:19.806+0000] {sql.py:518} INFO - Rows affected: 1
[2024-09-25T01:52:19.815+0000] {base.py:84} INFO - Retrieving connection 'books_connection'
[2024-09-25T01:52:19.819+0000] {sql.py:509} INFO - Running statement: 
    INSERT INTO books (title, authors, price, rating)
    VALUES (%s,%s,%s,%s)
    , parameters: ('Prompt Engineering for Generative AI: Future-Proof Inputs for Reliable AI Outputs', 'James Phoenix', '53.', '4.5 out of 5 stars')
[2024-09-25T01:52:19.821+0000] {sql.py:518} INFO - Rows affected: 1
[2024-09-25T01:52:19.830+0000] {base.py:84} INFO - Retrieving connection 'books_connection'
[2024-09-25T01:52:19.834+0000] {sql.py:509} INFO - Running statement: 
    INSERT INTO books (title, authors, price, rating)
    VALUES (%s,%s,%s,%s)
    , parameters: ('Designing Machine Learning Systems: An Iterative Process for Production-Ready Applications', 'Chip Huyen', '52.', '4.6 out of 5 stars')
[2024-09-25T01:52:19.837+0000] {sql.py:518} INFO - Rows affected: 1
[2024-09-25T01:52:19.846+0000] {base.py:84} INFO - Retrieving connection 'books_connection'
[2024-09-25T01:52:19.850+0000] {sql.py:509} INFO - Running statement: 
    INSERT INTO books (title, authors, price, rating)
    VALUES (%s,%s,%s,%s)
    , parameters: ("SQL QuickStart Guide: The Simplified Beginner's Guide to Managing, Analyzing, and Manipulating Data With SQL (Coding & Programming - QuickStart Guides)", 'Paperback', '23.', '4.6 out of 5 stars')
[2024-09-25T01:52:19.853+0000] {sql.py:518} INFO - Rows affected: 1
[2024-09-25T01:52:19.862+0000] {base.py:84} INFO - Retrieving connection 'books_connection'
[2024-09-25T01:52:19.866+0000] {sql.py:509} INFO - Running statement: 
    INSERT INTO books (title, authors, price, rating)
    VALUES (%s,%s,%s,%s)
    , parameters: ('Ultimate Azure Data Engineering: Build Robust Data Engineering Systems on Azure with SQL, ETL, Data Modeling, and Power BI for Business Insights and Crack Azure Certifications (English Edition)', 'Ashish Agarwal', '39.', '5.0 out of 5 stars')
[2024-09-25T01:52:19.868+0000] {sql.py:518} INFO - Rows affected: 1
[2024-09-25T01:52:19.878+0000] {base.py:84} INFO - Retrieving connection 'books_connection'
[2024-09-25T01:52:19.883+0000] {sql.py:509} INFO - Running statement: 
    INSERT INTO books (title, authors, price, rating)
    VALUES (%s,%s,%s,%s)
    , parameters: ('Building ETL Pipelines with Python: Create and deploy enterprise-ready ETL pipelines by employing modern methods', 'Brij Kishore Pandey', '34.', '4.2 out of 5 stars')
[2024-09-25T01:52:19.885+0000] {sql.py:518} INFO - Rows affected: 1
[2024-09-25T01:52:19.897+0000] {base.py:84} INFO - Retrieving connection 'books_connection'
[2024-09-25T01:52:19.901+0000] {sql.py:509} INFO - Running statement: 
    INSERT INTO books (title, authors, price, rating)
    VALUES (%s,%s,%s,%s)
    , parameters: ('Critical Thinking, Logic & Problem Solving: The Complete Guide to Superior Thinking, Systematic Problem Solving, Making Outstanding Decisions, and Uncover Logical Fallacies Like a Pro', 'Neuronswaves', '24.', '4.7 out of 5 stars')
[2024-09-25T01:52:19.904+0000] {sql.py:518} INFO - Rows affected: 1
[2024-09-25T01:52:19.906+0000] {python.py:240} INFO - Done. Returned value was: None
[2024-09-25T01:52:19.917+0000] {taskinstance.py:340} INFO - ::group::Post task execution logs
[2024-09-25T01:52:19.919+0000] {taskinstance.py:352} INFO - Marking task as SUCCESS. dag_id=fetch_and_store_amazon_books, task_id=insert_book_data, run_id=manual__2024-09-25T01:40:31.852081+00:00, execution_date=20240925T014031, start_date=20240925T015219, end_date=20240925T015219
[2024-09-25T01:52:19.929+0000] {logging_mixin.py:190} INFO - Task instance in success state
[2024-09-25T01:52:19.930+0000] {logging_mixin.py:190} INFO -  Previous state of the Task instance: running
[2024-09-25T01:52:19.931+0000] {logging_mixin.py:190} INFO - Dag name:fetch_and_store_amazon_books queued_at:2024-09-25 01:52:17.346064+00:00
[2024-09-25T01:52:19.932+0000] {logging_mixin.py:190} INFO - Task hostname:12236234e313 operator:PythonOperator
[2024-09-25T01:52:19.978+0000] {local_task_job_runner.py:266} INFO - Task exited with return code 0
[2024-09-25T01:52:19.998+0000] {taskinstance.py:3900} INFO - 0 downstream tasks scheduled from follow-on schedule check
[2024-09-25T01:52:20.002+0000] {local_task_job_runner.py:245} INFO - ::endgroup::
