[2024-09-25T01:51:36.779+0000] {local_task_job_runner.py:123} INFO - ::group::Pre task execution logs
[2024-09-25T01:51:36.801+0000] {taskinstance.py:2612} INFO - Dependencies all met for dep_context=non-requeueable deps ti=<TaskInstance: fetch_and_store_amazon_books.insert_book_data scheduled__2024-06-26T00:00:00+00:00 [queued]>
[2024-09-25T01:51:36.812+0000] {taskinstance.py:2612} INFO - Dependencies all met for dep_context=requeueable deps ti=<TaskInstance: fetch_and_store_amazon_books.insert_book_data scheduled__2024-06-26T00:00:00+00:00 [queued]>
[2024-09-25T01:51:36.814+0000] {taskinstance.py:2865} INFO - Starting attempt 3 of 4
[2024-09-25T01:51:36.833+0000] {taskinstance.py:2888} INFO - Executing <Task(PythonOperator): insert_book_data> on 2024-06-26 00:00:00+00:00
[2024-09-25T01:51:36.843+0000] {warnings.py:112} WARNING - /home/***/.local/lib/python3.12/site-packages/***/task/task_runner/standard_task_runner.py:70: DeprecationWarning: This process (pid=3631) is multi-threaded, use of fork() may lead to deadlocks in the child.
  pid = os.fork()

[2024-09-25T01:51:36.845+0000] {standard_task_runner.py:72} INFO - Started process 3633 to run task
[2024-09-25T01:51:36.845+0000] {standard_task_runner.py:104} INFO - Running: ['***', 'tasks', 'run', 'fetch_and_store_amazon_books', 'insert_book_data', 'scheduled__2024-06-26T00:00:00+00:00', '--job-id', '122', '--raw', '--subdir', 'DAGS_FOLDER/dag.py', '--cfg-path', '/tmp/tmpr_zy1fkc']
[2024-09-25T01:51:36.848+0000] {standard_task_runner.py:105} INFO - Job 122: Subtask insert_book_data
[2024-09-25T01:51:36.917+0000] {task_command.py:467} INFO - Running <TaskInstance: fetch_and_store_amazon_books.insert_book_data scheduled__2024-06-26T00:00:00+00:00 [running]> on host 12236234e313
[2024-09-25T01:51:37.030+0000] {taskinstance.py:3131} INFO - Exporting env vars: AIRFLOW_CTX_DAG_OWNER='***' AIRFLOW_CTX_DAG_ID='fetch_and_store_amazon_books' AIRFLOW_CTX_TASK_ID='insert_book_data' AIRFLOW_CTX_EXECUTION_DATE='2024-06-26T00:00:00+00:00' AIRFLOW_CTX_TRY_NUMBER='3' AIRFLOW_CTX_DAG_RUN_ID='scheduled__2024-06-26T00:00:00+00:00'
[2024-09-25T01:51:37.033+0000] {logging_mixin.py:190} INFO - Task instance is in running state
[2024-09-25T01:51:37.034+0000] {logging_mixin.py:190} INFO -  Previous state of the Task instance: queued
[2024-09-25T01:51:37.034+0000] {logging_mixin.py:190} INFO - Current task name:insert_book_data state:running start_date:2024-09-25 01:51:36.802360+00:00
[2024-09-25T01:51:37.035+0000] {logging_mixin.py:190} INFO - Dag name:fetch_and_store_amazon_books and current dag run status:running
[2024-09-25T01:51:37.036+0000] {taskinstance.py:731} INFO - ::endgroup::
[2024-09-25T01:51:37.061+0000] {base.py:84} INFO - Retrieving connection 'books_connection'
[2024-09-25T01:51:37.066+0000] {sql.py:509} INFO - Running statement: 
    INSERT INTO books (title, authors, price, rating)
    VALUES (%s,%s,%s,%s)
    , parameters: ('Data Engineering with AWS - Second Edition: Acquire the skills to design and build AWS-based data transformation pipelines like a pro', 'Gareth Eagar', '41.', '4.4 out of 5 stars')
[2024-09-25T01:51:37.069+0000] {sql.py:518} INFO - Rows affected: 1
[2024-09-25T01:51:37.079+0000] {base.py:84} INFO - Retrieving connection 'books_connection'
[2024-09-25T01:51:37.084+0000] {sql.py:509} INFO - Running statement: 
    INSERT INTO books (title, authors, price, rating)
    VALUES (%s,%s,%s,%s)
    , parameters: ('Data Engineering 101', 'Hardcover', '30.', '4.6 out of 5 stars')
[2024-09-25T01:51:37.086+0000] {sql.py:518} INFO - Rows affected: 1
[2024-09-25T01:51:37.097+0000] {base.py:84} INFO - Retrieving connection 'books_connection'
[2024-09-25T01:51:37.102+0000] {sql.py:509} INFO - Running statement: 
    INSERT INTO books (title, authors, price, rating)
    VALUES (%s,%s,%s,%s)
    , parameters: ('Data Governance Handbook: A practical approach to building trust in data', 'Wendy S Batchelder', '32.', '5.0 out of 5 stars')
[2024-09-25T01:51:37.104+0000] {sql.py:518} INFO - Rows affected: 1
[2024-09-25T01:51:37.114+0000] {base.py:84} INFO - Retrieving connection 'books_connection'
[2024-09-25T01:51:37.119+0000] {sql.py:509} INFO - Running statement: 
    INSERT INTO books (title, authors, price, rating)
    VALUES (%s,%s,%s,%s)
    , parameters: ('Azure Data Engineer Associate Certification Guide: Ace the DP-203 exam with advanced data engineering skills', 'Giacinto Palmieri', '32.', '4.4 out of 5 stars')
[2024-09-25T01:51:37.121+0000] {sql.py:518} INFO - Rows affected: 1
[2024-09-25T01:51:37.131+0000] {base.py:84} INFO - Retrieving connection 'books_connection'
[2024-09-25T01:51:37.136+0000] {sql.py:509} INFO - Running statement: 
    INSERT INTO books (title, authors, price, rating)
    VALUES (%s,%s,%s,%s)
    , parameters: ('Fundamentals of Data Engineering: Plan and Build Robust Data Systems', 'Joe Reis', '42.', '4.7 out of 5 stars')
[2024-09-25T01:51:37.138+0000] {sql.py:518} INFO - Rows affected: 1
[2024-09-25T01:51:37.149+0000] {base.py:84} INFO - Retrieving connection 'books_connection'
[2024-09-25T01:51:37.154+0000] {sql.py:509} INFO - Running statement: 
    INSERT INTO books (title, authors, price, rating)
    VALUES (%s,%s,%s,%s)
    , parameters: ('Designing Data-Intensive Applications: The Big Ideas Behind Reliable, Scalable, and Maintainable Systems', 'Martin Kleppmann', '46.', '4.8 out of 5 stars')
[2024-09-25T01:51:37.156+0000] {sql.py:518} INFO - Rows affected: 1
[2024-09-25T01:51:37.168+0000] {base.py:84} INFO - Retrieving connection 'books_connection'
[2024-09-25T01:51:37.173+0000] {sql.py:509} INFO - Running statement: 
    INSERT INTO books (title, authors, price, rating)
    VALUES (%s,%s,%s,%s)
    , parameters: ('Data Pipelines Pocket Reference: Moving and Processing Data for Analytics', 'James Densmore', '17.', '4.5 out of 5 stars')
[2024-09-25T01:51:37.175+0000] {sql.py:518} INFO - Rows affected: 1
[2024-09-25T01:51:37.185+0000] {base.py:84} INFO - Retrieving connection 'books_connection'
[2024-09-25T01:51:37.190+0000] {sql.py:509} INFO - Running statement: 
    INSERT INTO books (title, authors, price, rating)
    VALUES (%s,%s,%s,%s)
    , parameters: ('Data Engineering with dbt: A practical guide to building a cloud-based, pragmatic, and dependable data platform with SQL', 'Roberto Zagni', '37.', '4.6 out of 5 stars')
[2024-09-25T01:51:37.192+0000] {sql.py:518} INFO - Rows affected: 1
[2024-09-25T01:51:37.203+0000] {base.py:84} INFO - Retrieving connection 'books_connection'
[2024-09-25T01:51:37.207+0000] {sql.py:509} INFO - Running statement: 
    INSERT INTO books (title, authors, price, rating)
    VALUES (%s,%s,%s,%s)
    , parameters: ('Fundamentals of Data Analytics: Learn Essential Skills, Embrace the Future, and Catapult Your Career in the Data-Driven World—A Comprehensive Guide to Data Literacy for Beginners', 'Russell Dawson', '17.', '4.8 out of 5 stars')
[2024-09-25T01:51:37.210+0000] {sql.py:518} INFO - Rows affected: 1
[2024-09-25T01:51:37.220+0000] {base.py:84} INFO - Retrieving connection 'books_connection'
[2024-09-25T01:51:37.224+0000] {sql.py:509} INFO - Running statement: 
    INSERT INTO books (title, authors, price, rating)
    VALUES (%s,%s,%s,%s)
    , parameters: ("Ultimate Data Engineering with Databricks: Develop Scalable Data Pipelines Using Data Engineering's Core Tenets Such as Delta Tables, Ingestion, ... Security, and Scalability (English Edition)", 'Mayank Malhotra', '37.', '4.1 out of 5 stars')
[2024-09-25T01:51:37.227+0000] {sql.py:518} INFO - Rows affected: 1
[2024-09-25T01:51:37.236+0000] {base.py:84} INFO - Retrieving connection 'books_connection'
[2024-09-25T01:51:37.241+0000] {sql.py:509} INFO - Running statement: 
    INSERT INTO books (title, authors, price, rating)
    VALUES (%s,%s,%s,%s)
    , parameters: ('Data Engineering with Python: Work with massive datasets to design data models and automate data pipelines using Python', 'Paul Crickard', '37.', '4.1 out of 5 stars')
[2024-09-25T01:51:37.243+0000] {sql.py:518} INFO - Rows affected: 1
[2024-09-25T01:51:37.252+0000] {base.py:84} INFO - Retrieving connection 'books_connection'
[2024-09-25T01:51:37.257+0000] {sql.py:509} INFO - Running statement: 
    INSERT INTO books (title, authors, price, rating)
    VALUES (%s,%s,%s,%s)
    , parameters: ('Cracking the Data Engineering Interview: Land your dream job with the help of resume-building tips, over 100 mock questions, and a unique portfolio', 'Kedeisha Bryan', '26.', '4.4 out of 5 stars')
[2024-09-25T01:51:37.259+0000] {sql.py:518} INFO - Rows affected: 1
[2024-09-25T01:51:37.272+0000] {base.py:84} INFO - Retrieving connection 'books_connection'
[2024-09-25T01:51:37.277+0000] {sql.py:509} INFO - Running statement: 
    INSERT INTO books (title, authors, price, rating)
    VALUES (%s,%s,%s,%s)
    , parameters: ('Ace the Data Engineering Interview: Questions and Answers for Python, SQL, Data Modeling and More', 'Sean Coyne', '24.', '3.8 out of 5 stars')
[2024-09-25T01:51:37.279+0000] {sql.py:518} INFO - Rows affected: 1
[2024-09-25T01:51:37.289+0000] {base.py:84} INFO - Retrieving connection 'books_connection'
[2024-09-25T01:51:37.293+0000] {sql.py:509} INFO - Running statement: 
    INSERT INTO books (title, authors, price, rating)
    VALUES (%s,%s,%s,%s)
    , parameters: ('Data Engineering with Databricks Cookbook: Build effective data and AI solutions using Apache Spark, Databricks, and Delta Lake', 'Pulkit Chadha', '33.', '4.3 out of 5 stars')
[2024-09-25T01:51:37.296+0000] {sql.py:518} INFO - Rows affected: 1
[2024-09-25T01:51:37.308+0000] {base.py:84} INFO - Retrieving connection 'books_connection'
[2024-09-25T01:51:37.313+0000] {sql.py:509} INFO - Running statement: 
    INSERT INTO books (title, authors, price, rating)
    VALUES (%s,%s,%s,%s)
    , parameters: ('Ace the Data Science Interview: 201 Real Interview Questions Asked By FAANG, Tech Startups, & Wall Street', 'Nick Singh', '34.', '4.5 out of 5 stars')
[2024-09-25T01:51:37.316+0000] {sql.py:518} INFO - Rows affected: 1
[2024-09-25T01:51:37.327+0000] {base.py:84} INFO - Retrieving connection 'books_connection'
[2024-09-25T01:51:37.333+0000] {sql.py:509} INFO - Running statement: 
    INSERT INTO books (title, authors, price, rating)
    VALUES (%s,%s,%s,%s)
    , parameters: ('Essentials of Data Engineering', 'Dr. Mukesh Saini', '19.', '5.0 out of 5 stars')
[2024-09-25T01:51:37.335+0000] {sql.py:518} INFO - Rows affected: 1
[2024-09-25T01:51:37.347+0000] {base.py:84} INFO - Retrieving connection 'books_connection'
[2024-09-25T01:51:37.354+0000] {sql.py:509} INFO - Running statement: 
    INSERT INTO books (title, authors, price, rating)
    VALUES (%s,%s,%s,%s)
    , parameters: ('Data Privacy: A runbook for engineers', 'Nishant Bhajaria', '35.', '4.8 out of 5 stars')
[2024-09-25T01:51:37.356+0000] {sql.py:518} INFO - Rows affected: 1
[2024-09-25T01:51:37.370+0000] {base.py:84} INFO - Retrieving connection 'books_connection'
[2024-09-25T01:51:37.376+0000] {sql.py:509} INFO - Running statement: 
    INSERT INTO books (title, authors, price, rating)
    VALUES (%s,%s,%s,%s)
    , parameters: ('Python Data Engineering Resources: Boost Your Career With This Python Handbook; Prepare For Python Interview; Python Programming Cookbook For Beginners and Experienced; Python Data Analysis and More', 'Vajo Lukic', '0.', '4.7 out of 5 stars')
[2024-09-25T01:51:37.378+0000] {sql.py:518} INFO - Rows affected: 1
[2024-09-25T01:51:37.392+0000] {base.py:84} INFO - Retrieving connection 'books_connection'
[2024-09-25T01:51:37.400+0000] {sql.py:509} INFO - Running statement: 
    INSERT INTO books (title, authors, price, rating)
    VALUES (%s,%s,%s,%s)
    , parameters: ('Mastering Databricks Lakehouse Platform: Perform Data Warehousing, Data Engineering, Machine Learning, DevOps, and BI into a Single Platform (English Edition)', 'Sagar Lad', '32.', '3.6 out of 5 stars')
[2024-09-25T01:51:37.404+0000] {sql.py:518} INFO - Rows affected: 1
[2024-09-25T01:51:37.417+0000] {base.py:84} INFO - Retrieving connection 'books_connection'
[2024-09-25T01:51:37.423+0000] {sql.py:509} INFO - Running statement: 
    INSERT INTO books (title, authors, price, rating)
    VALUES (%s,%s,%s,%s)
    , parameters: ('Data Engineering with Python cookbook: Learn to build efficient data pipelines using the Modern Cloud Data Stack', 'Adithyan Ramanujakootam', '32.', '5.0 out of 5 stars')
[2024-09-25T01:51:37.426+0000] {sql.py:518} INFO - Rows affected: 1
[2024-09-25T01:51:37.439+0000] {base.py:84} INFO - Retrieving connection 'books_connection'
[2024-09-25T01:51:37.444+0000] {sql.py:509} INFO - Running statement: 
    INSERT INTO books (title, authors, price, rating)
    VALUES (%s,%s,%s,%s)
    , parameters: ('Data Engineering with AWS: Learn how to design and build cloud-based data transformation pipelines using AWS', 'Gareth Eagar', '49.', '4.4 out of 5 stars')
[2024-09-25T01:51:37.448+0000] {sql.py:518} INFO - Rows affected: 1
[2024-09-25T01:51:37.461+0000] {base.py:84} INFO - Retrieving connection 'books_connection'
[2024-09-25T01:51:37.468+0000] {sql.py:509} INFO - Running statement: 
    INSERT INTO books (title, authors, price, rating)
    VALUES (%s,%s,%s,%s)
    , parameters: ('97 Things Every Data Engineer Should Know: Collective Wisdom from the Experts', 'Tobias Macey', '28.', '4.1 out of 5 stars')
[2024-09-25T01:51:37.471+0000] {sql.py:518} INFO - Rows affected: 1
[2024-09-25T01:51:37.484+0000] {base.py:84} INFO - Retrieving connection 'books_connection'
[2024-09-25T01:51:37.490+0000] {sql.py:509} INFO - Running statement: 
    INSERT INTO books (title, authors, price, rating)
    VALUES (%s,%s,%s,%s)
    , parameters: ('Software Engineering for Data Scientists: From Notebooks to Scalable Systems', 'Catherine Nelson', '51.', '4.4 out of 5 stars')
[2024-09-25T01:51:37.492+0000] {sql.py:518} INFO - Rows affected: 1
[2024-09-25T01:51:37.505+0000] {base.py:84} INFO - Retrieving connection 'books_connection'
[2024-09-25T01:51:37.510+0000] {sql.py:509} INFO - Running statement: 
    INSERT INTO books (title, authors, price, rating)
    VALUES (%s,%s,%s,%s)
    , parameters: ('Data Analysis with Python and PySpark', 'Jonathan Rioux', '55.', '4.4 out of 5 stars')
[2024-09-25T01:51:37.514+0000] {sql.py:518} INFO - Rows affected: 1
[2024-09-25T01:51:37.527+0000] {base.py:84} INFO - Retrieving connection 'books_connection'
[2024-09-25T01:51:37.534+0000] {sql.py:509} INFO - Running statement: 
    INSERT INTO books (title, authors, price, rating)
    VALUES (%s,%s,%s,%s)
    , parameters: ('Data Engineering Fundamentals for Beginners: Mastering the Art of Building, Managing, and Scaling Data Systems', 'Paperback', '14.', '5.0 out of 5 stars')
[2024-09-25T01:51:37.538+0000] {sql.py:518} INFO - Rows affected: 1
[2024-09-25T01:51:37.553+0000] {base.py:84} INFO - Retrieving connection 'books_connection'
[2024-09-25T01:51:37.560+0000] {sql.py:509} INFO - Running statement: 
    INSERT INTO books (title, authors, price, rating)
    VALUES (%s,%s,%s,%s)
    , parameters: ('DATA ENGINEERING AND AI FOR BEGINNERS: Revolutionizing Data Processing and Analytics by Leveraging Artificial Intelligence for Efficient Input Collection, Storage, and Transformation (World of AI)', 'Paperback', '13.', '4.3 out of 5 stars')
[2024-09-25T01:51:37.563+0000] {sql.py:518} INFO - Rows affected: 1
[2024-09-25T01:51:37.577+0000] {base.py:84} INFO - Retrieving connection 'books_connection'
[2024-09-25T01:51:37.584+0000] {sql.py:509} INFO - Running statement: 
    INSERT INTO books (title, authors, price, rating)
    VALUES (%s,%s,%s,%s)
    , parameters: ('Data-Driven Science and Engineering: Machine Learning, Dynamical Systems, and Control', 'Steven L. Brunton', '64.', '4.8 out of 5 stars')
[2024-09-25T01:51:37.587+0000] {sql.py:518} INFO - Rows affected: 1
[2024-09-25T01:51:37.601+0000] {base.py:84} INFO - Retrieving connection 'books_connection'
[2024-09-25T01:51:37.607+0000] {sql.py:509} INFO - Running statement: 
    INSERT INTO books (title, authors, price, rating)
    VALUES (%s,%s,%s,%s)
    , parameters: ("Data Quality Fundamentals: A Practitioner's Guide to Building Trustworthy Data Pipelines", 'Paperback', '45.', '4.1 out of 5 stars')
[2024-09-25T01:51:37.610+0000] {sql.py:518} INFO - Rows affected: 1
[2024-09-25T01:51:37.622+0000] {base.py:84} INFO - Retrieving connection 'books_connection'
[2024-09-25T01:51:37.628+0000] {sql.py:509} INFO - Running statement: 
    INSERT INTO books (title, authors, price, rating)
    VALUES (%s,%s,%s,%s)
    , parameters: ('Data Engineering with Scala and Spark: A practical guide helping you build streaming and batch pipelines that process massive amounts of data using Scala', 'Eric Tome', '36.', '4.1 out of 5 stars')
[2024-09-25T01:51:37.632+0000] {sql.py:518} INFO - Rows affected: 1
[2024-09-25T01:51:37.650+0000] {base.py:84} INFO - Retrieving connection 'books_connection'
[2024-09-25T01:51:37.656+0000] {sql.py:509} INFO - Running statement: 
    INSERT INTO books (title, authors, price, rating)
    VALUES (%s,%s,%s,%s)
    , parameters: ('Data Engineering with Google Cloud Platform: A guide to leveling up as a data engineer by building a scalable data platform with Google Cloud', 'Adi Wijaya', '41.', '5.0 out of 5 stars')
[2024-09-25T01:51:37.658+0000] {sql.py:518} INFO - Rows affected: 1
[2024-09-25T01:51:37.671+0000] {base.py:84} INFO - Retrieving connection 'books_connection'
[2024-09-25T01:51:37.677+0000] {sql.py:509} INFO - Running statement: 
    INSERT INTO books (title, authors, price, rating)
    VALUES (%s,%s,%s,%s)
    , parameters: ('Analytics Engineering with SQL and dbt: Building Meaningful Data Models at Scale', 'Rui Pedro Machado', '41.', '3.9 out of 5 stars')
[2024-09-25T01:51:37.681+0000] {sql.py:518} INFO - Rows affected: 1
[2024-09-25T01:51:37.693+0000] {base.py:84} INFO - Retrieving connection 'books_connection'
[2024-09-25T01:51:37.699+0000] {sql.py:509} INFO - Running statement: 
    INSERT INTO books (title, authors, price, rating)
    VALUES (%s,%s,%s,%s)
    , parameters: ('Storytelling with Data: A Data Visualization Guide for Business Professionals', 'Cole Nussbaumer Knaflic', '27.', '4.6 out of 5 stars')
[2024-09-25T01:51:37.702+0000] {sql.py:518} INFO - Rows affected: 1
[2024-09-25T01:51:37.714+0000] {base.py:84} INFO - Retrieving connection 'books_connection'
[2024-09-25T01:51:37.719+0000] {sql.py:509} INFO - Running statement: 
    INSERT INTO books (title, authors, price, rating)
    VALUES (%s,%s,%s,%s)
    , parameters: ('Data Engineering with Apache Spark, Delta Lake, and Lakehouse: Create scalable pipelines that ingest, curate, and aggregate complex data in a timely and secure way', 'Manoj Kukreja', '46.', '3.9 out of 5 stars')
[2024-09-25T01:51:37.722+0000] {sql.py:518} INFO - Rows affected: 1
[2024-09-25T01:51:37.736+0000] {base.py:84} INFO - Retrieving connection 'books_connection'
[2024-09-25T01:51:37.741+0000] {sql.py:509} INFO - Running statement: 
    INSERT INTO books (title, authors, price, rating)
    VALUES (%s,%s,%s,%s)
    , parameters: ('Data Engineering with Google Cloud Platform: A practical guide to operationalizing scalable data analytics systems on GCP', 'Adi Wijaya', '39.', '4.7 out of 5 stars')
[2024-09-25T01:51:37.743+0000] {sql.py:518} INFO - Rows affected: 1
[2024-09-25T01:51:37.758+0000] {base.py:84} INFO - Retrieving connection 'books_connection'
[2024-09-25T01:51:37.764+0000] {sql.py:509} INFO - Running statement: 
    INSERT INTO books (title, authors, price, rating)
    VALUES (%s,%s,%s,%s)
    , parameters: ('Official Google Cloud Certified Professional Data Engineer Study Guide', 'Dan Sullivan', '33.', '4.5 out of 5 stars')
[2024-09-25T01:51:37.767+0000] {sql.py:518} INFO - Rows affected: 1
[2024-09-25T01:51:37.780+0000] {base.py:84} INFO - Retrieving connection 'books_connection'
[2024-09-25T01:51:37.786+0000] {sql.py:509} INFO - Running statement: 
    INSERT INTO books (title, authors, price, rating)
    VALUES (%s,%s,%s,%s)
    , parameters: ('Mastering the Data Paradox: Key to Winning in the AI Age', 'Nitin Seth', '17.', '4.8 out of 5 stars')
[2024-09-25T01:51:37.789+0000] {sql.py:518} INFO - Rows affected: 1
[2024-09-25T01:51:37.803+0000] {base.py:84} INFO - Retrieving connection 'books_connection'
[2024-09-25T01:51:37.808+0000] {sql.py:509} INFO - Running statement: 
    INSERT INTO books (title, authors, price, rating)
    VALUES (%s,%s,%s,%s)
    , parameters: ('Python Programming and SQL: 5 books in 1 - The #1 Coding Course from Beginner to Advanced. Learn it Well & Fast (2024) (Computer Programming)', 'Paperback', '29.', '4.3 out of 5 stars')
[2024-09-25T01:51:37.811+0000] {sql.py:518} INFO - Rows affected: 1
[2024-09-25T01:51:37.824+0000] {base.py:84} INFO - Retrieving connection 'books_connection'
[2024-09-25T01:51:37.830+0000] {sql.py:509} INFO - Running statement: 
    INSERT INTO books (title, authors, price, rating)
    VALUES (%s,%s,%s,%s)
    , parameters: ('Modern Data Engineering with Apache Spark: A Hands-On Guide for Building Mission-Critical Streaming Applications', 'Scott Haines', '30.', '4.1 out of 5 stars')
[2024-09-25T01:51:37.833+0000] {sql.py:518} INFO - Rows affected: 1
[2024-09-25T01:51:37.845+0000] {base.py:84} INFO - Retrieving connection 'books_connection'
[2024-09-25T01:51:37.852+0000] {sql.py:509} INFO - Running statement: 
    INSERT INTO books (title, authors, price, rating)
    VALUES (%s,%s,%s,%s)
    , parameters: ('Data Mesh: Delivering Data-Driven Value at Scale', 'Audible Audiobook', '0.', '4.5 out of 5 stars')
[2024-09-25T01:51:37.854+0000] {sql.py:518} INFO - Rows affected: 1
[2024-09-25T01:51:37.867+0000] {base.py:84} INFO - Retrieving connection 'books_connection'
[2024-09-25T01:51:37.873+0000] {sql.py:509} INFO - Running statement: 
    INSERT INTO books (title, authors, price, rating)
    VALUES (%s,%s,%s,%s)
    , parameters: ('Database Internals: A Deep Dive into How Distributed Data Systems Work', 'Alex Petrov', '36.', '4.6 out of 5 stars')
[2024-09-25T01:51:37.875+0000] {sql.py:518} INFO - Rows affected: 1
[2024-09-25T01:51:37.887+0000] {base.py:84} INFO - Retrieving connection 'books_connection'
[2024-09-25T01:51:37.892+0000] {sql.py:509} INFO - Running statement: 
    INSERT INTO books (title, authors, price, rating)
    VALUES (%s,%s,%s,%s)
    , parameters: ('Data Modeling with Snowflake: A practical guide to accelerating Snowflake development using universal data modeling techniques', 'Serge Gershkovich', '36.', '4.8 out of 5 stars')
[2024-09-25T01:51:37.895+0000] {sql.py:518} INFO - Rows affected: 1
[2024-09-25T01:51:37.907+0000] {base.py:84} INFO - Retrieving connection 'books_connection'
[2024-09-25T01:51:37.912+0000] {sql.py:509} INFO - Running statement: 
    INSERT INTO books (title, authors, price, rating)
    VALUES (%s,%s,%s,%s)
    , parameters: ('Better Data Visualizations: A Guide for Scholars, Researchers, and Wonks', 'Jonathan Schwabish', '26.', '4.5 out of 5 stars')
[2024-09-25T01:51:37.915+0000] {sql.py:518} INFO - Rows affected: 1
[2024-09-25T01:51:37.926+0000] {base.py:84} INFO - Retrieving connection 'books_connection'
[2024-09-25T01:51:37.931+0000] {sql.py:509} INFO - Running statement: 
    INSERT INTO books (title, authors, price, rating)
    VALUES (%s,%s,%s,%s)
    , parameters: ('Machine Learning Engineering', 'Andriy Burkov', '39.', '4.7 out of 5 stars')
[2024-09-25T01:51:37.934+0000] {sql.py:518} INFO - Rows affected: 1
[2024-09-25T01:51:37.945+0000] {base.py:84} INFO - Retrieving connection 'books_connection'
[2024-09-25T01:51:37.952+0000] {sql.py:509} INFO - Running statement: 
    INSERT INTO books (title, authors, price, rating)
    VALUES (%s,%s,%s,%s)
    , parameters: ('Data Engineering with Databricks', 'Paperback', '25.', '3.4 out of 5 stars')
[2024-09-25T01:51:37.955+0000] {sql.py:518} INFO - Rows affected: 1
[2024-09-25T01:51:37.966+0000] {base.py:84} INFO - Retrieving connection 'books_connection'
[2024-09-25T01:51:37.972+0000] {sql.py:509} INFO - Running statement: 
    INSERT INTO books (title, authors, price, rating)
    VALUES (%s,%s,%s,%s)
    , parameters: ("Engineers' Data Book", 'Clifford Matthews', '26.', '4.6 out of 5 stars')
[2024-09-25T01:51:37.975+0000] {sql.py:518} INFO - Rows affected: 1
[2024-09-25T01:51:37.988+0000] {base.py:84} INFO - Retrieving connection 'books_connection'
[2024-09-25T01:51:37.994+0000] {sql.py:509} INFO - Running statement: 
    INSERT INTO books (title, authors, price, rating)
    VALUES (%s,%s,%s,%s)
    , parameters: ('Prompt Engineering for Generative AI: Future-Proof Inputs for Reliable AI Outputs', 'James Phoenix', '53.', '4.5 out of 5 stars')
[2024-09-25T01:51:37.996+0000] {sql.py:518} INFO - Rows affected: 1
[2024-09-25T01:51:38.009+0000] {base.py:84} INFO - Retrieving connection 'books_connection'
[2024-09-25T01:51:38.015+0000] {sql.py:509} INFO - Running statement: 
    INSERT INTO books (title, authors, price, rating)
    VALUES (%s,%s,%s,%s)
    , parameters: ('Designing Machine Learning Systems: An Iterative Process for Production-Ready Applications', 'Chip Huyen', '52.', '4.6 out of 5 stars')
[2024-09-25T01:51:38.017+0000] {sql.py:518} INFO - Rows affected: 1
[2024-09-25T01:51:38.029+0000] {base.py:84} INFO - Retrieving connection 'books_connection'
[2024-09-25T01:51:38.035+0000] {sql.py:509} INFO - Running statement: 
    INSERT INTO books (title, authors, price, rating)
    VALUES (%s,%s,%s,%s)
    , parameters: ("SQL QuickStart Guide: The Simplified Beginner's Guide to Managing, Analyzing, and Manipulating Data With SQL (Coding & Programming - QuickStart Guides)", 'Paperback', '23.', '4.6 out of 5 stars')
[2024-09-25T01:51:38.037+0000] {sql.py:518} INFO - Rows affected: 1
[2024-09-25T01:51:38.050+0000] {base.py:84} INFO - Retrieving connection 'books_connection'
[2024-09-25T01:51:38.056+0000] {sql.py:509} INFO - Running statement: 
    INSERT INTO books (title, authors, price, rating)
    VALUES (%s,%s,%s,%s)
    , parameters: ('Ultimate Azure Data Engineering: Build Robust Data Engineering Systems on Azure with SQL, ETL, Data Modeling, and Power BI for Business Insights and Crack Azure Certifications (English Edition)', 'Ashish Agarwal', '39.', '5.0 out of 5 stars')
[2024-09-25T01:51:38.059+0000] {sql.py:518} INFO - Rows affected: 1
[2024-09-25T01:51:38.072+0000] {base.py:84} INFO - Retrieving connection 'books_connection'
[2024-09-25T01:51:38.078+0000] {sql.py:509} INFO - Running statement: 
    INSERT INTO books (title, authors, price, rating)
    VALUES (%s,%s,%s,%s)
    , parameters: ('Building ETL Pipelines with Python: Create and deploy enterprise-ready ETL pipelines by employing modern methods', 'Brij Kishore Pandey', '34.', '4.2 out of 5 stars')
[2024-09-25T01:51:38.080+0000] {sql.py:518} INFO - Rows affected: 1
[2024-09-25T01:51:38.084+0000] {python.py:240} INFO - Done. Returned value was: None
[2024-09-25T01:51:38.100+0000] {taskinstance.py:340} INFO - ::group::Post task execution logs
[2024-09-25T01:51:38.102+0000] {taskinstance.py:352} INFO - Marking task as SUCCESS. dag_id=fetch_and_store_amazon_books, task_id=insert_book_data, run_id=scheduled__2024-06-26T00:00:00+00:00, execution_date=20240626T000000, start_date=20240925T015136, end_date=20240925T015138
[2024-09-25T01:51:38.120+0000] {logging_mixin.py:190} INFO - Task instance in success state
[2024-09-25T01:51:38.121+0000] {logging_mixin.py:190} INFO -  Previous state of the Task instance: running
[2024-09-25T01:51:38.122+0000] {logging_mixin.py:190} INFO - Dag name:fetch_and_store_amazon_books queued_at:2024-09-25 01:51:34.459416+00:00
[2024-09-25T01:51:38.123+0000] {logging_mixin.py:190} INFO - Task hostname:12236234e313 operator:PythonOperator
[2024-09-25T01:51:38.149+0000] {local_task_job_runner.py:266} INFO - Task exited with return code 0
[2024-09-25T01:51:38.165+0000] {local_task_job_runner.py:245} INFO - ::endgroup::
