[2024-09-25T01:37:52.156+0000] {local_task_job_runner.py:123} INFO - ::group::Pre task execution logs
[2024-09-25T01:37:52.177+0000] {taskinstance.py:2612} INFO - Dependencies all met for dep_context=non-requeueable deps ti=<TaskInstance: fetch_and_store_amazon_books.create_table manual__2024-09-25T01:27:46.623684+00:00 [queued]>
[2024-09-25T01:37:52.190+0000] {taskinstance.py:2612} INFO - Dependencies all met for dep_context=requeueable deps ti=<TaskInstance: fetch_and_store_amazon_books.create_table manual__2024-09-25T01:27:46.623684+00:00 [queued]>
[2024-09-25T01:37:52.191+0000] {taskinstance.py:2865} INFO - Starting attempt 1 of 2
[2024-09-25T01:37:52.209+0000] {taskinstance.py:2888} INFO - Executing <Task(PostgresOperator): create_table> on 2024-09-25 01:27:46.623684+00:00
[2024-09-25T01:37:52.218+0000] {warnings.py:112} WARNING - /home/***/.local/lib/python3.12/site-packages/***/task/task_runner/standard_task_runner.py:70: DeprecationWarning: This process (pid=3274) is multi-threaded, use of fork() may lead to deadlocks in the child.
  pid = os.fork()

[2024-09-25T01:37:52.220+0000] {standard_task_runner.py:72} INFO - Started process 3282 to run task
[2024-09-25T01:37:52.220+0000] {standard_task_runner.py:104} INFO - Running: ['***', 'tasks', 'run', 'fetch_and_store_amazon_books', 'create_table', 'manual__2024-09-25T01:27:46.623684+00:00', '--job-id', '79', '--raw', '--subdir', 'DAGS_FOLDER/dag.py', '--cfg-path', '/tmp/tmpytmooes_']
[2024-09-25T01:37:52.222+0000] {standard_task_runner.py:105} INFO - Job 79: Subtask create_table
[2024-09-25T01:37:52.288+0000] {task_command.py:467} INFO - Running <TaskInstance: fetch_and_store_amazon_books.create_table manual__2024-09-25T01:27:46.623684+00:00 [running]> on host 12236234e313
[2024-09-25T01:37:52.396+0000] {taskinstance.py:3131} INFO - Exporting env vars: AIRFLOW_CTX_DAG_OWNER='***' AIRFLOW_CTX_DAG_ID='fetch_and_store_amazon_books' AIRFLOW_CTX_TASK_ID='create_table' AIRFLOW_CTX_EXECUTION_DATE='2024-09-25T01:27:46.623684+00:00' AIRFLOW_CTX_TRY_NUMBER='1' AIRFLOW_CTX_DAG_RUN_ID='manual__2024-09-25T01:27:46.623684+00:00'
[2024-09-25T01:37:52.399+0000] {logging_mixin.py:190} INFO - Task instance is in running state
[2024-09-25T01:37:52.400+0000] {logging_mixin.py:190} INFO -  Previous state of the Task instance: queued
[2024-09-25T01:37:52.401+0000] {logging_mixin.py:190} INFO - Current task name:create_table state:running start_date:2024-09-25 01:37:52.178925+00:00
[2024-09-25T01:37:52.402+0000] {logging_mixin.py:190} INFO - Dag name:fetch_and_store_amazon_books and current dag run status:running
[2024-09-25T01:37:52.403+0000] {taskinstance.py:731} INFO - ::endgroup::
[2024-09-25T01:37:52.405+0000] {sql.py:266} INFO - Executing: 
    CREATE TABLE IF NOT EXISTS books (
        id SERIAL PRIMARY KEY,
        title TEXT NOT NULL,
        authors TEXT,
        price TEXT,
        rating TEXT
    );
    
[2024-09-25T01:37:52.420+0000] {base.py:84} INFO - Retrieving connection 'books_connection'
[2024-09-25T01:37:52.432+0000] {base.py:84} INFO - Retrieving connection 'books_connection'
[2024-09-25T01:37:52.438+0000] {sql.py:509} INFO - Running statement: 
    CREATE TABLE IF NOT EXISTS books (
        id SERIAL PRIMARY KEY,
        title TEXT NOT NULL,
        authors TEXT,
        price TEXT,
        rating TEXT
    );
    , parameters: None
[2024-09-25T01:37:52.455+0000] {taskinstance.py:340} INFO - ::group::Post task execution logs
[2024-09-25T01:37:52.457+0000] {taskinstance.py:352} INFO - Marking task as SUCCESS. dag_id=fetch_and_store_amazon_books, task_id=create_table, run_id=manual__2024-09-25T01:27:46.623684+00:00, execution_date=20240925T012746, start_date=20240925T013752, end_date=20240925T013752
[2024-09-25T01:37:52.473+0000] {logging_mixin.py:190} INFO - Task instance in success state
[2024-09-25T01:37:52.474+0000] {logging_mixin.py:190} INFO -  Previous state of the Task instance: running
[2024-09-25T01:37:52.475+0000] {logging_mixin.py:190} INFO - Dag name:fetch_and_store_amazon_books queued_at:2024-09-25 01:27:46.797922+00:00
[2024-09-25T01:37:52.476+0000] {logging_mixin.py:190} INFO - Task hostname:12236234e313 operator:PostgresOperator
[2024-09-25T01:37:52.518+0000] {local_task_job_runner.py:266} INFO - Task exited with return code 0
[2024-09-25T01:37:52.533+0000] {local_task_job_runner.py:245} INFO - ::endgroup::
