[2024-09-25T01:47:41.850+0000] {local_task_job_runner.py:123} INFO - ::group::Pre task execution logs
[2024-09-25T01:47:41.867+0000] {taskinstance.py:2612} INFO - Dependencies all met for dep_context=non-requeueable deps ti=<TaskInstance: fetch_and_store_amazon_books.create_table scheduled__2024-09-24T00:00:00+00:00 [queued]>
[2024-09-25T01:47:41.876+0000] {taskinstance.py:2612} INFO - Dependencies all met for dep_context=requeueable deps ti=<TaskInstance: fetch_and_store_amazon_books.create_table scheduled__2024-09-24T00:00:00+00:00 [queued]>
[2024-09-25T01:47:41.878+0000] {taskinstance.py:2865} INFO - Starting attempt 4 of 5
[2024-09-25T01:47:41.893+0000] {taskinstance.py:2888} INFO - Executing <Task(PostgresOperator): create_table> on 2024-09-24 00:00:00+00:00
[2024-09-25T01:47:41.900+0000] {warnings.py:112} WARNING - /home/***/.local/lib/python3.12/site-packages/***/task/task_runner/standard_task_runner.py:70: DeprecationWarning: This process (pid=3542) is multi-threaded, use of fork() may lead to deadlocks in the child.
  pid = os.fork()

[2024-09-25T01:47:41.902+0000] {standard_task_runner.py:72} INFO - Started process 3552 to run task
[2024-09-25T01:47:41.902+0000] {standard_task_runner.py:104} INFO - Running: ['***', 'tasks', 'run', 'fetch_and_store_amazon_books', 'create_table', 'scheduled__2024-09-24T00:00:00+00:00', '--job-id', '114', '--raw', '--subdir', 'DAGS_FOLDER/dag.py', '--cfg-path', '/tmp/tmpsfysahhp']
[2024-09-25T01:47:41.904+0000] {standard_task_runner.py:105} INFO - Job 114: Subtask create_table
[2024-09-25T01:47:41.952+0000] {task_command.py:467} INFO - Running <TaskInstance: fetch_and_store_amazon_books.create_table scheduled__2024-09-24T00:00:00+00:00 [running]> on host 12236234e313
[2024-09-25T01:47:42.019+0000] {taskinstance.py:3131} INFO - Exporting env vars: AIRFLOW_CTX_DAG_OWNER='***' AIRFLOW_CTX_DAG_ID='fetch_and_store_amazon_books' AIRFLOW_CTX_TASK_ID='create_table' AIRFLOW_CTX_EXECUTION_DATE='2024-09-24T00:00:00+00:00' AIRFLOW_CTX_TRY_NUMBER='4' AIRFLOW_CTX_DAG_RUN_ID='scheduled__2024-09-24T00:00:00+00:00'
[2024-09-25T01:47:42.021+0000] {logging_mixin.py:190} INFO - Task instance is in running state
[2024-09-25T01:47:42.022+0000] {logging_mixin.py:190} INFO -  Previous state of the Task instance: queued
[2024-09-25T01:47:42.023+0000] {logging_mixin.py:190} INFO - Current task name:create_table state:running start_date:2024-09-25 01:47:41.868630+00:00
[2024-09-25T01:47:42.024+0000] {logging_mixin.py:190} INFO - Dag name:fetch_and_store_amazon_books and current dag run status:running
[2024-09-25T01:47:42.026+0000] {taskinstance.py:731} INFO - ::endgroup::
[2024-09-25T01:47:42.027+0000] {sql.py:266} INFO - Executing: 
    CREATE TABLE IF NOT EXISTS books (
        id SERIAL PRIMARY KEY,
        title TEXT NOT NULL,
        authors TEXT,
        price TEXT,
        rating TEXT
    );
    
[2024-09-25T01:47:42.037+0000] {base.py:84} INFO - Retrieving connection 'books_connection'
[2024-09-25T01:47:42.045+0000] {base.py:84} INFO - Retrieving connection 'books_connection'
[2024-09-25T01:47:42.050+0000] {sql.py:509} INFO - Running statement: 
    CREATE TABLE IF NOT EXISTS books (
        id SERIAL PRIMARY KEY,
        title TEXT NOT NULL,
        authors TEXT,
        price TEXT,
        rating TEXT
    );
    , parameters: None
[2024-09-25T01:47:42.061+0000] {taskinstance.py:340} INFO - ::group::Post task execution logs
[2024-09-25T01:47:42.062+0000] {taskinstance.py:352} INFO - Marking task as SUCCESS. dag_id=fetch_and_store_amazon_books, task_id=create_table, run_id=scheduled__2024-09-24T00:00:00+00:00, execution_date=20240924T000000, start_date=20240925T014741, end_date=20240925T014742
[2024-09-25T01:47:42.073+0000] {logging_mixin.py:190} INFO - Task instance in success state
[2024-09-25T01:47:42.074+0000] {logging_mixin.py:190} INFO -  Previous state of the Task instance: running
[2024-09-25T01:47:42.074+0000] {logging_mixin.py:190} INFO - Dag name:fetch_and_store_amazon_books queued_at:2024-09-25 01:37:50.630667+00:00
[2024-09-25T01:47:42.075+0000] {logging_mixin.py:190} INFO - Task hostname:12236234e313 operator:PostgresOperator
[2024-09-25T01:47:42.119+0000] {local_task_job_runner.py:266} INFO - Task exited with return code 0
[2024-09-25T01:47:42.129+0000] {warnings.py:112} WARNING - /home/***/.local/lib/python3.12/site-packages/***/models/baseoperator.py:1378: AirflowProviderDeprecationWarning: Call to deprecated class PostgresOperator. (Please use `***.providers.common.sql.operators.sql.SQLExecuteQueryOperator`.Also, you can provide `hook_params={'schema': <database>}`.)
  result = cls.__new__(cls)

[2024-09-25T01:47:42.143+0000] {taskinstance.py:3900} INFO - 1 downstream tasks scheduled from follow-on schedule check
[2024-09-25T01:47:42.146+0000] {local_task_job_runner.py:245} INFO - ::endgroup::
