[2024-09-25T01:52:06.773+0000] {local_task_job_runner.py:123} INFO - ::group::Pre task execution logs
[2024-09-25T01:52:06.792+0000] {taskinstance.py:2612} INFO - Dependencies all met for dep_context=non-requeueable deps ti=<TaskInstance: fetch_and_store_amazon_books.insert_book_data scheduled__2024-07-05T00:00:00+00:00 [queued]>
[2024-09-25T01:52:06.802+0000] {taskinstance.py:2612} INFO - Dependencies all met for dep_context=requeueable deps ti=<TaskInstance: fetch_and_store_amazon_books.insert_book_data scheduled__2024-07-05T00:00:00+00:00 [queued]>
[2024-09-25T01:52:06.804+0000] {taskinstance.py:2865} INFO - Starting attempt 3 of 4
[2024-09-25T01:52:06.819+0000] {taskinstance.py:2888} INFO - Executing <Task(PythonOperator): insert_book_data> on 2024-07-05 00:00:00+00:00
[2024-09-25T01:52:06.828+0000] {warnings.py:112} WARNING - /home/***/.local/lib/python3.12/site-packages/***/task/task_runner/standard_task_runner.py:70: DeprecationWarning: This process (pid=3674) is multi-threaded, use of fork() may lead to deadlocks in the child.
  pid = os.fork()

[2024-09-25T01:52:06.830+0000] {standard_task_runner.py:72} INFO - Started process 3676 to run task
[2024-09-25T01:52:06.830+0000] {standard_task_runner.py:104} INFO - Running: ['***', 'tasks', 'run', 'fetch_and_store_amazon_books', 'insert_book_data', 'scheduled__2024-07-05T00:00:00+00:00', '--job-id', '131', '--raw', '--subdir', 'DAGS_FOLDER/dag.py', '--cfg-path', '/tmp/tmpgf3hv4ui']
[2024-09-25T01:52:06.832+0000] {standard_task_runner.py:105} INFO - Job 131: Subtask insert_book_data
[2024-09-25T01:52:06.886+0000] {task_command.py:467} INFO - Running <TaskInstance: fetch_and_store_amazon_books.insert_book_data scheduled__2024-07-05T00:00:00+00:00 [running]> on host 12236234e313
[2024-09-25T01:52:06.983+0000] {taskinstance.py:3131} INFO - Exporting env vars: AIRFLOW_CTX_DAG_OWNER='***' AIRFLOW_CTX_DAG_ID='fetch_and_store_amazon_books' AIRFLOW_CTX_TASK_ID='insert_book_data' AIRFLOW_CTX_EXECUTION_DATE='2024-07-05T00:00:00+00:00' AIRFLOW_CTX_TRY_NUMBER='3' AIRFLOW_CTX_DAG_RUN_ID='scheduled__2024-07-05T00:00:00+00:00'
[2024-09-25T01:52:06.985+0000] {logging_mixin.py:190} INFO - Task instance is in running state
[2024-09-25T01:52:06.986+0000] {logging_mixin.py:190} INFO -  Previous state of the Task instance: queued
[2024-09-25T01:52:06.987+0000] {logging_mixin.py:190} INFO - Current task name:insert_book_data state:running start_date:2024-09-25 01:52:06.793818+00:00
[2024-09-25T01:52:06.988+0000] {logging_mixin.py:190} INFO - Dag name:fetch_and_store_amazon_books and current dag run status:running
[2024-09-25T01:52:06.990+0000] {taskinstance.py:731} INFO - ::endgroup::
[2024-09-25T01:52:07.012+0000] {base.py:84} INFO - Retrieving connection 'books_connection'
[2024-09-25T01:52:07.017+0000] {sql.py:509} INFO - Running statement: 
    INSERT INTO books (title, authors, price, rating)
    VALUES (%s,%s,%s,%s)
    , parameters: ('Data Engineering with AWS - Second Edition: Acquire the skills to design and build AWS-based data transformation pipelines like a pro', 'Gareth Eagar', '41.', '4.4 out of 5 stars')
[2024-09-25T01:52:07.020+0000] {sql.py:518} INFO - Rows affected: 1
[2024-09-25T01:52:07.030+0000] {base.py:84} INFO - Retrieving connection 'books_connection'
[2024-09-25T01:52:07.034+0000] {sql.py:509} INFO - Running statement: 
    INSERT INTO books (title, authors, price, rating)
    VALUES (%s,%s,%s,%s)
    , parameters: ('Data Engineering 101', 'Hardcover', '30.', '4.6 out of 5 stars')
[2024-09-25T01:52:07.036+0000] {sql.py:518} INFO - Rows affected: 1
[2024-09-25T01:52:07.047+0000] {base.py:84} INFO - Retrieving connection 'books_connection'
[2024-09-25T01:52:07.053+0000] {sql.py:509} INFO - Running statement: 
    INSERT INTO books (title, authors, price, rating)
    VALUES (%s,%s,%s,%s)
    , parameters: ('Azure Data Engineer Associate Certification Guide: Ace the DP-203 exam with advanced data engineering skills', 'Giacinto Palmieri', '32.', '4.4 out of 5 stars')
[2024-09-25T01:52:07.056+0000] {sql.py:518} INFO - Rows affected: 1
[2024-09-25T01:52:07.067+0000] {base.py:84} INFO - Retrieving connection 'books_connection'
[2024-09-25T01:52:07.072+0000] {sql.py:509} INFO - Running statement: 
    INSERT INTO books (title, authors, price, rating)
    VALUES (%s,%s,%s,%s)
    , parameters: ('Data Engineering with dbt: A practical guide to building a cloud-based, pragmatic, and dependable data platform with SQL', 'Roberto Zagni', '37.', '4.6 out of 5 stars')
[2024-09-25T01:52:07.074+0000] {sql.py:518} INFO - Rows affected: 1
[2024-09-25T01:52:07.085+0000] {base.py:84} INFO - Retrieving connection 'books_connection'
[2024-09-25T01:52:07.090+0000] {sql.py:509} INFO - Running statement: 
    INSERT INTO books (title, authors, price, rating)
    VALUES (%s,%s,%s,%s)
    , parameters: ('Fundamentals of Data Engineering: Plan and Build Robust Data Systems', 'Joe Reis', '42.', '4.7 out of 5 stars')
[2024-09-25T01:52:07.092+0000] {sql.py:518} INFO - Rows affected: 1
[2024-09-25T01:52:07.104+0000] {base.py:84} INFO - Retrieving connection 'books_connection'
[2024-09-25T01:52:07.109+0000] {sql.py:509} INFO - Running statement: 
    INSERT INTO books (title, authors, price, rating)
    VALUES (%s,%s,%s,%s)
    , parameters: ('Designing Data-Intensive Applications: The Big Ideas Behind Reliable, Scalable, and Maintainable Systems', 'Martin Kleppmann', '46.', '4.8 out of 5 stars')
[2024-09-25T01:52:07.112+0000] {sql.py:518} INFO - Rows affected: 1
[2024-09-25T01:52:07.122+0000] {base.py:84} INFO - Retrieving connection 'books_connection'
[2024-09-25T01:52:07.127+0000] {sql.py:509} INFO - Running statement: 
    INSERT INTO books (title, authors, price, rating)
    VALUES (%s,%s,%s,%s)
    , parameters: ('Data Pipelines Pocket Reference: Moving and Processing Data for Analytics', 'James Densmore', '17.', '4.5 out of 5 stars')
[2024-09-25T01:52:07.129+0000] {sql.py:518} INFO - Rows affected: 1
[2024-09-25T01:52:07.140+0000] {base.py:84} INFO - Retrieving connection 'books_connection'
[2024-09-25T01:52:07.144+0000] {sql.py:509} INFO - Running statement: 
    INSERT INTO books (title, authors, price, rating)
    VALUES (%s,%s,%s,%s)
    , parameters: ('Data Modeling with Snowflake: A practical guide to accelerating Snowflake development using universal data modeling techniques', 'Serge Gershkovich', '36.', '4.8 out of 5 stars')
[2024-09-25T01:52:07.147+0000] {sql.py:518} INFO - Rows affected: 1
[2024-09-25T01:52:07.158+0000] {base.py:84} INFO - Retrieving connection 'books_connection'
[2024-09-25T01:52:07.163+0000] {sql.py:509} INFO - Running statement: 
    INSERT INTO books (title, authors, price, rating)
    VALUES (%s,%s,%s,%s)
    , parameters: ('Fundamentals of Data Analytics: Learn Essential Skills, Embrace the Future, and Catapult Your Career in the Data-Driven World—A Comprehensive Guide to Data Literacy for Beginners', 'Russell Dawson', '17.', '4.8 out of 5 stars')
[2024-09-25T01:52:07.165+0000] {sql.py:518} INFO - Rows affected: 1
[2024-09-25T01:52:07.176+0000] {base.py:84} INFO - Retrieving connection 'books_connection'
[2024-09-25T01:52:07.181+0000] {sql.py:509} INFO - Running statement: 
    INSERT INTO books (title, authors, price, rating)
    VALUES (%s,%s,%s,%s)
    , parameters: ('Data Engineering with Python: Work with massive datasets to design data models and automate data pipelines using Python', 'Paul Crickard', '37.', '4.1 out of 5 stars')
[2024-09-25T01:52:07.183+0000] {sql.py:518} INFO - Rows affected: 1
[2024-09-25T01:52:07.193+0000] {base.py:84} INFO - Retrieving connection 'books_connection'
[2024-09-25T01:52:07.197+0000] {sql.py:509} INFO - Running statement: 
    INSERT INTO books (title, authors, price, rating)
    VALUES (%s,%s,%s,%s)
    , parameters: ('Cracking the Data Engineering Interview: Land your dream job with the help of resume-building tips, over 100 mock questions, and a unique portfolio', 'Kedeisha Bryan', '26.', '4.4 out of 5 stars')
[2024-09-25T01:52:07.200+0000] {sql.py:518} INFO - Rows affected: 1
[2024-09-25T01:52:07.210+0000] {base.py:84} INFO - Retrieving connection 'books_connection'
[2024-09-25T01:52:07.214+0000] {sql.py:509} INFO - Running statement: 
    INSERT INTO books (title, authors, price, rating)
    VALUES (%s,%s,%s,%s)
    , parameters: ('Ace the Data Engineering Interview: Questions and Answers for Python, SQL, Data Modeling and More', 'Sean Coyne', '24.', '3.8 out of 5 stars')
[2024-09-25T01:52:07.216+0000] {sql.py:518} INFO - Rows affected: 1
[2024-09-25T01:52:07.226+0000] {base.py:84} INFO - Retrieving connection 'books_connection'
[2024-09-25T01:52:07.230+0000] {sql.py:509} INFO - Running statement: 
    INSERT INTO books (title, authors, price, rating)
    VALUES (%s,%s,%s,%s)
    , parameters: ('Data Engineering with Databricks Cookbook: Build effective data and AI solutions using Apache Spark, Databricks, and Delta Lake', 'Pulkit Chadha', '33.', '4.3 out of 5 stars')
[2024-09-25T01:52:07.233+0000] {sql.py:518} INFO - Rows affected: 1
[2024-09-25T01:52:07.242+0000] {base.py:84} INFO - Retrieving connection 'books_connection'
[2024-09-25T01:52:07.247+0000] {sql.py:509} INFO - Running statement: 
    INSERT INTO books (title, authors, price, rating)
    VALUES (%s,%s,%s,%s)
    , parameters: ('Ace the Data Science Interview: 201 Real Interview Questions Asked By FAANG, Tech Startups, & Wall Street', 'Nick Singh', '34.', '4.5 out of 5 stars')
[2024-09-25T01:52:07.250+0000] {sql.py:518} INFO - Rows affected: 1
[2024-09-25T01:52:07.261+0000] {base.py:84} INFO - Retrieving connection 'books_connection'
[2024-09-25T01:52:07.265+0000] {sql.py:509} INFO - Running statement: 
    INSERT INTO books (title, authors, price, rating)
    VALUES (%s,%s,%s,%s)
    , parameters: ('Essentials of Data Engineering', 'Dr. Mukesh Saini', '19.', '5.0 out of 5 stars')
[2024-09-25T01:52:07.268+0000] {sql.py:518} INFO - Rows affected: 1
[2024-09-25T01:52:07.277+0000] {base.py:84} INFO - Retrieving connection 'books_connection'
[2024-09-25T01:52:07.282+0000] {sql.py:509} INFO - Running statement: 
    INSERT INTO books (title, authors, price, rating)
    VALUES (%s,%s,%s,%s)
    , parameters: ('Data-Centric Machine Learning with Python: The ultimate guide to engineering and deploying high-quality models based on good data', 'Jonas Christensen', '49.', '4.6 out of 5 stars')
[2024-09-25T01:52:07.285+0000] {sql.py:518} INFO - Rows affected: 1
[2024-09-25T01:52:07.295+0000] {base.py:84} INFO - Retrieving connection 'books_connection'
[2024-09-25T01:52:07.300+0000] {sql.py:509} INFO - Running statement: 
    INSERT INTO books (title, authors, price, rating)
    VALUES (%s,%s,%s,%s)
    , parameters: ('Mastering Databricks Lakehouse Platform: Perform Data Warehousing, Data Engineering, Machine Learning, DevOps, and BI into a Single Platform (English Edition)', 'Sagar Lad', '32.', '3.6 out of 5 stars')
[2024-09-25T01:52:07.303+0000] {sql.py:518} INFO - Rows affected: 1
[2024-09-25T01:52:07.316+0000] {base.py:84} INFO - Retrieving connection 'books_connection'
[2024-09-25T01:52:07.322+0000] {sql.py:509} INFO - Running statement: 
    INSERT INTO books (title, authors, price, rating)
    VALUES (%s,%s,%s,%s)
    , parameters: ('Data Privacy: A runbook for engineers', 'Nishant Bhajaria', '35.', '4.8 out of 5 stars')
[2024-09-25T01:52:07.325+0000] {sql.py:518} INFO - Rows affected: 1
[2024-09-25T01:52:07.338+0000] {base.py:84} INFO - Retrieving connection 'books_connection'
[2024-09-25T01:52:07.344+0000] {sql.py:509} INFO - Running statement: 
    INSERT INTO books (title, authors, price, rating)
    VALUES (%s,%s,%s,%s)
    , parameters: ('Data Engineering with Python cookbook: Learn to build efficient data pipelines using the Modern Cloud Data Stack', 'Adithyan Ramanujakootam', '32.', '5.0 out of 5 stars')
[2024-09-25T01:52:07.346+0000] {sql.py:518} INFO - Rows affected: 1
[2024-09-25T01:52:07.358+0000] {base.py:84} INFO - Retrieving connection 'books_connection'
[2024-09-25T01:52:07.364+0000] {sql.py:509} INFO - Running statement: 
    INSERT INTO books (title, authors, price, rating)
    VALUES (%s,%s,%s,%s)
    , parameters: ('Data Engineering with AWS: Learn how to design and build cloud-based data transformation pipelines using AWS', 'Gareth Eagar', '49.', '4.4 out of 5 stars')
[2024-09-25T01:52:07.366+0000] {sql.py:518} INFO - Rows affected: 1
[2024-09-25T01:52:07.378+0000] {base.py:84} INFO - Retrieving connection 'books_connection'
[2024-09-25T01:52:07.385+0000] {sql.py:509} INFO - Running statement: 
    INSERT INTO books (title, authors, price, rating)
    VALUES (%s,%s,%s,%s)
    , parameters: ('97 Things Every Data Engineer Should Know: Collective Wisdom from the Experts', 'Tobias Macey', '28.', '4.1 out of 5 stars')
[2024-09-25T01:52:07.388+0000] {sql.py:518} INFO - Rows affected: 1
[2024-09-25T01:52:07.400+0000] {base.py:84} INFO - Retrieving connection 'books_connection'
[2024-09-25T01:52:07.406+0000] {sql.py:509} INFO - Running statement: 
    INSERT INTO books (title, authors, price, rating)
    VALUES (%s,%s,%s,%s)
    , parameters: ('Software Engineering for Data Scientists: From Notebooks to Scalable Systems', 'Catherine Nelson', '51.', '4.4 out of 5 stars')
[2024-09-25T01:52:07.408+0000] {sql.py:518} INFO - Rows affected: 1
[2024-09-25T01:52:07.420+0000] {base.py:84} INFO - Retrieving connection 'books_connection'
[2024-09-25T01:52:07.425+0000] {sql.py:509} INFO - Running statement: 
    INSERT INTO books (title, authors, price, rating)
    VALUES (%s,%s,%s,%s)
    , parameters: ('Data Engineering Fundamentals for Beginners: Mastering the Art of Building, Managing, and Scaling Data Systems', 'Paperback', '14.', '5.0 out of 5 stars')
[2024-09-25T01:52:07.427+0000] {sql.py:518} INFO - Rows affected: 1
[2024-09-25T01:52:07.439+0000] {base.py:84} INFO - Retrieving connection 'books_connection'
[2024-09-25T01:52:07.445+0000] {sql.py:509} INFO - Running statement: 
    INSERT INTO books (title, authors, price, rating)
    VALUES (%s,%s,%s,%s)
    , parameters: ("Azure Data Factory Cookbook: A data engineer's guide to building and managing ETL and ELT pipelines with data integration", 'Dmitry Foshin', '51.', '4.2 out of 5 stars')
[2024-09-25T01:52:07.448+0000] {sql.py:518} INFO - Rows affected: 1
[2024-09-25T01:52:07.461+0000] {base.py:84} INFO - Retrieving connection 'books_connection'
[2024-09-25T01:52:07.467+0000] {sql.py:509} INFO - Running statement: 
    INSERT INTO books (title, authors, price, rating)
    VALUES (%s,%s,%s,%s)
    , parameters: ("Ultimate Data Engineering with Databricks: Develop Scalable Data Pipelines Using Data Engineering's Core Tenets Such as Delta Tables, Ingestion, ... Security, and Scalability (English Edition)", 'Mayank Malhotra', '37.', '4.1 out of 5 stars')
[2024-09-25T01:52:07.470+0000] {sql.py:518} INFO - Rows affected: 1
[2024-09-25T01:52:07.483+0000] {base.py:84} INFO - Retrieving connection 'books_connection'
[2024-09-25T01:52:07.490+0000] {sql.py:509} INFO - Running statement: 
    INSERT INTO books (title, authors, price, rating)
    VALUES (%s,%s,%s,%s)
    , parameters: ("Engineering Data Mesh in Azure Cloud: Implement data mesh using Microsoft Azure's Cloud Adoption Framework", 'Paperback', '47.', '4.5 out of 5 stars')
[2024-09-25T01:52:07.492+0000] {sql.py:518} INFO - Rows affected: 1
[2024-09-25T01:52:07.504+0000] {base.py:84} INFO - Retrieving connection 'books_connection'
[2024-09-25T01:52:07.509+0000] {sql.py:509} INFO - Running statement: 
    INSERT INTO books (title, authors, price, rating)
    VALUES (%s,%s,%s,%s)
    , parameters: ('DATA ENGINEERING AND AI FOR BEGINNERS: Revolutionizing Data Processing and Analytics by Leveraging Artificial Intelligence for Efficient Input Collection, Storage, and Transformation (World of AI)', 'Paperback', '13.', '4.3 out of 5 stars')
[2024-09-25T01:52:07.512+0000] {sql.py:518} INFO - Rows affected: 1
[2024-09-25T01:52:07.524+0000] {base.py:84} INFO - Retrieving connection 'books_connection'
[2024-09-25T01:52:07.529+0000] {sql.py:509} INFO - Running statement: 
    INSERT INTO books (title, authors, price, rating)
    VALUES (%s,%s,%s,%s)
    , parameters: ('Data-Driven Science and Engineering: Machine Learning, Dynamical Systems, and Control', 'Steven L. Brunton', '64.', '4.8 out of 5 stars')
[2024-09-25T01:52:07.531+0000] {sql.py:518} INFO - Rows affected: 1
[2024-09-25T01:52:07.542+0000] {base.py:84} INFO - Retrieving connection 'books_connection'
[2024-09-25T01:52:07.546+0000] {sql.py:509} INFO - Running statement: 
    INSERT INTO books (title, authors, price, rating)
    VALUES (%s,%s,%s,%s)
    , parameters: ("Data Quality Fundamentals: A Practitioner's Guide to Building Trustworthy Data Pipelines", 'Paperback', '45.', '4.1 out of 5 stars')
[2024-09-25T01:52:07.549+0000] {sql.py:518} INFO - Rows affected: 1
[2024-09-25T01:52:07.561+0000] {base.py:84} INFO - Retrieving connection 'books_connection'
[2024-09-25T01:52:07.566+0000] {sql.py:509} INFO - Running statement: 
    INSERT INTO books (title, authors, price, rating)
    VALUES (%s,%s,%s,%s)
    , parameters: ('Data Engineering with Scala and Spark: A practical guide helping you build streaming and batch pipelines that process massive amounts of data using Scala', 'Eric Tome', '36.', '4.1 out of 5 stars')
[2024-09-25T01:52:07.568+0000] {sql.py:518} INFO - Rows affected: 1
[2024-09-25T01:52:07.579+0000] {base.py:84} INFO - Retrieving connection 'books_connection'
[2024-09-25T01:52:07.585+0000] {sql.py:509} INFO - Running statement: 
    INSERT INTO books (title, authors, price, rating)
    VALUES (%s,%s,%s,%s)
    , parameters: ('Data Engineering with Google Cloud Platform: A guide to leveling up as a data engineer by building a scalable data platform with Google Cloud', 'Adi Wijaya', '41.', '5.0 out of 5 stars')
[2024-09-25T01:52:07.587+0000] {sql.py:518} INFO - Rows affected: 1
[2024-09-25T01:52:07.597+0000] {base.py:84} INFO - Retrieving connection 'books_connection'
[2024-09-25T01:52:07.602+0000] {sql.py:509} INFO - Running statement: 
    INSERT INTO books (title, authors, price, rating)
    VALUES (%s,%s,%s,%s)
    , parameters: ('Analytics Engineering with SQL and dbt: Building Meaningful Data Models at Scale', 'Rui Pedro Machado', '41.', '3.9 out of 5 stars')
[2024-09-25T01:52:07.605+0000] {sql.py:518} INFO - Rows affected: 1
[2024-09-25T01:52:07.616+0000] {base.py:84} INFO - Retrieving connection 'books_connection'
[2024-09-25T01:52:07.621+0000] {sql.py:509} INFO - Running statement: 
    INSERT INTO books (title, authors, price, rating)
    VALUES (%s,%s,%s,%s)
    , parameters: ('Storytelling with Data: A Data Visualization Guide for Business Professionals', 'Cole Nussbaumer Knaflic', '27.', '4.6 out of 5 stars')
[2024-09-25T01:52:07.624+0000] {sql.py:518} INFO - Rows affected: 1
[2024-09-25T01:52:07.634+0000] {base.py:84} INFO - Retrieving connection 'books_connection'
[2024-09-25T01:52:07.639+0000] {sql.py:509} INFO - Running statement: 
    INSERT INTO books (title, authors, price, rating)
    VALUES (%s,%s,%s,%s)
    , parameters: ('Data Engineering with Apache Spark, Delta Lake, and Lakehouse: Create scalable pipelines that ingest, curate, and aggregate complex data in a timely and secure way', 'Manoj Kukreja', '46.', '3.9 out of 5 stars')
[2024-09-25T01:52:07.641+0000] {sql.py:518} INFO - Rows affected: 1
[2024-09-25T01:52:07.651+0000] {base.py:84} INFO - Retrieving connection 'books_connection'
[2024-09-25T01:52:07.656+0000] {sql.py:509} INFO - Running statement: 
    INSERT INTO books (title, authors, price, rating)
    VALUES (%s,%s,%s,%s)
    , parameters: ('Data Engineering with Google Cloud Platform: A practical guide to operationalizing scalable data analytics systems on GCP', 'Adi Wijaya', '39.', '4.7 out of 5 stars')
[2024-09-25T01:52:07.658+0000] {sql.py:518} INFO - Rows affected: 1
[2024-09-25T01:52:07.668+0000] {base.py:84} INFO - Retrieving connection 'books_connection'
[2024-09-25T01:52:07.674+0000] {sql.py:509} INFO - Running statement: 
    INSERT INTO books (title, authors, price, rating)
    VALUES (%s,%s,%s,%s)
    , parameters: ('Official Google Cloud Certified Professional Data Engineer Study Guide', 'Dan Sullivan', '33.', '4.5 out of 5 stars')
[2024-09-25T01:52:07.676+0000] {sql.py:518} INFO - Rows affected: 1
[2024-09-25T01:52:07.686+0000] {base.py:84} INFO - Retrieving connection 'books_connection'
[2024-09-25T01:52:07.691+0000] {sql.py:509} INFO - Running statement: 
    INSERT INTO books (title, authors, price, rating)
    VALUES (%s,%s,%s,%s)
    , parameters: ('Mastering the Data Paradox: Key to Winning in the AI Age', 'Nitin Seth', '17.', '4.8 out of 5 stars')
[2024-09-25T01:52:07.693+0000] {sql.py:518} INFO - Rows affected: 1
[2024-09-25T01:52:07.703+0000] {base.py:84} INFO - Retrieving connection 'books_connection'
[2024-09-25T01:52:07.708+0000] {sql.py:509} INFO - Running statement: 
    INSERT INTO books (title, authors, price, rating)
    VALUES (%s,%s,%s,%s)
    , parameters: ('Python Programming and SQL: 5 books in 1 - The #1 Coding Course from Beginner to Advanced. Learn it Well & Fast (2024) (Computer Programming)', 'Paperback', '29.', '4.3 out of 5 stars')
[2024-09-25T01:52:07.710+0000] {sql.py:518} INFO - Rows affected: 1
[2024-09-25T01:52:07.720+0000] {base.py:84} INFO - Retrieving connection 'books_connection'
[2024-09-25T01:52:07.725+0000] {sql.py:509} INFO - Running statement: 
    INSERT INTO books (title, authors, price, rating)
    VALUES (%s,%s,%s,%s)
    , parameters: ('Modern Data Engineering with Apache Spark: A Hands-On Guide for Building Mission-Critical Streaming Applications', 'Scott Haines', '30.', '4.1 out of 5 stars')
[2024-09-25T01:52:07.727+0000] {sql.py:518} INFO - Rows affected: 1
[2024-09-25T01:52:07.737+0000] {base.py:84} INFO - Retrieving connection 'books_connection'
[2024-09-25T01:52:07.742+0000] {sql.py:509} INFO - Running statement: 
    INSERT INTO books (title, authors, price, rating)
    VALUES (%s,%s,%s,%s)
    , parameters: ('Data Mesh: Delivering Data-Driven Value at Scale', 'Audible Audiobook', '0.', '4.5 out of 5 stars')
[2024-09-25T01:52:07.745+0000] {sql.py:518} INFO - Rows affected: 1
[2024-09-25T01:52:07.756+0000] {base.py:84} INFO - Retrieving connection 'books_connection'
[2024-09-25T01:52:07.761+0000] {sql.py:509} INFO - Running statement: 
    INSERT INTO books (title, authors, price, rating)
    VALUES (%s,%s,%s,%s)
    , parameters: ('Database Internals: A Deep Dive into How Distributed Data Systems Work', 'Alex Petrov', '36.', '4.6 out of 5 stars')
[2024-09-25T01:52:07.763+0000] {sql.py:518} INFO - Rows affected: 1
[2024-09-25T01:52:07.774+0000] {base.py:84} INFO - Retrieving connection 'books_connection'
[2024-09-25T01:52:07.779+0000] {sql.py:509} INFO - Running statement: 
    INSERT INTO books (title, authors, price, rating)
    VALUES (%s,%s,%s,%s)
    , parameters: ('Better Data Visualizations: A Guide for Scholars, Researchers, and Wonks', 'Jonathan Schwabish', '26.', '4.5 out of 5 stars')
[2024-09-25T01:52:07.781+0000] {sql.py:518} INFO - Rows affected: 1
[2024-09-25T01:52:07.791+0000] {base.py:84} INFO - Retrieving connection 'books_connection'
[2024-09-25T01:52:07.796+0000] {sql.py:509} INFO - Running statement: 
    INSERT INTO books (title, authors, price, rating)
    VALUES (%s,%s,%s,%s)
    , parameters: ('Machine Learning Engineering', 'Andriy Burkov', '39.', '4.7 out of 5 stars')
[2024-09-25T01:52:07.799+0000] {sql.py:518} INFO - Rows affected: 1
[2024-09-25T01:52:07.811+0000] {base.py:84} INFO - Retrieving connection 'books_connection'
[2024-09-25T01:52:07.816+0000] {sql.py:509} INFO - Running statement: 
    INSERT INTO books (title, authors, price, rating)
    VALUES (%s,%s,%s,%s)
    , parameters: ('Data Engineering with Databricks', 'Paperback', '25.', '3.4 out of 5 stars')
[2024-09-25T01:52:07.818+0000] {sql.py:518} INFO - Rows affected: 1
[2024-09-25T01:52:07.828+0000] {base.py:84} INFO - Retrieving connection 'books_connection'
[2024-09-25T01:52:07.833+0000] {sql.py:509} INFO - Running statement: 
    INSERT INTO books (title, authors, price, rating)
    VALUES (%s,%s,%s,%s)
    , parameters: ("Engineers' Data Book", 'Clifford Matthews', '26.', '4.6 out of 5 stars')
[2024-09-25T01:52:07.835+0000] {sql.py:518} INFO - Rows affected: 1
[2024-09-25T01:52:07.846+0000] {base.py:84} INFO - Retrieving connection 'books_connection'
[2024-09-25T01:52:07.851+0000] {sql.py:509} INFO - Running statement: 
    INSERT INTO books (title, authors, price, rating)
    VALUES (%s,%s,%s,%s)
    , parameters: ('Prompt Engineering for Generative AI: Future-Proof Inputs for Reliable AI Outputs', 'James Phoenix', '53.', '4.5 out of 5 stars')
[2024-09-25T01:52:07.853+0000] {sql.py:518} INFO - Rows affected: 1
[2024-09-25T01:52:07.866+0000] {base.py:84} INFO - Retrieving connection 'books_connection'
[2024-09-25T01:52:07.872+0000] {sql.py:509} INFO - Running statement: 
    INSERT INTO books (title, authors, price, rating)
    VALUES (%s,%s,%s,%s)
    , parameters: ('Designing Machine Learning Systems: An Iterative Process for Production-Ready Applications', 'Chip Huyen', '52.', '4.6 out of 5 stars')
[2024-09-25T01:52:07.874+0000] {sql.py:518} INFO - Rows affected: 1
[2024-09-25T01:52:07.886+0000] {base.py:84} INFO - Retrieving connection 'books_connection'
[2024-09-25T01:52:07.892+0000] {sql.py:509} INFO - Running statement: 
    INSERT INTO books (title, authors, price, rating)
    VALUES (%s,%s,%s,%s)
    , parameters: ("SQL QuickStart Guide: The Simplified Beginner's Guide to Managing, Analyzing, and Manipulating Data With SQL (Coding & Programming - QuickStart Guides)", 'Paperback', '23.', '4.6 out of 5 stars')
[2024-09-25T01:52:07.894+0000] {sql.py:518} INFO - Rows affected: 1
[2024-09-25T01:52:07.906+0000] {base.py:84} INFO - Retrieving connection 'books_connection'
[2024-09-25T01:52:07.911+0000] {sql.py:509} INFO - Running statement: 
    INSERT INTO books (title, authors, price, rating)
    VALUES (%s,%s,%s,%s)
    , parameters: ('Ultimate Azure Data Engineering: Build Robust Data Engineering Systems on Azure with SQL, ETL, Data Modeling, and Power BI for Business Insights and Crack Azure Certifications (English Edition)', 'Ashish Agarwal', '39.', '5.0 out of 5 stars')
[2024-09-25T01:52:07.913+0000] {sql.py:518} INFO - Rows affected: 1
[2024-09-25T01:52:07.925+0000] {base.py:84} INFO - Retrieving connection 'books_connection'
[2024-09-25T01:52:07.931+0000] {sql.py:509} INFO - Running statement: 
    INSERT INTO books (title, authors, price, rating)
    VALUES (%s,%s,%s,%s)
    , parameters: ('Building ETL Pipelines with Python: Create and deploy enterprise-ready ETL pipelines by employing modern methods', 'Brij Kishore Pandey', '34.', '4.2 out of 5 stars')
[2024-09-25T01:52:07.934+0000] {sql.py:518} INFO - Rows affected: 1
[2024-09-25T01:52:07.938+0000] {python.py:240} INFO - Done. Returned value was: None
[2024-09-25T01:52:07.954+0000] {taskinstance.py:340} INFO - ::group::Post task execution logs
[2024-09-25T01:52:07.955+0000] {taskinstance.py:352} INFO - Marking task as SUCCESS. dag_id=fetch_and_store_amazon_books, task_id=insert_book_data, run_id=scheduled__2024-07-05T00:00:00+00:00, execution_date=20240705T000000, start_date=20240925T015206, end_date=20240925T015207
[2024-09-25T01:52:07.972+0000] {logging_mixin.py:190} INFO - Task instance in success state
[2024-09-25T01:52:07.973+0000] {logging_mixin.py:190} INFO -  Previous state of the Task instance: running
[2024-09-25T01:52:07.974+0000] {logging_mixin.py:190} INFO - Dag name:fetch_and_store_amazon_books queued_at:2024-09-25 01:52:05.053327+00:00
[2024-09-25T01:52:07.975+0000] {logging_mixin.py:190} INFO - Task hostname:12236234e313 operator:PythonOperator
[2024-09-25T01:52:08.012+0000] {local_task_job_runner.py:266} INFO - Task exited with return code 0
[2024-09-25T01:52:08.037+0000] {taskinstance.py:3900} INFO - 0 downstream tasks scheduled from follow-on schedule check
[2024-09-25T01:52:08.040+0000] {local_task_job_runner.py:245} INFO - ::endgroup::
