[2024-09-25T01:51:49.576+0000] {local_task_job_runner.py:123} INFO - ::group::Pre task execution logs
[2024-09-25T01:51:49.596+0000] {taskinstance.py:2612} INFO - Dependencies all met for dep_context=non-requeueable deps ti=<TaskInstance: fetch_and_store_amazon_books.insert_book_data scheduled__2024-06-30T00:00:00+00:00 [queued]>
[2024-09-25T01:51:49.607+0000] {taskinstance.py:2612} INFO - Dependencies all met for dep_context=requeueable deps ti=<TaskInstance: fetch_and_store_amazon_books.insert_book_data scheduled__2024-06-30T00:00:00+00:00 [queued]>
[2024-09-25T01:51:49.609+0000] {taskinstance.py:2865} INFO - Starting attempt 3 of 4
[2024-09-25T01:51:49.626+0000] {taskinstance.py:2888} INFO - Executing <Task(PythonOperator): insert_book_data> on 2024-06-30 00:00:00+00:00
[2024-09-25T01:51:49.635+0000] {warnings.py:112} WARNING - /home/***/.local/lib/python3.12/site-packages/***/task/task_runner/standard_task_runner.py:70: DeprecationWarning: This process (pid=3647) is multi-threaded, use of fork() may lead to deadlocks in the child.
  pid = os.fork()

[2024-09-25T01:51:49.638+0000] {standard_task_runner.py:72} INFO - Started process 3649 to run task
[2024-09-25T01:51:49.637+0000] {standard_task_runner.py:104} INFO - Running: ['***', 'tasks', 'run', 'fetch_and_store_amazon_books', 'insert_book_data', 'scheduled__2024-06-30T00:00:00+00:00', '--job-id', '126', '--raw', '--subdir', 'DAGS_FOLDER/dag.py', '--cfg-path', '/tmp/tmpwuw9q117']
[2024-09-25T01:51:49.639+0000] {standard_task_runner.py:105} INFO - Job 126: Subtask insert_book_data
[2024-09-25T01:51:49.694+0000] {task_command.py:467} INFO - Running <TaskInstance: fetch_and_store_amazon_books.insert_book_data scheduled__2024-06-30T00:00:00+00:00 [running]> on host 12236234e313
[2024-09-25T01:51:49.785+0000] {taskinstance.py:3131} INFO - Exporting env vars: AIRFLOW_CTX_DAG_OWNER='***' AIRFLOW_CTX_DAG_ID='fetch_and_store_amazon_books' AIRFLOW_CTX_TASK_ID='insert_book_data' AIRFLOW_CTX_EXECUTION_DATE='2024-06-30T00:00:00+00:00' AIRFLOW_CTX_TRY_NUMBER='3' AIRFLOW_CTX_DAG_RUN_ID='scheduled__2024-06-30T00:00:00+00:00'
[2024-09-25T01:51:49.787+0000] {logging_mixin.py:190} INFO - Task instance is in running state
[2024-09-25T01:51:49.789+0000] {logging_mixin.py:190} INFO -  Previous state of the Task instance: queued
[2024-09-25T01:51:49.789+0000] {logging_mixin.py:190} INFO - Current task name:insert_book_data state:running start_date:2024-09-25 01:51:49.597551+00:00
[2024-09-25T01:51:49.791+0000] {logging_mixin.py:190} INFO - Dag name:fetch_and_store_amazon_books and current dag run status:running
[2024-09-25T01:51:49.792+0000] {taskinstance.py:731} INFO - ::endgroup::
[2024-09-25T01:51:49.812+0000] {base.py:84} INFO - Retrieving connection 'books_connection'
[2024-09-25T01:51:49.816+0000] {sql.py:509} INFO - Running statement: 
    INSERT INTO books (title, authors, price, rating)
    VALUES (%s,%s,%s,%s)
    , parameters: ('Data Engineering with AWS - Second Edition: Acquire the skills to design and build AWS-based data transformation pipelines like a pro', 'Gareth Eagar', '41.', '4.4 out of 5 stars')
[2024-09-25T01:51:49.818+0000] {sql.py:518} INFO - Rows affected: 1
[2024-09-25T01:51:49.827+0000] {base.py:84} INFO - Retrieving connection 'books_connection'
[2024-09-25T01:51:49.831+0000] {sql.py:509} INFO - Running statement: 
    INSERT INTO books (title, authors, price, rating)
    VALUES (%s,%s,%s,%s)
    , parameters: ('Data Engineering 101', 'Hardcover', '30.', '4.6 out of 5 stars')
[2024-09-25T01:51:49.833+0000] {sql.py:518} INFO - Rows affected: 1
[2024-09-25T01:51:49.842+0000] {base.py:84} INFO - Retrieving connection 'books_connection'
[2024-09-25T01:51:49.846+0000] {sql.py:509} INFO - Running statement: 
    INSERT INTO books (title, authors, price, rating)
    VALUES (%s,%s,%s,%s)
    , parameters: ('Azure Data Engineer Associate Certification Guide: Ace the DP-203 exam with advanced data engineering skills', 'Giacinto Palmieri', '32.', '4.4 out of 5 stars')
[2024-09-25T01:51:49.848+0000] {sql.py:518} INFO - Rows affected: 1
[2024-09-25T01:51:49.857+0000] {base.py:84} INFO - Retrieving connection 'books_connection'
[2024-09-25T01:51:49.861+0000] {sql.py:509} INFO - Running statement: 
    INSERT INTO books (title, authors, price, rating)
    VALUES (%s,%s,%s,%s)
    , parameters: ('Data Engineering with dbt: A practical guide to building a cloud-based, pragmatic, and dependable data platform with SQL', 'Roberto Zagni', '37.', '4.6 out of 5 stars')
[2024-09-25T01:51:49.862+0000] {sql.py:518} INFO - Rows affected: 1
[2024-09-25T01:51:49.870+0000] {base.py:84} INFO - Retrieving connection 'books_connection'
[2024-09-25T01:51:49.874+0000] {sql.py:509} INFO - Running statement: 
    INSERT INTO books (title, authors, price, rating)
    VALUES (%s,%s,%s,%s)
    , parameters: ('Fundamentals of Data Engineering: Plan and Build Robust Data Systems', 'Joe Reis', '42.', '4.7 out of 5 stars')
[2024-09-25T01:51:49.876+0000] {sql.py:518} INFO - Rows affected: 1
[2024-09-25T01:51:49.884+0000] {base.py:84} INFO - Retrieving connection 'books_connection'
[2024-09-25T01:51:49.888+0000] {sql.py:509} INFO - Running statement: 
    INSERT INTO books (title, authors, price, rating)
    VALUES (%s,%s,%s,%s)
    , parameters: ('Designing Data-Intensive Applications: The Big Ideas Behind Reliable, Scalable, and Maintainable Systems', 'Martin Kleppmann', '46.', '4.8 out of 5 stars')
[2024-09-25T01:51:49.889+0000] {sql.py:518} INFO - Rows affected: 1
[2024-09-25T01:51:49.897+0000] {base.py:84} INFO - Retrieving connection 'books_connection'
[2024-09-25T01:51:49.901+0000] {sql.py:509} INFO - Running statement: 
    INSERT INTO books (title, authors, price, rating)
    VALUES (%s,%s,%s,%s)
    , parameters: ('Data Pipelines Pocket Reference: Moving and Processing Data for Analytics', 'James Densmore', '17.', '4.5 out of 5 stars')
[2024-09-25T01:51:49.903+0000] {sql.py:518} INFO - Rows affected: 1
[2024-09-25T01:51:49.911+0000] {base.py:84} INFO - Retrieving connection 'books_connection'
[2024-09-25T01:51:49.915+0000] {sql.py:509} INFO - Running statement: 
    INSERT INTO books (title, authors, price, rating)
    VALUES (%s,%s,%s,%s)
    , parameters: ('Fundamentals of Data Analytics: Learn Essential Skills, Embrace the Future, and Catapult Your Career in the Data-Driven World—A Comprehensive Guide to Data Literacy for Beginners', 'Russell Dawson', '17.', '4.8 out of 5 stars')
[2024-09-25T01:51:49.917+0000] {sql.py:518} INFO - Rows affected: 1
[2024-09-25T01:51:49.925+0000] {base.py:84} INFO - Retrieving connection 'books_connection'
[2024-09-25T01:51:49.929+0000] {sql.py:509} INFO - Running statement: 
    INSERT INTO books (title, authors, price, rating)
    VALUES (%s,%s,%s,%s)
    , parameters: ("Ultimate Data Engineering with Databricks: Develop Scalable Data Pipelines Using Data Engineering's Core Tenets Such as Delta Tables, Ingestion, ... Security, and Scalability (English Edition)", 'Mayank Malhotra', '37.', '4.1 out of 5 stars')
[2024-09-25T01:51:49.930+0000] {sql.py:518} INFO - Rows affected: 1
[2024-09-25T01:51:49.939+0000] {base.py:84} INFO - Retrieving connection 'books_connection'
[2024-09-25T01:51:49.943+0000] {sql.py:509} INFO - Running statement: 
    INSERT INTO books (title, authors, price, rating)
    VALUES (%s,%s,%s,%s)
    , parameters: ('Data Engineering with Python: Work with massive datasets to design data models and automate data pipelines using Python', 'Paul Crickard', '37.', '4.1 out of 5 stars')
[2024-09-25T01:51:49.945+0000] {sql.py:518} INFO - Rows affected: 1
[2024-09-25T01:51:49.954+0000] {base.py:84} INFO - Retrieving connection 'books_connection'
[2024-09-25T01:51:49.957+0000] {sql.py:509} INFO - Running statement: 
    INSERT INTO books (title, authors, price, rating)
    VALUES (%s,%s,%s,%s)
    , parameters: ('Cracking the Data Engineering Interview: Land your dream job with the help of resume-building tips, over 100 mock questions, and a unique portfolio', 'Kedeisha Bryan', '26.', '4.4 out of 5 stars')
[2024-09-25T01:51:49.959+0000] {sql.py:518} INFO - Rows affected: 1
[2024-09-25T01:51:49.969+0000] {base.py:84} INFO - Retrieving connection 'books_connection'
[2024-09-25T01:51:49.973+0000] {sql.py:509} INFO - Running statement: 
    INSERT INTO books (title, authors, price, rating)
    VALUES (%s,%s,%s,%s)
    , parameters: ('Data Governance Handbook: A practical approach to building trust in data', 'Wendy S Batchelder', '32.', '5.0 out of 5 stars')
[2024-09-25T01:51:49.975+0000] {sql.py:518} INFO - Rows affected: 1
[2024-09-25T01:51:49.984+0000] {base.py:84} INFO - Retrieving connection 'books_connection'
[2024-09-25T01:51:49.988+0000] {sql.py:509} INFO - Running statement: 
    INSERT INTO books (title, authors, price, rating)
    VALUES (%s,%s,%s,%s)
    , parameters: ('Ace the Data Engineering Interview: Questions and Answers for Python, SQL, Data Modeling and More', 'Sean Coyne', '24.', '3.8 out of 5 stars')
[2024-09-25T01:51:49.991+0000] {sql.py:518} INFO - Rows affected: 1
[2024-09-25T01:51:50.000+0000] {base.py:84} INFO - Retrieving connection 'books_connection'
[2024-09-25T01:51:50.004+0000] {sql.py:509} INFO - Running statement: 
    INSERT INTO books (title, authors, price, rating)
    VALUES (%s,%s,%s,%s)
    , parameters: ('Data Engineering with Databricks Cookbook: Build effective data and AI solutions using Apache Spark, Databricks, and Delta Lake', 'Pulkit Chadha', '33.', '4.3 out of 5 stars')
[2024-09-25T01:51:50.006+0000] {sql.py:518} INFO - Rows affected: 1
[2024-09-25T01:51:50.016+0000] {base.py:84} INFO - Retrieving connection 'books_connection'
[2024-09-25T01:51:50.021+0000] {sql.py:509} INFO - Running statement: 
    INSERT INTO books (title, authors, price, rating)
    VALUES (%s,%s,%s,%s)
    , parameters: ('Ace the Data Science Interview: 201 Real Interview Questions Asked By FAANG, Tech Startups, & Wall Street', 'Nick Singh', '34.', '4.5 out of 5 stars')
[2024-09-25T01:51:50.023+0000] {sql.py:518} INFO - Rows affected: 1
[2024-09-25T01:51:50.032+0000] {base.py:84} INFO - Retrieving connection 'books_connection'
[2024-09-25T01:51:50.036+0000] {sql.py:509} INFO - Running statement: 
    INSERT INTO books (title, authors, price, rating)
    VALUES (%s,%s,%s,%s)
    , parameters: ('Essentials of Data Engineering', 'Dr. Mukesh Saini', '19.', '5.0 out of 5 stars')
[2024-09-25T01:51:50.038+0000] {sql.py:518} INFO - Rows affected: 1
[2024-09-25T01:51:50.048+0000] {base.py:84} INFO - Retrieving connection 'books_connection'
[2024-09-25T01:51:50.053+0000] {sql.py:509} INFO - Running statement: 
    INSERT INTO books (title, authors, price, rating)
    VALUES (%s,%s,%s,%s)
    , parameters: ("Engineering Data Mesh in Azure Cloud: Implement data mesh using Microsoft Azure's Cloud Adoption Framework", 'Paperback', '47.', '4.5 out of 5 stars')
[2024-09-25T01:51:50.055+0000] {sql.py:518} INFO - Rows affected: 1
[2024-09-25T01:51:50.067+0000] {base.py:84} INFO - Retrieving connection 'books_connection'
[2024-09-25T01:51:50.072+0000] {sql.py:509} INFO - Running statement: 
    INSERT INTO books (title, authors, price, rating)
    VALUES (%s,%s,%s,%s)
    , parameters: ('Data Observability for Data Engineering: Proactive strategies for ensuring data accuracy and addressing broken data pipelines', 'Michele Pinto', '36.', '3.7 out of 5 stars')
[2024-09-25T01:51:50.075+0000] {sql.py:518} INFO - Rows affected: 1
[2024-09-25T01:51:50.086+0000] {base.py:84} INFO - Retrieving connection 'books_connection'
[2024-09-25T01:51:50.092+0000] {sql.py:509} INFO - Running statement: 
    INSERT INTO books (title, authors, price, rating)
    VALUES (%s,%s,%s,%s)
    , parameters: ('Data Engineering with Python cookbook: Learn to build efficient data pipelines using the Modern Cloud Data Stack', 'Adithyan Ramanujakootam', '32.', '5.0 out of 5 stars')
[2024-09-25T01:51:50.095+0000] {sql.py:518} INFO - Rows affected: 1
[2024-09-25T01:51:50.107+0000] {base.py:84} INFO - Retrieving connection 'books_connection'
[2024-09-25T01:51:50.113+0000] {sql.py:509} INFO - Running statement: 
    INSERT INTO books (title, authors, price, rating)
    VALUES (%s,%s,%s,%s)
    , parameters: ('Data Engineering with AWS: Learn how to design and build cloud-based data transformation pipelines using AWS', 'Gareth Eagar', '49.', '4.4 out of 5 stars')
[2024-09-25T01:51:50.115+0000] {sql.py:518} INFO - Rows affected: 1
[2024-09-25T01:51:50.128+0000] {base.py:84} INFO - Retrieving connection 'books_connection'
[2024-09-25T01:51:50.132+0000] {sql.py:509} INFO - Running statement: 
    INSERT INTO books (title, authors, price, rating)
    VALUES (%s,%s,%s,%s)
    , parameters: ('97 Things Every Data Engineer Should Know: Collective Wisdom from the Experts', 'Tobias Macey', '28.', '4.1 out of 5 stars')
[2024-09-25T01:51:50.134+0000] {sql.py:518} INFO - Rows affected: 1
[2024-09-25T01:51:50.146+0000] {base.py:84} INFO - Retrieving connection 'books_connection'
[2024-09-25T01:51:50.152+0000] {sql.py:509} INFO - Running statement: 
    INSERT INTO books (title, authors, price, rating)
    VALUES (%s,%s,%s,%s)
    , parameters: ('Data Privacy: A runbook for engineers', 'Nishant Bhajaria', '35.', '4.8 out of 5 stars')
[2024-09-25T01:51:50.154+0000] {sql.py:518} INFO - Rows affected: 1
[2024-09-25T01:51:50.166+0000] {base.py:84} INFO - Retrieving connection 'books_connection'
[2024-09-25T01:51:50.171+0000] {sql.py:509} INFO - Running statement: 
    INSERT INTO books (title, authors, price, rating)
    VALUES (%s,%s,%s,%s)
    , parameters: ('Data Engineering with Alteryx: Helping data engineers apply DataOps practices with Alteryx', 'Paul Houghton', '44.', '4.3 out of 5 stars')
[2024-09-25T01:51:50.173+0000] {sql.py:518} INFO - Rows affected: 1
[2024-09-25T01:51:50.184+0000] {base.py:84} INFO - Retrieving connection 'books_connection'
[2024-09-25T01:51:50.189+0000] {sql.py:509} INFO - Running statement: 
    INSERT INTO books (title, authors, price, rating)
    VALUES (%s,%s,%s,%s)
    , parameters: ('Software Engineering for Data Scientists: From Notebooks to Scalable Systems', 'Catherine Nelson', '51.', '4.4 out of 5 stars')
[2024-09-25T01:51:50.192+0000] {sql.py:518} INFO - Rows affected: 1
[2024-09-25T01:51:50.204+0000] {base.py:84} INFO - Retrieving connection 'books_connection'
[2024-09-25T01:51:50.210+0000] {sql.py:509} INFO - Running statement: 
    INSERT INTO books (title, authors, price, rating)
    VALUES (%s,%s,%s,%s)
    , parameters: ('DATA ENGINEERING AND AI FOR BEGINNERS: Revolutionizing Data Processing and Analytics by Leveraging Artificial Intelligence for Efficient Input Collection, Storage, and Transformation (World of AI)', 'Paperback', '13.', '4.3 out of 5 stars')
[2024-09-25T01:51:50.213+0000] {sql.py:518} INFO - Rows affected: 1
[2024-09-25T01:51:50.224+0000] {base.py:84} INFO - Retrieving connection 'books_connection'
[2024-09-25T01:51:50.230+0000] {sql.py:509} INFO - Running statement: 
    INSERT INTO books (title, authors, price, rating)
    VALUES (%s,%s,%s,%s)
    , parameters: ('Data-Driven Science and Engineering: Machine Learning, Dynamical Systems, and Control', 'Steven L. Brunton', '64.', '4.8 out of 5 stars')
[2024-09-25T01:51:50.232+0000] {sql.py:518} INFO - Rows affected: 1
[2024-09-25T01:51:50.243+0000] {base.py:84} INFO - Retrieving connection 'books_connection'
[2024-09-25T01:51:50.249+0000] {sql.py:509} INFO - Running statement: 
    INSERT INTO books (title, authors, price, rating)
    VALUES (%s,%s,%s,%s)
    , parameters: ("Data Quality Fundamentals: A Practitioner's Guide to Building Trustworthy Data Pipelines", 'Paperback', '45.', '4.1 out of 5 stars')
[2024-09-25T01:51:50.252+0000] {sql.py:518} INFO - Rows affected: 1
[2024-09-25T01:51:50.264+0000] {base.py:84} INFO - Retrieving connection 'books_connection'
[2024-09-25T01:51:50.269+0000] {sql.py:509} INFO - Running statement: 
    INSERT INTO books (title, authors, price, rating)
    VALUES (%s,%s,%s,%s)
    , parameters: ('Data Engineering with Scala and Spark: A practical guide helping you build streaming and batch pipelines that process massive amounts of data using Scala', 'Eric Tome', '36.', '4.1 out of 5 stars')
[2024-09-25T01:51:50.272+0000] {sql.py:518} INFO - Rows affected: 1
[2024-09-25T01:51:50.286+0000] {base.py:84} INFO - Retrieving connection 'books_connection'
[2024-09-25T01:51:50.293+0000] {sql.py:509} INFO - Running statement: 
    INSERT INTO books (title, authors, price, rating)
    VALUES (%s,%s,%s,%s)
    , parameters: ('Data Engineering with Google Cloud Platform: A guide to leveling up as a data engineer by building a scalable data platform with Google Cloud', 'Adi Wijaya', '41.', '5.0 out of 5 stars')
[2024-09-25T01:51:50.297+0000] {sql.py:518} INFO - Rows affected: 1
[2024-09-25T01:51:50.317+0000] {base.py:84} INFO - Retrieving connection 'books_connection'
[2024-09-25T01:51:50.324+0000] {sql.py:509} INFO - Running statement: 
    INSERT INTO books (title, authors, price, rating)
    VALUES (%s,%s,%s,%s)
    , parameters: ('Analytics Engineering with SQL and dbt: Building Meaningful Data Models at Scale', 'Rui Pedro Machado', '41.', '3.9 out of 5 stars')
[2024-09-25T01:51:50.328+0000] {sql.py:518} INFO - Rows affected: 1
[2024-09-25T01:51:50.346+0000] {base.py:84} INFO - Retrieving connection 'books_connection'
[2024-09-25T01:51:50.353+0000] {sql.py:509} INFO - Running statement: 
    INSERT INTO books (title, authors, price, rating)
    VALUES (%s,%s,%s,%s)
    , parameters: ('Storytelling with Data: A Data Visualization Guide for Business Professionals', 'Cole Nussbaumer Knaflic', '27.', '4.6 out of 5 stars')
[2024-09-25T01:51:50.356+0000] {sql.py:518} INFO - Rows affected: 1
[2024-09-25T01:51:50.370+0000] {base.py:84} INFO - Retrieving connection 'books_connection'
[2024-09-25T01:51:50.379+0000] {sql.py:509} INFO - Running statement: 
    INSERT INTO books (title, authors, price, rating)
    VALUES (%s,%s,%s,%s)
    , parameters: ('Data Engineering with Apache Spark, Delta Lake, and Lakehouse: Create scalable pipelines that ingest, curate, and aggregate complex data in a timely and secure way', 'Manoj Kukreja', '46.', '3.9 out of 5 stars')
[2024-09-25T01:51:50.382+0000] {sql.py:518} INFO - Rows affected: 1
[2024-09-25T01:51:50.397+0000] {base.py:84} INFO - Retrieving connection 'books_connection'
[2024-09-25T01:51:50.403+0000] {sql.py:509} INFO - Running statement: 
    INSERT INTO books (title, authors, price, rating)
    VALUES (%s,%s,%s,%s)
    , parameters: ('Data Engineering with Google Cloud Platform: A practical guide to operationalizing scalable data analytics systems on GCP', 'Adi Wijaya', '39.', '4.7 out of 5 stars')
[2024-09-25T01:51:50.406+0000] {sql.py:518} INFO - Rows affected: 1
[2024-09-25T01:51:50.421+0000] {base.py:84} INFO - Retrieving connection 'books_connection'
[2024-09-25T01:51:50.427+0000] {sql.py:509} INFO - Running statement: 
    INSERT INTO books (title, authors, price, rating)
    VALUES (%s,%s,%s,%s)
    , parameters: ('Official Google Cloud Certified Professional Data Engineer Study Guide', 'Dan Sullivan', '33.', '4.5 out of 5 stars')
[2024-09-25T01:51:50.430+0000] {sql.py:518} INFO - Rows affected: 1
[2024-09-25T01:51:50.443+0000] {base.py:84} INFO - Retrieving connection 'books_connection'
[2024-09-25T01:51:50.450+0000] {sql.py:509} INFO - Running statement: 
    INSERT INTO books (title, authors, price, rating)
    VALUES (%s,%s,%s,%s)
    , parameters: ('Mastering the Data Paradox: Key to Winning in the AI Age', 'Nitin Seth', '17.', '4.8 out of 5 stars')
[2024-09-25T01:51:50.453+0000] {sql.py:518} INFO - Rows affected: 1
[2024-09-25T01:51:50.467+0000] {base.py:84} INFO - Retrieving connection 'books_connection'
[2024-09-25T01:51:50.473+0000] {sql.py:509} INFO - Running statement: 
    INSERT INTO books (title, authors, price, rating)
    VALUES (%s,%s,%s,%s)
    , parameters: ('Python Programming and SQL: 5 books in 1 - The #1 Coding Course from Beginner to Advanced. Learn it Well & Fast (2024) (Computer Programming)', 'Paperback', '29.', '4.3 out of 5 stars')
[2024-09-25T01:51:50.476+0000] {sql.py:518} INFO - Rows affected: 1
[2024-09-25T01:51:50.490+0000] {base.py:84} INFO - Retrieving connection 'books_connection'
[2024-09-25T01:51:50.498+0000] {sql.py:509} INFO - Running statement: 
    INSERT INTO books (title, authors, price, rating)
    VALUES (%s,%s,%s,%s)
    , parameters: ('Modern Data Engineering with Apache Spark: A Hands-On Guide for Building Mission-Critical Streaming Applications', 'Scott Haines', '30.', '4.1 out of 5 stars')
[2024-09-25T01:51:50.500+0000] {sql.py:518} INFO - Rows affected: 1
[2024-09-25T01:51:50.513+0000] {base.py:84} INFO - Retrieving connection 'books_connection'
[2024-09-25T01:51:50.519+0000] {sql.py:509} INFO - Running statement: 
    INSERT INTO books (title, authors, price, rating)
    VALUES (%s,%s,%s,%s)
    , parameters: ('Data Mesh: Delivering Data-Driven Value at Scale', 'Audible Audiobook', '0.', '4.5 out of 5 stars')
[2024-09-25T01:51:50.522+0000] {sql.py:518} INFO - Rows affected: 1
[2024-09-25T01:51:50.536+0000] {base.py:84} INFO - Retrieving connection 'books_connection'
[2024-09-25T01:51:50.543+0000] {sql.py:509} INFO - Running statement: 
    INSERT INTO books (title, authors, price, rating)
    VALUES (%s,%s,%s,%s)
    , parameters: ('Database Internals: A Deep Dive into How Distributed Data Systems Work', 'Alex Petrov', '36.', '4.6 out of 5 stars')
[2024-09-25T01:51:50.546+0000] {sql.py:518} INFO - Rows affected: 1
[2024-09-25T01:51:50.562+0000] {base.py:84} INFO - Retrieving connection 'books_connection'
[2024-09-25T01:51:50.568+0000] {sql.py:509} INFO - Running statement: 
    INSERT INTO books (title, authors, price, rating)
    VALUES (%s,%s,%s,%s)
    , parameters: ('Data Modeling with Snowflake: A practical guide to accelerating Snowflake development using universal data modeling techniques', 'Serge Gershkovich', '36.', '4.8 out of 5 stars')
[2024-09-25T01:51:50.571+0000] {sql.py:518} INFO - Rows affected: 1
[2024-09-25T01:51:50.587+0000] {base.py:84} INFO - Retrieving connection 'books_connection'
[2024-09-25T01:51:50.593+0000] {sql.py:509} INFO - Running statement: 
    INSERT INTO books (title, authors, price, rating)
    VALUES (%s,%s,%s,%s)
    , parameters: ('Better Data Visualizations: A Guide for Scholars, Researchers, and Wonks', 'Jonathan Schwabish', '26.', '4.5 out of 5 stars')
[2024-09-25T01:51:50.596+0000] {sql.py:518} INFO - Rows affected: 1
[2024-09-25T01:51:50.609+0000] {base.py:84} INFO - Retrieving connection 'books_connection'
[2024-09-25T01:51:50.616+0000] {sql.py:509} INFO - Running statement: 
    INSERT INTO books (title, authors, price, rating)
    VALUES (%s,%s,%s,%s)
    , parameters: ('Machine Learning Engineering', 'Andriy Burkov', '39.', '4.7 out of 5 stars')
[2024-09-25T01:51:50.619+0000] {sql.py:518} INFO - Rows affected: 1
[2024-09-25T01:51:50.635+0000] {base.py:84} INFO - Retrieving connection 'books_connection'
[2024-09-25T01:51:50.641+0000] {sql.py:509} INFO - Running statement: 
    INSERT INTO books (title, authors, price, rating)
    VALUES (%s,%s,%s,%s)
    , parameters: ('Data Engineering with Databricks', 'Paperback', '25.', '3.4 out of 5 stars')
[2024-09-25T01:51:50.644+0000] {sql.py:518} INFO - Rows affected: 1
[2024-09-25T01:51:50.659+0000] {base.py:84} INFO - Retrieving connection 'books_connection'
[2024-09-25T01:51:50.666+0000] {sql.py:509} INFO - Running statement: 
    INSERT INTO books (title, authors, price, rating)
    VALUES (%s,%s,%s,%s)
    , parameters: ("Engineers' Data Book", 'Clifford Matthews', '26.', '4.6 out of 5 stars')
[2024-09-25T01:51:50.669+0000] {sql.py:518} INFO - Rows affected: 1
[2024-09-25T01:51:50.683+0000] {base.py:84} INFO - Retrieving connection 'books_connection'
[2024-09-25T01:51:50.690+0000] {sql.py:509} INFO - Running statement: 
    INSERT INTO books (title, authors, price, rating)
    VALUES (%s,%s,%s,%s)
    , parameters: ('Prompt Engineering for Generative AI: Future-Proof Inputs for Reliable AI Outputs', 'James Phoenix', '53.', '4.5 out of 5 stars')
[2024-09-25T01:51:50.693+0000] {sql.py:518} INFO - Rows affected: 1
[2024-09-25T01:51:50.708+0000] {base.py:84} INFO - Retrieving connection 'books_connection'
[2024-09-25T01:51:50.715+0000] {sql.py:509} INFO - Running statement: 
    INSERT INTO books (title, authors, price, rating)
    VALUES (%s,%s,%s,%s)
    , parameters: ('Designing Machine Learning Systems: An Iterative Process for Production-Ready Applications', 'Chip Huyen', '52.', '4.6 out of 5 stars')
[2024-09-25T01:51:50.718+0000] {sql.py:518} INFO - Rows affected: 1
[2024-09-25T01:51:50.732+0000] {base.py:84} INFO - Retrieving connection 'books_connection'
[2024-09-25T01:51:50.738+0000] {sql.py:509} INFO - Running statement: 
    INSERT INTO books (title, authors, price, rating)
    VALUES (%s,%s,%s,%s)
    , parameters: ("SQL QuickStart Guide: The Simplified Beginner's Guide to Managing, Analyzing, and Manipulating Data With SQL (Coding & Programming - QuickStart Guides)", 'Paperback', '23.', '4.6 out of 5 stars')
[2024-09-25T01:51:50.741+0000] {sql.py:518} INFO - Rows affected: 1
[2024-09-25T01:51:50.755+0000] {base.py:84} INFO - Retrieving connection 'books_connection'
[2024-09-25T01:51:50.761+0000] {sql.py:509} INFO - Running statement: 
    INSERT INTO books (title, authors, price, rating)
    VALUES (%s,%s,%s,%s)
    , parameters: ('Ultimate Azure Data Engineering: Build Robust Data Engineering Systems on Azure with SQL, ETL, Data Modeling, and Power BI for Business Insights and Crack Azure Certifications (English Edition)', 'Ashish Agarwal', '39.', '5.0 out of 5 stars')
[2024-09-25T01:51:50.765+0000] {sql.py:518} INFO - Rows affected: 1
[2024-09-25T01:51:50.780+0000] {base.py:84} INFO - Retrieving connection 'books_connection'
[2024-09-25T01:51:50.786+0000] {sql.py:509} INFO - Running statement: 
    INSERT INTO books (title, authors, price, rating)
    VALUES (%s,%s,%s,%s)
    , parameters: ('Building ETL Pipelines with Python: Create and deploy enterprise-ready ETL pipelines by employing modern methods', 'Brij Kishore Pandey', '34.', '4.2 out of 5 stars')
[2024-09-25T01:51:50.789+0000] {sql.py:518} INFO - Rows affected: 1
[2024-09-25T01:51:50.803+0000] {base.py:84} INFO - Retrieving connection 'books_connection'
[2024-09-25T01:51:50.811+0000] {sql.py:509} INFO - Running statement: 
    INSERT INTO books (title, authors, price, rating)
    VALUES (%s,%s,%s,%s)
    , parameters: ("The Baofeng Radio Guerrilla's Bible 16 Books in 1: The Guerrilla's Comprehensive Manual: Mastering Your Baofeng Radio for Every Situation - Essential Tactics for Emergencies,Disasters,Covert Oper...", 'Paperback', '34.', '4.5 out of 5 stars')
[2024-09-25T01:51:50.814+0000] {sql.py:518} INFO - Rows affected: 1
[2024-09-25T01:51:50.817+0000] {python.py:240} INFO - Done. Returned value was: None
[2024-09-25T01:51:50.834+0000] {taskinstance.py:340} INFO - ::group::Post task execution logs
[2024-09-25T01:51:50.835+0000] {taskinstance.py:352} INFO - Marking task as SUCCESS. dag_id=fetch_and_store_amazon_books, task_id=insert_book_data, run_id=scheduled__2024-06-30T00:00:00+00:00, execution_date=20240630T000000, start_date=20240925T015149, end_date=20240925T015150
[2024-09-25T01:51:50.853+0000] {logging_mixin.py:190} INFO - Task instance in success state
[2024-09-25T01:51:50.854+0000] {logging_mixin.py:190} INFO -  Previous state of the Task instance: running
[2024-09-25T01:51:50.855+0000] {logging_mixin.py:190} INFO - Dag name:fetch_and_store_amazon_books queued_at:2024-09-25 01:51:47.886532+00:00
[2024-09-25T01:51:50.856+0000] {logging_mixin.py:190} INFO - Task hostname:12236234e313 operator:PythonOperator
[2024-09-25T01:51:50.900+0000] {local_task_job_runner.py:266} INFO - Task exited with return code 0
[2024-09-25T01:51:50.925+0000] {taskinstance.py:3900} INFO - 0 downstream tasks scheduled from follow-on schedule check
[2024-09-25T01:51:50.929+0000] {local_task_job_runner.py:245} INFO - ::endgroup::
