[2024-09-25T01:51:46.366+0000] {local_task_job_runner.py:123} INFO - ::group::Pre task execution logs
[2024-09-25T01:51:46.386+0000] {taskinstance.py:2612} INFO - Dependencies all met for dep_context=non-requeueable deps ti=<TaskInstance: fetch_and_store_amazon_books.insert_book_data scheduled__2024-06-29T00:00:00+00:00 [queued]>
[2024-09-25T01:51:46.395+0000] {taskinstance.py:2612} INFO - Dependencies all met for dep_context=requeueable deps ti=<TaskInstance: fetch_and_store_amazon_books.insert_book_data scheduled__2024-06-29T00:00:00+00:00 [queued]>
[2024-09-25T01:51:46.398+0000] {taskinstance.py:2865} INFO - Starting attempt 3 of 4
[2024-09-25T01:51:46.413+0000] {taskinstance.py:2888} INFO - Executing <Task(PythonOperator): insert_book_data> on 2024-06-29 00:00:00+00:00
[2024-09-25T01:51:46.422+0000] {warnings.py:112} WARNING - /home/***/.local/lib/python3.12/site-packages/***/task/task_runner/standard_task_runner.py:70: DeprecationWarning: This process (pid=3643) is multi-threaded, use of fork() may lead to deadlocks in the child.
  pid = os.fork()

[2024-09-25T01:51:46.424+0000] {standard_task_runner.py:72} INFO - Started process 3645 to run task
[2024-09-25T01:51:46.424+0000] {standard_task_runner.py:104} INFO - Running: ['***', 'tasks', 'run', 'fetch_and_store_amazon_books', 'insert_book_data', 'scheduled__2024-06-29T00:00:00+00:00', '--job-id', '125', '--raw', '--subdir', 'DAGS_FOLDER/dag.py', '--cfg-path', '/tmp/tmp92z0lzti']
[2024-09-25T01:51:46.426+0000] {standard_task_runner.py:105} INFO - Job 125: Subtask insert_book_data
[2024-09-25T01:51:46.480+0000] {task_command.py:467} INFO - Running <TaskInstance: fetch_and_store_amazon_books.insert_book_data scheduled__2024-06-29T00:00:00+00:00 [running]> on host 12236234e313
[2024-09-25T01:51:46.568+0000] {taskinstance.py:3131} INFO - Exporting env vars: AIRFLOW_CTX_DAG_OWNER='***' AIRFLOW_CTX_DAG_ID='fetch_and_store_amazon_books' AIRFLOW_CTX_TASK_ID='insert_book_data' AIRFLOW_CTX_EXECUTION_DATE='2024-06-29T00:00:00+00:00' AIRFLOW_CTX_TRY_NUMBER='3' AIRFLOW_CTX_DAG_RUN_ID='scheduled__2024-06-29T00:00:00+00:00'
[2024-09-25T01:51:46.570+0000] {logging_mixin.py:190} INFO - Task instance is in running state
[2024-09-25T01:51:46.571+0000] {logging_mixin.py:190} INFO -  Previous state of the Task instance: queued
[2024-09-25T01:51:46.572+0000] {logging_mixin.py:190} INFO - Current task name:insert_book_data state:running start_date:2024-09-25 01:51:46.387219+00:00
[2024-09-25T01:51:46.573+0000] {logging_mixin.py:190} INFO - Dag name:fetch_and_store_amazon_books and current dag run status:running
[2024-09-25T01:51:46.574+0000] {taskinstance.py:731} INFO - ::endgroup::
[2024-09-25T01:51:46.596+0000] {base.py:84} INFO - Retrieving connection 'books_connection'
[2024-09-25T01:51:46.600+0000] {sql.py:509} INFO - Running statement: 
    INSERT INTO books (title, authors, price, rating)
    VALUES (%s,%s,%s,%s)
    , parameters: ('Data Engineering with AWS - Second Edition: Acquire the skills to design and build AWS-based data transformation pipelines like a pro', 'Gareth Eagar', '41.', '4.4 out of 5 stars')
[2024-09-25T01:51:46.602+0000] {sql.py:518} INFO - Rows affected: 1
[2024-09-25T01:51:46.610+0000] {base.py:84} INFO - Retrieving connection 'books_connection'
[2024-09-25T01:51:46.614+0000] {sql.py:509} INFO - Running statement: 
    INSERT INTO books (title, authors, price, rating)
    VALUES (%s,%s,%s,%s)
    , parameters: ('Data Engineering 101', 'Hardcover', '30.', '4.6 out of 5 stars')
[2024-09-25T01:51:46.616+0000] {sql.py:518} INFO - Rows affected: 1
[2024-09-25T01:51:46.624+0000] {base.py:84} INFO - Retrieving connection 'books_connection'
[2024-09-25T01:51:46.628+0000] {sql.py:509} INFO - Running statement: 
    INSERT INTO books (title, authors, price, rating)
    VALUES (%s,%s,%s,%s)
    , parameters: ('Azure Data Engineer Associate Certification Guide: Ace the DP-203 exam with advanced data engineering skills', 'Giacinto Palmieri', '32.', '4.4 out of 5 stars')
[2024-09-25T01:51:46.631+0000] {sql.py:518} INFO - Rows affected: 1
[2024-09-25T01:51:46.640+0000] {base.py:84} INFO - Retrieving connection 'books_connection'
[2024-09-25T01:51:46.645+0000] {sql.py:509} INFO - Running statement: 
    INSERT INTO books (title, authors, price, rating)
    VALUES (%s,%s,%s,%s)
    , parameters: ('Data Engineering with dbt: A practical guide to building a cloud-based, pragmatic, and dependable data platform with SQL', 'Roberto Zagni', '37.', '4.6 out of 5 stars')
[2024-09-25T01:51:46.647+0000] {sql.py:518} INFO - Rows affected: 1
[2024-09-25T01:51:46.658+0000] {base.py:84} INFO - Retrieving connection 'books_connection'
[2024-09-25T01:51:46.663+0000] {sql.py:509} INFO - Running statement: 
    INSERT INTO books (title, authors, price, rating)
    VALUES (%s,%s,%s,%s)
    , parameters: ('Fundamentals of Data Engineering: Plan and Build Robust Data Systems', 'Joe Reis', '42.', '4.7 out of 5 stars')
[2024-09-25T01:51:46.665+0000] {sql.py:518} INFO - Rows affected: 1
[2024-09-25T01:51:46.674+0000] {base.py:84} INFO - Retrieving connection 'books_connection'
[2024-09-25T01:51:46.679+0000] {sql.py:509} INFO - Running statement: 
    INSERT INTO books (title, authors, price, rating)
    VALUES (%s,%s,%s,%s)
    , parameters: ('Designing Data-Intensive Applications: The Big Ideas Behind Reliable, Scalable, and Maintainable Systems', 'Martin Kleppmann', '46.', '4.8 out of 5 stars')
[2024-09-25T01:51:46.681+0000] {sql.py:518} INFO - Rows affected: 1
[2024-09-25T01:51:46.690+0000] {base.py:84} INFO - Retrieving connection 'books_connection'
[2024-09-25T01:51:46.695+0000] {sql.py:509} INFO - Running statement: 
    INSERT INTO books (title, authors, price, rating)
    VALUES (%s,%s,%s,%s)
    , parameters: ('Data Pipelines Pocket Reference: Moving and Processing Data for Analytics', 'James Densmore', '17.', '4.5 out of 5 stars')
[2024-09-25T01:51:46.697+0000] {sql.py:518} INFO - Rows affected: 1
[2024-09-25T01:51:46.707+0000] {base.py:84} INFO - Retrieving connection 'books_connection'
[2024-09-25T01:51:46.712+0000] {sql.py:509} INFO - Running statement: 
    INSERT INTO books (title, authors, price, rating)
    VALUES (%s,%s,%s,%s)
    , parameters: ('Fundamentals of Data Analytics: Learn Essential Skills, Embrace the Future, and Catapult Your Career in the Data-Driven World—A Comprehensive Guide to Data Literacy for Beginners', 'Russell Dawson', '17.', '4.8 out of 5 stars')
[2024-09-25T01:51:46.715+0000] {sql.py:518} INFO - Rows affected: 1
[2024-09-25T01:51:46.725+0000] {base.py:84} INFO - Retrieving connection 'books_connection'
[2024-09-25T01:51:46.730+0000] {sql.py:509} INFO - Running statement: 
    INSERT INTO books (title, authors, price, rating)
    VALUES (%s,%s,%s,%s)
    , parameters: ("Ultimate Data Engineering with Databricks: Develop Scalable Data Pipelines Using Data Engineering's Core Tenets Such as Delta Tables, Ingestion, ... Security, and Scalability (English Edition)", 'Mayank Malhotra', '37.', '4.1 out of 5 stars')
[2024-09-25T01:51:46.732+0000] {sql.py:518} INFO - Rows affected: 1
[2024-09-25T01:51:46.741+0000] {base.py:84} INFO - Retrieving connection 'books_connection'
[2024-09-25T01:51:46.746+0000] {sql.py:509} INFO - Running statement: 
    INSERT INTO books (title, authors, price, rating)
    VALUES (%s,%s,%s,%s)
    , parameters: ('Data Engineering with Python: Work with massive datasets to design data models and automate data pipelines using Python', 'Paul Crickard', '37.', '4.1 out of 5 stars')
[2024-09-25T01:51:46.749+0000] {sql.py:518} INFO - Rows affected: 1
[2024-09-25T01:51:46.758+0000] {base.py:84} INFO - Retrieving connection 'books_connection'
[2024-09-25T01:51:46.762+0000] {sql.py:509} INFO - Running statement: 
    INSERT INTO books (title, authors, price, rating)
    VALUES (%s,%s,%s,%s)
    , parameters: ('Cracking the Data Engineering Interview: Land your dream job with the help of resume-building tips, over 100 mock questions, and a unique portfolio', 'Kedeisha Bryan', '26.', '4.4 out of 5 stars')
[2024-09-25T01:51:46.765+0000] {sql.py:518} INFO - Rows affected: 1
[2024-09-25T01:51:46.773+0000] {base.py:84} INFO - Retrieving connection 'books_connection'
[2024-09-25T01:51:46.777+0000] {sql.py:509} INFO - Running statement: 
    INSERT INTO books (title, authors, price, rating)
    VALUES (%s,%s,%s,%s)
    , parameters: ('Ace the Data Engineering Interview: Questions and Answers for Python, SQL, Data Modeling and More', 'Sean Coyne', '24.', '3.8 out of 5 stars')
[2024-09-25T01:51:46.779+0000] {sql.py:518} INFO - Rows affected: 1
[2024-09-25T01:51:46.788+0000] {base.py:84} INFO - Retrieving connection 'books_connection'
[2024-09-25T01:51:46.792+0000] {sql.py:509} INFO - Running statement: 
    INSERT INTO books (title, authors, price, rating)
    VALUES (%s,%s,%s,%s)
    , parameters: ('Data Engineering with Databricks Cookbook: Build effective data and AI solutions using Apache Spark, Databricks, and Delta Lake', 'Pulkit Chadha', '33.', '4.3 out of 5 stars')
[2024-09-25T01:51:46.794+0000] {sql.py:518} INFO - Rows affected: 1
[2024-09-25T01:51:46.804+0000] {base.py:84} INFO - Retrieving connection 'books_connection'
[2024-09-25T01:51:46.808+0000] {sql.py:509} INFO - Running statement: 
    INSERT INTO books (title, authors, price, rating)
    VALUES (%s,%s,%s,%s)
    , parameters: ('Ace the Data Science Interview: 201 Real Interview Questions Asked By FAANG, Tech Startups, & Wall Street', 'Nick Singh', '34.', '4.5 out of 5 stars')
[2024-09-25T01:51:46.810+0000] {sql.py:518} INFO - Rows affected: 1
[2024-09-25T01:51:46.819+0000] {base.py:84} INFO - Retrieving connection 'books_connection'
[2024-09-25T01:51:46.823+0000] {sql.py:509} INFO - Running statement: 
    INSERT INTO books (title, authors, price, rating)
    VALUES (%s,%s,%s,%s)
    , parameters: ('Essentials of Data Engineering', 'Dr. Mukesh Saini', '19.', '5.0 out of 5 stars')
[2024-09-25T01:51:46.825+0000] {sql.py:518} INFO - Rows affected: 1
[2024-09-25T01:51:46.835+0000] {base.py:84} INFO - Retrieving connection 'books_connection'
[2024-09-25T01:51:46.840+0000] {sql.py:509} INFO - Running statement: 
    INSERT INTO books (title, authors, price, rating)
    VALUES (%s,%s,%s,%s)
    , parameters: ('Data Governance Handbook: A practical approach to building trust in data', 'Wendy S Batchelder', '32.', '5.0 out of 5 stars')
[2024-09-25T01:51:46.843+0000] {sql.py:518} INFO - Rows affected: 1
[2024-09-25T01:51:46.854+0000] {base.py:84} INFO - Retrieving connection 'books_connection'
[2024-09-25T01:51:46.858+0000] {sql.py:509} INFO - Running statement: 
    INSERT INTO books (title, authors, price, rating)
    VALUES (%s,%s,%s,%s)
    , parameters: ('Driving Data Quality with Data Contracts: A comprehensive guide to building reliable, trusted, and effective data platforms', 'Andrew Jones', '28.', '4.6 out of 5 stars')
[2024-09-25T01:51:46.861+0000] {sql.py:518} INFO - Rows affected: 1
[2024-09-25T01:51:46.871+0000] {base.py:84} INFO - Retrieving connection 'books_connection'
[2024-09-25T01:51:46.875+0000] {sql.py:509} INFO - Running statement: 
    INSERT INTO books (title, authors, price, rating)
    VALUES (%s,%s,%s,%s)
    , parameters: ('Expert Data Modeling with Power BI - Second Edition: Enrich and optimize your data models to get the best out of Power BI for reporting and business needs', 'Soheil Bakhshi', '47.', '4.8 out of 5 stars')
[2024-09-25T01:51:46.877+0000] {sql.py:518} INFO - Rows affected: 1
[2024-09-25T01:51:46.888+0000] {base.py:84} INFO - Retrieving connection 'books_connection'
[2024-09-25T01:51:46.892+0000] {sql.py:509} INFO - Running statement: 
    INSERT INTO books (title, authors, price, rating)
    VALUES (%s,%s,%s,%s)
    , parameters: ('Data Engineering with Python cookbook: Learn to build efficient data pipelines using the Modern Cloud Data Stack', 'Adithyan Ramanujakootam', '32.', '5.0 out of 5 stars')
[2024-09-25T01:51:46.895+0000] {sql.py:518} INFO - Rows affected: 1
[2024-09-25T01:51:46.906+0000] {base.py:84} INFO - Retrieving connection 'books_connection'
[2024-09-25T01:51:46.912+0000] {sql.py:509} INFO - Running statement: 
    INSERT INTO books (title, authors, price, rating)
    VALUES (%s,%s,%s,%s)
    , parameters: ('Data Engineering with AWS: Learn how to design and build cloud-based data transformation pipelines using AWS', 'Gareth Eagar', '49.', '4.4 out of 5 stars')
[2024-09-25T01:51:46.915+0000] {sql.py:518} INFO - Rows affected: 1
[2024-09-25T01:51:46.924+0000] {base.py:84} INFO - Retrieving connection 'books_connection'
[2024-09-25T01:51:46.929+0000] {sql.py:509} INFO - Running statement: 
    INSERT INTO books (title, authors, price, rating)
    VALUES (%s,%s,%s,%s)
    , parameters: ('97 Things Every Data Engineer Should Know: Collective Wisdom from the Experts', 'Tobias Macey', '28.', '4.1 out of 5 stars')
[2024-09-25T01:51:46.932+0000] {sql.py:518} INFO - Rows affected: 1
[2024-09-25T01:51:46.943+0000] {base.py:84} INFO - Retrieving connection 'books_connection'
[2024-09-25T01:51:46.948+0000] {sql.py:509} INFO - Running statement: 
    INSERT INTO books (title, authors, price, rating)
    VALUES (%s,%s,%s,%s)
    , parameters: ('Software Engineering for Data Scientists: From Notebooks to Scalable Systems', 'Catherine Nelson', '51.', '4.4 out of 5 stars')
[2024-09-25T01:51:46.950+0000] {sql.py:518} INFO - Rows affected: 1
[2024-09-25T01:51:46.960+0000] {base.py:84} INFO - Retrieving connection 'books_connection'
[2024-09-25T01:51:46.965+0000] {sql.py:509} INFO - Running statement: 
    INSERT INTO books (title, authors, price, rating)
    VALUES (%s,%s,%s,%s)
    , parameters: ('Data Privacy: A runbook for engineers', 'Nishant Bhajaria', '35.', '4.8 out of 5 stars')
[2024-09-25T01:51:46.967+0000] {sql.py:518} INFO - Rows affected: 1
[2024-09-25T01:51:46.976+0000] {base.py:84} INFO - Retrieving connection 'books_connection'
[2024-09-25T01:51:46.980+0000] {sql.py:509} INFO - Running statement: 
    INSERT INTO books (title, authors, price, rating)
    VALUES (%s,%s,%s,%s)
    , parameters: ('Mastering Large Datasets with Python: Parallelize and Distribute Your Python Code', 'John T. Wolohan', '49.', '3.9 out of 5 stars')
[2024-09-25T01:51:46.983+0000] {sql.py:518} INFO - Rows affected: 1
[2024-09-25T01:51:46.994+0000] {base.py:84} INFO - Retrieving connection 'books_connection'
[2024-09-25T01:51:46.999+0000] {sql.py:509} INFO - Running statement: 
    INSERT INTO books (title, authors, price, rating)
    VALUES (%s,%s,%s,%s)
    , parameters: ('Data Analysis with Python and PySpark', 'Jonathan Rioux', '55.', '4.4 out of 5 stars')
[2024-09-25T01:51:47.001+0000] {sql.py:518} INFO - Rows affected: 1
[2024-09-25T01:51:47.012+0000] {base.py:84} INFO - Retrieving connection 'books_connection'
[2024-09-25T01:51:47.017+0000] {sql.py:509} INFO - Running statement: 
    INSERT INTO books (title, authors, price, rating)
    VALUES (%s,%s,%s,%s)
    , parameters: ('DATA ENGINEERING AND AI FOR BEGINNERS: Revolutionizing Data Processing and Analytics by Leveraging Artificial Intelligence for Efficient Input Collection, Storage, and Transformation (World of AI)', 'Paperback', '13.', '4.3 out of 5 stars')
[2024-09-25T01:51:47.019+0000] {sql.py:518} INFO - Rows affected: 1
[2024-09-25T01:51:47.031+0000] {base.py:84} INFO - Retrieving connection 'books_connection'
[2024-09-25T01:51:47.036+0000] {sql.py:509} INFO - Running statement: 
    INSERT INTO books (title, authors, price, rating)
    VALUES (%s,%s,%s,%s)
    , parameters: ('Data-Driven Science and Engineering: Machine Learning, Dynamical Systems, and Control', 'Steven L. Brunton', '64.', '4.8 out of 5 stars')
[2024-09-25T01:51:47.038+0000] {sql.py:518} INFO - Rows affected: 1
[2024-09-25T01:51:47.048+0000] {base.py:84} INFO - Retrieving connection 'books_connection'
[2024-09-25T01:51:47.052+0000] {sql.py:509} INFO - Running statement: 
    INSERT INTO books (title, authors, price, rating)
    VALUES (%s,%s,%s,%s)
    , parameters: ("Data Quality Fundamentals: A Practitioner's Guide to Building Trustworthy Data Pipelines", 'Paperback', '45.', '4.1 out of 5 stars')
[2024-09-25T01:51:47.054+0000] {sql.py:518} INFO - Rows affected: 1
[2024-09-25T01:51:47.063+0000] {base.py:84} INFO - Retrieving connection 'books_connection'
[2024-09-25T01:51:47.067+0000] {sql.py:509} INFO - Running statement: 
    INSERT INTO books (title, authors, price, rating)
    VALUES (%s,%s,%s,%s)
    , parameters: ('Data Engineering with Scala and Spark: A practical guide helping you build streaming and batch pipelines that process massive amounts of data using Scala', 'Eric Tome', '36.', '4.1 out of 5 stars')
[2024-09-25T01:51:47.069+0000] {sql.py:518} INFO - Rows affected: 1
[2024-09-25T01:51:47.077+0000] {base.py:84} INFO - Retrieving connection 'books_connection'
[2024-09-25T01:51:47.081+0000] {sql.py:509} INFO - Running statement: 
    INSERT INTO books (title, authors, price, rating)
    VALUES (%s,%s,%s,%s)
    , parameters: ('Data Engineering with Google Cloud Platform: A guide to leveling up as a data engineer by building a scalable data platform with Google Cloud', 'Adi Wijaya', '41.', '5.0 out of 5 stars')
[2024-09-25T01:51:47.083+0000] {sql.py:518} INFO - Rows affected: 1
[2024-09-25T01:51:47.091+0000] {base.py:84} INFO - Retrieving connection 'books_connection'
[2024-09-25T01:51:47.096+0000] {sql.py:509} INFO - Running statement: 
    INSERT INTO books (title, authors, price, rating)
    VALUES (%s,%s,%s,%s)
    , parameters: ('Analytics Engineering with SQL and dbt: Building Meaningful Data Models at Scale', 'Rui Pedro Machado', '41.', '3.9 out of 5 stars')
[2024-09-25T01:51:47.098+0000] {sql.py:518} INFO - Rows affected: 1
[2024-09-25T01:51:47.107+0000] {base.py:84} INFO - Retrieving connection 'books_connection'
[2024-09-25T01:51:47.111+0000] {sql.py:509} INFO - Running statement: 
    INSERT INTO books (title, authors, price, rating)
    VALUES (%s,%s,%s,%s)
    , parameters: ('Storytelling with Data: A Data Visualization Guide for Business Professionals', 'Cole Nussbaumer Knaflic', '27.', '4.6 out of 5 stars')
[2024-09-25T01:51:47.114+0000] {sql.py:518} INFO - Rows affected: 1
[2024-09-25T01:51:47.125+0000] {base.py:84} INFO - Retrieving connection 'books_connection'
[2024-09-25T01:51:47.131+0000] {sql.py:509} INFO - Running statement: 
    INSERT INTO books (title, authors, price, rating)
    VALUES (%s,%s,%s,%s)
    , parameters: ('Data Engineering with Apache Spark, Delta Lake, and Lakehouse: Create scalable pipelines that ingest, curate, and aggregate complex data in a timely and secure way', 'Manoj Kukreja', '46.', '3.9 out of 5 stars')
[2024-09-25T01:51:47.133+0000] {sql.py:518} INFO - Rows affected: 1
[2024-09-25T01:51:47.143+0000] {base.py:84} INFO - Retrieving connection 'books_connection'
[2024-09-25T01:51:47.148+0000] {sql.py:509} INFO - Running statement: 
    INSERT INTO books (title, authors, price, rating)
    VALUES (%s,%s,%s,%s)
    , parameters: ('Data Engineering with Google Cloud Platform: A practical guide to operationalizing scalable data analytics systems on GCP', 'Adi Wijaya', '39.', '4.7 out of 5 stars')
[2024-09-25T01:51:47.150+0000] {sql.py:518} INFO - Rows affected: 1
[2024-09-25T01:51:47.160+0000] {base.py:84} INFO - Retrieving connection 'books_connection'
[2024-09-25T01:51:47.165+0000] {sql.py:509} INFO - Running statement: 
    INSERT INTO books (title, authors, price, rating)
    VALUES (%s,%s,%s,%s)
    , parameters: ('Official Google Cloud Certified Professional Data Engineer Study Guide', 'Dan Sullivan', '33.', '4.5 out of 5 stars')
[2024-09-25T01:51:47.167+0000] {sql.py:518} INFO - Rows affected: 1
[2024-09-25T01:51:47.177+0000] {base.py:84} INFO - Retrieving connection 'books_connection'
[2024-09-25T01:51:47.182+0000] {sql.py:509} INFO - Running statement: 
    INSERT INTO books (title, authors, price, rating)
    VALUES (%s,%s,%s,%s)
    , parameters: ('Mastering the Data Paradox: Key to Winning in the AI Age', 'Nitin Seth', '17.', '4.8 out of 5 stars')
[2024-09-25T01:51:47.184+0000] {sql.py:518} INFO - Rows affected: 1
[2024-09-25T01:51:47.194+0000] {base.py:84} INFO - Retrieving connection 'books_connection'
[2024-09-25T01:51:47.199+0000] {sql.py:509} INFO - Running statement: 
    INSERT INTO books (title, authors, price, rating)
    VALUES (%s,%s,%s,%s)
    , parameters: ('Python Programming and SQL: 5 books in 1 - The #1 Coding Course from Beginner to Advanced. Learn it Well & Fast (2024) (Computer Programming)', 'Paperback', '29.', '4.3 out of 5 stars')
[2024-09-25T01:51:47.202+0000] {sql.py:518} INFO - Rows affected: 1
[2024-09-25T01:51:47.212+0000] {base.py:84} INFO - Retrieving connection 'books_connection'
[2024-09-25T01:51:47.216+0000] {sql.py:509} INFO - Running statement: 
    INSERT INTO books (title, authors, price, rating)
    VALUES (%s,%s,%s,%s)
    , parameters: ('Modern Data Engineering with Apache Spark: A Hands-On Guide for Building Mission-Critical Streaming Applications', 'Scott Haines', '30.', '4.1 out of 5 stars')
[2024-09-25T01:51:47.218+0000] {sql.py:518} INFO - Rows affected: 1
[2024-09-25T01:51:47.228+0000] {base.py:84} INFO - Retrieving connection 'books_connection'
[2024-09-25T01:51:47.232+0000] {sql.py:509} INFO - Running statement: 
    INSERT INTO books (title, authors, price, rating)
    VALUES (%s,%s,%s,%s)
    , parameters: ('Data Mesh: Delivering Data-Driven Value at Scale', 'Audible Audiobook', '0.', '4.5 out of 5 stars')
[2024-09-25T01:51:47.234+0000] {sql.py:518} INFO - Rows affected: 1
[2024-09-25T01:51:47.243+0000] {base.py:84} INFO - Retrieving connection 'books_connection'
[2024-09-25T01:51:47.248+0000] {sql.py:509} INFO - Running statement: 
    INSERT INTO books (title, authors, price, rating)
    VALUES (%s,%s,%s,%s)
    , parameters: ('Database Internals: A Deep Dive into How Distributed Data Systems Work', 'Alex Petrov', '36.', '4.6 out of 5 stars')
[2024-09-25T01:51:47.250+0000] {sql.py:518} INFO - Rows affected: 1
[2024-09-25T01:51:47.260+0000] {base.py:84} INFO - Retrieving connection 'books_connection'
[2024-09-25T01:51:47.264+0000] {sql.py:509} INFO - Running statement: 
    INSERT INTO books (title, authors, price, rating)
    VALUES (%s,%s,%s,%s)
    , parameters: ('Data Modeling with Snowflake: A practical guide to accelerating Snowflake development using universal data modeling techniques', 'Serge Gershkovich', '36.', '4.8 out of 5 stars')
[2024-09-25T01:51:47.266+0000] {sql.py:518} INFO - Rows affected: 1
[2024-09-25T01:51:47.275+0000] {base.py:84} INFO - Retrieving connection 'books_connection'
[2024-09-25T01:51:47.280+0000] {sql.py:509} INFO - Running statement: 
    INSERT INTO books (title, authors, price, rating)
    VALUES (%s,%s,%s,%s)
    , parameters: ('Better Data Visualizations: A Guide for Scholars, Researchers, and Wonks', 'Jonathan Schwabish', '26.', '4.5 out of 5 stars')
[2024-09-25T01:51:47.283+0000] {sql.py:518} INFO - Rows affected: 1
[2024-09-25T01:51:47.292+0000] {base.py:84} INFO - Retrieving connection 'books_connection'
[2024-09-25T01:51:47.297+0000] {sql.py:509} INFO - Running statement: 
    INSERT INTO books (title, authors, price, rating)
    VALUES (%s,%s,%s,%s)
    , parameters: ('Machine Learning Engineering', 'Andriy Burkov', '39.', '4.7 out of 5 stars')
[2024-09-25T01:51:47.300+0000] {sql.py:518} INFO - Rows affected: 1
[2024-09-25T01:51:47.309+0000] {base.py:84} INFO - Retrieving connection 'books_connection'
[2024-09-25T01:51:47.314+0000] {sql.py:509} INFO - Running statement: 
    INSERT INTO books (title, authors, price, rating)
    VALUES (%s,%s,%s,%s)
    , parameters: ('Data Engineering with Databricks', 'Paperback', '25.', '3.4 out of 5 stars')
[2024-09-25T01:51:47.316+0000] {sql.py:518} INFO - Rows affected: 1
[2024-09-25T01:51:47.326+0000] {base.py:84} INFO - Retrieving connection 'books_connection'
[2024-09-25T01:51:47.331+0000] {sql.py:509} INFO - Running statement: 
    INSERT INTO books (title, authors, price, rating)
    VALUES (%s,%s,%s,%s)
    , parameters: ("Engineers' Data Book", 'Clifford Matthews', '26.', '4.6 out of 5 stars')
[2024-09-25T01:51:47.333+0000] {sql.py:518} INFO - Rows affected: 1
[2024-09-25T01:51:47.342+0000] {base.py:84} INFO - Retrieving connection 'books_connection'
[2024-09-25T01:51:47.347+0000] {sql.py:509} INFO - Running statement: 
    INSERT INTO books (title, authors, price, rating)
    VALUES (%s,%s,%s,%s)
    , parameters: ('Prompt Engineering for Generative AI: Future-Proof Inputs for Reliable AI Outputs', 'James Phoenix', '53.', '4.5 out of 5 stars')
[2024-09-25T01:51:47.350+0000] {sql.py:518} INFO - Rows affected: 1
[2024-09-25T01:51:47.360+0000] {base.py:84} INFO - Retrieving connection 'books_connection'
[2024-09-25T01:51:47.364+0000] {sql.py:509} INFO - Running statement: 
    INSERT INTO books (title, authors, price, rating)
    VALUES (%s,%s,%s,%s)
    , parameters: ('Designing Machine Learning Systems: An Iterative Process for Production-Ready Applications', 'Chip Huyen', '52.', '4.6 out of 5 stars')
[2024-09-25T01:51:47.367+0000] {sql.py:518} INFO - Rows affected: 1
[2024-09-25T01:51:47.376+0000] {base.py:84} INFO - Retrieving connection 'books_connection'
[2024-09-25T01:51:47.380+0000] {sql.py:509} INFO - Running statement: 
    INSERT INTO books (title, authors, price, rating)
    VALUES (%s,%s,%s,%s)
    , parameters: ("SQL QuickStart Guide: The Simplified Beginner's Guide to Managing, Analyzing, and Manipulating Data With SQL (Coding & Programming - QuickStart Guides)", 'Paperback', '23.', '4.6 out of 5 stars')
[2024-09-25T01:51:47.382+0000] {sql.py:518} INFO - Rows affected: 1
[2024-09-25T01:51:47.391+0000] {base.py:84} INFO - Retrieving connection 'books_connection'
[2024-09-25T01:51:47.396+0000] {sql.py:509} INFO - Running statement: 
    INSERT INTO books (title, authors, price, rating)
    VALUES (%s,%s,%s,%s)
    , parameters: ('Ultimate Azure Data Engineering: Build Robust Data Engineering Systems on Azure with SQL, ETL, Data Modeling, and Power BI for Business Insights and Crack Azure Certifications (English Edition)', 'Ashish Agarwal', '39.', '5.0 out of 5 stars')
[2024-09-25T01:51:47.398+0000] {sql.py:518} INFO - Rows affected: 1
[2024-09-25T01:51:47.408+0000] {base.py:84} INFO - Retrieving connection 'books_connection'
[2024-09-25T01:51:47.412+0000] {sql.py:509} INFO - Running statement: 
    INSERT INTO books (title, authors, price, rating)
    VALUES (%s,%s,%s,%s)
    , parameters: ('Building ETL Pipelines with Python: Create and deploy enterprise-ready ETL pipelines by employing modern methods', 'Brij Kishore Pandey', '34.', '4.2 out of 5 stars')
[2024-09-25T01:51:47.414+0000] {sql.py:518} INFO - Rows affected: 1
[2024-09-25T01:51:47.416+0000] {python.py:240} INFO - Done. Returned value was: None
[2024-09-25T01:51:47.427+0000] {taskinstance.py:340} INFO - ::group::Post task execution logs
[2024-09-25T01:51:47.428+0000] {taskinstance.py:352} INFO - Marking task as SUCCESS. dag_id=fetch_and_store_amazon_books, task_id=insert_book_data, run_id=scheduled__2024-06-29T00:00:00+00:00, execution_date=20240629T000000, start_date=20240925T015146, end_date=20240925T015147
[2024-09-25T01:51:47.440+0000] {logging_mixin.py:190} INFO - Task instance in success state
[2024-09-25T01:51:47.440+0000] {logging_mixin.py:190} INFO -  Previous state of the Task instance: running
[2024-09-25T01:51:47.441+0000] {logging_mixin.py:190} INFO - Dag name:fetch_and_store_amazon_books queued_at:2024-09-25 01:51:44.664641+00:00
[2024-09-25T01:51:47.442+0000] {logging_mixin.py:190} INFO - Task hostname:12236234e313 operator:PythonOperator
[2024-09-25T01:51:47.485+0000] {local_task_job_runner.py:266} INFO - Task exited with return code 0
[2024-09-25T01:51:47.502+0000] {taskinstance.py:3900} INFO - 0 downstream tasks scheduled from follow-on schedule check
[2024-09-25T01:51:47.506+0000] {local_task_job_runner.py:245} INFO - ::endgroup::
