[2024-09-25T01:37:52.163+0000] {local_task_job_runner.py:123} INFO - ::group::Pre task execution logs
[2024-09-25T01:37:52.189+0000] {taskinstance.py:2612} INFO - Dependencies all met for dep_context=non-requeueable deps ti=<TaskInstance: fetch_and_store_amazon_books.create_table manual__2024-09-25T01:25:48.169297+00:00 [queued]>
[2024-09-25T01:37:52.200+0000] {taskinstance.py:2612} INFO - Dependencies all met for dep_context=requeueable deps ti=<TaskInstance: fetch_and_store_amazon_books.create_table manual__2024-09-25T01:25:48.169297+00:00 [queued]>
[2024-09-25T01:37:52.202+0000] {taskinstance.py:2865} INFO - Starting attempt 1 of 2
[2024-09-25T01:37:52.220+0000] {taskinstance.py:2888} INFO - Executing <Task(PostgresOperator): create_table> on 2024-09-25 01:25:48.169297+00:00
[2024-09-25T01:37:52.229+0000] {warnings.py:112} WARNING - /home/***/.local/lib/python3.12/site-packages/***/task/task_runner/standard_task_runner.py:70: DeprecationWarning: This process (pid=3273) is multi-threaded, use of fork() may lead to deadlocks in the child.
  pid = os.fork()

[2024-09-25T01:37:52.231+0000] {standard_task_runner.py:72} INFO - Started process 3284 to run task
[2024-09-25T01:37:52.232+0000] {standard_task_runner.py:104} INFO - Running: ['***', 'tasks', 'run', 'fetch_and_store_amazon_books', 'create_table', 'manual__2024-09-25T01:25:48.169297+00:00', '--job-id', '80', '--raw', '--subdir', 'DAGS_FOLDER/dag.py', '--cfg-path', '/tmp/tmp4m9k38pl']
[2024-09-25T01:37:52.235+0000] {standard_task_runner.py:105} INFO - Job 80: Subtask create_table
[2024-09-25T01:37:52.300+0000] {task_command.py:467} INFO - Running <TaskInstance: fetch_and_store_amazon_books.create_table manual__2024-09-25T01:25:48.169297+00:00 [running]> on host 12236234e313
[2024-09-25T01:37:52.426+0000] {taskinstance.py:3131} INFO - Exporting env vars: AIRFLOW_CTX_DAG_OWNER='***' AIRFLOW_CTX_DAG_ID='fetch_and_store_amazon_books' AIRFLOW_CTX_TASK_ID='create_table' AIRFLOW_CTX_EXECUTION_DATE='2024-09-25T01:25:48.169297+00:00' AIRFLOW_CTX_TRY_NUMBER='1' AIRFLOW_CTX_DAG_RUN_ID='manual__2024-09-25T01:25:48.169297+00:00'
[2024-09-25T01:37:52.429+0000] {logging_mixin.py:190} INFO - Task instance is in running state
[2024-09-25T01:37:52.430+0000] {logging_mixin.py:190} INFO -  Previous state of the Task instance: queued
[2024-09-25T01:37:52.431+0000] {logging_mixin.py:190} INFO - Current task name:create_table state:running start_date:2024-09-25 01:37:52.190451+00:00
[2024-09-25T01:37:52.432+0000] {logging_mixin.py:190} INFO - Dag name:fetch_and_store_amazon_books and current dag run status:running
[2024-09-25T01:37:52.432+0000] {taskinstance.py:731} INFO - ::endgroup::
[2024-09-25T01:37:52.433+0000] {sql.py:266} INFO - Executing: 
    CREATE TABLE IF NOT EXISTS books (
        id SERIAL PRIMARY KEY,
        title TEXT NOT NULL,
        authors TEXT,
        price TEXT,
        rating TEXT
    );
    
[2024-09-25T01:37:52.446+0000] {base.py:84} INFO - Retrieving connection 'books_connection'
[2024-09-25T01:37:52.460+0000] {base.py:84} INFO - Retrieving connection 'books_connection'
[2024-09-25T01:37:52.466+0000] {sql.py:509} INFO - Running statement: 
    CREATE TABLE IF NOT EXISTS books (
        id SERIAL PRIMARY KEY,
        title TEXT NOT NULL,
        authors TEXT,
        price TEXT,
        rating TEXT
    );
    , parameters: None
[2024-09-25T01:37:52.483+0000] {taskinstance.py:340} INFO - ::group::Post task execution logs
[2024-09-25T01:37:52.484+0000] {taskinstance.py:352} INFO - Marking task as SUCCESS. dag_id=fetch_and_store_amazon_books, task_id=create_table, run_id=manual__2024-09-25T01:25:48.169297+00:00, execution_date=20240925T012548, start_date=20240925T013752, end_date=20240925T013752
[2024-09-25T01:37:52.498+0000] {logging_mixin.py:190} INFO - Task instance in success state
[2024-09-25T01:37:52.499+0000] {logging_mixin.py:190} INFO -  Previous state of the Task instance: running
[2024-09-25T01:37:52.500+0000] {logging_mixin.py:190} INFO - Dag name:fetch_and_store_amazon_books queued_at:2024-09-25 01:25:50.302867+00:00
[2024-09-25T01:37:52.501+0000] {logging_mixin.py:190} INFO - Task hostname:12236234e313 operator:PostgresOperator
[2024-09-25T01:37:52.530+0000] {local_task_job_runner.py:266} INFO - Task exited with return code 0
[2024-09-25T01:37:52.542+0000] {local_task_job_runner.py:245} INFO - ::endgroup::
