[2024-09-25T01:51:39.988+0000] {local_task_job_runner.py:123} INFO - ::group::Pre task execution logs
[2024-09-25T01:51:40.008+0000] {taskinstance.py:2612} INFO - Dependencies all met for dep_context=non-requeueable deps ti=<TaskInstance: fetch_and_store_amazon_books.insert_book_data scheduled__2024-06-27T00:00:00+00:00 [queued]>
[2024-09-25T01:51:40.019+0000] {taskinstance.py:2612} INFO - Dependencies all met for dep_context=requeueable deps ti=<TaskInstance: fetch_and_store_amazon_books.insert_book_data scheduled__2024-06-27T00:00:00+00:00 [queued]>
[2024-09-25T01:51:40.021+0000] {taskinstance.py:2865} INFO - Starting attempt 3 of 4
[2024-09-25T01:51:40.039+0000] {taskinstance.py:2888} INFO - Executing <Task(PythonOperator): insert_book_data> on 2024-06-27 00:00:00+00:00
[2024-09-25T01:51:40.048+0000] {warnings.py:112} WARNING - /home/***/.local/lib/python3.12/site-packages/***/task/task_runner/standard_task_runner.py:70: DeprecationWarning: This process (pid=3635) is multi-threaded, use of fork() may lead to deadlocks in the child.
  pid = os.fork()

[2024-09-25T01:51:40.051+0000] {standard_task_runner.py:72} INFO - Started process 3637 to run task
[2024-09-25T01:51:40.051+0000] {standard_task_runner.py:104} INFO - Running: ['***', 'tasks', 'run', 'fetch_and_store_amazon_books', 'insert_book_data', 'scheduled__2024-06-27T00:00:00+00:00', '--job-id', '123', '--raw', '--subdir', 'DAGS_FOLDER/dag.py', '--cfg-path', '/tmp/tmpchya9eb0']
[2024-09-25T01:51:40.054+0000] {standard_task_runner.py:105} INFO - Job 123: Subtask insert_book_data
[2024-09-25T01:51:40.113+0000] {task_command.py:467} INFO - Running <TaskInstance: fetch_and_store_amazon_books.insert_book_data scheduled__2024-06-27T00:00:00+00:00 [running]> on host 12236234e313
[2024-09-25T01:51:40.208+0000] {taskinstance.py:3131} INFO - Exporting env vars: AIRFLOW_CTX_DAG_OWNER='***' AIRFLOW_CTX_DAG_ID='fetch_and_store_amazon_books' AIRFLOW_CTX_TASK_ID='insert_book_data' AIRFLOW_CTX_EXECUTION_DATE='2024-06-27T00:00:00+00:00' AIRFLOW_CTX_TRY_NUMBER='3' AIRFLOW_CTX_DAG_RUN_ID='scheduled__2024-06-27T00:00:00+00:00'
[2024-09-25T01:51:40.210+0000] {logging_mixin.py:190} INFO - Task instance is in running state
[2024-09-25T01:51:40.211+0000] {logging_mixin.py:190} INFO -  Previous state of the Task instance: queued
[2024-09-25T01:51:40.212+0000] {logging_mixin.py:190} INFO - Current task name:insert_book_data state:running start_date:2024-09-25 01:51:40.009941+00:00
[2024-09-25T01:51:40.212+0000] {logging_mixin.py:190} INFO - Dag name:fetch_and_store_amazon_books and current dag run status:running
[2024-09-25T01:51:40.213+0000] {taskinstance.py:731} INFO - ::endgroup::
[2024-09-25T01:51:40.235+0000] {base.py:84} INFO - Retrieving connection 'books_connection'
[2024-09-25T01:51:40.240+0000] {sql.py:509} INFO - Running statement: 
    INSERT INTO books (title, authors, price, rating)
    VALUES (%s,%s,%s,%s)
    , parameters: ('Data Engineering with AWS - Second Edition: Acquire the skills to design and build AWS-based data transformation pipelines like a pro', 'Gareth Eagar', '41.', '4.4 out of 5 stars')
[2024-09-25T01:51:40.242+0000] {sql.py:518} INFO - Rows affected: 1
[2024-09-25T01:51:40.253+0000] {base.py:84} INFO - Retrieving connection 'books_connection'
[2024-09-25T01:51:40.257+0000] {sql.py:509} INFO - Running statement: 
    INSERT INTO books (title, authors, price, rating)
    VALUES (%s,%s,%s,%s)
    , parameters: ('Data Engineering 101', 'Hardcover', '30.', '4.6 out of 5 stars')
[2024-09-25T01:51:40.259+0000] {sql.py:518} INFO - Rows affected: 1
[2024-09-25T01:51:40.274+0000] {base.py:84} INFO - Retrieving connection 'books_connection'
[2024-09-25T01:51:40.281+0000] {sql.py:509} INFO - Running statement: 
    INSERT INTO books (title, authors, price, rating)
    VALUES (%s,%s,%s,%s)
    , parameters: ('Azure Data Engineer Associate Certification Guide: Ace the DP-203 exam with advanced data engineering skills', 'Giacinto Palmieri', '32.', '4.4 out of 5 stars')
[2024-09-25T01:51:40.284+0000] {sql.py:518} INFO - Rows affected: 1
[2024-09-25T01:51:40.300+0000] {base.py:84} INFO - Retrieving connection 'books_connection'
[2024-09-25T01:51:40.306+0000] {sql.py:509} INFO - Running statement: 
    INSERT INTO books (title, authors, price, rating)
    VALUES (%s,%s,%s,%s)
    , parameters: ('Data Engineering with dbt: A practical guide to building a cloud-based, pragmatic, and dependable data platform with SQL', 'Roberto Zagni', '37.', '4.6 out of 5 stars')
[2024-09-25T01:51:40.309+0000] {sql.py:518} INFO - Rows affected: 1
[2024-09-25T01:51:40.320+0000] {base.py:84} INFO - Retrieving connection 'books_connection'
[2024-09-25T01:51:40.325+0000] {sql.py:509} INFO - Running statement: 
    INSERT INTO books (title, authors, price, rating)
    VALUES (%s,%s,%s,%s)
    , parameters: ('Fundamentals of Data Engineering: Plan and Build Robust Data Systems', 'Joe Reis', '42.', '4.7 out of 5 stars')
[2024-09-25T01:51:40.328+0000] {sql.py:518} INFO - Rows affected: 1
[2024-09-25T01:51:40.338+0000] {base.py:84} INFO - Retrieving connection 'books_connection'
[2024-09-25T01:51:40.346+0000] {sql.py:509} INFO - Running statement: 
    INSERT INTO books (title, authors, price, rating)
    VALUES (%s,%s,%s,%s)
    , parameters: ('Designing Data-Intensive Applications: The Big Ideas Behind Reliable, Scalable, and Maintainable Systems', 'Martin Kleppmann', '46.', '4.8 out of 5 stars')
[2024-09-25T01:51:40.349+0000] {sql.py:518} INFO - Rows affected: 1
[2024-09-25T01:51:40.359+0000] {base.py:84} INFO - Retrieving connection 'books_connection'
[2024-09-25T01:51:40.364+0000] {sql.py:509} INFO - Running statement: 
    INSERT INTO books (title, authors, price, rating)
    VALUES (%s,%s,%s,%s)
    , parameters: ('Data Pipelines Pocket Reference: Moving and Processing Data for Analytics', 'James Densmore', '17.', '4.5 out of 5 stars')
[2024-09-25T01:51:40.366+0000] {sql.py:518} INFO - Rows affected: 1
[2024-09-25T01:51:40.378+0000] {base.py:84} INFO - Retrieving connection 'books_connection'
[2024-09-25T01:51:40.384+0000] {sql.py:509} INFO - Running statement: 
    INSERT INTO books (title, authors, price, rating)
    VALUES (%s,%s,%s,%s)
    , parameters: ('Fundamentals of Data Analytics: Learn Essential Skills, Embrace the Future, and Catapult Your Career in the Data-Driven World—A Comprehensive Guide to Data Literacy for Beginners', 'Russell Dawson', '17.', '4.8 out of 5 stars')
[2024-09-25T01:51:40.388+0000] {sql.py:518} INFO - Rows affected: 1
[2024-09-25T01:51:40.400+0000] {base.py:84} INFO - Retrieving connection 'books_connection'
[2024-09-25T01:51:40.405+0000] {sql.py:509} INFO - Running statement: 
    INSERT INTO books (title, authors, price, rating)
    VALUES (%s,%s,%s,%s)
    , parameters: ("Ultimate Data Engineering with Databricks: Develop Scalable Data Pipelines Using Data Engineering's Core Tenets Such as Delta Tables, Ingestion, ... Security, and Scalability (English Edition)", 'Mayank Malhotra', '37.', '4.1 out of 5 stars')
[2024-09-25T01:51:40.407+0000] {sql.py:518} INFO - Rows affected: 1
[2024-09-25T01:51:40.418+0000] {base.py:84} INFO - Retrieving connection 'books_connection'
[2024-09-25T01:51:40.422+0000] {sql.py:509} INFO - Running statement: 
    INSERT INTO books (title, authors, price, rating)
    VALUES (%s,%s,%s,%s)
    , parameters: ('Data Engineering with Python: Work with massive datasets to design data models and automate data pipelines using Python', 'Paul Crickard', '37.', '4.1 out of 5 stars')
[2024-09-25T01:51:40.424+0000] {sql.py:518} INFO - Rows affected: 1
[2024-09-25T01:51:40.434+0000] {base.py:84} INFO - Retrieving connection 'books_connection'
[2024-09-25T01:51:40.439+0000] {sql.py:509} INFO - Running statement: 
    INSERT INTO books (title, authors, price, rating)
    VALUES (%s,%s,%s,%s)
    , parameters: ('Cracking the Data Engineering Interview: Land your dream job with the help of resume-building tips, over 100 mock questions, and a unique portfolio', 'Kedeisha Bryan', '26.', '4.4 out of 5 stars')
[2024-09-25T01:51:40.441+0000] {sql.py:518} INFO - Rows affected: 1
[2024-09-25T01:51:40.451+0000] {base.py:84} INFO - Retrieving connection 'books_connection'
[2024-09-25T01:51:40.456+0000] {sql.py:509} INFO - Running statement: 
    INSERT INTO books (title, authors, price, rating)
    VALUES (%s,%s,%s,%s)
    , parameters: ('Ace the Data Engineering Interview: Questions and Answers for Python, SQL, Data Modeling and More', 'Sean Coyne', '24.', '3.8 out of 5 stars')
[2024-09-25T01:51:40.458+0000] {sql.py:518} INFO - Rows affected: 1
[2024-09-25T01:51:40.468+0000] {base.py:84} INFO - Retrieving connection 'books_connection'
[2024-09-25T01:51:40.472+0000] {sql.py:509} INFO - Running statement: 
    INSERT INTO books (title, authors, price, rating)
    VALUES (%s,%s,%s,%s)
    , parameters: ('Data Engineering with Databricks Cookbook: Build effective data and AI solutions using Apache Spark, Databricks, and Delta Lake', 'Pulkit Chadha', '33.', '4.3 out of 5 stars')
[2024-09-25T01:51:40.475+0000] {sql.py:518} INFO - Rows affected: 1
[2024-09-25T01:51:40.484+0000] {base.py:84} INFO - Retrieving connection 'books_connection'
[2024-09-25T01:51:40.488+0000] {sql.py:509} INFO - Running statement: 
    INSERT INTO books (title, authors, price, rating)
    VALUES (%s,%s,%s,%s)
    , parameters: ('Ace the Data Science Interview: 201 Real Interview Questions Asked By FAANG, Tech Startups, & Wall Street', 'Nick Singh', '34.', '4.5 out of 5 stars')
[2024-09-25T01:51:40.490+0000] {sql.py:518} INFO - Rows affected: 1
[2024-09-25T01:51:40.500+0000] {base.py:84} INFO - Retrieving connection 'books_connection'
[2024-09-25T01:51:40.505+0000] {sql.py:509} INFO - Running statement: 
    INSERT INTO books (title, authors, price, rating)
    VALUES (%s,%s,%s,%s)
    , parameters: ('Essentials of Data Engineering', 'Dr. Mukesh Saini', '19.', '5.0 out of 5 stars')
[2024-09-25T01:51:40.508+0000] {sql.py:518} INFO - Rows affected: 1
[2024-09-25T01:51:40.519+0000] {base.py:84} INFO - Retrieving connection 'books_connection'
[2024-09-25T01:51:40.523+0000] {sql.py:509} INFO - Running statement: 
    INSERT INTO books (title, authors, price, rating)
    VALUES (%s,%s,%s,%s)
    , parameters: ('Data Governance Handbook: A practical approach to building trust in data', 'Wendy S Batchelder', '32.', '5.0 out of 5 stars')
[2024-09-25T01:51:40.525+0000] {sql.py:518} INFO - Rows affected: 1
[2024-09-25T01:51:40.534+0000] {base.py:84} INFO - Retrieving connection 'books_connection'
[2024-09-25T01:51:40.539+0000] {sql.py:509} INFO - Running statement: 
    INSERT INTO books (title, authors, price, rating)
    VALUES (%s,%s,%s,%s)
    , parameters: ('Build a Career in Data Science', 'Emily Robinson', '35.', '4.6 out of 5 stars')
[2024-09-25T01:51:40.541+0000] {sql.py:518} INFO - Rows affected: 1
[2024-09-25T01:51:40.551+0000] {base.py:84} INFO - Retrieving connection 'books_connection'
[2024-09-25T01:51:40.556+0000] {sql.py:509} INFO - Running statement: 
    INSERT INTO books (title, authors, price, rating)
    VALUES (%s,%s,%s,%s)
    , parameters: ('Data Engineering with Python cookbook: Learn to build efficient data pipelines using the Modern Cloud Data Stack', 'Adithyan Ramanujakootam', '32.', '5.0 out of 5 stars')
[2024-09-25T01:51:40.558+0000] {sql.py:518} INFO - Rows affected: 1
[2024-09-25T01:51:40.569+0000] {base.py:84} INFO - Retrieving connection 'books_connection'
[2024-09-25T01:51:40.574+0000] {sql.py:509} INFO - Running statement: 
    INSERT INTO books (title, authors, price, rating)
    VALUES (%s,%s,%s,%s)
    , parameters: ('Data Engineering with AWS: Learn how to design and build cloud-based data transformation pipelines using AWS', 'Gareth Eagar', '49.', '4.4 out of 5 stars')
[2024-09-25T01:51:40.576+0000] {sql.py:518} INFO - Rows affected: 1
[2024-09-25T01:51:40.588+0000] {base.py:84} INFO - Retrieving connection 'books_connection'
[2024-09-25T01:51:40.593+0000] {sql.py:509} INFO - Running statement: 
    INSERT INTO books (title, authors, price, rating)
    VALUES (%s,%s,%s,%s)
    , parameters: ('97 Things Every Data Engineer Should Know: Collective Wisdom from the Experts', 'Tobias Macey', '28.', '4.1 out of 5 stars')
[2024-09-25T01:51:40.596+0000] {sql.py:518} INFO - Rows affected: 1
[2024-09-25T01:51:40.608+0000] {base.py:84} INFO - Retrieving connection 'books_connection'
[2024-09-25T01:51:40.614+0000] {sql.py:509} INFO - Running statement: 
    INSERT INTO books (title, authors, price, rating)
    VALUES (%s,%s,%s,%s)
    , parameters: ('Software Engineering for Data Scientists: From Notebooks to Scalable Systems', 'Catherine Nelson', '51.', '4.4 out of 5 stars')
[2024-09-25T01:51:40.617+0000] {sql.py:518} INFO - Rows affected: 1
[2024-09-25T01:51:40.629+0000] {base.py:84} INFO - Retrieving connection 'books_connection'
[2024-09-25T01:51:40.635+0000] {sql.py:509} INFO - Running statement: 
    INSERT INTO books (title, authors, price, rating)
    VALUES (%s,%s,%s,%s)
    , parameters: ('Data Privacy: A runbook for engineers', 'Nishant Bhajaria', '35.', '4.8 out of 5 stars')
[2024-09-25T01:51:40.637+0000] {sql.py:518} INFO - Rows affected: 1
[2024-09-25T01:51:40.651+0000] {base.py:84} INFO - Retrieving connection 'books_connection'
[2024-09-25T01:51:40.656+0000] {sql.py:509} INFO - Running statement: 
    INSERT INTO books (title, authors, price, rating)
    VALUES (%s,%s,%s,%s)
    , parameters: ('Mastering Large Datasets with Python: Parallelize and Distribute Your Python Code', 'John T. Wolohan', '49.', '3.9 out of 5 stars')
[2024-09-25T01:51:40.659+0000] {sql.py:518} INFO - Rows affected: 1
[2024-09-25T01:51:40.672+0000] {base.py:84} INFO - Retrieving connection 'books_connection'
[2024-09-25T01:51:40.677+0000] {sql.py:509} INFO - Running statement: 
    INSERT INTO books (title, authors, price, rating)
    VALUES (%s,%s,%s,%s)
    , parameters: ("Azure Data Factory Cookbook: A data engineer's guide to building and managing ETL and ELT pipelines with data integration", 'Dmitry Foshin', '51.', '4.2 out of 5 stars')
[2024-09-25T01:51:40.680+0000] {sql.py:518} INFO - Rows affected: 1
[2024-09-25T01:51:40.691+0000] {base.py:84} INFO - Retrieving connection 'books_connection'
[2024-09-25T01:51:40.696+0000] {sql.py:509} INFO - Running statement: 
    INSERT INTO books (title, authors, price, rating)
    VALUES (%s,%s,%s,%s)
    , parameters: ('Data Engineering Fundamentals for Beginners: Mastering the Art of Building, Managing, and Scaling Data Systems', 'Paperback', '14.', '5.0 out of 5 stars')
[2024-09-25T01:51:40.699+0000] {sql.py:518} INFO - Rows affected: 1
[2024-09-25T01:51:40.710+0000] {base.py:84} INFO - Retrieving connection 'books_connection'
[2024-09-25T01:51:40.715+0000] {sql.py:509} INFO - Running statement: 
    INSERT INTO books (title, authors, price, rating)
    VALUES (%s,%s,%s,%s)
    , parameters: ('DATA ENGINEERING AND AI FOR BEGINNERS: Revolutionizing Data Processing and Analytics by Leveraging Artificial Intelligence for Efficient Input Collection, Storage, and Transformation (World of AI)', 'Paperback', '13.', '4.3 out of 5 stars')
[2024-09-25T01:51:40.718+0000] {sql.py:518} INFO - Rows affected: 1
[2024-09-25T01:51:40.728+0000] {base.py:84} INFO - Retrieving connection 'books_connection'
[2024-09-25T01:51:40.733+0000] {sql.py:509} INFO - Running statement: 
    INSERT INTO books (title, authors, price, rating)
    VALUES (%s,%s,%s,%s)
    , parameters: ('Data-Driven Science and Engineering: Machine Learning, Dynamical Systems, and Control', 'Steven L. Brunton', '64.', '4.8 out of 5 stars')
[2024-09-25T01:51:40.736+0000] {sql.py:518} INFO - Rows affected: 1
[2024-09-25T01:51:40.747+0000] {base.py:84} INFO - Retrieving connection 'books_connection'
[2024-09-25T01:51:40.752+0000] {sql.py:509} INFO - Running statement: 
    INSERT INTO books (title, authors, price, rating)
    VALUES (%s,%s,%s,%s)
    , parameters: ("Data Quality Fundamentals: A Practitioner's Guide to Building Trustworthy Data Pipelines", 'Paperback', '45.', '4.1 out of 5 stars')
[2024-09-25T01:51:40.754+0000] {sql.py:518} INFO - Rows affected: 1
[2024-09-25T01:51:40.764+0000] {base.py:84} INFO - Retrieving connection 'books_connection'
[2024-09-25T01:51:40.769+0000] {sql.py:509} INFO - Running statement: 
    INSERT INTO books (title, authors, price, rating)
    VALUES (%s,%s,%s,%s)
    , parameters: ('Data Engineering with Scala and Spark: A practical guide helping you build streaming and batch pipelines that process massive amounts of data using Scala', 'Eric Tome', '36.', '4.1 out of 5 stars')
[2024-09-25T01:51:40.771+0000] {sql.py:518} INFO - Rows affected: 1
[2024-09-25T01:51:40.782+0000] {base.py:84} INFO - Retrieving connection 'books_connection'
[2024-09-25T01:51:40.787+0000] {sql.py:509} INFO - Running statement: 
    INSERT INTO books (title, authors, price, rating)
    VALUES (%s,%s,%s,%s)
    , parameters: ('Data Engineering with Google Cloud Platform: A guide to leveling up as a data engineer by building a scalable data platform with Google Cloud', 'Adi Wijaya', '41.', '5.0 out of 5 stars')
[2024-09-25T01:51:40.790+0000] {sql.py:518} INFO - Rows affected: 1
[2024-09-25T01:51:40.801+0000] {base.py:84} INFO - Retrieving connection 'books_connection'
[2024-09-25T01:51:40.806+0000] {sql.py:509} INFO - Running statement: 
    INSERT INTO books (title, authors, price, rating)
    VALUES (%s,%s,%s,%s)
    , parameters: ('Analytics Engineering with SQL and dbt: Building Meaningful Data Models at Scale', 'Rui Pedro Machado', '41.', '3.9 out of 5 stars')
[2024-09-25T01:51:40.808+0000] {sql.py:518} INFO - Rows affected: 1
[2024-09-25T01:51:40.819+0000] {base.py:84} INFO - Retrieving connection 'books_connection'
[2024-09-25T01:51:40.824+0000] {sql.py:509} INFO - Running statement: 
    INSERT INTO books (title, authors, price, rating)
    VALUES (%s,%s,%s,%s)
    , parameters: ('Storytelling with Data: A Data Visualization Guide for Business Professionals', 'Cole Nussbaumer Knaflic', '27.', '4.6 out of 5 stars')
[2024-09-25T01:51:40.826+0000] {sql.py:518} INFO - Rows affected: 1
[2024-09-25T01:51:40.836+0000] {base.py:84} INFO - Retrieving connection 'books_connection'
[2024-09-25T01:51:40.841+0000] {sql.py:509} INFO - Running statement: 
    INSERT INTO books (title, authors, price, rating)
    VALUES (%s,%s,%s,%s)
    , parameters: ('Data Engineering with Apache Spark, Delta Lake, and Lakehouse: Create scalable pipelines that ingest, curate, and aggregate complex data in a timely and secure way', 'Manoj Kukreja', '46.', '3.9 out of 5 stars')
[2024-09-25T01:51:40.844+0000] {sql.py:518} INFO - Rows affected: 1
[2024-09-25T01:51:40.855+0000] {base.py:84} INFO - Retrieving connection 'books_connection'
[2024-09-25T01:51:40.860+0000] {sql.py:509} INFO - Running statement: 
    INSERT INTO books (title, authors, price, rating)
    VALUES (%s,%s,%s,%s)
    , parameters: ('Data Engineering with Google Cloud Platform: A practical guide to operationalizing scalable data analytics systems on GCP', 'Adi Wijaya', '39.', '4.7 out of 5 stars')
[2024-09-25T01:51:40.862+0000] {sql.py:518} INFO - Rows affected: 1
[2024-09-25T01:51:40.872+0000] {base.py:84} INFO - Retrieving connection 'books_connection'
[2024-09-25T01:51:40.877+0000] {sql.py:509} INFO - Running statement: 
    INSERT INTO books (title, authors, price, rating)
    VALUES (%s,%s,%s,%s)
    , parameters: ('Official Google Cloud Certified Professional Data Engineer Study Guide', 'Dan Sullivan', '33.', '4.5 out of 5 stars')
[2024-09-25T01:51:40.879+0000] {sql.py:518} INFO - Rows affected: 1
[2024-09-25T01:51:40.889+0000] {base.py:84} INFO - Retrieving connection 'books_connection'
[2024-09-25T01:51:40.894+0000] {sql.py:509} INFO - Running statement: 
    INSERT INTO books (title, authors, price, rating)
    VALUES (%s,%s,%s,%s)
    , parameters: ('Mastering the Data Paradox: Key to Winning in the AI Age', 'Nitin Seth', '17.', '4.8 out of 5 stars')
[2024-09-25T01:51:40.896+0000] {sql.py:518} INFO - Rows affected: 1
[2024-09-25T01:51:40.906+0000] {base.py:84} INFO - Retrieving connection 'books_connection'
[2024-09-25T01:51:40.911+0000] {sql.py:509} INFO - Running statement: 
    INSERT INTO books (title, authors, price, rating)
    VALUES (%s,%s,%s,%s)
    , parameters: ('Python Programming and SQL: 5 books in 1 - The #1 Coding Course from Beginner to Advanced. Learn it Well & Fast (2024) (Computer Programming)', 'Paperback', '29.', '4.3 out of 5 stars')
[2024-09-25T01:51:40.913+0000] {sql.py:518} INFO - Rows affected: 1
[2024-09-25T01:51:40.923+0000] {base.py:84} INFO - Retrieving connection 'books_connection'
[2024-09-25T01:51:40.928+0000] {sql.py:509} INFO - Running statement: 
    INSERT INTO books (title, authors, price, rating)
    VALUES (%s,%s,%s,%s)
    , parameters: ('Modern Data Engineering with Apache Spark: A Hands-On Guide for Building Mission-Critical Streaming Applications', 'Scott Haines', '30.', '4.1 out of 5 stars')
[2024-09-25T01:51:40.930+0000] {sql.py:518} INFO - Rows affected: 1
[2024-09-25T01:51:40.940+0000] {base.py:84} INFO - Retrieving connection 'books_connection'
[2024-09-25T01:51:40.945+0000] {sql.py:509} INFO - Running statement: 
    INSERT INTO books (title, authors, price, rating)
    VALUES (%s,%s,%s,%s)
    , parameters: ('Data Mesh: Delivering Data-Driven Value at Scale', 'Audible Audiobook', '0.', '4.5 out of 5 stars')
[2024-09-25T01:51:40.947+0000] {sql.py:518} INFO - Rows affected: 1
[2024-09-25T01:51:40.956+0000] {base.py:84} INFO - Retrieving connection 'books_connection'
[2024-09-25T01:51:40.961+0000] {sql.py:509} INFO - Running statement: 
    INSERT INTO books (title, authors, price, rating)
    VALUES (%s,%s,%s,%s)
    , parameters: ('Database Internals: A Deep Dive into How Distributed Data Systems Work', 'Alex Petrov', '36.', '4.6 out of 5 stars')
[2024-09-25T01:51:40.963+0000] {sql.py:518} INFO - Rows affected: 1
[2024-09-25T01:51:40.972+0000] {base.py:84} INFO - Retrieving connection 'books_connection'
[2024-09-25T01:51:40.977+0000] {sql.py:509} INFO - Running statement: 
    INSERT INTO books (title, authors, price, rating)
    VALUES (%s,%s,%s,%s)
    , parameters: ('Data Modeling with Snowflake: A practical guide to accelerating Snowflake development using universal data modeling techniques', 'Serge Gershkovich', '36.', '4.8 out of 5 stars')
[2024-09-25T01:51:40.980+0000] {sql.py:518} INFO - Rows affected: 1
[2024-09-25T01:51:40.990+0000] {base.py:84} INFO - Retrieving connection 'books_connection'
[2024-09-25T01:51:40.995+0000] {sql.py:509} INFO - Running statement: 
    INSERT INTO books (title, authors, price, rating)
    VALUES (%s,%s,%s,%s)
    , parameters: ('Better Data Visualizations: A Guide for Scholars, Researchers, and Wonks', 'Jonathan Schwabish', '26.', '4.5 out of 5 stars')
[2024-09-25T01:51:40.997+0000] {sql.py:518} INFO - Rows affected: 1
[2024-09-25T01:51:41.007+0000] {base.py:84} INFO - Retrieving connection 'books_connection'
[2024-09-25T01:51:41.011+0000] {sql.py:509} INFO - Running statement: 
    INSERT INTO books (title, authors, price, rating)
    VALUES (%s,%s,%s,%s)
    , parameters: ('Machine Learning Engineering', 'Andriy Burkov', '39.', '4.7 out of 5 stars')
[2024-09-25T01:51:41.013+0000] {sql.py:518} INFO - Rows affected: 1
[2024-09-25T01:51:41.022+0000] {base.py:84} INFO - Retrieving connection 'books_connection'
[2024-09-25T01:51:41.027+0000] {sql.py:509} INFO - Running statement: 
    INSERT INTO books (title, authors, price, rating)
    VALUES (%s,%s,%s,%s)
    , parameters: ('Data Engineering with Databricks', 'Paperback', '25.', '3.4 out of 5 stars')
[2024-09-25T01:51:41.029+0000] {sql.py:518} INFO - Rows affected: 1
[2024-09-25T01:51:41.038+0000] {base.py:84} INFO - Retrieving connection 'books_connection'
[2024-09-25T01:51:41.043+0000] {sql.py:509} INFO - Running statement: 
    INSERT INTO books (title, authors, price, rating)
    VALUES (%s,%s,%s,%s)
    , parameters: ("Engineers' Data Book", 'Clifford Matthews', '26.', '4.6 out of 5 stars')
[2024-09-25T01:51:41.045+0000] {sql.py:518} INFO - Rows affected: 1
[2024-09-25T01:51:41.054+0000] {base.py:84} INFO - Retrieving connection 'books_connection'
[2024-09-25T01:51:41.059+0000] {sql.py:509} INFO - Running statement: 
    INSERT INTO books (title, authors, price, rating)
    VALUES (%s,%s,%s,%s)
    , parameters: ('Prompt Engineering for Generative AI: Future-Proof Inputs for Reliable AI Outputs', 'James Phoenix', '53.', '4.5 out of 5 stars')
[2024-09-25T01:51:41.061+0000] {sql.py:518} INFO - Rows affected: 1
[2024-09-25T01:51:41.070+0000] {base.py:84} INFO - Retrieving connection 'books_connection'
[2024-09-25T01:51:41.075+0000] {sql.py:509} INFO - Running statement: 
    INSERT INTO books (title, authors, price, rating)
    VALUES (%s,%s,%s,%s)
    , parameters: ('Designing Machine Learning Systems: An Iterative Process for Production-Ready Applications', 'Chip Huyen', '52.', '4.6 out of 5 stars')
[2024-09-25T01:51:41.077+0000] {sql.py:518} INFO - Rows affected: 1
[2024-09-25T01:51:41.086+0000] {base.py:84} INFO - Retrieving connection 'books_connection'
[2024-09-25T01:51:41.091+0000] {sql.py:509} INFO - Running statement: 
    INSERT INTO books (title, authors, price, rating)
    VALUES (%s,%s,%s,%s)
    , parameters: ("SQL QuickStart Guide: The Simplified Beginner's Guide to Managing, Analyzing, and Manipulating Data With SQL (Coding & Programming - QuickStart Guides)", 'Paperback', '23.', '4.6 out of 5 stars')
[2024-09-25T01:51:41.093+0000] {sql.py:518} INFO - Rows affected: 1
[2024-09-25T01:51:41.102+0000] {base.py:84} INFO - Retrieving connection 'books_connection'
[2024-09-25T01:51:41.107+0000] {sql.py:509} INFO - Running statement: 
    INSERT INTO books (title, authors, price, rating)
    VALUES (%s,%s,%s,%s)
    , parameters: ('Ultimate Azure Data Engineering: Build Robust Data Engineering Systems on Azure with SQL, ETL, Data Modeling, and Power BI for Business Insights and Crack Azure Certifications (English Edition)', 'Ashish Agarwal', '39.', '5.0 out of 5 stars')
[2024-09-25T01:51:41.109+0000] {sql.py:518} INFO - Rows affected: 1
[2024-09-25T01:51:41.118+0000] {base.py:84} INFO - Retrieving connection 'books_connection'
[2024-09-25T01:51:41.123+0000] {sql.py:509} INFO - Running statement: 
    INSERT INTO books (title, authors, price, rating)
    VALUES (%s,%s,%s,%s)
    , parameters: ('Building ETL Pipelines with Python: Create and deploy enterprise-ready ETL pipelines by employing modern methods', 'Brij Kishore Pandey', '34.', '4.2 out of 5 stars')
[2024-09-25T01:51:41.125+0000] {sql.py:518} INFO - Rows affected: 1
[2024-09-25T01:51:41.127+0000] {python.py:240} INFO - Done. Returned value was: None
[2024-09-25T01:51:41.140+0000] {taskinstance.py:340} INFO - ::group::Post task execution logs
[2024-09-25T01:51:41.141+0000] {taskinstance.py:352} INFO - Marking task as SUCCESS. dag_id=fetch_and_store_amazon_books, task_id=insert_book_data, run_id=scheduled__2024-06-27T00:00:00+00:00, execution_date=20240627T000000, start_date=20240925T015140, end_date=20240925T015141
[2024-09-25T01:51:41.154+0000] {logging_mixin.py:190} INFO - Task instance in success state
[2024-09-25T01:51:41.155+0000] {logging_mixin.py:190} INFO -  Previous state of the Task instance: running
[2024-09-25T01:51:41.156+0000] {logging_mixin.py:190} INFO - Dag name:fetch_and_store_amazon_books queued_at:2024-09-25 01:51:37.443055+00:00
[2024-09-25T01:51:41.157+0000] {logging_mixin.py:190} INFO - Task hostname:12236234e313 operator:PythonOperator
[2024-09-25T01:51:41.194+0000] {local_task_job_runner.py:266} INFO - Task exited with return code 0
[2024-09-25T01:51:41.214+0000] {taskinstance.py:3900} INFO - 0 downstream tasks scheduled from follow-on schedule check
[2024-09-25T01:51:41.217+0000] {local_task_job_runner.py:245} INFO - ::endgroup::
