[2024-09-25T01:51:17.489+0000] {local_task_job_runner.py:123} INFO - ::group::Pre task execution logs
[2024-09-25T01:51:17.505+0000] {taskinstance.py:2612} INFO - Dependencies all met for dep_context=non-requeueable deps ti=<TaskInstance: fetch_and_store_amazon_books.insert_book_data scheduled__2024-06-22T00:00:00+00:00 [queued]>
[2024-09-25T01:51:17.514+0000] {taskinstance.py:2612} INFO - Dependencies all met for dep_context=requeueable deps ti=<TaskInstance: fetch_and_store_amazon_books.insert_book_data scheduled__2024-06-22T00:00:00+00:00 [queued]>
[2024-09-25T01:51:17.515+0000] {taskinstance.py:2865} INFO - Starting attempt 3 of 4
[2024-09-25T01:51:17.530+0000] {taskinstance.py:2888} INFO - Executing <Task(PythonOperator): insert_book_data> on 2024-06-22 00:00:00+00:00
[2024-09-25T01:51:17.537+0000] {warnings.py:112} WARNING - /home/***/.local/lib/python3.12/site-packages/***/task/task_runner/standard_task_runner.py:70: DeprecationWarning: This process (pid=3608) is multi-threaded, use of fork() may lead to deadlocks in the child.
  pid = os.fork()

[2024-09-25T01:51:17.539+0000] {standard_task_runner.py:72} INFO - Started process 3610 to run task
[2024-09-25T01:51:17.539+0000] {standard_task_runner.py:104} INFO - Running: ['***', 'tasks', 'run', 'fetch_and_store_amazon_books', 'insert_book_data', 'scheduled__2024-06-22T00:00:00+00:00', '--job-id', '118', '--raw', '--subdir', 'DAGS_FOLDER/dag.py', '--cfg-path', '/tmp/tmprrzz3ko1']
[2024-09-25T01:51:17.541+0000] {standard_task_runner.py:105} INFO - Job 118: Subtask insert_book_data
[2024-09-25T01:51:17.590+0000] {task_command.py:467} INFO - Running <TaskInstance: fetch_and_store_amazon_books.insert_book_data scheduled__2024-06-22T00:00:00+00:00 [running]> on host 12236234e313
[2024-09-25T01:51:17.687+0000] {taskinstance.py:3131} INFO - Exporting env vars: AIRFLOW_CTX_DAG_OWNER='***' AIRFLOW_CTX_DAG_ID='fetch_and_store_amazon_books' AIRFLOW_CTX_TASK_ID='insert_book_data' AIRFLOW_CTX_EXECUTION_DATE='2024-06-22T00:00:00+00:00' AIRFLOW_CTX_TRY_NUMBER='3' AIRFLOW_CTX_DAG_RUN_ID='scheduled__2024-06-22T00:00:00+00:00'
[2024-09-25T01:51:17.689+0000] {logging_mixin.py:190} INFO - Task instance is in running state
[2024-09-25T01:51:17.690+0000] {logging_mixin.py:190} INFO -  Previous state of the Task instance: queued
[2024-09-25T01:51:17.692+0000] {logging_mixin.py:190} INFO - Current task name:insert_book_data state:running start_date:2024-09-25 01:51:17.507019+00:00
[2024-09-25T01:51:17.693+0000] {logging_mixin.py:190} INFO - Dag name:fetch_and_store_amazon_books and current dag run status:running
[2024-09-25T01:51:17.693+0000] {taskinstance.py:731} INFO - ::endgroup::
[2024-09-25T01:51:17.717+0000] {base.py:84} INFO - Retrieving connection 'books_connection'
[2024-09-25T01:51:17.722+0000] {sql.py:509} INFO - Running statement: 
    INSERT INTO books (title, authors, price, rating)
    VALUES (%s,%s,%s,%s)
    , parameters: ('Data Engineering with AWS - Second Edition: Acquire the skills to design and build AWS-based data transformation pipelines like a pro', 'Gareth Eagar', '41.', '4.4 out of 5 stars')
[2024-09-25T01:51:17.724+0000] {sql.py:518} INFO - Rows affected: 1
[2024-09-25T01:51:17.734+0000] {base.py:84} INFO - Retrieving connection 'books_connection'
[2024-09-25T01:51:17.738+0000] {sql.py:509} INFO - Running statement: 
    INSERT INTO books (title, authors, price, rating)
    VALUES (%s,%s,%s,%s)
    , parameters: ('Fundamentals of Data Analytics: Learn Essential Skills, Embrace the Future, and Catapult Your Career in the Data-Driven World—A Comprehensive Guide to Data Literacy for Beginners', 'Russell Dawson', '17.', '4.8 out of 5 stars')
[2024-09-25T01:51:17.742+0000] {sql.py:518} INFO - Rows affected: 1
[2024-09-25T01:51:17.753+0000] {base.py:84} INFO - Retrieving connection 'books_connection'
[2024-09-25T01:51:17.758+0000] {sql.py:509} INFO - Running statement: 
    INSERT INTO books (title, authors, price, rating)
    VALUES (%s,%s,%s,%s)
    , parameters: ('Data Engineering with dbt: A practical guide to building a cloud-based, pragmatic, and dependable data platform with SQL', 'Roberto Zagni', '37.', '4.6 out of 5 stars')
[2024-09-25T01:51:17.761+0000] {sql.py:518} INFO - Rows affected: 1
[2024-09-25T01:51:17.772+0000] {base.py:84} INFO - Retrieving connection 'books_connection'
[2024-09-25T01:51:17.778+0000] {sql.py:509} INFO - Running statement: 
    INSERT INTO books (title, authors, price, rating)
    VALUES (%s,%s,%s,%s)
    , parameters: ('Data Engineering 101', 'Paperback', '22.', '4.6 out of 5 stars')
[2024-09-25T01:51:17.781+0000] {sql.py:518} INFO - Rows affected: 1
[2024-09-25T01:51:17.794+0000] {base.py:84} INFO - Retrieving connection 'books_connection'
[2024-09-25T01:51:17.799+0000] {sql.py:509} INFO - Running statement: 
    INSERT INTO books (title, authors, price, rating)
    VALUES (%s,%s,%s,%s)
    , parameters: ('Fundamentals of Data Engineering: Plan and Build Robust Data Systems', 'Joe Reis', '42.', '4.7 out of 5 stars')
[2024-09-25T01:51:17.801+0000] {sql.py:518} INFO - Rows affected: 1
[2024-09-25T01:51:17.811+0000] {base.py:84} INFO - Retrieving connection 'books_connection'
[2024-09-25T01:51:17.816+0000] {sql.py:509} INFO - Running statement: 
    INSERT INTO books (title, authors, price, rating)
    VALUES (%s,%s,%s,%s)
    , parameters: ('Designing Data-Intensive Applications: The Big Ideas Behind Reliable, Scalable, and Maintainable Systems', 'Martin Kleppmann', '46.', '4.8 out of 5 stars')
[2024-09-25T01:51:17.818+0000] {sql.py:518} INFO - Rows affected: 1
[2024-09-25T01:51:17.828+0000] {base.py:84} INFO - Retrieving connection 'books_connection'
[2024-09-25T01:51:17.833+0000] {sql.py:509} INFO - Running statement: 
    INSERT INTO books (title, authors, price, rating)
    VALUES (%s,%s,%s,%s)
    , parameters: ('Data Pipelines Pocket Reference: Moving and Processing Data for Analytics', 'James Densmore', '17.', '4.5 out of 5 stars')
[2024-09-25T01:51:17.835+0000] {sql.py:518} INFO - Rows affected: 1
[2024-09-25T01:51:17.847+0000] {base.py:84} INFO - Retrieving connection 'books_connection'
[2024-09-25T01:51:17.851+0000] {sql.py:509} INFO - Running statement: 
    INSERT INTO books (title, authors, price, rating)
    VALUES (%s,%s,%s,%s)
    , parameters: ('Data Engineering with Python: Work with massive datasets to design data models and automate data pipelines using Python', 'Paul Crickard', '37.', '4.1 out of 5 stars')
[2024-09-25T01:51:17.853+0000] {sql.py:518} INFO - Rows affected: 1
[2024-09-25T01:51:17.864+0000] {base.py:84} INFO - Retrieving connection 'books_connection'
[2024-09-25T01:51:17.869+0000] {sql.py:509} INFO - Running statement: 
    INSERT INTO books (title, authors, price, rating)
    VALUES (%s,%s,%s,%s)
    , parameters: ('Cracking the Data Engineering Interview: Land your dream job with the help of resume-building tips, over 100 mock questions, and a unique portfolio', 'Kedeisha Bryan', '26.', '4.4 out of 5 stars')
[2024-09-25T01:51:17.871+0000] {sql.py:518} INFO - Rows affected: 1
[2024-09-25T01:51:17.882+0000] {base.py:84} INFO - Retrieving connection 'books_connection'
[2024-09-25T01:51:17.887+0000] {sql.py:509} INFO - Running statement: 
    INSERT INTO books (title, authors, price, rating)
    VALUES (%s,%s,%s,%s)
    , parameters: ('Ace the Data Engineering Interview: Questions and Answers for Python, SQL, Data Modeling and More', 'Sean Coyne', '24.', '3.8 out of 5 stars')
[2024-09-25T01:51:17.889+0000] {sql.py:518} INFO - Rows affected: 1
[2024-09-25T01:51:17.899+0000] {base.py:84} INFO - Retrieving connection 'books_connection'
[2024-09-25T01:51:17.904+0000] {sql.py:509} INFO - Running statement: 
    INSERT INTO books (title, authors, price, rating)
    VALUES (%s,%s,%s,%s)
    , parameters: ('Data Engineering with Databricks Cookbook: Build effective data and AI solutions using Apache Spark, Databricks, and Delta Lake', 'Pulkit Chadha', '33.', '4.3 out of 5 stars')
[2024-09-25T01:51:17.906+0000] {sql.py:518} INFO - Rows affected: 1
[2024-09-25T01:51:17.916+0000] {base.py:84} INFO - Retrieving connection 'books_connection'
[2024-09-25T01:51:17.920+0000] {sql.py:509} INFO - Running statement: 
    INSERT INTO books (title, authors, price, rating)
    VALUES (%s,%s,%s,%s)
    , parameters: ('Ace the Data Science Interview: 201 Real Interview Questions Asked By FAANG, Tech Startups, & Wall Street', 'Nick Singh', '34.', '4.5 out of 5 stars')
[2024-09-25T01:51:17.922+0000] {sql.py:518} INFO - Rows affected: 1
[2024-09-25T01:51:17.934+0000] {base.py:84} INFO - Retrieving connection 'books_connection'
[2024-09-25T01:51:17.938+0000] {sql.py:509} INFO - Running statement: 
    INSERT INTO books (title, authors, price, rating)
    VALUES (%s,%s,%s,%s)
    , parameters: ('Essentials of Data Engineering', 'Dr. Mukesh Saini', '19.', '5.0 out of 5 stars')
[2024-09-25T01:51:17.940+0000] {sql.py:518} INFO - Rows affected: 1
[2024-09-25T01:51:17.950+0000] {base.py:84} INFO - Retrieving connection 'books_connection'
[2024-09-25T01:51:17.954+0000] {sql.py:509} INFO - Running statement: 
    INSERT INTO books (title, authors, price, rating)
    VALUES (%s,%s,%s,%s)
    , parameters: ('Azure Data Engineer Associate Certification Guide: Ace the DP-203 exam with advanced data engineering skills', 'Giacinto Palmieri', '32.', '4.4 out of 5 stars')
[2024-09-25T01:51:17.957+0000] {sql.py:518} INFO - Rows affected: 1
[2024-09-25T01:51:17.966+0000] {base.py:84} INFO - Retrieving connection 'books_connection'
[2024-09-25T01:51:17.969+0000] {sql.py:509} INFO - Running statement: 
    INSERT INTO books (title, authors, price, rating)
    VALUES (%s,%s,%s,%s)
    , parameters: ('Data Engineering with Python cookbook: Learn to build efficient data pipelines using the Modern Cloud Data Stack', 'Adithyan Ramanujakootam', '32.', '5.0 out of 5 stars')
[2024-09-25T01:51:17.971+0000] {sql.py:518} INFO - Rows affected: 1
[2024-09-25T01:51:17.980+0000] {base.py:84} INFO - Retrieving connection 'books_connection'
[2024-09-25T01:51:17.983+0000] {sql.py:509} INFO - Running statement: 
    INSERT INTO books (title, authors, price, rating)
    VALUES (%s,%s,%s,%s)
    , parameters: ('Data Engineering with AWS: Learn how to design and build cloud-based data transformation pipelines using AWS', 'Gareth Eagar', '49.', '4.4 out of 5 stars')
[2024-09-25T01:51:17.985+0000] {sql.py:518} INFO - Rows affected: 1
[2024-09-25T01:51:17.994+0000] {base.py:84} INFO - Retrieving connection 'books_connection'
[2024-09-25T01:51:17.998+0000] {sql.py:509} INFO - Running statement: 
    INSERT INTO books (title, authors, price, rating)
    VALUES (%s,%s,%s,%s)
    , parameters: ('97 Things Every Data Engineer Should Know: Collective Wisdom from the Experts', 'Tobias Macey', '28.', '4.1 out of 5 stars')
[2024-09-25T01:51:18.000+0000] {sql.py:518} INFO - Rows affected: 1
[2024-09-25T01:51:18.009+0000] {base.py:84} INFO - Retrieving connection 'books_connection'
[2024-09-25T01:51:18.014+0000] {sql.py:509} INFO - Running statement: 
    INSERT INTO books (title, authors, price, rating)
    VALUES (%s,%s,%s,%s)
    , parameters: ('Software Engineering for Data Scientists: From Notebooks to Scalable Systems', 'Catherine Nelson', '51.', '4.4 out of 5 stars')
[2024-09-25T01:51:18.016+0000] {sql.py:518} INFO - Rows affected: 1
[2024-09-25T01:51:18.025+0000] {base.py:84} INFO - Retrieving connection 'books_connection'
[2024-09-25T01:51:18.029+0000] {sql.py:509} INFO - Running statement: 
    INSERT INTO books (title, authors, price, rating)
    VALUES (%s,%s,%s,%s)
    , parameters: ("Ultimate Data Engineering with Databricks: Develop Scalable Data Pipelines Using Data Engineering's Core Tenets Such as Delta Tables, Ingestion, ... Security, and Scalability (English Edition)", 'Mayank Malhotra', '37.', '4.1 out of 5 stars')
[2024-09-25T01:51:18.031+0000] {sql.py:518} INFO - Rows affected: 1
[2024-09-25T01:51:18.040+0000] {base.py:84} INFO - Retrieving connection 'books_connection'
[2024-09-25T01:51:18.045+0000] {sql.py:509} INFO - Running statement: 
    INSERT INTO books (title, authors, price, rating)
    VALUES (%s,%s,%s,%s)
    , parameters: ('DATA ENGINEERING AND AI FOR BEGINNERS: Revolutionizing Data Processing and Analytics by Leveraging Artificial Intelligence for Efficient Input Collection, Storage, and Transformation (World of AI)', 'Paperback', '13.', '4.3 out of 5 stars')
[2024-09-25T01:51:18.047+0000] {sql.py:518} INFO - Rows affected: 1
[2024-09-25T01:51:18.056+0000] {base.py:84} INFO - Retrieving connection 'books_connection'
[2024-09-25T01:51:18.061+0000] {sql.py:509} INFO - Running statement: 
    INSERT INTO books (title, authors, price, rating)
    VALUES (%s,%s,%s,%s)
    , parameters: ('Data-Driven Science and Engineering: Machine Learning, Dynamical Systems, and Control', 'Steven L. Brunton', '64.', '4.8 out of 5 stars')
[2024-09-25T01:51:18.064+0000] {sql.py:518} INFO - Rows affected: 1
[2024-09-25T01:51:18.073+0000] {base.py:84} INFO - Retrieving connection 'books_connection'
[2024-09-25T01:51:18.078+0000] {sql.py:509} INFO - Running statement: 
    INSERT INTO books (title, authors, price, rating)
    VALUES (%s,%s,%s,%s)
    , parameters: ("Data Quality Fundamentals: A Practitioner's Guide to Building Trustworthy Data Pipelines", 'Paperback', '45.', '4.1 out of 5 stars')
[2024-09-25T01:51:18.080+0000] {sql.py:518} INFO - Rows affected: 1
[2024-09-25T01:51:18.090+0000] {base.py:84} INFO - Retrieving connection 'books_connection'
[2024-09-25T01:51:18.095+0000] {sql.py:509} INFO - Running statement: 
    INSERT INTO books (title, authors, price, rating)
    VALUES (%s,%s,%s,%s)
    , parameters: ('Data Privacy: A runbook for engineers', 'Nishant Bhajaria', '35.', '4.8 out of 5 stars')
[2024-09-25T01:51:18.097+0000] {sql.py:518} INFO - Rows affected: 1
[2024-09-25T01:51:18.107+0000] {base.py:84} INFO - Retrieving connection 'books_connection'
[2024-09-25T01:51:18.111+0000] {sql.py:509} INFO - Running statement: 
    INSERT INTO books (title, authors, price, rating)
    VALUES (%s,%s,%s,%s)
    , parameters: ("Azure Data Factory Cookbook: A data engineer's guide to building and managing ETL and ELT pipelines with data integration", 'Dmitry Foshin', '51.', '4.2 out of 5 stars')
[2024-09-25T01:51:18.113+0000] {sql.py:518} INFO - Rows affected: 1
[2024-09-25T01:51:18.123+0000] {base.py:84} INFO - Retrieving connection 'books_connection'
[2024-09-25T01:51:18.128+0000] {sql.py:509} INFO - Running statement: 
    INSERT INTO books (title, authors, price, rating)
    VALUES (%s,%s,%s,%s)
    , parameters: ('Data Engineering Fundamentals for Beginners: Mastering the Art of Building, Managing, and Scaling Data Systems', 'Paperback', '14.', '5.0 out of 5 stars')
[2024-09-25T01:51:18.130+0000] {sql.py:518} INFO - Rows affected: 1
[2024-09-25T01:51:18.140+0000] {base.py:84} INFO - Retrieving connection 'books_connection'
[2024-09-25T01:51:18.145+0000] {sql.py:509} INFO - Running statement: 
    INSERT INTO books (title, authors, price, rating)
    VALUES (%s,%s,%s,%s)
    , parameters: ('Data Observability for Data Engineering: Proactive strategies for ensuring data accuracy and addressing broken data pipelines', 'Michele Pinto', '36.', '3.7 out of 5 stars')
[2024-09-25T01:51:18.146+0000] {sql.py:518} INFO - Rows affected: 1
[2024-09-25T01:51:18.155+0000] {base.py:84} INFO - Retrieving connection 'books_connection'
[2024-09-25T01:51:18.159+0000] {sql.py:509} INFO - Running statement: 
    INSERT INTO books (title, authors, price, rating)
    VALUES (%s,%s,%s,%s)
    , parameters: ('Data Engineering with Scala and Spark: A practical guide helping you build streaming and batch pipelines that process massive amounts of data using Scala', 'Eric Tome', '36.', '4.1 out of 5 stars')
[2024-09-25T01:51:18.169+0000] {sql.py:518} INFO - Rows affected: 1
[2024-09-25T01:51:18.181+0000] {base.py:84} INFO - Retrieving connection 'books_connection'
[2024-09-25T01:51:18.186+0000] {sql.py:509} INFO - Running statement: 
    INSERT INTO books (title, authors, price, rating)
    VALUES (%s,%s,%s,%s)
    , parameters: ('Data Engineering with Google Cloud Platform: A guide to leveling up as a data engineer by building a scalable data platform with Google Cloud', 'Adi Wijaya', '41.', '5.0 out of 5 stars')
[2024-09-25T01:51:18.188+0000] {sql.py:518} INFO - Rows affected: 1
[2024-09-25T01:51:18.199+0000] {base.py:84} INFO - Retrieving connection 'books_connection'
[2024-09-25T01:51:18.204+0000] {sql.py:509} INFO - Running statement: 
    INSERT INTO books (title, authors, price, rating)
    VALUES (%s,%s,%s,%s)
    , parameters: ('Python Data Engineering Resources: Boost Your Career With This Python Handbook; Prepare For Python Interview; Python Programming Cookbook For Beginners and Experienced; Python Data Analysis and More', 'Vajo Lukic', '0.', '4.7 out of 5 stars')
[2024-09-25T01:51:18.206+0000] {sql.py:518} INFO - Rows affected: 1
[2024-09-25T01:51:18.215+0000] {base.py:84} INFO - Retrieving connection 'books_connection'
[2024-09-25T01:51:18.219+0000] {sql.py:509} INFO - Running statement: 
    INSERT INTO books (title, authors, price, rating)
    VALUES (%s,%s,%s,%s)
    , parameters: ('Analytics Engineering with SQL and dbt: Building Meaningful Data Models at Scale', 'Rui Pedro Machado', '41.', '3.9 out of 5 stars')
[2024-09-25T01:51:18.222+0000] {sql.py:518} INFO - Rows affected: 1
[2024-09-25T01:51:18.231+0000] {base.py:84} INFO - Retrieving connection 'books_connection'
[2024-09-25T01:51:18.235+0000] {sql.py:509} INFO - Running statement: 
    INSERT INTO books (title, authors, price, rating)
    VALUES (%s,%s,%s,%s)
    , parameters: ('Storytelling with Data: A Data Visualization Guide for Business Professionals', 'Cole Nussbaumer Knaflic', '27.', '4.6 out of 5 stars')
[2024-09-25T01:51:18.237+0000] {sql.py:518} INFO - Rows affected: 1
[2024-09-25T01:51:18.246+0000] {base.py:84} INFO - Retrieving connection 'books_connection'
[2024-09-25T01:51:18.250+0000] {sql.py:509} INFO - Running statement: 
    INSERT INTO books (title, authors, price, rating)
    VALUES (%s,%s,%s,%s)
    , parameters: ('Data Engineering with Apache Spark, Delta Lake, and Lakehouse: Create scalable pipelines that ingest, curate, and aggregate complex data in a timely and secure way', 'Manoj Kukreja', '46.', '3.9 out of 5 stars')
[2024-09-25T01:51:18.253+0000] {sql.py:518} INFO - Rows affected: 1
[2024-09-25T01:51:18.262+0000] {base.py:84} INFO - Retrieving connection 'books_connection'
[2024-09-25T01:51:18.266+0000] {sql.py:509} INFO - Running statement: 
    INSERT INTO books (title, authors, price, rating)
    VALUES (%s,%s,%s,%s)
    , parameters: ('Data Engineering with Google Cloud Platform: A practical guide to operationalizing scalable data analytics systems on GCP', 'Adi Wijaya', '39.', '4.7 out of 5 stars')
[2024-09-25T01:51:18.268+0000] {sql.py:518} INFO - Rows affected: 1
[2024-09-25T01:51:18.278+0000] {base.py:84} INFO - Retrieving connection 'books_connection'
[2024-09-25T01:51:18.283+0000] {sql.py:509} INFO - Running statement: 
    INSERT INTO books (title, authors, price, rating)
    VALUES (%s,%s,%s,%s)
    , parameters: ('Official Google Cloud Certified Professional Data Engineer Study Guide', 'Dan Sullivan', '33.', '4.5 out of 5 stars')
[2024-09-25T01:51:18.285+0000] {sql.py:518} INFO - Rows affected: 1
[2024-09-25T01:51:18.296+0000] {base.py:84} INFO - Retrieving connection 'books_connection'
[2024-09-25T01:51:18.301+0000] {sql.py:509} INFO - Running statement: 
    INSERT INTO books (title, authors, price, rating)
    VALUES (%s,%s,%s,%s)
    , parameters: ('Mastering the Data Paradox: Key to Winning in the AI Age', 'Nitin Seth', '17.', '4.8 out of 5 stars')
[2024-09-25T01:51:18.303+0000] {sql.py:518} INFO - Rows affected: 1
[2024-09-25T01:51:18.313+0000] {base.py:84} INFO - Retrieving connection 'books_connection'
[2024-09-25T01:51:18.318+0000] {sql.py:509} INFO - Running statement: 
    INSERT INTO books (title, authors, price, rating)
    VALUES (%s,%s,%s,%s)
    , parameters: ('Python Programming and SQL: 5 books in 1 - The #1 Coding Course from Beginner to Advanced. Learn it Well & Fast (2024) (Computer Programming)', 'Paperback', '29.', '4.3 out of 5 stars')
[2024-09-25T01:51:18.320+0000] {sql.py:518} INFO - Rows affected: 1
[2024-09-25T01:51:18.331+0000] {base.py:84} INFO - Retrieving connection 'books_connection'
[2024-09-25T01:51:18.335+0000] {sql.py:509} INFO - Running statement: 
    INSERT INTO books (title, authors, price, rating)
    VALUES (%s,%s,%s,%s)
    , parameters: ('Modern Data Engineering with Apache Spark: A Hands-On Guide for Building Mission-Critical Streaming Applications', 'Scott Haines', '30.', '4.1 out of 5 stars')
[2024-09-25T01:51:18.338+0000] {sql.py:518} INFO - Rows affected: 1
[2024-09-25T01:51:18.346+0000] {base.py:84} INFO - Retrieving connection 'books_connection'
[2024-09-25T01:51:18.350+0000] {sql.py:509} INFO - Running statement: 
    INSERT INTO books (title, authors, price, rating)
    VALUES (%s,%s,%s,%s)
    , parameters: ('Data Mesh: Delivering Data-Driven Value at Scale', 'Audible Audiobook', '0.', '4.5 out of 5 stars')
[2024-09-25T01:51:18.353+0000] {sql.py:518} INFO - Rows affected: 1
[2024-09-25T01:51:18.361+0000] {base.py:84} INFO - Retrieving connection 'books_connection'
[2024-09-25T01:51:18.365+0000] {sql.py:509} INFO - Running statement: 
    INSERT INTO books (title, authors, price, rating)
    VALUES (%s,%s,%s,%s)
    , parameters: ('Database Internals: A Deep Dive into How Distributed Data Systems Work', 'Alex Petrov', '36.', '4.6 out of 5 stars')
[2024-09-25T01:51:18.367+0000] {sql.py:518} INFO - Rows affected: 1
[2024-09-25T01:51:18.376+0000] {base.py:84} INFO - Retrieving connection 'books_connection'
[2024-09-25T01:51:18.380+0000] {sql.py:509} INFO - Running statement: 
    INSERT INTO books (title, authors, price, rating)
    VALUES (%s,%s,%s,%s)
    , parameters: ('Data Modeling with Snowflake: A practical guide to accelerating Snowflake development using universal data modeling techniques', 'Serge Gershkovich', '36.', '4.8 out of 5 stars')
[2024-09-25T01:51:18.382+0000] {sql.py:518} INFO - Rows affected: 1
[2024-09-25T01:51:18.391+0000] {base.py:84} INFO - Retrieving connection 'books_connection'
[2024-09-25T01:51:18.395+0000] {sql.py:509} INFO - Running statement: 
    INSERT INTO books (title, authors, price, rating)
    VALUES (%s,%s,%s,%s)
    , parameters: ('Better Data Visualizations: A Guide for Scholars, Researchers, and Wonks', 'Jonathan Schwabish', '26.', '4.5 out of 5 stars')
[2024-09-25T01:51:18.397+0000] {sql.py:518} INFO - Rows affected: 1
[2024-09-25T01:51:18.404+0000] {base.py:84} INFO - Retrieving connection 'books_connection'
[2024-09-25T01:51:18.408+0000] {sql.py:509} INFO - Running statement: 
    INSERT INTO books (title, authors, price, rating)
    VALUES (%s,%s,%s,%s)
    , parameters: ('Machine Learning Engineering', 'Andriy Burkov', '39.', '4.7 out of 5 stars')
[2024-09-25T01:51:18.410+0000] {sql.py:518} INFO - Rows affected: 1
[2024-09-25T01:51:18.419+0000] {base.py:84} INFO - Retrieving connection 'books_connection'
[2024-09-25T01:51:18.425+0000] {sql.py:509} INFO - Running statement: 
    INSERT INTO books (title, authors, price, rating)
    VALUES (%s,%s,%s,%s)
    , parameters: ('Data Engineering with Databricks', 'Paperback', '25.', '3.4 out of 5 stars')
[2024-09-25T01:51:18.427+0000] {sql.py:518} INFO - Rows affected: 1
[2024-09-25T01:51:18.438+0000] {base.py:84} INFO - Retrieving connection 'books_connection'
[2024-09-25T01:51:18.444+0000] {sql.py:509} INFO - Running statement: 
    INSERT INTO books (title, authors, price, rating)
    VALUES (%s,%s,%s,%s)
    , parameters: ("Engineers' Data Book", 'Clifford Matthews', '26.', '4.6 out of 5 stars')
[2024-09-25T01:51:18.446+0000] {sql.py:518} INFO - Rows affected: 1
[2024-09-25T01:51:18.457+0000] {base.py:84} INFO - Retrieving connection 'books_connection'
[2024-09-25T01:51:18.464+0000] {sql.py:509} INFO - Running statement: 
    INSERT INTO books (title, authors, price, rating)
    VALUES (%s,%s,%s,%s)
    , parameters: ('Prompt Engineering for Generative AI: Future-Proof Inputs for Reliable AI Outputs', 'James Phoenix', '53.', '4.5 out of 5 stars')
[2024-09-25T01:51:18.467+0000] {sql.py:518} INFO - Rows affected: 1
[2024-09-25T01:51:18.481+0000] {base.py:84} INFO - Retrieving connection 'books_connection'
[2024-09-25T01:51:18.487+0000] {sql.py:509} INFO - Running statement: 
    INSERT INTO books (title, authors, price, rating)
    VALUES (%s,%s,%s,%s)
    , parameters: ('Designing Machine Learning Systems: An Iterative Process for Production-Ready Applications', 'Chip Huyen', '52.', '4.6 out of 5 stars')
[2024-09-25T01:51:18.490+0000] {sql.py:518} INFO - Rows affected: 1
[2024-09-25T01:51:18.502+0000] {base.py:84} INFO - Retrieving connection 'books_connection'
[2024-09-25T01:51:18.507+0000] {sql.py:509} INFO - Running statement: 
    INSERT INTO books (title, authors, price, rating)
    VALUES (%s,%s,%s,%s)
    , parameters: ("SQL QuickStart Guide: The Simplified Beginner's Guide to Managing, Analyzing, and Manipulating Data With SQL (Coding & Programming - QuickStart Guides)", 'Paperback', '23.', '4.6 out of 5 stars')
[2024-09-25T01:51:18.510+0000] {sql.py:518} INFO - Rows affected: 1
[2024-09-25T01:51:18.522+0000] {base.py:84} INFO - Retrieving connection 'books_connection'
[2024-09-25T01:51:18.528+0000] {sql.py:509} INFO - Running statement: 
    INSERT INTO books (title, authors, price, rating)
    VALUES (%s,%s,%s,%s)
    , parameters: ('Ultimate Azure Data Engineering: Build Robust Data Engineering Systems on Azure with SQL, ETL, Data Modeling, and Power BI for Business Insights and Crack Azure Certifications (English Edition)', 'Ashish Agarwal', '39.', '5.0 out of 5 stars')
[2024-09-25T01:51:18.530+0000] {sql.py:518} INFO - Rows affected: 1
[2024-09-25T01:51:18.543+0000] {base.py:84} INFO - Retrieving connection 'books_connection'
[2024-09-25T01:51:18.548+0000] {sql.py:509} INFO - Running statement: 
    INSERT INTO books (title, authors, price, rating)
    VALUES (%s,%s,%s,%s)
    , parameters: ('Building ETL Pipelines with Python: Create and deploy enterprise-ready ETL pipelines by employing modern methods', 'Brij Kishore Pandey', '34.', '4.2 out of 5 stars')
[2024-09-25T01:51:18.551+0000] {sql.py:518} INFO - Rows affected: 1
[2024-09-25T01:51:18.562+0000] {base.py:84} INFO - Retrieving connection 'books_connection'
[2024-09-25T01:51:18.566+0000] {sql.py:509} INFO - Running statement: 
    INSERT INTO books (title, authors, price, rating)
    VALUES (%s,%s,%s,%s)
    , parameters: ('Data Governance Handbook: A practical approach to building trust in data', 'Wendy S Batchelder', '32.', '5.0 out of 5 stars')
[2024-09-25T01:51:18.568+0000] {sql.py:518} INFO - Rows affected: 1
[2024-09-25T01:51:18.572+0000] {python.py:240} INFO - Done. Returned value was: None
[2024-09-25T01:51:18.584+0000] {taskinstance.py:340} INFO - ::group::Post task execution logs
[2024-09-25T01:51:18.586+0000] {taskinstance.py:352} INFO - Marking task as SUCCESS. dag_id=fetch_and_store_amazon_books, task_id=insert_book_data, run_id=scheduled__2024-06-22T00:00:00+00:00, execution_date=20240622T000000, start_date=20240925T015117, end_date=20240925T015118
[2024-09-25T01:51:18.599+0000] {logging_mixin.py:190} INFO - Task instance in success state
[2024-09-25T01:51:18.601+0000] {logging_mixin.py:190} INFO -  Previous state of the Task instance: running
[2024-09-25T01:51:18.602+0000] {logging_mixin.py:190} INFO - Dag name:fetch_and_store_amazon_books queued_at:2024-09-25 01:51:16.129044+00:00
[2024-09-25T01:51:18.603+0000] {logging_mixin.py:190} INFO - Task hostname:12236234e313 operator:PythonOperator
[2024-09-25T01:51:18.641+0000] {local_task_job_runner.py:266} INFO - Task exited with return code 0
[2024-09-25T01:51:18.661+0000] {taskinstance.py:3900} INFO - 0 downstream tasks scheduled from follow-on schedule check
[2024-09-25T01:51:18.666+0000] {local_task_job_runner.py:245} INFO - ::endgroup::
