[2024-09-25T01:51:43.384+0000] {local_task_job_runner.py:123} INFO - ::group::Pre task execution logs
[2024-09-25T01:51:43.402+0000] {taskinstance.py:2612} INFO - Dependencies all met for dep_context=non-requeueable deps ti=<TaskInstance: fetch_and_store_amazon_books.insert_book_data scheduled__2024-06-28T00:00:00+00:00 [queued]>
[2024-09-25T01:51:43.411+0000] {taskinstance.py:2612} INFO - Dependencies all met for dep_context=requeueable deps ti=<TaskInstance: fetch_and_store_amazon_books.insert_book_data scheduled__2024-06-28T00:00:00+00:00 [queued]>
[2024-09-25T01:51:43.412+0000] {taskinstance.py:2865} INFO - Starting attempt 3 of 4
[2024-09-25T01:51:43.426+0000] {taskinstance.py:2888} INFO - Executing <Task(PythonOperator): insert_book_data> on 2024-06-28 00:00:00+00:00
[2024-09-25T01:51:43.434+0000] {warnings.py:112} WARNING - /home/***/.local/lib/python3.12/site-packages/***/task/task_runner/standard_task_runner.py:70: DeprecationWarning: This process (pid=3639) is multi-threaded, use of fork() may lead to deadlocks in the child.
  pid = os.fork()

[2024-09-25T01:51:43.436+0000] {standard_task_runner.py:72} INFO - Started process 3641 to run task
[2024-09-25T01:51:43.436+0000] {standard_task_runner.py:104} INFO - Running: ['***', 'tasks', 'run', 'fetch_and_store_amazon_books', 'insert_book_data', 'scheduled__2024-06-28T00:00:00+00:00', '--job-id', '124', '--raw', '--subdir', 'DAGS_FOLDER/dag.py', '--cfg-path', '/tmp/tmpz7kmfdxi']
[2024-09-25T01:51:43.437+0000] {standard_task_runner.py:105} INFO - Job 124: Subtask insert_book_data
[2024-09-25T01:51:43.487+0000] {task_command.py:467} INFO - Running <TaskInstance: fetch_and_store_amazon_books.insert_book_data scheduled__2024-06-28T00:00:00+00:00 [running]> on host 12236234e313
[2024-09-25T01:51:43.577+0000] {taskinstance.py:3131} INFO - Exporting env vars: AIRFLOW_CTX_DAG_OWNER='***' AIRFLOW_CTX_DAG_ID='fetch_and_store_amazon_books' AIRFLOW_CTX_TASK_ID='insert_book_data' AIRFLOW_CTX_EXECUTION_DATE='2024-06-28T00:00:00+00:00' AIRFLOW_CTX_TRY_NUMBER='3' AIRFLOW_CTX_DAG_RUN_ID='scheduled__2024-06-28T00:00:00+00:00'
[2024-09-25T01:51:43.579+0000] {logging_mixin.py:190} INFO - Task instance is in running state
[2024-09-25T01:51:43.580+0000] {logging_mixin.py:190} INFO -  Previous state of the Task instance: queued
[2024-09-25T01:51:43.581+0000] {logging_mixin.py:190} INFO - Current task name:insert_book_data state:running start_date:2024-09-25 01:51:43.403811+00:00
[2024-09-25T01:51:43.582+0000] {logging_mixin.py:190} INFO - Dag name:fetch_and_store_amazon_books and current dag run status:running
[2024-09-25T01:51:43.582+0000] {taskinstance.py:731} INFO - ::endgroup::
[2024-09-25T01:51:43.602+0000] {base.py:84} INFO - Retrieving connection 'books_connection'
[2024-09-25T01:51:43.607+0000] {sql.py:509} INFO - Running statement: 
    INSERT INTO books (title, authors, price, rating)
    VALUES (%s,%s,%s,%s)
    , parameters: ('Data Engineering with AWS - Second Edition: Acquire the skills to design and build AWS-based data transformation pipelines like a pro', 'Gareth Eagar', '41.', '4.4 out of 5 stars')
[2024-09-25T01:51:43.609+0000] {sql.py:518} INFO - Rows affected: 1
[2024-09-25T01:51:43.617+0000] {base.py:84} INFO - Retrieving connection 'books_connection'
[2024-09-25T01:51:43.621+0000] {sql.py:509} INFO - Running statement: 
    INSERT INTO books (title, authors, price, rating)
    VALUES (%s,%s,%s,%s)
    , parameters: ('Data Engineering 101', 'Hardcover', '30.', '4.6 out of 5 stars')
[2024-09-25T01:51:43.623+0000] {sql.py:518} INFO - Rows affected: 1
[2024-09-25T01:51:43.632+0000] {base.py:84} INFO - Retrieving connection 'books_connection'
[2024-09-25T01:51:43.636+0000] {sql.py:509} INFO - Running statement: 
    INSERT INTO books (title, authors, price, rating)
    VALUES (%s,%s,%s,%s)
    , parameters: ('Data Governance Handbook: A practical approach to building trust in data', 'Wendy S Batchelder', '32.', '5.0 out of 5 stars')
[2024-09-25T01:51:43.638+0000] {sql.py:518} INFO - Rows affected: 1
[2024-09-25T01:51:43.647+0000] {base.py:84} INFO - Retrieving connection 'books_connection'
[2024-09-25T01:51:43.651+0000] {sql.py:509} INFO - Running statement: 
    INSERT INTO books (title, authors, price, rating)
    VALUES (%s,%s,%s,%s)
    , parameters: ('Azure Data Engineer Associate Certification Guide: Ace the DP-203 exam with advanced data engineering skills', 'Giacinto Palmieri', '32.', '4.4 out of 5 stars')
[2024-09-25T01:51:43.653+0000] {sql.py:518} INFO - Rows affected: 1
[2024-09-25T01:51:43.662+0000] {base.py:84} INFO - Retrieving connection 'books_connection'
[2024-09-25T01:51:43.666+0000] {sql.py:509} INFO - Running statement: 
    INSERT INTO books (title, authors, price, rating)
    VALUES (%s,%s,%s,%s)
    , parameters: ('Fundamentals of Data Engineering: Plan and Build Robust Data Systems', 'Joe Reis', '42.', '4.7 out of 5 stars')
[2024-09-25T01:51:43.667+0000] {sql.py:518} INFO - Rows affected: 1
[2024-09-25T01:51:43.675+0000] {base.py:84} INFO - Retrieving connection 'books_connection'
[2024-09-25T01:51:43.679+0000] {sql.py:509} INFO - Running statement: 
    INSERT INTO books (title, authors, price, rating)
    VALUES (%s,%s,%s,%s)
    , parameters: ('Designing Data-Intensive Applications: The Big Ideas Behind Reliable, Scalable, and Maintainable Systems', 'Martin Kleppmann', '46.', '4.8 out of 5 stars')
[2024-09-25T01:51:43.681+0000] {sql.py:518} INFO - Rows affected: 1
[2024-09-25T01:51:43.689+0000] {base.py:84} INFO - Retrieving connection 'books_connection'
[2024-09-25T01:51:43.693+0000] {sql.py:509} INFO - Running statement: 
    INSERT INTO books (title, authors, price, rating)
    VALUES (%s,%s,%s,%s)
    , parameters: ('Data Pipelines Pocket Reference: Moving and Processing Data for Analytics', 'James Densmore', '17.', '4.5 out of 5 stars')
[2024-09-25T01:51:43.695+0000] {sql.py:518} INFO - Rows affected: 1
[2024-09-25T01:51:43.704+0000] {base.py:84} INFO - Retrieving connection 'books_connection'
[2024-09-25T01:51:43.708+0000] {sql.py:509} INFO - Running statement: 
    INSERT INTO books (title, authors, price, rating)
    VALUES (%s,%s,%s,%s)
    , parameters: ('Data Engineering with dbt: A practical guide to building a cloud-based, pragmatic, and dependable data platform with SQL', 'Roberto Zagni', '37.', '4.6 out of 5 stars')
[2024-09-25T01:51:43.710+0000] {sql.py:518} INFO - Rows affected: 1
[2024-09-25T01:51:43.718+0000] {base.py:84} INFO - Retrieving connection 'books_connection'
[2024-09-25T01:51:43.722+0000] {sql.py:509} INFO - Running statement: 
    INSERT INTO books (title, authors, price, rating)
    VALUES (%s,%s,%s,%s)
    , parameters: ('Fundamentals of Data Analytics: Learn Essential Skills, Embrace the Future, and Catapult Your Career in the Data-Driven World—A Comprehensive Guide to Data Literacy for Beginners', 'Russell Dawson', '17.', '4.8 out of 5 stars')
[2024-09-25T01:51:43.724+0000] {sql.py:518} INFO - Rows affected: 1
[2024-09-25T01:51:43.734+0000] {base.py:84} INFO - Retrieving connection 'books_connection'
[2024-09-25T01:51:43.738+0000] {sql.py:509} INFO - Running statement: 
    INSERT INTO books (title, authors, price, rating)
    VALUES (%s,%s,%s,%s)
    , parameters: ("Ultimate Data Engineering with Databricks: Develop Scalable Data Pipelines Using Data Engineering's Core Tenets Such as Delta Tables, Ingestion, ... Security, and Scalability (English Edition)", 'Mayank Malhotra', '37.', '4.1 out of 5 stars')
[2024-09-25T01:51:43.740+0000] {sql.py:518} INFO - Rows affected: 1
[2024-09-25T01:51:43.750+0000] {base.py:84} INFO - Retrieving connection 'books_connection'
[2024-09-25T01:51:43.754+0000] {sql.py:509} INFO - Running statement: 
    INSERT INTO books (title, authors, price, rating)
    VALUES (%s,%s,%s,%s)
    , parameters: ('Data Engineering with Python: Work with massive datasets to design data models and automate data pipelines using Python', 'Paul Crickard', '37.', '4.1 out of 5 stars')
[2024-09-25T01:51:43.757+0000] {sql.py:518} INFO - Rows affected: 1
[2024-09-25T01:51:43.767+0000] {base.py:84} INFO - Retrieving connection 'books_connection'
[2024-09-25T01:51:43.771+0000] {sql.py:509} INFO - Running statement: 
    INSERT INTO books (title, authors, price, rating)
    VALUES (%s,%s,%s,%s)
    , parameters: ('Cracking the Data Engineering Interview: Land your dream job with the help of resume-building tips, over 100 mock questions, and a unique portfolio', 'Kedeisha Bryan', '26.', '4.4 out of 5 stars')
[2024-09-25T01:51:43.773+0000] {sql.py:518} INFO - Rows affected: 1
[2024-09-25T01:51:43.783+0000] {base.py:84} INFO - Retrieving connection 'books_connection'
[2024-09-25T01:51:43.787+0000] {sql.py:509} INFO - Running statement: 
    INSERT INTO books (title, authors, price, rating)
    VALUES (%s,%s,%s,%s)
    , parameters: ('Data Engineering with Databricks Cookbook: Build effective data and AI solutions using Apache Spark, Databricks, and Delta Lake', 'Pulkit Chadha', '33.', '4.3 out of 5 stars')
[2024-09-25T01:51:43.789+0000] {sql.py:518} INFO - Rows affected: 1
[2024-09-25T01:51:43.799+0000] {base.py:84} INFO - Retrieving connection 'books_connection'
[2024-09-25T01:51:43.803+0000] {sql.py:509} INFO - Running statement: 
    INSERT INTO books (title, authors, price, rating)
    VALUES (%s,%s,%s,%s)
    , parameters: ('Ace the Data Engineering Interview: Questions and Answers for Python, SQL, Data Modeling and More', 'Sean Coyne', '24.', '3.8 out of 5 stars')
[2024-09-25T01:51:43.805+0000] {sql.py:518} INFO - Rows affected: 1
[2024-09-25T01:51:43.815+0000] {base.py:84} INFO - Retrieving connection 'books_connection'
[2024-09-25T01:51:43.819+0000] {sql.py:509} INFO - Running statement: 
    INSERT INTO books (title, authors, price, rating)
    VALUES (%s,%s,%s,%s)
    , parameters: ('Essentials of Data Engineering', 'Dr. Mukesh Saini', '19.', '5.0 out of 5 stars')
[2024-09-25T01:51:43.821+0000] {sql.py:518} INFO - Rows affected: 1
[2024-09-25T01:51:43.831+0000] {base.py:84} INFO - Retrieving connection 'books_connection'
[2024-09-25T01:51:43.835+0000] {sql.py:509} INFO - Running statement: 
    INSERT INTO books (title, authors, price, rating)
    VALUES (%s,%s,%s,%s)
    , parameters: ('97 Things Every Data Engineer Should Know: Collective Wisdom from the Experts', 'Tobias Macey', '28.', '4.1 out of 5 stars')
[2024-09-25T01:51:43.837+0000] {sql.py:518} INFO - Rows affected: 1
[2024-09-25T01:51:43.846+0000] {base.py:84} INFO - Retrieving connection 'books_connection'
[2024-09-25T01:51:43.850+0000] {sql.py:509} INFO - Running statement: 
    INSERT INTO books (title, authors, price, rating)
    VALUES (%s,%s,%s,%s)
    , parameters: ('Ace the Data Science Interview: 201 Real Interview Questions Asked By FAANG, Tech Startups, & Wall Street', 'Nick Singh', '34.', '4.5 out of 5 stars')
[2024-09-25T01:51:43.853+0000] {sql.py:518} INFO - Rows affected: 1
[2024-09-25T01:51:43.862+0000] {base.py:84} INFO - Retrieving connection 'books_connection'
[2024-09-25T01:51:43.867+0000] {sql.py:509} INFO - Running statement: 
    INSERT INTO books (title, authors, price, rating)
    VALUES (%s,%s,%s,%s)
    , parameters: ('Data Privacy: A runbook for engineers', 'Nishant Bhajaria', '35.', '4.8 out of 5 stars')
[2024-09-25T01:51:43.869+0000] {sql.py:518} INFO - Rows affected: 1
[2024-09-25T01:51:43.878+0000] {base.py:84} INFO - Retrieving connection 'books_connection'
[2024-09-25T01:51:43.882+0000] {sql.py:509} INFO - Running statement: 
    INSERT INTO books (title, authors, price, rating)
    VALUES (%s,%s,%s,%s)
    , parameters: ('Software Engineering for Data Scientists: From Notebooks to Scalable Systems', 'Catherine Nelson', '51.', '4.4 out of 5 stars')
[2024-09-25T01:51:43.884+0000] {sql.py:518} INFO - Rows affected: 1
[2024-09-25T01:51:43.893+0000] {base.py:84} INFO - Retrieving connection 'books_connection'
[2024-09-25T01:51:43.898+0000] {sql.py:509} INFO - Running statement: 
    INSERT INTO books (title, authors, price, rating)
    VALUES (%s,%s,%s,%s)
    , parameters: ('DATA ENGINEERING AND AI FOR BEGINNERS: Revolutionizing Data Processing and Analytics by Leveraging Artificial Intelligence for Efficient Input Collection, Storage, and Transformation (World of AI)', 'Paperback', '13.', '4.3 out of 5 stars')
[2024-09-25T01:51:43.900+0000] {sql.py:518} INFO - Rows affected: 1
[2024-09-25T01:51:43.909+0000] {base.py:84} INFO - Retrieving connection 'books_connection'
[2024-09-25T01:51:43.913+0000] {sql.py:509} INFO - Running statement: 
    INSERT INTO books (title, authors, price, rating)
    VALUES (%s,%s,%s,%s)
    , parameters: ('Data Engineering with Python cookbook: Learn to build efficient data pipelines using the Modern Cloud Data Stack', 'Adithyan Ramanujakootam', '32.', '5.0 out of 5 stars')
[2024-09-25T01:51:43.916+0000] {sql.py:518} INFO - Rows affected: 1
[2024-09-25T01:51:43.925+0000] {base.py:84} INFO - Retrieving connection 'books_connection'
[2024-09-25T01:51:43.930+0000] {sql.py:509} INFO - Running statement: 
    INSERT INTO books (title, authors, price, rating)
    VALUES (%s,%s,%s,%s)
    , parameters: ('Data-Driven Science and Engineering: Machine Learning, Dynamical Systems, and Control', 'Steven L. Brunton', '64.', '4.8 out of 5 stars')
[2024-09-25T01:51:43.932+0000] {sql.py:518} INFO - Rows affected: 1
[2024-09-25T01:51:43.941+0000] {base.py:84} INFO - Retrieving connection 'books_connection'
[2024-09-25T01:51:43.945+0000] {sql.py:509} INFO - Running statement: 
    INSERT INTO books (title, authors, price, rating)
    VALUES (%s,%s,%s,%s)
    , parameters: ('Data Engineering Fundamentals for Beginners: Mastering the Art of Building, Managing, and Scaling Data Systems', 'Paperback', '14.', '5.0 out of 5 stars')
[2024-09-25T01:51:43.948+0000] {sql.py:518} INFO - Rows affected: 1
[2024-09-25T01:51:43.957+0000] {base.py:84} INFO - Retrieving connection 'books_connection'
[2024-09-25T01:51:43.961+0000] {sql.py:509} INFO - Running statement: 
    INSERT INTO books (title, authors, price, rating)
    VALUES (%s,%s,%s,%s)
    , parameters: ("Azure Data Factory Cookbook: A data engineer's guide to building and managing ETL and ELT pipelines with data integration", 'Dmitry Foshin', '51.', '4.2 out of 5 stars')
[2024-09-25T01:51:43.963+0000] {sql.py:518} INFO - Rows affected: 1
[2024-09-25T01:51:43.972+0000] {base.py:84} INFO - Retrieving connection 'books_connection'
[2024-09-25T01:51:43.977+0000] {sql.py:509} INFO - Running statement: 
    INSERT INTO books (title, authors, price, rating)
    VALUES (%s,%s,%s,%s)
    , parameters: ('Data Engineering with AWS: Learn how to design and build cloud-based data transformation pipelines using AWS', 'Gareth Eagar', '49.', '4.4 out of 5 stars')
[2024-09-25T01:51:43.979+0000] {sql.py:518} INFO - Rows affected: 1
[2024-09-25T01:51:43.988+0000] {base.py:84} INFO - Retrieving connection 'books_connection'
[2024-09-25T01:51:43.992+0000] {sql.py:509} INFO - Running statement: 
    INSERT INTO books (title, authors, price, rating)
    VALUES (%s,%s,%s,%s)
    , parameters: ('Data Engineering with Scala and Spark: A practical guide helping you build streaming and batch pipelines that process massive amounts of data using Scala', 'Eric Tome', '36.', '4.1 out of 5 stars')
[2024-09-25T01:51:43.994+0000] {sql.py:518} INFO - Rows affected: 1
[2024-09-25T01:51:44.004+0000] {base.py:84} INFO - Retrieving connection 'books_connection'
[2024-09-25T01:51:44.008+0000] {sql.py:509} INFO - Running statement: 
    INSERT INTO books (title, authors, price, rating)
    VALUES (%s,%s,%s,%s)
    , parameters: ("Data Quality Fundamentals: A Practitioner's Guide to Building Trustworthy Data Pipelines", 'Paperback', '45.', '4.1 out of 5 stars')
[2024-09-25T01:51:44.010+0000] {sql.py:518} INFO - Rows affected: 1
[2024-09-25T01:51:44.019+0000] {base.py:84} INFO - Retrieving connection 'books_connection'
[2024-09-25T01:51:44.023+0000] {sql.py:509} INFO - Running statement: 
    INSERT INTO books (title, authors, price, rating)
    VALUES (%s,%s,%s,%s)
    , parameters: ("Engineering Data Mesh in Azure Cloud: Implement data mesh using Microsoft Azure's Cloud Adoption Framework", 'Paperback', '47.', '4.5 out of 5 stars')
[2024-09-25T01:51:44.024+0000] {sql.py:518} INFO - Rows affected: 1
[2024-09-25T01:51:44.033+0000] {base.py:84} INFO - Retrieving connection 'books_connection'
[2024-09-25T01:51:44.037+0000] {sql.py:509} INFO - Running statement: 
    INSERT INTO books (title, authors, price, rating)
    VALUES (%s,%s,%s,%s)
    , parameters: ('Python Data Engineering Resources: Boost Your Career With This Python Handbook; Prepare For Python Interview; Python Programming Cookbook For Beginners and Experienced; Python Data Analysis and More', 'Vajo Lukic', '0.', '4.7 out of 5 stars')
[2024-09-25T01:51:44.039+0000] {sql.py:518} INFO - Rows affected: 1
[2024-09-25T01:51:44.048+0000] {base.py:84} INFO - Retrieving connection 'books_connection'
[2024-09-25T01:51:44.053+0000] {sql.py:509} INFO - Running statement: 
    INSERT INTO books (title, authors, price, rating)
    VALUES (%s,%s,%s,%s)
    , parameters: ('Analytics Engineering with SQL and dbt: Building Meaningful Data Models at Scale', 'Rui Pedro Machado', '41.', '3.9 out of 5 stars')
[2024-09-25T01:51:44.055+0000] {sql.py:518} INFO - Rows affected: 1
[2024-09-25T01:51:44.064+0000] {base.py:84} INFO - Retrieving connection 'books_connection'
[2024-09-25T01:51:44.068+0000] {sql.py:509} INFO - Running statement: 
    INSERT INTO books (title, authors, price, rating)
    VALUES (%s,%s,%s,%s)
    , parameters: ('Storytelling with Data: A Data Visualization Guide for Business Professionals', 'Cole Nussbaumer Knaflic', '27.', '4.6 out of 5 stars')
[2024-09-25T01:51:44.070+0000] {sql.py:518} INFO - Rows affected: 1
[2024-09-25T01:51:44.079+0000] {base.py:84} INFO - Retrieving connection 'books_connection'
[2024-09-25T01:51:44.083+0000] {sql.py:509} INFO - Running statement: 
    INSERT INTO books (title, authors, price, rating)
    VALUES (%s,%s,%s,%s)
    , parameters: ('Data Engineering with Google Cloud Platform: A guide to leveling up as a data engineer by building a scalable data platform with Google Cloud', 'Adi Wijaya', '41.', '5.0 out of 5 stars')
[2024-09-25T01:51:44.085+0000] {sql.py:518} INFO - Rows affected: 1
[2024-09-25T01:51:44.095+0000] {base.py:84} INFO - Retrieving connection 'books_connection'
[2024-09-25T01:51:44.100+0000] {sql.py:509} INFO - Running statement: 
    INSERT INTO books (title, authors, price, rating)
    VALUES (%s,%s,%s,%s)
    , parameters: ('Data Engineering with Apache Spark, Delta Lake, and Lakehouse: Create scalable pipelines that ingest, curate, and aggregate complex data in a timely and secure way', 'Manoj Kukreja', '46.', '3.9 out of 5 stars')
[2024-09-25T01:51:44.101+0000] {sql.py:518} INFO - Rows affected: 1
[2024-09-25T01:51:44.110+0000] {base.py:84} INFO - Retrieving connection 'books_connection'
[2024-09-25T01:51:44.115+0000] {sql.py:509} INFO - Running statement: 
    INSERT INTO books (title, authors, price, rating)
    VALUES (%s,%s,%s,%s)
    , parameters: ('Data Engineering with Google Cloud Platform: A practical guide to operationalizing scalable data analytics systems on GCP', 'Adi Wijaya', '39.', '4.7 out of 5 stars')
[2024-09-25T01:51:44.117+0000] {sql.py:518} INFO - Rows affected: 1
[2024-09-25T01:51:44.126+0000] {base.py:84} INFO - Retrieving connection 'books_connection'
[2024-09-25T01:51:44.130+0000] {sql.py:509} INFO - Running statement: 
    INSERT INTO books (title, authors, price, rating)
    VALUES (%s,%s,%s,%s)
    , parameters: ('Official Google Cloud Certified Professional Data Engineer Study Guide', 'Dan Sullivan', '33.', '4.5 out of 5 stars')
[2024-09-25T01:51:44.132+0000] {sql.py:518} INFO - Rows affected: 1
[2024-09-25T01:51:44.142+0000] {base.py:84} INFO - Retrieving connection 'books_connection'
[2024-09-25T01:51:44.146+0000] {sql.py:509} INFO - Running statement: 
    INSERT INTO books (title, authors, price, rating)
    VALUES (%s,%s,%s,%s)
    , parameters: ('Data Mesh: Delivering Data-Driven Value at Scale', 'Audible Audiobook', '0.', '4.5 out of 5 stars')
[2024-09-25T01:51:44.148+0000] {sql.py:518} INFO - Rows affected: 1
[2024-09-25T01:51:44.157+0000] {base.py:84} INFO - Retrieving connection 'books_connection'
[2024-09-25T01:51:44.161+0000] {sql.py:509} INFO - Running statement: 
    INSERT INTO books (title, authors, price, rating)
    VALUES (%s,%s,%s,%s)
    , parameters: ("Engineers' Data Book", 'Clifford Matthews', '26.', '4.6 out of 5 stars')
[2024-09-25T01:51:44.164+0000] {sql.py:518} INFO - Rows affected: 1
[2024-09-25T01:51:44.173+0000] {base.py:84} INFO - Retrieving connection 'books_connection'
[2024-09-25T01:51:44.177+0000] {sql.py:509} INFO - Running statement: 
    INSERT INTO books (title, authors, price, rating)
    VALUES (%s,%s,%s,%s)
    , parameters: ('Designing Machine Learning Systems: An Iterative Process for Production-Ready Applications', 'Chip Huyen', '52.', '4.6 out of 5 stars')
[2024-09-25T01:51:44.179+0000] {sql.py:518} INFO - Rows affected: 1
[2024-09-25T01:51:44.188+0000] {base.py:84} INFO - Retrieving connection 'books_connection'
[2024-09-25T01:51:44.192+0000] {sql.py:509} INFO - Running statement: 
    INSERT INTO books (title, authors, price, rating)
    VALUES (%s,%s,%s,%s)
    , parameters: ('Python Programming and SQL: 5 books in 1 - The #1 Coding Course from Beginner to Advanced. Learn it Well & Fast (2024) (Computer Programming)', 'Paperback', '29.', '4.3 out of 5 stars')
[2024-09-25T01:51:44.194+0000] {sql.py:518} INFO - Rows affected: 1
[2024-09-25T01:51:44.203+0000] {base.py:84} INFO - Retrieving connection 'books_connection'
[2024-09-25T01:51:44.208+0000] {sql.py:509} INFO - Running statement: 
    INSERT INTO books (title, authors, price, rating)
    VALUES (%s,%s,%s,%s)
    , parameters: ('Mastering the Data Paradox: Key to Winning in the AI Age', 'Nitin Seth', '17.', '4.8 out of 5 stars')
[2024-09-25T01:51:44.210+0000] {sql.py:518} INFO - Rows affected: 1
[2024-09-25T01:51:44.219+0000] {base.py:84} INFO - Retrieving connection 'books_connection'
[2024-09-25T01:51:44.223+0000] {sql.py:509} INFO - Running statement: 
    INSERT INTO books (title, authors, price, rating)
    VALUES (%s,%s,%s,%s)
    , parameters: ('Database Internals: A Deep Dive into How Distributed Data Systems Work', 'Alex Petrov', '36.', '4.6 out of 5 stars')
[2024-09-25T01:51:44.224+0000] {sql.py:518} INFO - Rows affected: 1
[2024-09-25T01:51:44.234+0000] {base.py:84} INFO - Retrieving connection 'books_connection'
[2024-09-25T01:51:44.238+0000] {sql.py:509} INFO - Running statement: 
    INSERT INTO books (title, authors, price, rating)
    VALUES (%s,%s,%s,%s)
    , parameters: ('Modern Data Engineering with Apache Spark: A Hands-On Guide for Building Mission-Critical Streaming Applications', 'Scott Haines', '30.', '4.1 out of 5 stars')
[2024-09-25T01:51:44.240+0000] {sql.py:518} INFO - Rows affected: 1
[2024-09-25T01:51:44.250+0000] {base.py:84} INFO - Retrieving connection 'books_connection'
[2024-09-25T01:51:44.254+0000] {sql.py:509} INFO - Running statement: 
    INSERT INTO books (title, authors, price, rating)
    VALUES (%s,%s,%s,%s)
    , parameters: ('Machine Learning Engineering', 'Andriy Burkov', '39.', '4.7 out of 5 stars')
[2024-09-25T01:51:44.256+0000] {sql.py:518} INFO - Rows affected: 1
[2024-09-25T01:51:44.265+0000] {base.py:84} INFO - Retrieving connection 'books_connection'
[2024-09-25T01:51:44.270+0000] {sql.py:509} INFO - Running statement: 
    INSERT INTO books (title, authors, price, rating)
    VALUES (%s,%s,%s,%s)
    , parameters: ('Data Modeling with Snowflake: A practical guide to accelerating Snowflake development using universal data modeling techniques', 'Serge Gershkovich', '36.', '4.8 out of 5 stars')
[2024-09-25T01:51:44.272+0000] {sql.py:518} INFO - Rows affected: 1
[2024-09-25T01:51:44.285+0000] {base.py:84} INFO - Retrieving connection 'books_connection'
[2024-09-25T01:51:44.290+0000] {sql.py:509} INFO - Running statement: 
    INSERT INTO books (title, authors, price, rating)
    VALUES (%s,%s,%s,%s)
    , parameters: ('Data Engineering with Databricks', 'Paperback', '25.', '3.4 out of 5 stars')
[2024-09-25T01:51:44.292+0000] {sql.py:518} INFO - Rows affected: 1
[2024-09-25T01:51:44.302+0000] {base.py:84} INFO - Retrieving connection 'books_connection'
[2024-09-25T01:51:44.306+0000] {sql.py:509} INFO - Running statement: 
    INSERT INTO books (title, authors, price, rating)
    VALUES (%s,%s,%s,%s)
    , parameters: ('The Enterprise Data Catalog: Improve Data Discovery, Ensure Data Governance, and Enable Innovation', 'Ole Olesen-Bagneux', '31.', '4.5 out of 5 stars')
[2024-09-25T01:51:44.308+0000] {sql.py:518} INFO - Rows affected: 1
[2024-09-25T01:51:44.318+0000] {base.py:84} INFO - Retrieving connection 'books_connection'
[2024-09-25T01:51:44.322+0000] {sql.py:509} INFO - Running statement: 
    INSERT INTO books (title, authors, price, rating)
    VALUES (%s,%s,%s,%s)
    , parameters: ('Ultimate Azure Data Engineering: Build Robust Data Engineering Systems on Azure with SQL, ETL, Data Modeling, and Power BI for Business Insights and Crack Azure Certifications (English Edition)', 'Ashish Agarwal', '39.', '5.0 out of 5 stars')
[2024-09-25T01:51:44.324+0000] {sql.py:518} INFO - Rows affected: 1
[2024-09-25T01:51:44.334+0000] {base.py:84} INFO - Retrieving connection 'books_connection'
[2024-09-25T01:51:44.338+0000] {sql.py:509} INFO - Running statement: 
    INSERT INTO books (title, authors, price, rating)
    VALUES (%s,%s,%s,%s)
    , parameters: ('Better Data Visualizations: A Guide for Scholars, Researchers, and Wonks', 'Jonathan Schwabish', '26.', '4.5 out of 5 stars')
[2024-09-25T01:51:44.340+0000] {sql.py:518} INFO - Rows affected: 1
[2024-09-25T01:51:44.351+0000] {base.py:84} INFO - Retrieving connection 'books_connection'
[2024-09-25T01:51:44.356+0000] {sql.py:509} INFO - Running statement: 
    INSERT INTO books (title, authors, price, rating)
    VALUES (%s,%s,%s,%s)
    , parameters: ('Prompt Engineering for Generative AI: Future-Proof Inputs for Reliable AI Outputs', 'James Phoenix', '53.', '4.5 out of 5 stars')
[2024-09-25T01:51:44.358+0000] {sql.py:518} INFO - Rows affected: 1
[2024-09-25T01:51:44.367+0000] {base.py:84} INFO - Retrieving connection 'books_connection'
[2024-09-25T01:51:44.371+0000] {sql.py:509} INFO - Running statement: 
    INSERT INTO books (title, authors, price, rating)
    VALUES (%s,%s,%s,%s)
    , parameters: ("SQL QuickStart Guide: The Simplified Beginner's Guide to Managing, Analyzing, and Manipulating Data With SQL (Coding & Programming - QuickStart Guides)", 'Paperback', '23.', '4.6 out of 5 stars')
[2024-09-25T01:51:44.374+0000] {sql.py:518} INFO - Rows affected: 1
[2024-09-25T01:51:44.376+0000] {python.py:240} INFO - Done. Returned value was: None
[2024-09-25T01:51:44.386+0000] {taskinstance.py:340} INFO - ::group::Post task execution logs
[2024-09-25T01:51:44.387+0000] {taskinstance.py:352} INFO - Marking task as SUCCESS. dag_id=fetch_and_store_amazon_books, task_id=insert_book_data, run_id=scheduled__2024-06-28T00:00:00+00:00, execution_date=20240628T000000, start_date=20240925T015143, end_date=20240925T015144
[2024-09-25T01:51:44.399+0000] {logging_mixin.py:190} INFO - Task instance in success state
[2024-09-25T01:51:44.400+0000] {logging_mixin.py:190} INFO -  Previous state of the Task instance: running
[2024-09-25T01:51:44.401+0000] {logging_mixin.py:190} INFO - Dag name:fetch_and_store_amazon_books queued_at:2024-09-25 01:51:41.492589+00:00
[2024-09-25T01:51:44.401+0000] {logging_mixin.py:190} INFO - Task hostname:12236234e313 operator:PythonOperator
[2024-09-25T01:51:44.415+0000] {local_task_job_runner.py:266} INFO - Task exited with return code 0
[2024-09-25T01:51:44.433+0000] {taskinstance.py:3900} INFO - 0 downstream tasks scheduled from follow-on schedule check
[2024-09-25T01:51:44.436+0000] {local_task_job_runner.py:245} INFO - ::endgroup::
