[2024-09-25T01:37:47.281+0000] {local_task_job_runner.py:123} INFO - ::group::Pre task execution logs
[2024-09-25T01:37:47.297+0000] {taskinstance.py:2612} INFO - Dependencies all met for dep_context=non-requeueable deps ti=<TaskInstance: fetch_and_store_amazon_books.fetch_book_data manual__2024-09-25T01:27:46.623684+00:00 [queued]>
[2024-09-25T01:37:47.306+0000] {taskinstance.py:2612} INFO - Dependencies all met for dep_context=requeueable deps ti=<TaskInstance: fetch_and_store_amazon_books.fetch_book_data manual__2024-09-25T01:27:46.623684+00:00 [queued]>
[2024-09-25T01:37:47.307+0000] {taskinstance.py:2865} INFO - Starting attempt 1 of 2
[2024-09-25T01:37:47.321+0000] {taskinstance.py:2888} INFO - Executing <Task(PythonOperator): fetch_book_data> on 2024-09-25 01:27:46.623684+00:00
[2024-09-25T01:37:47.329+0000] {warnings.py:112} WARNING - /home/***/.local/lib/python3.12/site-packages/***/task/task_runner/standard_task_runner.py:70: DeprecationWarning: This process (pid=3245) is multi-threaded, use of fork() may lead to deadlocks in the child.
  pid = os.fork()

[2024-09-25T01:37:47.331+0000] {standard_task_runner.py:72} INFO - Started process 3251 to run task
[2024-09-25T01:37:47.331+0000] {standard_task_runner.py:104} INFO - Running: ['***', 'tasks', 'run', 'fetch_and_store_amazon_books', 'fetch_book_data', 'manual__2024-09-25T01:27:46.623684+00:00', '--job-id', '72', '--raw', '--subdir', 'DAGS_FOLDER/dag.py', '--cfg-path', '/tmp/tmpjm3ketaw']
[2024-09-25T01:37:47.332+0000] {standard_task_runner.py:105} INFO - Job 72: Subtask fetch_book_data
[2024-09-25T01:37:47.383+0000] {task_command.py:467} INFO - Running <TaskInstance: fetch_and_store_amazon_books.fetch_book_data manual__2024-09-25T01:27:46.623684+00:00 [running]> on host 12236234e313
[2024-09-25T01:37:47.458+0000] {taskinstance.py:3131} INFO - Exporting env vars: AIRFLOW_CTX_DAG_OWNER='***' AIRFLOW_CTX_DAG_ID='fetch_and_store_amazon_books' AIRFLOW_CTX_TASK_ID='fetch_book_data' AIRFLOW_CTX_EXECUTION_DATE='2024-09-25T01:27:46.623684+00:00' AIRFLOW_CTX_TRY_NUMBER='1' AIRFLOW_CTX_DAG_RUN_ID='manual__2024-09-25T01:27:46.623684+00:00'
[2024-09-25T01:37:47.460+0000] {logging_mixin.py:190} INFO - Task instance is in running state
[2024-09-25T01:37:47.461+0000] {logging_mixin.py:190} INFO -  Previous state of the Task instance: queued
[2024-09-25T01:37:47.461+0000] {logging_mixin.py:190} INFO - Current task name:fetch_book_data state:running start_date:2024-09-25 01:37:47.298735+00:00
[2024-09-25T01:37:47.462+0000] {logging_mixin.py:190} INFO - Dag name:fetch_and_store_amazon_books and current dag run status:running
[2024-09-25T01:37:47.463+0000] {taskinstance.py:731} INFO - ::endgroup::
[2024-09-25T01:37:49.548+0000] {python.py:240} INFO - Done. Returned value was: None
[2024-09-25T01:37:49.563+0000] {taskinstance.py:340} INFO - ::group::Post task execution logs
[2024-09-25T01:37:49.564+0000] {taskinstance.py:352} INFO - Marking task as SUCCESS. dag_id=fetch_and_store_amazon_books, task_id=fetch_book_data, run_id=manual__2024-09-25T01:27:46.623684+00:00, execution_date=20240925T012746, start_date=20240925T013747, end_date=20240925T013749
[2024-09-25T01:37:49.578+0000] {logging_mixin.py:190} INFO - Task instance in success state
[2024-09-25T01:37:49.579+0000] {logging_mixin.py:190} INFO -  Previous state of the Task instance: running
[2024-09-25T01:37:49.580+0000] {logging_mixin.py:190} INFO - Dag name:fetch_and_store_amazon_books queued_at:2024-09-25 01:27:46.797922+00:00
[2024-09-25T01:37:49.581+0000] {logging_mixin.py:190} INFO - Task hostname:12236234e313 operator:PythonOperator
[2024-09-25T01:37:49.597+0000] {local_task_job_runner.py:266} INFO - Task exited with return code 0
[2024-09-25T01:37:49.609+0000] {warnings.py:112} WARNING - /home/***/.local/lib/python3.12/site-packages/***/models/baseoperator.py:1378: AirflowProviderDeprecationWarning: Call to deprecated class PostgresOperator. (Please use `***.providers.common.sql.operators.sql.SQLExecuteQueryOperator`.Also, you can provide `hook_params={'schema': <database>}`.)
  result = cls.__new__(cls)

[2024-09-25T01:37:49.629+0000] {taskinstance.py:3900} INFO - 1 downstream tasks scheduled from follow-on schedule check
[2024-09-25T01:37:49.633+0000] {local_task_job_runner.py:245} INFO - ::endgroup::
