[2024-09-25T01:32:31.254+0000] {local_task_job_runner.py:123} INFO - ::group::Pre task execution logs
[2024-09-25T01:32:31.303+0000] {taskinstance.py:2612} INFO - Dependencies all met for dep_context=non-requeueable deps ti=<TaskInstance: fetch_and_store_amazon_books.fetch_book_data scheduled__2024-06-22T00:00:00+00:00 [queued]>
[2024-09-25T01:32:31.333+0000] {taskinstance.py:2612} INFO - Dependencies all met for dep_context=requeueable deps ti=<TaskInstance: fetch_and_store_amazon_books.fetch_book_data scheduled__2024-06-22T00:00:00+00:00 [queued]>
[2024-09-25T01:32:31.337+0000] {taskinstance.py:2865} INFO - Starting attempt 2 of 2
[2024-09-25T01:32:31.388+0000] {taskinstance.py:2888} INFO - Executing <Task(PythonOperator): fetch_book_data> on 2024-06-22 00:00:00+00:00
[2024-09-25T01:32:31.412+0000] {warnings.py:112} WARNING - /home/***/.local/lib/python3.12/site-packages/***/task/task_runner/standard_task_runner.py:70: DeprecationWarning: This process (pid=2973) is multi-threaded, use of fork() may lead to deadlocks in the child.
  pid = os.fork()

[2024-09-25T01:32:31.423+0000] {standard_task_runner.py:72} INFO - Started process 2998 to run task
[2024-09-25T01:32:31.424+0000] {standard_task_runner.py:104} INFO - Running: ['***', 'tasks', 'run', 'fetch_and_store_amazon_books', 'fetch_book_data', 'scheduled__2024-06-22T00:00:00+00:00', '--job-id', '24', '--raw', '--subdir', 'DAGS_FOLDER/dag.py', '--cfg-path', '/tmp/tmp5be7u436']
[2024-09-25T01:32:31.428+0000] {standard_task_runner.py:105} INFO - Job 24: Subtask fetch_book_data
[2024-09-25T01:32:31.638+0000] {task_command.py:467} INFO - Running <TaskInstance: fetch_and_store_amazon_books.fetch_book_data scheduled__2024-06-22T00:00:00+00:00 [running]> on host 12236234e313
[2024-09-25T01:32:31.885+0000] {taskinstance.py:3131} INFO - Exporting env vars: AIRFLOW_CTX_DAG_OWNER='***' AIRFLOW_CTX_DAG_ID='fetch_and_store_amazon_books' AIRFLOW_CTX_TASK_ID='fetch_book_data' AIRFLOW_CTX_EXECUTION_DATE='2024-06-22T00:00:00+00:00' AIRFLOW_CTX_TRY_NUMBER='2' AIRFLOW_CTX_DAG_RUN_ID='scheduled__2024-06-22T00:00:00+00:00'
[2024-09-25T01:32:31.893+0000] {logging_mixin.py:190} INFO - Task instance is in running state
[2024-09-25T01:32:31.895+0000] {logging_mixin.py:190} INFO -  Previous state of the Task instance: queued
[2024-09-25T01:32:31.897+0000] {logging_mixin.py:190} INFO - Current task name:fetch_book_data state:running start_date:2024-09-25 01:32:31.305214+00:00
[2024-09-25T01:32:31.900+0000] {logging_mixin.py:190} INFO - Dag name:fetch_and_store_amazon_books and current dag run status:running
[2024-09-25T01:32:31.902+0000] {taskinstance.py:731} INFO - ::endgroup::
[2024-09-25T01:32:38.927+0000] {python.py:240} INFO - Done. Returned value was: None
[2024-09-25T01:32:38.946+0000] {taskinstance.py:340} INFO - ::group::Post task execution logs
[2024-09-25T01:32:38.948+0000] {taskinstance.py:352} INFO - Marking task as SUCCESS. dag_id=fetch_and_store_amazon_books, task_id=fetch_book_data, run_id=scheduled__2024-06-22T00:00:00+00:00, execution_date=20240622T000000, start_date=20240925T013231, end_date=20240925T013238
[2024-09-25T01:32:38.972+0000] {logging_mixin.py:190} INFO - Task instance in success state
[2024-09-25T01:32:38.973+0000] {logging_mixin.py:190} INFO -  Previous state of the Task instance: running
[2024-09-25T01:32:38.974+0000] {logging_mixin.py:190} INFO - Dag name:fetch_and_store_amazon_books queued_at:2024-09-25 01:25:17.595958+00:00
[2024-09-25T01:32:38.976+0000] {logging_mixin.py:190} INFO - Task hostname:12236234e313 operator:PythonOperator
[2024-09-25T01:32:39.029+0000] {local_task_job_runner.py:266} INFO - Task exited with return code 0
[2024-09-25T01:32:39.050+0000] {warnings.py:112} WARNING - /home/***/.local/lib/python3.12/site-packages/***/models/baseoperator.py:1378: AirflowProviderDeprecationWarning: Call to deprecated class PostgresOperator. (Please use `***.providers.common.sql.operators.sql.SQLExecuteQueryOperator`.Also, you can provide `hook_params={'schema': <database>}`.)
  result = cls.__new__(cls)

[2024-09-25T01:32:39.086+0000] {taskinstance.py:3900} INFO - 1 downstream tasks scheduled from follow-on schedule check
[2024-09-25T01:32:39.092+0000] {local_task_job_runner.py:245} INFO - ::endgroup::
