[2024-09-25T01:52:13.335+0000] {local_task_job_runner.py:123} INFO - ::group::Pre task execution logs
[2024-09-25T01:52:13.352+0000] {taskinstance.py:2612} INFO - Dependencies all met for dep_context=non-requeueable deps ti=<TaskInstance: fetch_and_store_amazon_books.insert_book_data manual__2024-09-25T01:27:46.623684+00:00 [queued]>
[2024-09-25T01:52:13.360+0000] {taskinstance.py:2612} INFO - Dependencies all met for dep_context=requeueable deps ti=<TaskInstance: fetch_and_store_amazon_books.insert_book_data manual__2024-09-25T01:27:46.623684+00:00 [queued]>
[2024-09-25T01:52:13.361+0000] {taskinstance.py:2865} INFO - Starting attempt 3 of 4
[2024-09-25T01:52:13.374+0000] {taskinstance.py:2888} INFO - Executing <Task(PythonOperator): insert_book_data> on 2024-09-25 01:27:46.623684+00:00
[2024-09-25T01:52:13.382+0000] {warnings.py:112} WARNING - /home/***/.local/lib/python3.12/site-packages/***/task/task_runner/standard_task_runner.py:70: DeprecationWarning: This process (pid=3682) is multi-threaded, use of fork() may lead to deadlocks in the child.
  pid = os.fork()

[2024-09-25T01:52:13.384+0000] {standard_task_runner.py:72} INFO - Started process 3684 to run task
[2024-09-25T01:52:13.384+0000] {standard_task_runner.py:104} INFO - Running: ['***', 'tasks', 'run', 'fetch_and_store_amazon_books', 'insert_book_data', 'manual__2024-09-25T01:27:46.623684+00:00', '--job-id', '133', '--raw', '--subdir', 'DAGS_FOLDER/dag.py', '--cfg-path', '/tmp/tmpwvqv66gs']
[2024-09-25T01:52:13.386+0000] {standard_task_runner.py:105} INFO - Job 133: Subtask insert_book_data
[2024-09-25T01:52:13.433+0000] {task_command.py:467} INFO - Running <TaskInstance: fetch_and_store_amazon_books.insert_book_data manual__2024-09-25T01:27:46.623684+00:00 [running]> on host 12236234e313
[2024-09-25T01:52:13.524+0000] {taskinstance.py:3131} INFO - Exporting env vars: AIRFLOW_CTX_DAG_OWNER='***' AIRFLOW_CTX_DAG_ID='fetch_and_store_amazon_books' AIRFLOW_CTX_TASK_ID='insert_book_data' AIRFLOW_CTX_EXECUTION_DATE='2024-09-25T01:27:46.623684+00:00' AIRFLOW_CTX_TRY_NUMBER='3' AIRFLOW_CTX_DAG_RUN_ID='manual__2024-09-25T01:27:46.623684+00:00'
[2024-09-25T01:52:13.526+0000] {logging_mixin.py:190} INFO - Task instance is in running state
[2024-09-25T01:52:13.526+0000] {logging_mixin.py:190} INFO -  Previous state of the Task instance: queued
[2024-09-25T01:52:13.527+0000] {logging_mixin.py:190} INFO - Current task name:insert_book_data state:running start_date:2024-09-25 01:52:13.353288+00:00
[2024-09-25T01:52:13.528+0000] {logging_mixin.py:190} INFO - Dag name:fetch_and_store_amazon_books and current dag run status:running
[2024-09-25T01:52:13.528+0000] {taskinstance.py:731} INFO - ::endgroup::
[2024-09-25T01:52:13.552+0000] {base.py:84} INFO - Retrieving connection 'books_connection'
[2024-09-25T01:52:13.557+0000] {sql.py:509} INFO - Running statement: 
    INSERT INTO books (title, authors, price, rating)
    VALUES (%s,%s,%s,%s)
    , parameters: ('Data Engineering with AWS - Second Edition: Acquire the skills to design and build AWS-based data transformation pipelines like a pro', 'Gareth Eagar', '41.', '4.4 out of 5 stars')
[2024-09-25T01:52:13.559+0000] {sql.py:518} INFO - Rows affected: 1
[2024-09-25T01:52:13.570+0000] {base.py:84} INFO - Retrieving connection 'books_connection'
[2024-09-25T01:52:13.574+0000] {sql.py:509} INFO - Running statement: 
    INSERT INTO books (title, authors, price, rating)
    VALUES (%s,%s,%s,%s)
    , parameters: ('Data Engineering 101', 'Hardcover', '30.', '4.6 out of 5 stars')
[2024-09-25T01:52:13.576+0000] {sql.py:518} INFO - Rows affected: 1
[2024-09-25T01:52:13.586+0000] {base.py:84} INFO - Retrieving connection 'books_connection'
[2024-09-25T01:52:13.590+0000] {sql.py:509} INFO - Running statement: 
    INSERT INTO books (title, authors, price, rating)
    VALUES (%s,%s,%s,%s)
    , parameters: ('Azure Data Engineer Associate Certification Guide: Ace the DP-203 exam with advanced data engineering skills', 'Giacinto Palmieri', '32.', '4.4 out of 5 stars')
[2024-09-25T01:52:13.592+0000] {sql.py:518} INFO - Rows affected: 1
[2024-09-25T01:52:13.602+0000] {base.py:84} INFO - Retrieving connection 'books_connection'
[2024-09-25T01:52:13.607+0000] {sql.py:509} INFO - Running statement: 
    INSERT INTO books (title, authors, price, rating)
    VALUES (%s,%s,%s,%s)
    , parameters: ('Data Engineering with dbt: A practical guide to building a cloud-based, pragmatic, and dependable data platform with SQL', 'Roberto Zagni', '37.', '4.6 out of 5 stars')
[2024-09-25T01:52:13.609+0000] {sql.py:518} INFO - Rows affected: 1
[2024-09-25T01:52:13.620+0000] {base.py:84} INFO - Retrieving connection 'books_connection'
[2024-09-25T01:52:13.624+0000] {sql.py:509} INFO - Running statement: 
    INSERT INTO books (title, authors, price, rating)
    VALUES (%s,%s,%s,%s)
    , parameters: ('Fundamentals of Data Engineering: Plan and Build Robust Data Systems', 'Joe Reis', '42.', '4.7 out of 5 stars')
[2024-09-25T01:52:13.627+0000] {sql.py:518} INFO - Rows affected: 1
[2024-09-25T01:52:13.638+0000] {base.py:84} INFO - Retrieving connection 'books_connection'
[2024-09-25T01:52:13.642+0000] {sql.py:509} INFO - Running statement: 
    INSERT INTO books (title, authors, price, rating)
    VALUES (%s,%s,%s,%s)
    , parameters: ('Designing Data-Intensive Applications: The Big Ideas Behind Reliable, Scalable, and Maintainable Systems', 'Martin Kleppmann', '46.', '4.8 out of 5 stars')
[2024-09-25T01:52:13.644+0000] {sql.py:518} INFO - Rows affected: 1
[2024-09-25T01:52:13.655+0000] {base.py:84} INFO - Retrieving connection 'books_connection'
[2024-09-25T01:52:13.659+0000] {sql.py:509} INFO - Running statement: 
    INSERT INTO books (title, authors, price, rating)
    VALUES (%s,%s,%s,%s)
    , parameters: ('Data Pipelines Pocket Reference: Moving and Processing Data for Analytics', 'James Densmore', '17.', '4.5 out of 5 stars')
[2024-09-25T01:52:13.661+0000] {sql.py:518} INFO - Rows affected: 1
[2024-09-25T01:52:13.670+0000] {base.py:84} INFO - Retrieving connection 'books_connection'
[2024-09-25T01:52:13.675+0000] {sql.py:509} INFO - Running statement: 
    INSERT INTO books (title, authors, price, rating)
    VALUES (%s,%s,%s,%s)
    , parameters: ('Fundamentals of Data Analytics: Learn Essential Skills, Embrace the Future, and Catapult Your Career in the Data-Driven World—A Comprehensive Guide to Data Literacy for Beginners', 'Russell Dawson', '17.', '4.8 out of 5 stars')
[2024-09-25T01:52:13.677+0000] {sql.py:518} INFO - Rows affected: 1
[2024-09-25T01:52:13.686+0000] {base.py:84} INFO - Retrieving connection 'books_connection'
[2024-09-25T01:52:13.692+0000] {sql.py:509} INFO - Running statement: 
    INSERT INTO books (title, authors, price, rating)
    VALUES (%s,%s,%s,%s)
    , parameters: ("Ultimate Data Engineering with Databricks: Develop Scalable Data Pipelines Using Data Engineering's Core Tenets Such as Delta Tables, Ingestion, ... Security, and Scalability (English Edition)", 'Mayank Malhotra', '37.', '4.1 out of 5 stars')
[2024-09-25T01:52:13.694+0000] {sql.py:518} INFO - Rows affected: 1
[2024-09-25T01:52:13.704+0000] {base.py:84} INFO - Retrieving connection 'books_connection'
[2024-09-25T01:52:13.708+0000] {sql.py:509} INFO - Running statement: 
    INSERT INTO books (title, authors, price, rating)
    VALUES (%s,%s,%s,%s)
    , parameters: ('Data Engineering with Python: Work with massive datasets to design data models and automate data pipelines using Python', 'Paul Crickard', '37.', '4.1 out of 5 stars')
[2024-09-25T01:52:13.710+0000] {sql.py:518} INFO - Rows affected: 1
[2024-09-25T01:52:13.720+0000] {base.py:84} INFO - Retrieving connection 'books_connection'
[2024-09-25T01:52:13.725+0000] {sql.py:509} INFO - Running statement: 
    INSERT INTO books (title, authors, price, rating)
    VALUES (%s,%s,%s,%s)
    , parameters: ('Cracking the Data Engineering Interview: Land your dream job with the help of resume-building tips, over 100 mock questions, and a unique portfolio', 'Kedeisha Bryan', '26.', '4.4 out of 5 stars')
[2024-09-25T01:52:13.727+0000] {sql.py:518} INFO - Rows affected: 1
[2024-09-25T01:52:13.737+0000] {base.py:84} INFO - Retrieving connection 'books_connection'
[2024-09-25T01:52:13.741+0000] {sql.py:509} INFO - Running statement: 
    INSERT INTO books (title, authors, price, rating)
    VALUES (%s,%s,%s,%s)
    , parameters: ('Ace the Data Engineering Interview: Questions and Answers for Python, SQL, Data Modeling and More', 'Sean Coyne', '24.', '3.8 out of 5 stars')
[2024-09-25T01:52:13.743+0000] {sql.py:518} INFO - Rows affected: 1
[2024-09-25T01:52:13.754+0000] {base.py:84} INFO - Retrieving connection 'books_connection'
[2024-09-25T01:52:13.759+0000] {sql.py:509} INFO - Running statement: 
    INSERT INTO books (title, authors, price, rating)
    VALUES (%s,%s,%s,%s)
    , parameters: ('Ace the Data Science Interview: 201 Real Interview Questions Asked By FAANG, Tech Startups, & Wall Street', 'Nick Singh', '34.', '4.5 out of 5 stars')
[2024-09-25T01:52:13.761+0000] {sql.py:518} INFO - Rows affected: 1
[2024-09-25T01:52:13.772+0000] {base.py:84} INFO - Retrieving connection 'books_connection'
[2024-09-25T01:52:13.777+0000] {sql.py:509} INFO - Running statement: 
    INSERT INTO books (title, authors, price, rating)
    VALUES (%s,%s,%s,%s)
    , parameters: ('Data Engineering with Databricks Cookbook: Build effective data and AI solutions using Apache Spark, Databricks, and Delta Lake', 'Pulkit Chadha', '33.', '4.3 out of 5 stars')
[2024-09-25T01:52:13.779+0000] {sql.py:518} INFO - Rows affected: 1
[2024-09-25T01:52:13.788+0000] {base.py:84} INFO - Retrieving connection 'books_connection'
[2024-09-25T01:52:13.792+0000] {sql.py:509} INFO - Running statement: 
    INSERT INTO books (title, authors, price, rating)
    VALUES (%s,%s,%s,%s)
    , parameters: ('Essentials of Data Engineering', 'Dr. Mukesh Saini', '19.', '5.0 out of 5 stars')
[2024-09-25T01:52:13.794+0000] {sql.py:518} INFO - Rows affected: 1
[2024-09-25T01:52:13.804+0000] {base.py:84} INFO - Retrieving connection 'books_connection'
[2024-09-25T01:52:13.808+0000] {sql.py:509} INFO - Running statement: 
    INSERT INTO books (title, authors, price, rating)
    VALUES (%s,%s,%s,%s)
    , parameters: ('Data Engineering with Python cookbook: Learn to build efficient data pipelines using the Modern Cloud Data Stack', 'Adithyan Ramanujakootam', '32.', '5.0 out of 5 stars')
[2024-09-25T01:52:13.810+0000] {sql.py:518} INFO - Rows affected: 1
[2024-09-25T01:52:13.819+0000] {base.py:84} INFO - Retrieving connection 'books_connection'
[2024-09-25T01:52:13.823+0000] {sql.py:509} INFO - Running statement: 
    INSERT INTO books (title, authors, price, rating)
    VALUES (%s,%s,%s,%s)
    , parameters: ('Data Governance Handbook: A practical approach to building trust in data', 'Wendy S Batchelder', '32.', '5.0 out of 5 stars')
[2024-09-25T01:52:13.825+0000] {sql.py:518} INFO - Rows affected: 1
[2024-09-25T01:52:13.834+0000] {base.py:84} INFO - Retrieving connection 'books_connection'
[2024-09-25T01:52:13.839+0000] {sql.py:509} INFO - Running statement: 
    INSERT INTO books (title, authors, price, rating)
    VALUES (%s,%s,%s,%s)
    , parameters: ('Data Privacy: A runbook for engineers', 'Nishant Bhajaria', '35.', '4.8 out of 5 stars')
[2024-09-25T01:52:13.840+0000] {sql.py:518} INFO - Rows affected: 1
[2024-09-25T01:52:13.850+0000] {base.py:84} INFO - Retrieving connection 'books_connection'
[2024-09-25T01:52:13.855+0000] {sql.py:509} INFO - Running statement: 
    INSERT INTO books (title, authors, price, rating)
    VALUES (%s,%s,%s,%s)
    , parameters: ('97 Things Every Data Engineer Should Know: Collective Wisdom from the Experts', 'Tobias Macey', '28.', '4.1 out of 5 stars')
[2024-09-25T01:52:13.857+0000] {sql.py:518} INFO - Rows affected: 1
[2024-09-25T01:52:13.866+0000] {base.py:84} INFO - Retrieving connection 'books_connection'
[2024-09-25T01:52:13.871+0000] {sql.py:509} INFO - Running statement: 
    INSERT INTO books (title, authors, price, rating)
    VALUES (%s,%s,%s,%s)
    , parameters: ('Data Engineering with AWS: Learn how to design and build cloud-based data transformation pipelines using AWS', 'Gareth Eagar', '49.', '4.4 out of 5 stars')
[2024-09-25T01:52:13.873+0000] {sql.py:518} INFO - Rows affected: 1
[2024-09-25T01:52:13.882+0000] {base.py:84} INFO - Retrieving connection 'books_connection'
[2024-09-25T01:52:13.886+0000] {sql.py:509} INFO - Running statement: 
    INSERT INTO books (title, authors, price, rating)
    VALUES (%s,%s,%s,%s)
    , parameters: ('Software Engineering for Data Scientists: From Notebooks to Scalable Systems', 'Catherine Nelson', '51.', '4.4 out of 5 stars')
[2024-09-25T01:52:13.888+0000] {sql.py:518} INFO - Rows affected: 1
[2024-09-25T01:52:13.898+0000] {base.py:84} INFO - Retrieving connection 'books_connection'
[2024-09-25T01:52:13.903+0000] {sql.py:509} INFO - Running statement: 
    INSERT INTO books (title, authors, price, rating)
    VALUES (%s,%s,%s,%s)
    , parameters: ('DATA ENGINEERING AND AI FOR BEGINNERS: Revolutionizing Data Processing and Analytics by Leveraging Artificial Intelligence for Efficient Input Collection, Storage, and Transformation (World of AI)', 'Paperback', '13.', '4.3 out of 5 stars')
[2024-09-25T01:52:13.905+0000] {sql.py:518} INFO - Rows affected: 1
[2024-09-25T01:52:13.914+0000] {base.py:84} INFO - Retrieving connection 'books_connection'
[2024-09-25T01:52:13.919+0000] {sql.py:509} INFO - Running statement: 
    INSERT INTO books (title, authors, price, rating)
    VALUES (%s,%s,%s,%s)
    , parameters: ('Effective Data Science Infrastructure: How to make data scientists productive', 'Ville Tuulos', '47.', '4.6 out of 5 stars')
[2024-09-25T01:52:13.921+0000] {sql.py:518} INFO - Rows affected: 1
[2024-09-25T01:52:13.930+0000] {base.py:84} INFO - Retrieving connection 'books_connection'
[2024-09-25T01:52:13.934+0000] {sql.py:509} INFO - Running statement: 
    INSERT INTO books (title, authors, price, rating)
    VALUES (%s,%s,%s,%s)
    , parameters: ('Mastering Large Datasets with Python: Parallelize and Distribute Your Python Code', 'John T. Wolohan', '49.', '3.9 out of 5 stars')
[2024-09-25T01:52:13.937+0000] {sql.py:518} INFO - Rows affected: 1
[2024-09-25T01:52:13.946+0000] {base.py:84} INFO - Retrieving connection 'books_connection'
[2024-09-25T01:52:13.951+0000] {sql.py:509} INFO - Running statement: 
    INSERT INTO books (title, authors, price, rating)
    VALUES (%s,%s,%s,%s)
    , parameters: ("Azure Data Factory Cookbook: A data engineer's guide to building and managing ETL and ELT pipelines with data integration", 'Dmitry Foshin', '51.', '4.2 out of 5 stars')
[2024-09-25T01:52:13.954+0000] {sql.py:518} INFO - Rows affected: 1
[2024-09-25T01:52:13.963+0000] {base.py:84} INFO - Retrieving connection 'books_connection'
[2024-09-25T01:52:13.967+0000] {sql.py:509} INFO - Running statement: 
    INSERT INTO books (title, authors, price, rating)
    VALUES (%s,%s,%s,%s)
    , parameters: ('Data Engineering Fundamentals for Beginners: Mastering the Art of Building, Managing, and Scaling Data Systems', 'Paperback', '14.', '5.0 out of 5 stars')
[2024-09-25T01:52:13.969+0000] {sql.py:518} INFO - Rows affected: 1
[2024-09-25T01:52:13.978+0000] {base.py:84} INFO - Retrieving connection 'books_connection'
[2024-09-25T01:52:13.982+0000] {sql.py:509} INFO - Running statement: 
    INSERT INTO books (title, authors, price, rating)
    VALUES (%s,%s,%s,%s)
    , parameters: ('Data-Driven Science and Engineering: Machine Learning, Dynamical Systems, and Control', 'Steven L. Brunton', '64.', '4.8 out of 5 stars')
[2024-09-25T01:52:13.984+0000] {sql.py:518} INFO - Rows affected: 1
[2024-09-25T01:52:13.993+0000] {base.py:84} INFO - Retrieving connection 'books_connection'
[2024-09-25T01:52:13.997+0000] {sql.py:509} INFO - Running statement: 
    INSERT INTO books (title, authors, price, rating)
    VALUES (%s,%s,%s,%s)
    , parameters: ("Data Quality Fundamentals: A Practitioner's Guide to Building Trustworthy Data Pipelines", 'Paperback', '45.', '4.1 out of 5 stars')
[2024-09-25T01:52:13.999+0000] {sql.py:518} INFO - Rows affected: 1
[2024-09-25T01:52:14.008+0000] {base.py:84} INFO - Retrieving connection 'books_connection'
[2024-09-25T01:52:14.013+0000] {sql.py:509} INFO - Running statement: 
    INSERT INTO books (title, authors, price, rating)
    VALUES (%s,%s,%s,%s)
    , parameters: ('Data Engineering with Scala and Spark: A practical guide helping you build streaming and batch pipelines that process massive amounts of data using Scala', 'Eric Tome', '36.', '4.1 out of 5 stars')
[2024-09-25T01:52:14.015+0000] {sql.py:518} INFO - Rows affected: 1
[2024-09-25T01:52:14.024+0000] {base.py:84} INFO - Retrieving connection 'books_connection'
[2024-09-25T01:52:14.029+0000] {sql.py:509} INFO - Running statement: 
    INSERT INTO books (title, authors, price, rating)
    VALUES (%s,%s,%s,%s)
    , parameters: ('Data Engineering with Google Cloud Platform: A guide to leveling up as a data engineer by building a scalable data platform with Google Cloud', 'Adi Wijaya', '41.', '5.0 out of 5 stars')
[2024-09-25T01:52:14.031+0000] {sql.py:518} INFO - Rows affected: 1
[2024-09-25T01:52:14.040+0000] {base.py:84} INFO - Retrieving connection 'books_connection'
[2024-09-25T01:52:14.044+0000] {sql.py:509} INFO - Running statement: 
    INSERT INTO books (title, authors, price, rating)
    VALUES (%s,%s,%s,%s)
    , parameters: ('Analytics Engineering with SQL and dbt: Building Meaningful Data Models at Scale', 'Rui Pedro Machado', '41.', '3.9 out of 5 stars')
[2024-09-25T01:52:14.046+0000] {sql.py:518} INFO - Rows affected: 1
[2024-09-25T01:52:14.055+0000] {base.py:84} INFO - Retrieving connection 'books_connection'
[2024-09-25T01:52:14.059+0000] {sql.py:509} INFO - Running statement: 
    INSERT INTO books (title, authors, price, rating)
    VALUES (%s,%s,%s,%s)
    , parameters: ('Storytelling with Data: A Data Visualization Guide for Business Professionals', 'Cole Nussbaumer Knaflic', '27.', '4.6 out of 5 stars')
[2024-09-25T01:52:14.061+0000] {sql.py:518} INFO - Rows affected: 1
[2024-09-25T01:52:14.071+0000] {base.py:84} INFO - Retrieving connection 'books_connection'
[2024-09-25T01:52:14.075+0000] {sql.py:509} INFO - Running statement: 
    INSERT INTO books (title, authors, price, rating)
    VALUES (%s,%s,%s,%s)
    , parameters: ('Data Engineering with Apache Spark, Delta Lake, and Lakehouse: Create scalable pipelines that ingest, curate, and aggregate complex data in a timely and secure way', 'Manoj Kukreja', '46.', '3.9 out of 5 stars')
[2024-09-25T01:52:14.077+0000] {sql.py:518} INFO - Rows affected: 1
[2024-09-25T01:52:14.085+0000] {base.py:84} INFO - Retrieving connection 'books_connection'
[2024-09-25T01:52:14.089+0000] {sql.py:509} INFO - Running statement: 
    INSERT INTO books (title, authors, price, rating)
    VALUES (%s,%s,%s,%s)
    , parameters: ('Official Google Cloud Certified Professional Data Engineer Study Guide', 'Dan Sullivan', '33.', '4.5 out of 5 stars')
[2024-09-25T01:52:14.091+0000] {sql.py:518} INFO - Rows affected: 1
[2024-09-25T01:52:14.101+0000] {base.py:84} INFO - Retrieving connection 'books_connection'
[2024-09-25T01:52:14.106+0000] {sql.py:509} INFO - Running statement: 
    INSERT INTO books (title, authors, price, rating)
    VALUES (%s,%s,%s,%s)
    , parameters: ('Data Engineering with Google Cloud Platform: A practical guide to operationalizing scalable data analytics systems on GCP', 'Adi Wijaya', '39.', '4.7 out of 5 stars')
[2024-09-25T01:52:14.108+0000] {sql.py:518} INFO - Rows affected: 1
[2024-09-25T01:52:14.118+0000] {base.py:84} INFO - Retrieving connection 'books_connection'
[2024-09-25T01:52:14.123+0000] {sql.py:509} INFO - Running statement: 
    INSERT INTO books (title, authors, price, rating)
    VALUES (%s,%s,%s,%s)
    , parameters: ('Mastering the Data Paradox: Key to Winning in the AI Age', 'Nitin Seth', '17.', '4.8 out of 5 stars')
[2024-09-25T01:52:14.124+0000] {sql.py:518} INFO - Rows affected: 1
[2024-09-25T01:52:14.135+0000] {base.py:84} INFO - Retrieving connection 'books_connection'
[2024-09-25T01:52:14.139+0000] {sql.py:509} INFO - Running statement: 
    INSERT INTO books (title, authors, price, rating)
    VALUES (%s,%s,%s,%s)
    , parameters: ('Python Programming and SQL: 5 books in 1 - The #1 Coding Course from Beginner to Advanced. Learn it Well & Fast (2024) (Computer Programming)', 'Paperback', '29.', '4.3 out of 5 stars')
[2024-09-25T01:52:14.142+0000] {sql.py:518} INFO - Rows affected: 1
[2024-09-25T01:52:14.154+0000] {base.py:84} INFO - Retrieving connection 'books_connection'
[2024-09-25T01:52:14.160+0000] {sql.py:509} INFO - Running statement: 
    INSERT INTO books (title, authors, price, rating)
    VALUES (%s,%s,%s,%s)
    , parameters: ('Modern Data Engineering with Apache Spark: A Hands-On Guide for Building Mission-Critical Streaming Applications', 'Scott Haines', '30.', '4.1 out of 5 stars')
[2024-09-25T01:52:14.163+0000] {sql.py:518} INFO - Rows affected: 1
[2024-09-25T01:52:14.175+0000] {base.py:84} INFO - Retrieving connection 'books_connection'
[2024-09-25T01:52:14.181+0000] {sql.py:509} INFO - Running statement: 
    INSERT INTO books (title, authors, price, rating)
    VALUES (%s,%s,%s,%s)
    , parameters: ('Data Mesh: Delivering Data-Driven Value at Scale', 'Audible Audiobook', '0.', '4.5 out of 5 stars')
[2024-09-25T01:52:14.184+0000] {sql.py:518} INFO - Rows affected: 1
[2024-09-25T01:52:14.198+0000] {base.py:84} INFO - Retrieving connection 'books_connection'
[2024-09-25T01:52:14.204+0000] {sql.py:509} INFO - Running statement: 
    INSERT INTO books (title, authors, price, rating)
    VALUES (%s,%s,%s,%s)
    , parameters: ('Machine Learning Engineering', 'Andriy Burkov', '39.', '4.7 out of 5 stars')
[2024-09-25T01:52:14.207+0000] {sql.py:518} INFO - Rows affected: 1
[2024-09-25T01:52:14.220+0000] {base.py:84} INFO - Retrieving connection 'books_connection'
[2024-09-25T01:52:14.227+0000] {sql.py:509} INFO - Running statement: 
    INSERT INTO books (title, authors, price, rating)
    VALUES (%s,%s,%s,%s)
    , parameters: ('Data Engineering with Databricks', 'Paperback', '25.', '3.4 out of 5 stars')
[2024-09-25T01:52:14.230+0000] {sql.py:518} INFO - Rows affected: 1
[2024-09-25T01:52:14.243+0000] {base.py:84} INFO - Retrieving connection 'books_connection'
[2024-09-25T01:52:14.250+0000] {sql.py:509} INFO - Running statement: 
    INSERT INTO books (title, authors, price, rating)
    VALUES (%s,%s,%s,%s)
    , parameters: ('Better Data Visualizations: A Guide for Scholars, Researchers, and Wonks', 'Jonathan Schwabish', '26.', '4.5 out of 5 stars')
[2024-09-25T01:52:14.252+0000] {sql.py:518} INFO - Rows affected: 1
[2024-09-25T01:52:14.265+0000] {base.py:84} INFO - Retrieving connection 'books_connection'
[2024-09-25T01:52:14.271+0000] {sql.py:509} INFO - Running statement: 
    INSERT INTO books (title, authors, price, rating)
    VALUES (%s,%s,%s,%s)
    , parameters: ('Data Modeling with Snowflake: A practical guide to accelerating Snowflake development using universal data modeling techniques', 'Serge Gershkovich', '36.', '4.8 out of 5 stars')
[2024-09-25T01:52:14.273+0000] {sql.py:518} INFO - Rows affected: 1
[2024-09-25T01:52:14.285+0000] {base.py:84} INFO - Retrieving connection 'books_connection'
[2024-09-25T01:52:14.291+0000] {sql.py:509} INFO - Running statement: 
    INSERT INTO books (title, authors, price, rating)
    VALUES (%s,%s,%s,%s)
    , parameters: ('Database Internals: A Deep Dive into How Distributed Data Systems Work', 'Alex Petrov', '36.', '4.6 out of 5 stars')
[2024-09-25T01:52:14.293+0000] {sql.py:518} INFO - Rows affected: 1
[2024-09-25T01:52:14.305+0000] {base.py:84} INFO - Retrieving connection 'books_connection'
[2024-09-25T01:52:14.311+0000] {sql.py:509} INFO - Running statement: 
    INSERT INTO books (title, authors, price, rating)
    VALUES (%s,%s,%s,%s)
    , parameters: ("Engineers' Data Book", 'Clifford Matthews', '26.', '4.6 out of 5 stars')
[2024-09-25T01:52:14.315+0000] {sql.py:518} INFO - Rows affected: 1
[2024-09-25T01:52:14.331+0000] {base.py:84} INFO - Retrieving connection 'books_connection'
[2024-09-25T01:52:14.337+0000] {sql.py:509} INFO - Running statement: 
    INSERT INTO books (title, authors, price, rating)
    VALUES (%s,%s,%s,%s)
    , parameters: ('Prompt Engineering for Generative AI: Future-Proof Inputs for Reliable AI Outputs', 'James Phoenix', '53.', '4.5 out of 5 stars')
[2024-09-25T01:52:14.341+0000] {sql.py:518} INFO - Rows affected: 1
[2024-09-25T01:52:14.355+0000] {base.py:84} INFO - Retrieving connection 'books_connection'
[2024-09-25T01:52:14.360+0000] {sql.py:509} INFO - Running statement: 
    INSERT INTO books (title, authors, price, rating)
    VALUES (%s,%s,%s,%s)
    , parameters: ('Designing Machine Learning Systems: An Iterative Process for Production-Ready Applications', 'Chip Huyen', '52.', '4.6 out of 5 stars')
[2024-09-25T01:52:14.363+0000] {sql.py:518} INFO - Rows affected: 1
[2024-09-25T01:52:14.373+0000] {base.py:84} INFO - Retrieving connection 'books_connection'
[2024-09-25T01:52:14.378+0000] {sql.py:509} INFO - Running statement: 
    INSERT INTO books (title, authors, price, rating)
    VALUES (%s,%s,%s,%s)
    , parameters: ("SQL QuickStart Guide: The Simplified Beginner's Guide to Managing, Analyzing, and Manipulating Data With SQL (Coding & Programming - QuickStart Guides)", 'Paperback', '23.', '4.6 out of 5 stars')
[2024-09-25T01:52:14.381+0000] {sql.py:518} INFO - Rows affected: 1
[2024-09-25T01:52:14.391+0000] {base.py:84} INFO - Retrieving connection 'books_connection'
[2024-09-25T01:52:14.396+0000] {sql.py:509} INFO - Running statement: 
    INSERT INTO books (title, authors, price, rating)
    VALUES (%s,%s,%s,%s)
    , parameters: ('Ultimate Azure Data Engineering: Build Robust Data Engineering Systems on Azure with SQL, ETL, Data Modeling, and Power BI for Business Insights and Crack Azure Certifications (English Edition)', 'Ashish Agarwal', '39.', '5.0 out of 5 stars')
[2024-09-25T01:52:14.398+0000] {sql.py:518} INFO - Rows affected: 1
[2024-09-25T01:52:14.407+0000] {base.py:84} INFO - Retrieving connection 'books_connection'
[2024-09-25T01:52:14.412+0000] {sql.py:509} INFO - Running statement: 
    INSERT INTO books (title, authors, price, rating)
    VALUES (%s,%s,%s,%s)
    , parameters: ('Building ETL Pipelines with Python: Create and deploy enterprise-ready ETL pipelines by employing modern methods', 'Brij Kishore Pandey', '34.', '4.2 out of 5 stars')
[2024-09-25T01:52:14.414+0000] {sql.py:518} INFO - Rows affected: 1
[2024-09-25T01:52:14.417+0000] {python.py:240} INFO - Done. Returned value was: None
[2024-09-25T01:52:14.429+0000] {taskinstance.py:340} INFO - ::group::Post task execution logs
[2024-09-25T01:52:14.430+0000] {taskinstance.py:352} INFO - Marking task as SUCCESS. dag_id=fetch_and_store_amazon_books, task_id=insert_book_data, run_id=manual__2024-09-25T01:27:46.623684+00:00, execution_date=20240925T012746, start_date=20240925T015213, end_date=20240925T015214
[2024-09-25T01:52:14.445+0000] {logging_mixin.py:190} INFO - Task instance in success state
[2024-09-25T01:52:14.446+0000] {logging_mixin.py:190} INFO -  Previous state of the Task instance: running
[2024-09-25T01:52:14.447+0000] {logging_mixin.py:190} INFO - Dag name:fetch_and_store_amazon_books queued_at:2024-09-25 01:52:10.803250+00:00
[2024-09-25T01:52:14.448+0000] {logging_mixin.py:190} INFO - Task hostname:12236234e313 operator:PythonOperator
[2024-09-25T01:52:14.484+0000] {local_task_job_runner.py:266} INFO - Task exited with return code 0
[2024-09-25T01:52:14.503+0000] {taskinstance.py:3900} INFO - 0 downstream tasks scheduled from follow-on schedule check
[2024-09-25T01:52:14.507+0000] {local_task_job_runner.py:245} INFO - ::endgroup::
