[2024-09-25T01:51:53.581+0000] {local_task_job_runner.py:123} INFO - ::group::Pre task execution logs
[2024-09-25T01:51:53.603+0000] {taskinstance.py:2612} INFO - Dependencies all met for dep_context=non-requeueable deps ti=<TaskInstance: fetch_and_store_amazon_books.insert_book_data scheduled__2024-07-01T00:00:00+00:00 [queued]>
[2024-09-25T01:51:53.616+0000] {taskinstance.py:2612} INFO - Dependencies all met for dep_context=requeueable deps ti=<TaskInstance: fetch_and_store_amazon_books.insert_book_data scheduled__2024-07-01T00:00:00+00:00 [queued]>
[2024-09-25T01:51:53.620+0000] {taskinstance.py:2865} INFO - Starting attempt 3 of 4
[2024-09-25T01:51:53.638+0000] {taskinstance.py:2888} INFO - Executing <Task(PythonOperator): insert_book_data> on 2024-07-01 00:00:00+00:00
[2024-09-25T01:51:53.648+0000] {warnings.py:112} WARNING - /home/***/.local/lib/python3.12/site-packages/***/task/task_runner/standard_task_runner.py:70: DeprecationWarning: This process (pid=3651) is multi-threaded, use of fork() may lead to deadlocks in the child.
  pid = os.fork()

[2024-09-25T01:51:53.650+0000] {standard_task_runner.py:72} INFO - Started process 3653 to run task
[2024-09-25T01:51:53.651+0000] {standard_task_runner.py:104} INFO - Running: ['***', 'tasks', 'run', 'fetch_and_store_amazon_books', 'insert_book_data', 'scheduled__2024-07-01T00:00:00+00:00', '--job-id', '127', '--raw', '--subdir', 'DAGS_FOLDER/dag.py', '--cfg-path', '/tmp/tmp_wo5midp']
[2024-09-25T01:51:53.652+0000] {standard_task_runner.py:105} INFO - Job 127: Subtask insert_book_data
[2024-09-25T01:51:53.715+0000] {task_command.py:467} INFO - Running <TaskInstance: fetch_and_store_amazon_books.insert_book_data scheduled__2024-07-01T00:00:00+00:00 [running]> on host 12236234e313
[2024-09-25T01:51:53.821+0000] {taskinstance.py:3131} INFO - Exporting env vars: AIRFLOW_CTX_DAG_OWNER='***' AIRFLOW_CTX_DAG_ID='fetch_and_store_amazon_books' AIRFLOW_CTX_TASK_ID='insert_book_data' AIRFLOW_CTX_EXECUTION_DATE='2024-07-01T00:00:00+00:00' AIRFLOW_CTX_TRY_NUMBER='3' AIRFLOW_CTX_DAG_RUN_ID='scheduled__2024-07-01T00:00:00+00:00'
[2024-09-25T01:51:53.823+0000] {logging_mixin.py:190} INFO - Task instance is in running state
[2024-09-25T01:51:53.824+0000] {logging_mixin.py:190} INFO -  Previous state of the Task instance: queued
[2024-09-25T01:51:53.825+0000] {logging_mixin.py:190} INFO - Current task name:insert_book_data state:running start_date:2024-09-25 01:51:53.604218+00:00
[2024-09-25T01:51:53.827+0000] {logging_mixin.py:190} INFO - Dag name:fetch_and_store_amazon_books and current dag run status:running
[2024-09-25T01:51:53.828+0000] {taskinstance.py:731} INFO - ::endgroup::
[2024-09-25T01:51:53.851+0000] {base.py:84} INFO - Retrieving connection 'books_connection'
[2024-09-25T01:51:53.856+0000] {sql.py:509} INFO - Running statement: 
    INSERT INTO books (title, authors, price, rating)
    VALUES (%s,%s,%s,%s)
    , parameters: ('Data Engineering with AWS - Second Edition: Acquire the skills to design and build AWS-based data transformation pipelines like a pro', 'Gareth Eagar', '41.', '4.4 out of 5 stars')
[2024-09-25T01:51:53.859+0000] {sql.py:518} INFO - Rows affected: 1
[2024-09-25T01:51:53.870+0000] {base.py:84} INFO - Retrieving connection 'books_connection'
[2024-09-25T01:51:53.875+0000] {sql.py:509} INFO - Running statement: 
    INSERT INTO books (title, authors, price, rating)
    VALUES (%s,%s,%s,%s)
    , parameters: ('Data Engineering 101', 'Hardcover', '30.', '4.6 out of 5 stars')
[2024-09-25T01:51:53.878+0000] {sql.py:518} INFO - Rows affected: 1
[2024-09-25T01:51:53.889+0000] {base.py:84} INFO - Retrieving connection 'books_connection'
[2024-09-25T01:51:53.894+0000] {sql.py:509} INFO - Running statement: 
    INSERT INTO books (title, authors, price, rating)
    VALUES (%s,%s,%s,%s)
    , parameters: ('Azure Data Engineer Associate Certification Guide: Ace the DP-203 exam with advanced data engineering skills', 'Giacinto Palmieri', '32.', '4.4 out of 5 stars')
[2024-09-25T01:51:53.896+0000] {sql.py:518} INFO - Rows affected: 1
[2024-09-25T01:51:53.907+0000] {base.py:84} INFO - Retrieving connection 'books_connection'
[2024-09-25T01:51:53.912+0000] {sql.py:509} INFO - Running statement: 
    INSERT INTO books (title, authors, price, rating)
    VALUES (%s,%s,%s,%s)
    , parameters: ('Data Governance Handbook: A practical approach to building trust in data', 'Wendy S Batchelder', '32.', '5.0 out of 5 stars')
[2024-09-25T01:51:53.914+0000] {sql.py:518} INFO - Rows affected: 1
[2024-09-25T01:51:53.924+0000] {base.py:84} INFO - Retrieving connection 'books_connection'
[2024-09-25T01:51:53.927+0000] {sql.py:509} INFO - Running statement: 
    INSERT INTO books (title, authors, price, rating)
    VALUES (%s,%s,%s,%s)
    , parameters: ('Fundamentals of Data Engineering: Plan and Build Robust Data Systems', 'Joe Reis', '42.', '4.7 out of 5 stars')
[2024-09-25T01:51:53.929+0000] {sql.py:518} INFO - Rows affected: 1
[2024-09-25T01:51:53.940+0000] {base.py:84} INFO - Retrieving connection 'books_connection'
[2024-09-25T01:51:53.945+0000] {sql.py:509} INFO - Running statement: 
    INSERT INTO books (title, authors, price, rating)
    VALUES (%s,%s,%s,%s)
    , parameters: ('Designing Data-Intensive Applications: The Big Ideas Behind Reliable, Scalable, and Maintainable Systems', 'Martin Kleppmann', '46.', '4.8 out of 5 stars')
[2024-09-25T01:51:53.947+0000] {sql.py:518} INFO - Rows affected: 1
[2024-09-25T01:51:53.958+0000] {base.py:84} INFO - Retrieving connection 'books_connection'
[2024-09-25T01:51:53.963+0000] {sql.py:509} INFO - Running statement: 
    INSERT INTO books (title, authors, price, rating)
    VALUES (%s,%s,%s,%s)
    , parameters: ('Data Pipelines Pocket Reference: Moving and Processing Data for Analytics', 'James Densmore', '17.', '4.5 out of 5 stars')
[2024-09-25T01:51:53.965+0000] {sql.py:518} INFO - Rows affected: 1
[2024-09-25T01:51:53.976+0000] {base.py:84} INFO - Retrieving connection 'books_connection'
[2024-09-25T01:51:53.980+0000] {sql.py:509} INFO - Running statement: 
    INSERT INTO books (title, authors, price, rating)
    VALUES (%s,%s,%s,%s)
    , parameters: ('Data Engineering with dbt: A practical guide to building a cloud-based, pragmatic, and dependable data platform with SQL', 'Roberto Zagni', '37.', '4.6 out of 5 stars')
[2024-09-25T01:51:53.983+0000] {sql.py:518} INFO - Rows affected: 1
[2024-09-25T01:51:53.994+0000] {base.py:84} INFO - Retrieving connection 'books_connection'
[2024-09-25T01:51:53.999+0000] {sql.py:509} INFO - Running statement: 
    INSERT INTO books (title, authors, price, rating)
    VALUES (%s,%s,%s,%s)
    , parameters: ('Fundamentals of Data Analytics: Learn Essential Skills, Embrace the Future, and Catapult Your Career in the Data-Driven World—A Comprehensive Guide to Data Literacy for Beginners', 'Russell Dawson', '17.', '4.8 out of 5 stars')
[2024-09-25T01:51:54.002+0000] {sql.py:518} INFO - Rows affected: 1
[2024-09-25T01:51:54.015+0000] {base.py:84} INFO - Retrieving connection 'books_connection'
[2024-09-25T01:51:54.020+0000] {sql.py:509} INFO - Running statement: 
    INSERT INTO books (title, authors, price, rating)
    VALUES (%s,%s,%s,%s)
    , parameters: ("Ultimate Data Engineering with Databricks: Develop Scalable Data Pipelines Using Data Engineering's Core Tenets Such as Delta Tables, Ingestion, ... Security, and Scalability (English Edition)", 'Mayank Malhotra', '37.', '4.1 out of 5 stars')
[2024-09-25T01:51:54.023+0000] {sql.py:518} INFO - Rows affected: 1
[2024-09-25T01:51:54.034+0000] {base.py:84} INFO - Retrieving connection 'books_connection'
[2024-09-25T01:51:54.039+0000] {sql.py:509} INFO - Running statement: 
    INSERT INTO books (title, authors, price, rating)
    VALUES (%s,%s,%s,%s)
    , parameters: ('Data Engineering with Python: Work with massive datasets to design data models and automate data pipelines using Python', 'Paul Crickard', '37.', '4.1 out of 5 stars')
[2024-09-25T01:51:54.041+0000] {sql.py:518} INFO - Rows affected: 1
[2024-09-25T01:51:54.053+0000] {base.py:84} INFO - Retrieving connection 'books_connection'
[2024-09-25T01:51:54.058+0000] {sql.py:509} INFO - Running statement: 
    INSERT INTO books (title, authors, price, rating)
    VALUES (%s,%s,%s,%s)
    , parameters: ('Cracking the Data Engineering Interview: Land your dream job with the help of resume-building tips, over 100 mock questions, and a unique portfolio', 'Kedeisha Bryan', '26.', '4.4 out of 5 stars')
[2024-09-25T01:51:54.061+0000] {sql.py:518} INFO - Rows affected: 1
[2024-09-25T01:51:54.072+0000] {base.py:84} INFO - Retrieving connection 'books_connection'
[2024-09-25T01:51:54.077+0000] {sql.py:509} INFO - Running statement: 
    INSERT INTO books (title, authors, price, rating)
    VALUES (%s,%s,%s,%s)
    , parameters: ('Data Engineering with Databricks Cookbook: Build effective data and AI solutions using Apache Spark, Databricks, and Delta Lake', 'Pulkit Chadha', '33.', '4.3 out of 5 stars')
[2024-09-25T01:51:54.080+0000] {sql.py:518} INFO - Rows affected: 1
[2024-09-25T01:51:54.090+0000] {base.py:84} INFO - Retrieving connection 'books_connection'
[2024-09-25T01:51:54.095+0000] {sql.py:509} INFO - Running statement: 
    INSERT INTO books (title, authors, price, rating)
    VALUES (%s,%s,%s,%s)
    , parameters: ('Ace the Data Engineering Interview: Questions and Answers for Python, SQL, Data Modeling and More', 'Sean Coyne', '24.', '3.8 out of 5 stars')
[2024-09-25T01:51:54.097+0000] {sql.py:518} INFO - Rows affected: 1
[2024-09-25T01:51:54.107+0000] {base.py:84} INFO - Retrieving connection 'books_connection'
[2024-09-25T01:51:54.112+0000] {sql.py:509} INFO - Running statement: 
    INSERT INTO books (title, authors, price, rating)
    VALUES (%s,%s,%s,%s)
    , parameters: ('Essentials of Data Engineering', 'Dr. Mukesh Saini', '19.', '5.0 out of 5 stars')
[2024-09-25T01:51:54.114+0000] {sql.py:518} INFO - Rows affected: 1
[2024-09-25T01:51:54.125+0000] {base.py:84} INFO - Retrieving connection 'books_connection'
[2024-09-25T01:51:54.129+0000] {sql.py:509} INFO - Running statement: 
    INSERT INTO books (title, authors, price, rating)
    VALUES (%s,%s,%s,%s)
    , parameters: ('97 Things Every Data Engineer Should Know: Collective Wisdom from the Experts', 'Tobias Macey', '28.', '4.1 out of 5 stars')
[2024-09-25T01:51:54.131+0000] {sql.py:518} INFO - Rows affected: 1
[2024-09-25T01:51:54.143+0000] {base.py:84} INFO - Retrieving connection 'books_connection'
[2024-09-25T01:51:54.148+0000] {sql.py:509} INFO - Running statement: 
    INSERT INTO books (title, authors, price, rating)
    VALUES (%s,%s,%s,%s)
    , parameters: ('Ace the Data Science Interview: 201 Real Interview Questions Asked By FAANG, Tech Startups, & Wall Street', 'Nick Singh', '34.', '4.5 out of 5 stars')
[2024-09-25T01:51:54.150+0000] {sql.py:518} INFO - Rows affected: 1
[2024-09-25T01:51:54.161+0000] {base.py:84} INFO - Retrieving connection 'books_connection'
[2024-09-25T01:51:54.166+0000] {sql.py:509} INFO - Running statement: 
    INSERT INTO books (title, authors, price, rating)
    VALUES (%s,%s,%s,%s)
    , parameters: ('Data Privacy: A runbook for engineers', 'Nishant Bhajaria', '35.', '4.8 out of 5 stars')
[2024-09-25T01:51:54.166+0000] {sql.py:518} INFO - Rows affected: 1
[2024-09-25T01:51:54.178+0000] {base.py:84} INFO - Retrieving connection 'books_connection'
[2024-09-25T01:51:54.182+0000] {sql.py:509} INFO - Running statement: 
    INSERT INTO books (title, authors, price, rating)
    VALUES (%s,%s,%s,%s)
    , parameters: ('Mastering Large Datasets with Python: Parallelize and Distribute Your Python Code', 'John T. Wolohan', '49.', '3.9 out of 5 stars')
[2024-09-25T01:51:54.184+0000] {sql.py:518} INFO - Rows affected: 1
[2024-09-25T01:51:54.196+0000] {base.py:84} INFO - Retrieving connection 'books_connection'
[2024-09-25T01:51:54.201+0000] {sql.py:509} INFO - Running statement: 
    INSERT INTO books (title, authors, price, rating)
    VALUES (%s,%s,%s,%s)
    , parameters: ('Software Engineering for Data Scientists: From Notebooks to Scalable Systems', 'Catherine Nelson', '51.', '4.4 out of 5 stars')
[2024-09-25T01:51:54.203+0000] {sql.py:518} INFO - Rows affected: 1
[2024-09-25T01:51:54.213+0000] {base.py:84} INFO - Retrieving connection 'books_connection'
[2024-09-25T01:51:54.218+0000] {sql.py:509} INFO - Running statement: 
    INSERT INTO books (title, authors, price, rating)
    VALUES (%s,%s,%s,%s)
    , parameters: ('DATA ENGINEERING AND AI FOR BEGINNERS: Revolutionizing Data Processing and Analytics by Leveraging Artificial Intelligence for Efficient Input Collection, Storage, and Transformation (World of AI)', 'Paperback', '13.', '4.3 out of 5 stars')
[2024-09-25T01:51:54.220+0000] {sql.py:518} INFO - Rows affected: 1
[2024-09-25T01:51:54.230+0000] {base.py:84} INFO - Retrieving connection 'books_connection'
[2024-09-25T01:51:54.235+0000] {sql.py:509} INFO - Running statement: 
    INSERT INTO books (title, authors, price, rating)
    VALUES (%s,%s,%s,%s)
    , parameters: ('Data Engineering with Python cookbook: Learn to build efficient data pipelines using the Modern Cloud Data Stack', 'Adithyan Ramanujakootam', '32.', '5.0 out of 5 stars')
[2024-09-25T01:51:54.237+0000] {sql.py:518} INFO - Rows affected: 1
[2024-09-25T01:51:54.247+0000] {base.py:84} INFO - Retrieving connection 'books_connection'
[2024-09-25T01:51:54.252+0000] {sql.py:509} INFO - Running statement: 
    INSERT INTO books (title, authors, price, rating)
    VALUES (%s,%s,%s,%s)
    , parameters: ('Data-Driven Science and Engineering: Machine Learning, Dynamical Systems, and Control', 'Steven L. Brunton', '64.', '4.8 out of 5 stars')
[2024-09-25T01:51:54.254+0000] {sql.py:518} INFO - Rows affected: 1
[2024-09-25T01:51:54.265+0000] {base.py:84} INFO - Retrieving connection 'books_connection'
[2024-09-25T01:51:54.269+0000] {sql.py:509} INFO - Running statement: 
    INSERT INTO books (title, authors, price, rating)
    VALUES (%s,%s,%s,%s)
    , parameters: ("Data: Principles To Practice - Volume 1 'Foundations': Essential Foundations: Key Concepts behind Data Architecture, Engineering and Analysis for Professionals", 'Mr Alex Holloway', '12.', '4.6 out of 5 stars')
[2024-09-25T01:51:54.271+0000] {sql.py:518} INFO - Rows affected: 1
[2024-09-25T01:51:54.282+0000] {base.py:84} INFO - Retrieving connection 'books_connection'
[2024-09-25T01:51:54.287+0000] {sql.py:509} INFO - Running statement: 
    INSERT INTO books (title, authors, price, rating)
    VALUES (%s,%s,%s,%s)
    , parameters: ('Data Engineering Fundamentals for Beginners: Mastering the Art of Building, Managing, and Scaling Data Systems', 'Paperback', '14.', '5.0 out of 5 stars')
[2024-09-25T01:51:54.290+0000] {sql.py:518} INFO - Rows affected: 1
[2024-09-25T01:51:54.301+0000] {base.py:84} INFO - Retrieving connection 'books_connection'
[2024-09-25T01:51:54.307+0000] {sql.py:509} INFO - Running statement: 
    INSERT INTO books (title, authors, price, rating)
    VALUES (%s,%s,%s,%s)
    , parameters: ('Data Engineering with AWS: Learn how to design and build cloud-based data transformation pipelines using AWS', 'Gareth Eagar', '49.', '4.4 out of 5 stars')
[2024-09-25T01:51:54.309+0000] {sql.py:518} INFO - Rows affected: 1
[2024-09-25T01:51:54.320+0000] {base.py:84} INFO - Retrieving connection 'books_connection'
[2024-09-25T01:51:54.325+0000] {sql.py:509} INFO - Running statement: 
    INSERT INTO books (title, authors, price, rating)
    VALUES (%s,%s,%s,%s)
    , parameters: ('Data Engineering with Scala and Spark: A practical guide helping you build streaming and batch pipelines that process massive amounts of data using Scala', 'Eric Tome', '36.', '4.1 out of 5 stars')
[2024-09-25T01:51:54.328+0000] {sql.py:518} INFO - Rows affected: 1
[2024-09-25T01:51:54.339+0000] {base.py:84} INFO - Retrieving connection 'books_connection'
[2024-09-25T01:51:54.345+0000] {sql.py:509} INFO - Running statement: 
    INSERT INTO books (title, authors, price, rating)
    VALUES (%s,%s,%s,%s)
    , parameters: ("Data Quality Fundamentals: A Practitioner's Guide to Building Trustworthy Data Pipelines", 'Paperback', '45.', '4.1 out of 5 stars')
[2024-09-25T01:51:54.347+0000] {sql.py:518} INFO - Rows affected: 1
[2024-09-25T01:51:54.357+0000] {base.py:84} INFO - Retrieving connection 'books_connection'
[2024-09-25T01:51:54.362+0000] {sql.py:509} INFO - Running statement: 
    INSERT INTO books (title, authors, price, rating)
    VALUES (%s,%s,%s,%s)
    , parameters: ("Azure Data Factory Cookbook: A data engineer's guide to building and managing ETL and ELT pipelines with data integration", 'Dmitry Foshin', '51.', '4.2 out of 5 stars')
[2024-09-25T01:51:54.364+0000] {sql.py:518} INFO - Rows affected: 1
[2024-09-25T01:51:54.376+0000] {base.py:84} INFO - Retrieving connection 'books_connection'
[2024-09-25T01:51:54.381+0000] {sql.py:509} INFO - Running statement: 
    INSERT INTO books (title, authors, price, rating)
    VALUES (%s,%s,%s,%s)
    , parameters: ('Analytics Engineering with SQL and dbt: Building Meaningful Data Models at Scale', 'Rui Pedro Machado', '41.', '3.9 out of 5 stars')
[2024-09-25T01:51:54.384+0000] {sql.py:518} INFO - Rows affected: 1
[2024-09-25T01:51:54.395+0000] {base.py:84} INFO - Retrieving connection 'books_connection'
[2024-09-25T01:51:54.401+0000] {sql.py:509} INFO - Running statement: 
    INSERT INTO books (title, authors, price, rating)
    VALUES (%s,%s,%s,%s)
    , parameters: ('Storytelling with Data: A Data Visualization Guide for Business Professionals', 'Cole Nussbaumer Knaflic', '27.', '4.6 out of 5 stars')
[2024-09-25T01:51:54.403+0000] {sql.py:518} INFO - Rows affected: 1
[2024-09-25T01:51:54.414+0000] {base.py:84} INFO - Retrieving connection 'books_connection'
[2024-09-25T01:51:54.419+0000] {sql.py:509} INFO - Running statement: 
    INSERT INTO books (title, authors, price, rating)
    VALUES (%s,%s,%s,%s)
    , parameters: ('Data Engineering with Google Cloud Platform: A guide to leveling up as a data engineer by building a scalable data platform with Google Cloud', 'Adi Wijaya', '41.', '5.0 out of 5 stars')
[2024-09-25T01:51:54.421+0000] {sql.py:518} INFO - Rows affected: 1
[2024-09-25T01:51:54.432+0000] {base.py:84} INFO - Retrieving connection 'books_connection'
[2024-09-25T01:51:54.437+0000] {sql.py:509} INFO - Running statement: 
    INSERT INTO books (title, authors, price, rating)
    VALUES (%s,%s,%s,%s)
    , parameters: ('Data Engineering with Apache Spark, Delta Lake, and Lakehouse: Create scalable pipelines that ingest, curate, and aggregate complex data in a timely and secure way', 'Manoj Kukreja', '46.', '3.9 out of 5 stars')
[2024-09-25T01:51:54.439+0000] {sql.py:518} INFO - Rows affected: 1
[2024-09-25T01:51:54.449+0000] {base.py:84} INFO - Retrieving connection 'books_connection'
[2024-09-25T01:51:54.454+0000] {sql.py:509} INFO - Running statement: 
    INSERT INTO books (title, authors, price, rating)
    VALUES (%s,%s,%s,%s)
    , parameters: ('Data Engineering with Google Cloud Platform: A practical guide to operationalizing scalable data analytics systems on GCP', 'Adi Wijaya', '39.', '4.7 out of 5 stars')
[2024-09-25T01:51:54.457+0000] {sql.py:518} INFO - Rows affected: 1
[2024-09-25T01:51:54.467+0000] {base.py:84} INFO - Retrieving connection 'books_connection'
[2024-09-25T01:51:54.471+0000] {sql.py:509} INFO - Running statement: 
    INSERT INTO books (title, authors, price, rating)
    VALUES (%s,%s,%s,%s)
    , parameters: ('Official Google Cloud Certified Professional Data Engineer Study Guide', 'Dan Sullivan', '33.', '4.5 out of 5 stars')
[2024-09-25T01:51:54.473+0000] {sql.py:518} INFO - Rows affected: 1
[2024-09-25T01:51:54.484+0000] {base.py:84} INFO - Retrieving connection 'books_connection'
[2024-09-25T01:51:54.488+0000] {sql.py:509} INFO - Running statement: 
    INSERT INTO books (title, authors, price, rating)
    VALUES (%s,%s,%s,%s)
    , parameters: ('Data Mesh: Delivering Data-Driven Value at Scale', 'Audible Audiobook', '0.', '4.5 out of 5 stars')
[2024-09-25T01:51:54.491+0000] {sql.py:518} INFO - Rows affected: 1
[2024-09-25T01:51:54.501+0000] {base.py:84} INFO - Retrieving connection 'books_connection'
[2024-09-25T01:51:54.507+0000] {sql.py:509} INFO - Running statement: 
    INSERT INTO books (title, authors, price, rating)
    VALUES (%s,%s,%s,%s)
    , parameters: ("Engineers' Data Book", 'Clifford Matthews', '26.', '4.6 out of 5 stars')
[2024-09-25T01:51:54.509+0000] {sql.py:518} INFO - Rows affected: 1
[2024-09-25T01:51:54.519+0000] {base.py:84} INFO - Retrieving connection 'books_connection'
[2024-09-25T01:51:54.525+0000] {sql.py:509} INFO - Running statement: 
    INSERT INTO books (title, authors, price, rating)
    VALUES (%s,%s,%s,%s)
    , parameters: ('Designing Machine Learning Systems: An Iterative Process for Production-Ready Applications', 'Chip Huyen', '52.', '4.6 out of 5 stars')
[2024-09-25T01:51:54.528+0000] {sql.py:518} INFO - Rows affected: 1
[2024-09-25T01:51:54.539+0000] {base.py:84} INFO - Retrieving connection 'books_connection'
[2024-09-25T01:51:54.544+0000] {sql.py:509} INFO - Running statement: 
    INSERT INTO books (title, authors, price, rating)
    VALUES (%s,%s,%s,%s)
    , parameters: ('Mastering the Data Paradox: Key to Winning in the AI Age', 'Nitin Seth', '17.', '4.8 out of 5 stars')
[2024-09-25T01:51:54.546+0000] {sql.py:518} INFO - Rows affected: 1
[2024-09-25T01:51:54.557+0000] {base.py:84} INFO - Retrieving connection 'books_connection'
[2024-09-25T01:51:54.562+0000] {sql.py:509} INFO - Running statement: 
    INSERT INTO books (title, authors, price, rating)
    VALUES (%s,%s,%s,%s)
    , parameters: ('Python Programming and SQL: 5 books in 1 - The #1 Coding Course from Beginner to Advanced. Learn it Well & Fast (2024) (Computer Programming)', 'Paperback', '29.', '4.3 out of 5 stars')
[2024-09-25T01:51:54.564+0000] {sql.py:518} INFO - Rows affected: 1
[2024-09-25T01:51:54.575+0000] {base.py:84} INFO - Retrieving connection 'books_connection'
[2024-09-25T01:51:54.580+0000] {sql.py:509} INFO - Running statement: 
    INSERT INTO books (title, authors, price, rating)
    VALUES (%s,%s,%s,%s)
    , parameters: ('Database Internals: A Deep Dive into How Distributed Data Systems Work', 'Alex Petrov', '36.', '4.6 out of 5 stars')
[2024-09-25T01:51:54.582+0000] {sql.py:518} INFO - Rows affected: 1
[2024-09-25T01:51:54.593+0000] {base.py:84} INFO - Retrieving connection 'books_connection'
[2024-09-25T01:51:54.597+0000] {sql.py:509} INFO - Running statement: 
    INSERT INTO books (title, authors, price, rating)
    VALUES (%s,%s,%s,%s)
    , parameters: ('Modern Data Engineering with Apache Spark: A Hands-On Guide for Building Mission-Critical Streaming Applications', 'Scott Haines', '30.', '4.1 out of 5 stars')
[2024-09-25T01:51:54.599+0000] {sql.py:518} INFO - Rows affected: 1
[2024-09-25T01:51:54.610+0000] {base.py:84} INFO - Retrieving connection 'books_connection'
[2024-09-25T01:51:54.614+0000] {sql.py:509} INFO - Running statement: 
    INSERT INTO books (title, authors, price, rating)
    VALUES (%s,%s,%s,%s)
    , parameters: ('Machine Learning Engineering', 'Andriy Burkov', '39.', '4.7 out of 5 stars')
[2024-09-25T01:51:54.616+0000] {sql.py:518} INFO - Rows affected: 1
[2024-09-25T01:51:54.627+0000] {base.py:84} INFO - Retrieving connection 'books_connection'
[2024-09-25T01:51:54.632+0000] {sql.py:509} INFO - Running statement: 
    INSERT INTO books (title, authors, price, rating)
    VALUES (%s,%s,%s,%s)
    , parameters: ('Data Modeling with Snowflake: A practical guide to accelerating Snowflake development using universal data modeling techniques', 'Serge Gershkovich', '36.', '4.8 out of 5 stars')
[2024-09-25T01:51:54.634+0000] {sql.py:518} INFO - Rows affected: 1
[2024-09-25T01:51:54.644+0000] {base.py:84} INFO - Retrieving connection 'books_connection'
[2024-09-25T01:51:54.649+0000] {sql.py:509} INFO - Running statement: 
    INSERT INTO books (title, authors, price, rating)
    VALUES (%s,%s,%s,%s)
    , parameters: ('Data Engineering with Databricks', 'Paperback', '25.', '3.4 out of 5 stars')
[2024-09-25T01:51:54.651+0000] {sql.py:518} INFO - Rows affected: 1
[2024-09-25T01:51:54.661+0000] {base.py:84} INFO - Retrieving connection 'books_connection'
[2024-09-25T01:51:54.665+0000] {sql.py:509} INFO - Running statement: 
    INSERT INTO books (title, authors, price, rating)
    VALUES (%s,%s,%s,%s)
    , parameters: ('The Enterprise Data Catalog: Improve Data Discovery, Ensure Data Governance, and Enable Innovation', 'Ole Olesen-Bagneux', '31.', '4.5 out of 5 stars')
[2024-09-25T01:51:54.668+0000] {sql.py:518} INFO - Rows affected: 1
[2024-09-25T01:51:54.678+0000] {base.py:84} INFO - Retrieving connection 'books_connection'
[2024-09-25T01:51:54.682+0000] {sql.py:509} INFO - Running statement: 
    INSERT INTO books (title, authors, price, rating)
    VALUES (%s,%s,%s,%s)
    , parameters: ('Ultimate Azure Data Engineering: Build Robust Data Engineering Systems on Azure with SQL, ETL, Data Modeling, and Power BI for Business Insights and Crack Azure Certifications (English Edition)', 'Ashish Agarwal', '39.', '5.0 out of 5 stars')
[2024-09-25T01:51:54.685+0000] {sql.py:518} INFO - Rows affected: 1
[2024-09-25T01:51:54.695+0000] {base.py:84} INFO - Retrieving connection 'books_connection'
[2024-09-25T01:51:54.699+0000] {sql.py:509} INFO - Running statement: 
    INSERT INTO books (title, authors, price, rating)
    VALUES (%s,%s,%s,%s)
    , parameters: ('Better Data Visualizations: A Guide for Scholars, Researchers, and Wonks', 'Jonathan Schwabish', '26.', '4.5 out of 5 stars')
[2024-09-25T01:51:54.701+0000] {sql.py:518} INFO - Rows affected: 1
[2024-09-25T01:51:54.711+0000] {base.py:84} INFO - Retrieving connection 'books_connection'
[2024-09-25T01:51:54.715+0000] {sql.py:509} INFO - Running statement: 
    INSERT INTO books (title, authors, price, rating)
    VALUES (%s,%s,%s,%s)
    , parameters: ('Prompt Engineering for Generative AI: Future-Proof Inputs for Reliable AI Outputs', 'James Phoenix', '53.', '4.5 out of 5 stars')
[2024-09-25T01:51:54.718+0000] {sql.py:518} INFO - Rows affected: 1
[2024-09-25T01:51:54.727+0000] {base.py:84} INFO - Retrieving connection 'books_connection'
[2024-09-25T01:51:54.732+0000] {sql.py:509} INFO - Running statement: 
    INSERT INTO books (title, authors, price, rating)
    VALUES (%s,%s,%s,%s)
    , parameters: ("SQL QuickStart Guide: The Simplified Beginner's Guide to Managing, Analyzing, and Manipulating Data With SQL (Coding & Programming - QuickStart Guides)", 'Paperback', '23.', '4.6 out of 5 stars')
[2024-09-25T01:51:54.735+0000] {sql.py:518} INFO - Rows affected: 1
[2024-09-25T01:51:54.738+0000] {python.py:240} INFO - Done. Returned value was: None
[2024-09-25T01:51:54.751+0000] {taskinstance.py:340} INFO - ::group::Post task execution logs
[2024-09-25T01:51:54.752+0000] {taskinstance.py:352} INFO - Marking task as SUCCESS. dag_id=fetch_and_store_amazon_books, task_id=insert_book_data, run_id=scheduled__2024-07-01T00:00:00+00:00, execution_date=20240701T000000, start_date=20240925T015153, end_date=20240925T015154
[2024-09-25T01:51:54.766+0000] {logging_mixin.py:190} INFO - Task instance in success state
[2024-09-25T01:51:54.767+0000] {logging_mixin.py:190} INFO -  Previous state of the Task instance: running
[2024-09-25T01:51:54.768+0000] {logging_mixin.py:190} INFO - Dag name:fetch_and_store_amazon_books queued_at:2024-09-25 01:51:51.175559+00:00
[2024-09-25T01:51:54.769+0000] {logging_mixin.py:190} INFO - Task hostname:12236234e313 operator:PythonOperator
[2024-09-25T01:51:54.788+0000] {local_task_job_runner.py:266} INFO - Task exited with return code 0
[2024-09-25T01:51:54.808+0000] {taskinstance.py:3900} INFO - 0 downstream tasks scheduled from follow-on schedule check
[2024-09-25T01:51:54.811+0000] {local_task_job_runner.py:245} INFO - ::endgroup::
