[2024-09-25T01:52:01.386+0000] {local_task_job_runner.py:123} INFO - ::group::Pre task execution logs
[2024-09-25T01:52:01.409+0000] {taskinstance.py:2612} INFO - Dependencies all met for dep_context=non-requeueable deps ti=<TaskInstance: fetch_and_store_amazon_books.insert_book_data scheduled__2024-07-03T00:00:00+00:00 [queued]>
[2024-09-25T01:52:01.420+0000] {taskinstance.py:2612} INFO - Dependencies all met for dep_context=requeueable deps ti=<TaskInstance: fetch_and_store_amazon_books.insert_book_data scheduled__2024-07-03T00:00:00+00:00 [queued]>
[2024-09-25T01:52:01.422+0000] {taskinstance.py:2865} INFO - Starting attempt 3 of 4
[2024-09-25T01:52:01.441+0000] {taskinstance.py:2888} INFO - Executing <Task(PythonOperator): insert_book_data> on 2024-07-03 00:00:00+00:00
[2024-09-25T01:52:01.452+0000] {warnings.py:112} WARNING - /home/***/.local/lib/python3.12/site-packages/***/task/task_runner/standard_task_runner.py:70: DeprecationWarning: This process (pid=3659) is multi-threaded, use of fork() may lead to deadlocks in the child.
  pid = os.fork()

[2024-09-25T01:52:01.454+0000] {standard_task_runner.py:72} INFO - Started process 3668 to run task
[2024-09-25T01:52:01.455+0000] {standard_task_runner.py:104} INFO - Running: ['***', 'tasks', 'run', 'fetch_and_store_amazon_books', 'insert_book_data', 'scheduled__2024-07-03T00:00:00+00:00', '--job-id', '129', '--raw', '--subdir', 'DAGS_FOLDER/dag.py', '--cfg-path', '/tmp/tmpbm5jp1he']
[2024-09-25T01:52:01.457+0000] {standard_task_runner.py:105} INFO - Job 129: Subtask insert_book_data
[2024-09-25T01:52:01.517+0000] {task_command.py:467} INFO - Running <TaskInstance: fetch_and_store_amazon_books.insert_book_data scheduled__2024-07-03T00:00:00+00:00 [running]> on host 12236234e313
[2024-09-25T01:52:01.625+0000] {taskinstance.py:3131} INFO - Exporting env vars: AIRFLOW_CTX_DAG_OWNER='***' AIRFLOW_CTX_DAG_ID='fetch_and_store_amazon_books' AIRFLOW_CTX_TASK_ID='insert_book_data' AIRFLOW_CTX_EXECUTION_DATE='2024-07-03T00:00:00+00:00' AIRFLOW_CTX_TRY_NUMBER='3' AIRFLOW_CTX_DAG_RUN_ID='scheduled__2024-07-03T00:00:00+00:00'
[2024-09-25T01:52:01.627+0000] {logging_mixin.py:190} INFO - Task instance is in running state
[2024-09-25T01:52:01.628+0000] {logging_mixin.py:190} INFO -  Previous state of the Task instance: queued
[2024-09-25T01:52:01.629+0000] {logging_mixin.py:190} INFO - Current task name:insert_book_data state:running start_date:2024-09-25 01:52:01.410907+00:00
[2024-09-25T01:52:01.630+0000] {logging_mixin.py:190} INFO - Dag name:fetch_and_store_amazon_books and current dag run status:running
[2024-09-25T01:52:01.631+0000] {taskinstance.py:731} INFO - ::endgroup::
[2024-09-25T01:52:01.657+0000] {base.py:84} INFO - Retrieving connection 'books_connection'
[2024-09-25T01:52:01.662+0000] {sql.py:509} INFO - Running statement: 
    INSERT INTO books (title, authors, price, rating)
    VALUES (%s,%s,%s,%s)
    , parameters: ('Data Engineering with AWS - Second Edition: Acquire the skills to design and build AWS-based data transformation pipelines like a pro', 'Gareth Eagar', '41.', '4.4 out of 5 stars')
[2024-09-25T01:52:01.665+0000] {sql.py:518} INFO - Rows affected: 1
[2024-09-25T01:52:01.677+0000] {base.py:84} INFO - Retrieving connection 'books_connection'
[2024-09-25T01:52:01.681+0000] {sql.py:509} INFO - Running statement: 
    INSERT INTO books (title, authors, price, rating)
    VALUES (%s,%s,%s,%s)
    , parameters: ('Data Engineering 101', 'Hardcover', '30.', '4.6 out of 5 stars')
[2024-09-25T01:52:01.684+0000] {sql.py:518} INFO - Rows affected: 1
[2024-09-25T01:52:01.695+0000] {base.py:84} INFO - Retrieving connection 'books_connection'
[2024-09-25T01:52:01.701+0000] {sql.py:509} INFO - Running statement: 
    INSERT INTO books (title, authors, price, rating)
    VALUES (%s,%s,%s,%s)
    , parameters: ('Azure Data Engineer Associate Certification Guide: Ace the DP-203 exam with advanced data engineering skills', 'Giacinto Palmieri', '32.', '4.4 out of 5 stars')
[2024-09-25T01:52:01.707+0000] {sql.py:518} INFO - Rows affected: 1
[2024-09-25T01:52:01.722+0000] {base.py:84} INFO - Retrieving connection 'books_connection'
[2024-09-25T01:52:01.729+0000] {sql.py:509} INFO - Running statement: 
    INSERT INTO books (title, authors, price, rating)
    VALUES (%s,%s,%s,%s)
    , parameters: ('Data Engineering with dbt: A practical guide to building a cloud-based, pragmatic, and dependable data platform with SQL', 'Roberto Zagni', '37.', '4.6 out of 5 stars')
[2024-09-25T01:52:01.732+0000] {sql.py:518} INFO - Rows affected: 1
[2024-09-25T01:52:01.746+0000] {base.py:84} INFO - Retrieving connection 'books_connection'
[2024-09-25T01:52:01.752+0000] {sql.py:509} INFO - Running statement: 
    INSERT INTO books (title, authors, price, rating)
    VALUES (%s,%s,%s,%s)
    , parameters: ('Fundamentals of Data Engineering: Plan and Build Robust Data Systems', 'Joe Reis', '42.', '4.7 out of 5 stars')
[2024-09-25T01:52:01.755+0000] {sql.py:518} INFO - Rows affected: 1
[2024-09-25T01:52:01.766+0000] {base.py:84} INFO - Retrieving connection 'books_connection'
[2024-09-25T01:52:01.772+0000] {sql.py:509} INFO - Running statement: 
    INSERT INTO books (title, authors, price, rating)
    VALUES (%s,%s,%s,%s)
    , parameters: ('Designing Data-Intensive Applications: The Big Ideas Behind Reliable, Scalable, and Maintainable Systems', 'Martin Kleppmann', '46.', '4.8 out of 5 stars')
[2024-09-25T01:52:01.775+0000] {sql.py:518} INFO - Rows affected: 1
[2024-09-25T01:52:01.787+0000] {base.py:84} INFO - Retrieving connection 'books_connection'
[2024-09-25T01:52:01.793+0000] {sql.py:509} INFO - Running statement: 
    INSERT INTO books (title, authors, price, rating)
    VALUES (%s,%s,%s,%s)
    , parameters: ('Data Pipelines Pocket Reference: Moving and Processing Data for Analytics', 'James Densmore', '17.', '4.5 out of 5 stars')
[2024-09-25T01:52:01.796+0000] {sql.py:518} INFO - Rows affected: 1
[2024-09-25T01:52:01.808+0000] {base.py:84} INFO - Retrieving connection 'books_connection'
[2024-09-25T01:52:01.814+0000] {sql.py:509} INFO - Running statement: 
    INSERT INTO books (title, authors, price, rating)
    VALUES (%s,%s,%s,%s)
    , parameters: ('Fundamentals of Data Analytics: Learn Essential Skills, Embrace the Future, and Catapult Your Career in the Data-Driven World—A Comprehensive Guide to Data Literacy for Beginners', 'Russell Dawson', '17.', '4.8 out of 5 stars')
[2024-09-25T01:52:01.816+0000] {sql.py:518} INFO - Rows affected: 1
[2024-09-25T01:52:01.830+0000] {base.py:84} INFO - Retrieving connection 'books_connection'
[2024-09-25T01:52:01.837+0000] {sql.py:509} INFO - Running statement: 
    INSERT INTO books (title, authors, price, rating)
    VALUES (%s,%s,%s,%s)
    , parameters: ("Ultimate Data Engineering with Databricks: Develop Scalable Data Pipelines Using Data Engineering's Core Tenets Such as Delta Tables, Ingestion, ... Security, and Scalability (English Edition)", 'Mayank Malhotra', '37.', '4.1 out of 5 stars')
[2024-09-25T01:52:01.839+0000] {sql.py:518} INFO - Rows affected: 1
[2024-09-25T01:52:01.854+0000] {base.py:84} INFO - Retrieving connection 'books_connection'
[2024-09-25T01:52:01.860+0000] {sql.py:509} INFO - Running statement: 
    INSERT INTO books (title, authors, price, rating)
    VALUES (%s,%s,%s,%s)
    , parameters: ('Data Engineering with Python: Work with massive datasets to design data models and automate data pipelines using Python', 'Paul Crickard', '37.', '4.1 out of 5 stars')
[2024-09-25T01:52:01.864+0000] {sql.py:518} INFO - Rows affected: 1
[2024-09-25T01:52:01.877+0000] {base.py:84} INFO - Retrieving connection 'books_connection'
[2024-09-25T01:52:01.883+0000] {sql.py:509} INFO - Running statement: 
    INSERT INTO books (title, authors, price, rating)
    VALUES (%s,%s,%s,%s)
    , parameters: ('Cracking the Data Engineering Interview: Land your dream job with the help of resume-building tips, over 100 mock questions, and a unique portfolio', 'Kedeisha Bryan', '26.', '4.4 out of 5 stars')
[2024-09-25T01:52:01.886+0000] {sql.py:518} INFO - Rows affected: 1
[2024-09-25T01:52:01.899+0000] {base.py:84} INFO - Retrieving connection 'books_connection'
[2024-09-25T01:52:01.906+0000] {sql.py:509} INFO - Running statement: 
    INSERT INTO books (title, authors, price, rating)
    VALUES (%s,%s,%s,%s)
    , parameters: ('Ace the Data Engineering Interview: Questions and Answers for Python, SQL, Data Modeling and More', 'Sean Coyne', '24.', '3.8 out of 5 stars')
[2024-09-25T01:52:01.908+0000] {sql.py:518} INFO - Rows affected: 1
[2024-09-25T01:52:01.920+0000] {base.py:84} INFO - Retrieving connection 'books_connection'
[2024-09-25T01:52:01.925+0000] {sql.py:509} INFO - Running statement: 
    INSERT INTO books (title, authors, price, rating)
    VALUES (%s,%s,%s,%s)
    , parameters: ('Data Engineering with Databricks Cookbook: Build effective data and AI solutions using Apache Spark, Databricks, and Delta Lake', 'Pulkit Chadha', '33.', '4.3 out of 5 stars')
[2024-09-25T01:52:01.928+0000] {sql.py:518} INFO - Rows affected: 1
[2024-09-25T01:52:01.941+0000] {base.py:84} INFO - Retrieving connection 'books_connection'
[2024-09-25T01:52:01.947+0000] {sql.py:509} INFO - Running statement: 
    INSERT INTO books (title, authors, price, rating)
    VALUES (%s,%s,%s,%s)
    , parameters: ('Ace the Data Science Interview: 201 Real Interview Questions Asked By FAANG, Tech Startups, & Wall Street', 'Nick Singh', '34.', '4.5 out of 5 stars')
[2024-09-25T01:52:01.949+0000] {sql.py:518} INFO - Rows affected: 1
[2024-09-25T01:52:01.964+0000] {base.py:84} INFO - Retrieving connection 'books_connection'
[2024-09-25T01:52:01.971+0000] {sql.py:509} INFO - Running statement: 
    INSERT INTO books (title, authors, price, rating)
    VALUES (%s,%s,%s,%s)
    , parameters: ('Essentials of Data Engineering', 'Dr. Mukesh Saini', '19.', '5.0 out of 5 stars')
[2024-09-25T01:52:01.975+0000] {sql.py:518} INFO - Rows affected: 1
[2024-09-25T01:52:01.988+0000] {base.py:84} INFO - Retrieving connection 'books_connection'
[2024-09-25T01:52:01.994+0000] {sql.py:509} INFO - Running statement: 
    INSERT INTO books (title, authors, price, rating)
    VALUES (%s,%s,%s,%s)
    , parameters: ('Data Privacy: A runbook for engineers', 'Nishant Bhajaria', '35.', '4.8 out of 5 stars')
[2024-09-25T01:52:01.998+0000] {sql.py:518} INFO - Rows affected: 1
[2024-09-25T01:52:02.012+0000] {base.py:84} INFO - Retrieving connection 'books_connection'
[2024-09-25T01:52:02.019+0000] {sql.py:509} INFO - Running statement: 
    INSERT INTO books (title, authors, price, rating)
    VALUES (%s,%s,%s,%s)
    , parameters: ('Data Engineering with Python cookbook: Learn to build efficient data pipelines using the Modern Cloud Data Stack', 'Adithyan Ramanujakootam', '32.', '5.0 out of 5 stars')
[2024-09-25T01:52:02.022+0000] {sql.py:518} INFO - Rows affected: 1
[2024-09-25T01:52:02.037+0000] {base.py:84} INFO - Retrieving connection 'books_connection'
[2024-09-25T01:52:02.044+0000] {sql.py:509} INFO - Running statement: 
    INSERT INTO books (title, authors, price, rating)
    VALUES (%s,%s,%s,%s)
    , parameters: ('Data Engineering with AWS: Learn how to design and build cloud-based data transformation pipelines using AWS', 'Gareth Eagar', '49.', '4.4 out of 5 stars')
[2024-09-25T01:52:02.046+0000] {sql.py:518} INFO - Rows affected: 1
[2024-09-25T01:52:02.061+0000] {base.py:84} INFO - Retrieving connection 'books_connection'
[2024-09-25T01:52:02.067+0000] {sql.py:509} INFO - Running statement: 
    INSERT INTO books (title, authors, price, rating)
    VALUES (%s,%s,%s,%s)
    , parameters: ('97 Things Every Data Engineer Should Know: Collective Wisdom from the Experts', 'Tobias Macey', '28.', '4.1 out of 5 stars')
[2024-09-25T01:52:02.069+0000] {sql.py:518} INFO - Rows affected: 1
[2024-09-25T01:52:02.081+0000] {base.py:84} INFO - Retrieving connection 'books_connection'
[2024-09-25T01:52:02.087+0000] {sql.py:509} INFO - Running statement: 
    INSERT INTO books (title, authors, price, rating)
    VALUES (%s,%s,%s,%s)
    , parameters: ('Software Engineering for Data Scientists: From Notebooks to Scalable Systems', 'Catherine Nelson', '51.', '4.4 out of 5 stars')
[2024-09-25T01:52:02.090+0000] {sql.py:518} INFO - Rows affected: 1
[2024-09-25T01:52:02.101+0000] {base.py:84} INFO - Retrieving connection 'books_connection'
[2024-09-25T01:52:02.107+0000] {sql.py:509} INFO - Running statement: 
    INSERT INTO books (title, authors, price, rating)
    VALUES (%s,%s,%s,%s)
    , parameters: ('Data Engineering Fundamentals for Beginners: Mastering the Art of Building, Managing, and Scaling Data Systems', 'Paperback', '14.', '5.0 out of 5 stars')
[2024-09-25T01:52:02.109+0000] {sql.py:518} INFO - Rows affected: 1
[2024-09-25T01:52:02.120+0000] {base.py:84} INFO - Retrieving connection 'books_connection'
[2024-09-25T01:52:02.125+0000] {sql.py:509} INFO - Running statement: 
    INSERT INTO books (title, authors, price, rating)
    VALUES (%s,%s,%s,%s)
    , parameters: ("Azure Data Factory Cookbook: A data engineer's guide to building and managing ETL and ELT pipelines with data integration", 'Dmitry Foshin', '51.', '4.2 out of 5 stars')
[2024-09-25T01:52:02.128+0000] {sql.py:518} INFO - Rows affected: 1
[2024-09-25T01:52:02.140+0000] {base.py:84} INFO - Retrieving connection 'books_connection'
[2024-09-25T01:52:02.145+0000] {sql.py:509} INFO - Running statement: 
    INSERT INTO books (title, authors, price, rating)
    VALUES (%s,%s,%s,%s)
    , parameters: ("Engineering Data Mesh in Azure Cloud: Implement data mesh using Microsoft Azure's Cloud Adoption Framework", 'Paperback', '47.', '4.5 out of 5 stars')
[2024-09-25T01:52:02.147+0000] {sql.py:518} INFO - Rows affected: 1
[2024-09-25T01:52:02.159+0000] {base.py:84} INFO - Retrieving connection 'books_connection'
[2024-09-25T01:52:02.164+0000] {sql.py:509} INFO - Running statement: 
    INSERT INTO books (title, authors, price, rating)
    VALUES (%s,%s,%s,%s)
    , parameters: ('DATA ENGINEERING AND AI FOR BEGINNERS: Revolutionizing Data Processing and Analytics by Leveraging Artificial Intelligence for Efficient Input Collection, Storage, and Transformation (World of AI)', 'Paperback', '13.', '4.3 out of 5 stars')
[2024-09-25T01:52:02.167+0000] {sql.py:518} INFO - Rows affected: 1
[2024-09-25T01:52:02.179+0000] {base.py:84} INFO - Retrieving connection 'books_connection'
[2024-09-25T01:52:02.184+0000] {sql.py:509} INFO - Running statement: 
    INSERT INTO books (title, authors, price, rating)
    VALUES (%s,%s,%s,%s)
    , parameters: ('Data-Driven Science and Engineering: Machine Learning, Dynamical Systems, and Control', 'Steven L. Brunton', '64.', '4.8 out of 5 stars')
[2024-09-25T01:52:02.187+0000] {sql.py:518} INFO - Rows affected: 1
[2024-09-25T01:52:02.198+0000] {base.py:84} INFO - Retrieving connection 'books_connection'
[2024-09-25T01:52:02.204+0000] {sql.py:509} INFO - Running statement: 
    INSERT INTO books (title, authors, price, rating)
    VALUES (%s,%s,%s,%s)
    , parameters: ("Data Quality Fundamentals: A Practitioner's Guide to Building Trustworthy Data Pipelines", 'Paperback', '45.', '4.1 out of 5 stars')
[2024-09-25T01:52:02.207+0000] {sql.py:518} INFO - Rows affected: 1
[2024-09-25T01:52:02.219+0000] {base.py:84} INFO - Retrieving connection 'books_connection'
[2024-09-25T01:52:02.225+0000] {sql.py:509} INFO - Running statement: 
    INSERT INTO books (title, authors, price, rating)
    VALUES (%s,%s,%s,%s)
    , parameters: ('Python Data Engineering Resources: Boost Your Career With This Python Handbook; Prepare For Python Interview; Python Programming Cookbook For Beginners and Experienced; Python Data Analysis and More', 'Vajo Lukic', '0.', '4.7 out of 5 stars')
[2024-09-25T01:52:02.227+0000] {sql.py:518} INFO - Rows affected: 1
[2024-09-25T01:52:02.239+0000] {base.py:84} INFO - Retrieving connection 'books_connection'
[2024-09-25T01:52:02.244+0000] {sql.py:509} INFO - Running statement: 
    INSERT INTO books (title, authors, price, rating)
    VALUES (%s,%s,%s,%s)
    , parameters: ('Mastering Large Datasets with Python: Parallelize and Distribute Your Python Code', 'John T. Wolohan', '49.', '3.9 out of 5 stars')
[2024-09-25T01:52:02.247+0000] {sql.py:518} INFO - Rows affected: 1
[2024-09-25T01:52:02.260+0000] {base.py:84} INFO - Retrieving connection 'books_connection'
[2024-09-25T01:52:02.265+0000] {sql.py:509} INFO - Running statement: 
    INSERT INTO books (title, authors, price, rating)
    VALUES (%s,%s,%s,%s)
    , parameters: ('Data Engineering with Scala and Spark: A practical guide helping you build streaming and batch pipelines that process massive amounts of data using Scala', 'Eric Tome', '36.', '4.1 out of 5 stars')
[2024-09-25T01:52:02.267+0000] {sql.py:518} INFO - Rows affected: 1
[2024-09-25T01:52:02.281+0000] {base.py:84} INFO - Retrieving connection 'books_connection'
[2024-09-25T01:52:02.288+0000] {sql.py:509} INFO - Running statement: 
    INSERT INTO books (title, authors, price, rating)
    VALUES (%s,%s,%s,%s)
    , parameters: ('Data Engineering with Google Cloud Platform: A guide to leveling up as a data engineer by building a scalable data platform with Google Cloud', 'Adi Wijaya', '41.', '5.0 out of 5 stars')
[2024-09-25T01:52:02.290+0000] {sql.py:518} INFO - Rows affected: 1
[2024-09-25T01:52:02.304+0000] {base.py:84} INFO - Retrieving connection 'books_connection'
[2024-09-25T01:52:02.310+0000] {sql.py:509} INFO - Running statement: 
    INSERT INTO books (title, authors, price, rating)
    VALUES (%s,%s,%s,%s)
    , parameters: ('Analytics Engineering with SQL and dbt: Building Meaningful Data Models at Scale', 'Rui Pedro Machado', '41.', '3.9 out of 5 stars')
[2024-09-25T01:52:02.313+0000] {sql.py:518} INFO - Rows affected: 1
[2024-09-25T01:52:02.326+0000] {base.py:84} INFO - Retrieving connection 'books_connection'
[2024-09-25T01:52:02.332+0000] {sql.py:509} INFO - Running statement: 
    INSERT INTO books (title, authors, price, rating)
    VALUES (%s,%s,%s,%s)
    , parameters: ('Storytelling with Data: A Data Visualization Guide for Business Professionals', 'Cole Nussbaumer Knaflic', '27.', '4.6 out of 5 stars')
[2024-09-25T01:52:02.335+0000] {sql.py:518} INFO - Rows affected: 1
[2024-09-25T01:52:02.349+0000] {base.py:84} INFO - Retrieving connection 'books_connection'
[2024-09-25T01:52:02.355+0000] {sql.py:509} INFO - Running statement: 
    INSERT INTO books (title, authors, price, rating)
    VALUES (%s,%s,%s,%s)
    , parameters: ('Data Engineering with Apache Spark, Delta Lake, and Lakehouse: Create scalable pipelines that ingest, curate, and aggregate complex data in a timely and secure way', 'Manoj Kukreja', '46.', '3.9 out of 5 stars')
[2024-09-25T01:52:02.359+0000] {sql.py:518} INFO - Rows affected: 1
[2024-09-25T01:52:02.373+0000] {base.py:84} INFO - Retrieving connection 'books_connection'
[2024-09-25T01:52:02.380+0000] {sql.py:509} INFO - Running statement: 
    INSERT INTO books (title, authors, price, rating)
    VALUES (%s,%s,%s,%s)
    , parameters: ('Data Engineering with Google Cloud Platform: A practical guide to operationalizing scalable data analytics systems on GCP', 'Adi Wijaya', '39.', '4.7 out of 5 stars')
[2024-09-25T01:52:02.382+0000] {sql.py:518} INFO - Rows affected: 1
[2024-09-25T01:52:02.395+0000] {base.py:84} INFO - Retrieving connection 'books_connection'
[2024-09-25T01:52:02.401+0000] {sql.py:509} INFO - Running statement: 
    INSERT INTO books (title, authors, price, rating)
    VALUES (%s,%s,%s,%s)
    , parameters: ('Official Google Cloud Certified Professional Data Engineer Study Guide', 'Dan Sullivan', '33.', '4.5 out of 5 stars')
[2024-09-25T01:52:02.405+0000] {sql.py:518} INFO - Rows affected: 1
[2024-09-25T01:52:02.420+0000] {base.py:84} INFO - Retrieving connection 'books_connection'
[2024-09-25T01:52:02.426+0000] {sql.py:509} INFO - Running statement: 
    INSERT INTO books (title, authors, price, rating)
    VALUES (%s,%s,%s,%s)
    , parameters: ('Mastering the Data Paradox: Key to Winning in the AI Age', 'Nitin Seth', '17.', '4.8 out of 5 stars')
[2024-09-25T01:52:02.429+0000] {sql.py:518} INFO - Rows affected: 1
[2024-09-25T01:52:02.445+0000] {base.py:84} INFO - Retrieving connection 'books_connection'
[2024-09-25T01:52:02.452+0000] {sql.py:509} INFO - Running statement: 
    INSERT INTO books (title, authors, price, rating)
    VALUES (%s,%s,%s,%s)
    , parameters: ('Python Programming and SQL: 5 books in 1 - The #1 Coding Course from Beginner to Advanced. Learn it Well & Fast (2024) (Computer Programming)', 'Paperback', '29.', '4.3 out of 5 stars')
[2024-09-25T01:52:02.455+0000] {sql.py:518} INFO - Rows affected: 1
[2024-09-25T01:52:02.468+0000] {base.py:84} INFO - Retrieving connection 'books_connection'
[2024-09-25T01:52:02.474+0000] {sql.py:509} INFO - Running statement: 
    INSERT INTO books (title, authors, price, rating)
    VALUES (%s,%s,%s,%s)
    , parameters: ('Modern Data Engineering with Apache Spark: A Hands-On Guide for Building Mission-Critical Streaming Applications', 'Scott Haines', '30.', '4.1 out of 5 stars')
[2024-09-25T01:52:02.476+0000] {sql.py:518} INFO - Rows affected: 1
[2024-09-25T01:52:02.490+0000] {base.py:84} INFO - Retrieving connection 'books_connection'
[2024-09-25T01:52:02.496+0000] {sql.py:509} INFO - Running statement: 
    INSERT INTO books (title, authors, price, rating)
    VALUES (%s,%s,%s,%s)
    , parameters: ('Data Mesh: Delivering Data-Driven Value at Scale', 'Audible Audiobook', '0.', '4.5 out of 5 stars')
[2024-09-25T01:52:02.498+0000] {sql.py:518} INFO - Rows affected: 1
[2024-09-25T01:52:02.511+0000] {base.py:84} INFO - Retrieving connection 'books_connection'
[2024-09-25T01:52:02.516+0000] {sql.py:509} INFO - Running statement: 
    INSERT INTO books (title, authors, price, rating)
    VALUES (%s,%s,%s,%s)
    , parameters: ('Database Internals: A Deep Dive into How Distributed Data Systems Work', 'Alex Petrov', '36.', '4.6 out of 5 stars')
[2024-09-25T01:52:02.520+0000] {sql.py:518} INFO - Rows affected: 1
[2024-09-25T01:52:02.531+0000] {base.py:84} INFO - Retrieving connection 'books_connection'
[2024-09-25T01:52:02.537+0000] {sql.py:509} INFO - Running statement: 
    INSERT INTO books (title, authors, price, rating)
    VALUES (%s,%s,%s,%s)
    , parameters: ('Data Modeling with Snowflake: A practical guide to accelerating Snowflake development using universal data modeling techniques', 'Serge Gershkovich', '36.', '4.8 out of 5 stars')
[2024-09-25T01:52:02.540+0000] {sql.py:518} INFO - Rows affected: 1
[2024-09-25T01:52:02.553+0000] {base.py:84} INFO - Retrieving connection 'books_connection'
[2024-09-25T01:52:02.559+0000] {sql.py:509} INFO - Running statement: 
    INSERT INTO books (title, authors, price, rating)
    VALUES (%s,%s,%s,%s)
    , parameters: ('Better Data Visualizations: A Guide for Scholars, Researchers, and Wonks', 'Jonathan Schwabish', '26.', '4.5 out of 5 stars')
[2024-09-25T01:52:02.562+0000] {sql.py:518} INFO - Rows affected: 1
[2024-09-25T01:52:02.573+0000] {base.py:84} INFO - Retrieving connection 'books_connection'
[2024-09-25T01:52:02.579+0000] {sql.py:509} INFO - Running statement: 
    INSERT INTO books (title, authors, price, rating)
    VALUES (%s,%s,%s,%s)
    , parameters: ('Machine Learning Engineering', 'Andriy Burkov', '39.', '4.7 out of 5 stars')
[2024-09-25T01:52:02.581+0000] {sql.py:518} INFO - Rows affected: 1
[2024-09-25T01:52:02.595+0000] {base.py:84} INFO - Retrieving connection 'books_connection'
[2024-09-25T01:52:02.601+0000] {sql.py:509} INFO - Running statement: 
    INSERT INTO books (title, authors, price, rating)
    VALUES (%s,%s,%s,%s)
    , parameters: ('Data Engineering with Databricks', 'Paperback', '25.', '3.4 out of 5 stars')
[2024-09-25T01:52:02.604+0000] {sql.py:518} INFO - Rows affected: 1
[2024-09-25T01:52:02.616+0000] {base.py:84} INFO - Retrieving connection 'books_connection'
[2024-09-25T01:52:02.623+0000] {sql.py:509} INFO - Running statement: 
    INSERT INTO books (title, authors, price, rating)
    VALUES (%s,%s,%s,%s)
    , parameters: ("Engineers' Data Book", 'Clifford Matthews', '26.', '4.6 out of 5 stars')
[2024-09-25T01:52:02.625+0000] {sql.py:518} INFO - Rows affected: 1
[2024-09-25T01:52:02.638+0000] {base.py:84} INFO - Retrieving connection 'books_connection'
[2024-09-25T01:52:02.644+0000] {sql.py:509} INFO - Running statement: 
    INSERT INTO books (title, authors, price, rating)
    VALUES (%s,%s,%s,%s)
    , parameters: ('Prompt Engineering for Generative AI: Future-Proof Inputs for Reliable AI Outputs', 'James Phoenix', '53.', '4.5 out of 5 stars')
[2024-09-25T01:52:02.647+0000] {sql.py:518} INFO - Rows affected: 1
[2024-09-25T01:52:02.661+0000] {base.py:84} INFO - Retrieving connection 'books_connection'
[2024-09-25T01:52:02.666+0000] {sql.py:509} INFO - Running statement: 
    INSERT INTO books (title, authors, price, rating)
    VALUES (%s,%s,%s,%s)
    , parameters: ('Designing Machine Learning Systems: An Iterative Process for Production-Ready Applications', 'Chip Huyen', '52.', '4.6 out of 5 stars')
[2024-09-25T01:52:02.669+0000] {sql.py:518} INFO - Rows affected: 1
[2024-09-25T01:52:02.680+0000] {base.py:84} INFO - Retrieving connection 'books_connection'
[2024-09-25T01:52:02.686+0000] {sql.py:509} INFO - Running statement: 
    INSERT INTO books (title, authors, price, rating)
    VALUES (%s,%s,%s,%s)
    , parameters: ("SQL QuickStart Guide: The Simplified Beginner's Guide to Managing, Analyzing, and Manipulating Data With SQL (Coding & Programming - QuickStart Guides)", 'Paperback', '23.', '4.6 out of 5 stars')
[2024-09-25T01:52:02.689+0000] {sql.py:518} INFO - Rows affected: 1
[2024-09-25T01:52:02.702+0000] {base.py:84} INFO - Retrieving connection 'books_connection'
[2024-09-25T01:52:02.707+0000] {sql.py:509} INFO - Running statement: 
    INSERT INTO books (title, authors, price, rating)
    VALUES (%s,%s,%s,%s)
    , parameters: ('Ultimate Azure Data Engineering: Build Robust Data Engineering Systems on Azure with SQL, ETL, Data Modeling, and Power BI for Business Insights and Crack Azure Certifications (English Edition)', 'Ashish Agarwal', '39.', '5.0 out of 5 stars')
[2024-09-25T01:52:02.709+0000] {sql.py:518} INFO - Rows affected: 1
[2024-09-25T01:52:02.722+0000] {base.py:84} INFO - Retrieving connection 'books_connection'
[2024-09-25T01:52:02.727+0000] {sql.py:509} INFO - Running statement: 
    INSERT INTO books (title, authors, price, rating)
    VALUES (%s,%s,%s,%s)
    , parameters: ('Building ETL Pipelines with Python: Create and deploy enterprise-ready ETL pipelines by employing modern methods', 'Brij Kishore Pandey', '34.', '4.2 out of 5 stars')
[2024-09-25T01:52:02.729+0000] {sql.py:518} INFO - Rows affected: 1
[2024-09-25T01:52:02.732+0000] {python.py:240} INFO - Done. Returned value was: None
[2024-09-25T01:52:02.746+0000] {taskinstance.py:340} INFO - ::group::Post task execution logs
[2024-09-25T01:52:02.747+0000] {taskinstance.py:352} INFO - Marking task as SUCCESS. dag_id=fetch_and_store_amazon_books, task_id=insert_book_data, run_id=scheduled__2024-07-03T00:00:00+00:00, execution_date=20240703T000000, start_date=20240925T015201, end_date=20240925T015202
[2024-09-25T01:52:02.762+0000] {logging_mixin.py:190} INFO - Task instance in success state
[2024-09-25T01:52:02.763+0000] {logging_mixin.py:190} INFO -  Previous state of the Task instance: running
[2024-09-25T01:52:02.764+0000] {logging_mixin.py:190} INFO - Dag name:fetch_and_store_amazon_books queued_at:2024-09-25 01:51:58.795168+00:00
[2024-09-25T01:52:02.765+0000] {logging_mixin.py:190} INFO - Task hostname:12236234e313 operator:PythonOperator
[2024-09-25T01:52:02.799+0000] {local_task_job_runner.py:266} INFO - Task exited with return code 0
[2024-09-25T01:52:02.826+0000] {taskinstance.py:3900} INFO - 0 downstream tasks scheduled from follow-on schedule check
[2024-09-25T01:52:02.830+0000] {local_task_job_runner.py:245} INFO - ::endgroup::
