[2024-09-25T01:37:53.681+0000] {local_task_job_runner.py:123} INFO - ::group::Pre task execution logs
[2024-09-25T01:37:53.698+0000] {taskinstance.py:2612} INFO - Dependencies all met for dep_context=non-requeueable deps ti=<TaskInstance: fetch_and_store_amazon_books.create_table manual__2024-09-25T01:29:51.716070+00:00 [queued]>
[2024-09-25T01:37:53.706+0000] {taskinstance.py:2612} INFO - Dependencies all met for dep_context=requeueable deps ti=<TaskInstance: fetch_and_store_amazon_books.create_table manual__2024-09-25T01:29:51.716070+00:00 [queued]>
[2024-09-25T01:37:53.708+0000] {taskinstance.py:2865} INFO - Starting attempt 1 of 2
[2024-09-25T01:37:53.721+0000] {taskinstance.py:2888} INFO - Executing <Task(PostgresOperator): create_table> on 2024-09-25 01:29:51.716070+00:00
[2024-09-25T01:37:53.729+0000] {warnings.py:112} WARNING - /home/***/.local/lib/python3.12/site-packages/***/task/task_runner/standard_task_runner.py:70: DeprecationWarning: This process (pid=3286) is multi-threaded, use of fork() may lead to deadlocks in the child.
  pid = os.fork()

[2024-09-25T01:37:53.731+0000] {standard_task_runner.py:72} INFO - Started process 3290 to run task
[2024-09-25T01:37:53.731+0000] {standard_task_runner.py:104} INFO - Running: ['***', 'tasks', 'run', 'fetch_and_store_amazon_books', 'create_table', 'manual__2024-09-25T01:29:51.716070+00:00', '--job-id', '82', '--raw', '--subdir', 'DAGS_FOLDER/dag.py', '--cfg-path', '/tmp/tmpi_lppqo1']
[2024-09-25T01:37:53.733+0000] {standard_task_runner.py:105} INFO - Job 82: Subtask create_table
[2024-09-25T01:37:53.791+0000] {task_command.py:467} INFO - Running <TaskInstance: fetch_and_store_amazon_books.create_table manual__2024-09-25T01:29:51.716070+00:00 [running]> on host 12236234e313
[2024-09-25T01:37:53.901+0000] {taskinstance.py:3131} INFO - Exporting env vars: AIRFLOW_CTX_DAG_OWNER='***' AIRFLOW_CTX_DAG_ID='fetch_and_store_amazon_books' AIRFLOW_CTX_TASK_ID='create_table' AIRFLOW_CTX_EXECUTION_DATE='2024-09-25T01:29:51.716070+00:00' AIRFLOW_CTX_TRY_NUMBER='1' AIRFLOW_CTX_DAG_RUN_ID='manual__2024-09-25T01:29:51.716070+00:00'
[2024-09-25T01:37:53.904+0000] {logging_mixin.py:190} INFO - Task instance is in running state
[2024-09-25T01:37:53.905+0000] {logging_mixin.py:190} INFO -  Previous state of the Task instance: queued
[2024-09-25T01:37:53.906+0000] {logging_mixin.py:190} INFO - Current task name:create_table state:running start_date:2024-09-25 01:37:53.699376+00:00
[2024-09-25T01:37:53.907+0000] {logging_mixin.py:190} INFO - Dag name:fetch_and_store_amazon_books and current dag run status:running
[2024-09-25T01:37:53.908+0000] {taskinstance.py:731} INFO - ::endgroup::
[2024-09-25T01:37:53.909+0000] {sql.py:266} INFO - Executing: 
    CREATE TABLE IF NOT EXISTS books (
        id SERIAL PRIMARY KEY,
        title TEXT NOT NULL,
        authors TEXT,
        price TEXT,
        rating TEXT
    );
    
[2024-09-25T01:37:53.924+0000] {base.py:84} INFO - Retrieving connection 'books_connection'
[2024-09-25T01:37:53.937+0000] {base.py:84} INFO - Retrieving connection 'books_connection'
[2024-09-25T01:37:53.942+0000] {sql.py:509} INFO - Running statement: 
    CREATE TABLE IF NOT EXISTS books (
        id SERIAL PRIMARY KEY,
        title TEXT NOT NULL,
        authors TEXT,
        price TEXT,
        rating TEXT
    );
    , parameters: None
[2024-09-25T01:37:53.960+0000] {taskinstance.py:340} INFO - ::group::Post task execution logs
[2024-09-25T01:37:53.961+0000] {taskinstance.py:352} INFO - Marking task as SUCCESS. dag_id=fetch_and_store_amazon_books, task_id=create_table, run_id=manual__2024-09-25T01:29:51.716070+00:00, execution_date=20240925T012951, start_date=20240925T013753, end_date=20240925T013753
[2024-09-25T01:37:53.977+0000] {logging_mixin.py:190} INFO - Task instance in success state
[2024-09-25T01:37:53.978+0000] {logging_mixin.py:190} INFO -  Previous state of the Task instance: running
[2024-09-25T01:37:53.979+0000] {logging_mixin.py:190} INFO - Dag name:fetch_and_store_amazon_books queued_at:2024-09-25 01:30:36.324842+00:00
[2024-09-25T01:37:53.980+0000] {logging_mixin.py:190} INFO - Task hostname:12236234e313 operator:PostgresOperator
[2024-09-25T01:37:54.028+0000] {local_task_job_runner.py:266} INFO - Task exited with return code 0
[2024-09-25T01:37:54.045+0000] {local_task_job_runner.py:245} INFO - ::endgroup::
