[2024-09-25T01:52:16.316+0000] {local_task_job_runner.py:123} INFO - ::group::Pre task execution logs
[2024-09-25T01:52:16.339+0000] {taskinstance.py:2612} INFO - Dependencies all met for dep_context=non-requeueable deps ti=<TaskInstance: fetch_and_store_amazon_books.insert_book_data manual__2024-09-25T01:29:51.716070+00:00 [queued]>
[2024-09-25T01:52:16.351+0000] {taskinstance.py:2612} INFO - Dependencies all met for dep_context=requeueable deps ti=<TaskInstance: fetch_and_store_amazon_books.insert_book_data manual__2024-09-25T01:29:51.716070+00:00 [queued]>
[2024-09-25T01:52:16.353+0000] {taskinstance.py:2865} INFO - Starting attempt 3 of 4
[2024-09-25T01:52:16.372+0000] {taskinstance.py:2888} INFO - Executing <Task(PythonOperator): insert_book_data> on 2024-09-25 01:29:51.716070+00:00
[2024-09-25T01:52:16.382+0000] {warnings.py:112} WARNING - /home/***/.local/lib/python3.12/site-packages/***/task/task_runner/standard_task_runner.py:70: DeprecationWarning: This process (pid=3686) is multi-threaded, use of fork() may lead to deadlocks in the child.
  pid = os.fork()

[2024-09-25T01:52:16.384+0000] {standard_task_runner.py:72} INFO - Started process 3688 to run task
[2024-09-25T01:52:16.385+0000] {standard_task_runner.py:104} INFO - Running: ['***', 'tasks', 'run', 'fetch_and_store_amazon_books', 'insert_book_data', 'manual__2024-09-25T01:29:51.716070+00:00', '--job-id', '134', '--raw', '--subdir', 'DAGS_FOLDER/dag.py', '--cfg-path', '/tmp/tmpcmjazgff']
[2024-09-25T01:52:16.386+0000] {standard_task_runner.py:105} INFO - Job 134: Subtask insert_book_data
[2024-09-25T01:52:16.447+0000] {task_command.py:467} INFO - Running <TaskInstance: fetch_and_store_amazon_books.insert_book_data manual__2024-09-25T01:29:51.716070+00:00 [running]> on host 12236234e313
[2024-09-25T01:52:16.548+0000] {taskinstance.py:3131} INFO - Exporting env vars: AIRFLOW_CTX_DAG_OWNER='***' AIRFLOW_CTX_DAG_ID='fetch_and_store_amazon_books' AIRFLOW_CTX_TASK_ID='insert_book_data' AIRFLOW_CTX_EXECUTION_DATE='2024-09-25T01:29:51.716070+00:00' AIRFLOW_CTX_TRY_NUMBER='3' AIRFLOW_CTX_DAG_RUN_ID='manual__2024-09-25T01:29:51.716070+00:00'
[2024-09-25T01:52:16.550+0000] {logging_mixin.py:190} INFO - Task instance is in running state
[2024-09-25T01:52:16.551+0000] {logging_mixin.py:190} INFO -  Previous state of the Task instance: queued
[2024-09-25T01:52:16.551+0000] {logging_mixin.py:190} INFO - Current task name:insert_book_data state:running start_date:2024-09-25 01:52:16.340848+00:00
[2024-09-25T01:52:16.552+0000] {logging_mixin.py:190} INFO - Dag name:fetch_and_store_amazon_books and current dag run status:running
[2024-09-25T01:52:16.553+0000] {taskinstance.py:731} INFO - ::endgroup::
[2024-09-25T01:52:16.575+0000] {base.py:84} INFO - Retrieving connection 'books_connection'
[2024-09-25T01:52:16.580+0000] {sql.py:509} INFO - Running statement: 
    INSERT INTO books (title, authors, price, rating)
    VALUES (%s,%s,%s,%s)
    , parameters: ('Data Engineering with AWS - Second Edition: Acquire the skills to design and build AWS-based data transformation pipelines like a pro', 'Gareth Eagar', '41.', '4.4 out of 5 stars')
[2024-09-25T01:52:16.583+0000] {sql.py:518} INFO - Rows affected: 1
[2024-09-25T01:52:16.592+0000] {base.py:84} INFO - Retrieving connection 'books_connection'
[2024-09-25T01:52:16.596+0000] {sql.py:509} INFO - Running statement: 
    INSERT INTO books (title, authors, price, rating)
    VALUES (%s,%s,%s,%s)
    , parameters: ('Data Engineering 101', 'Hardcover', '30.', '4.6 out of 5 stars')
[2024-09-25T01:52:16.599+0000] {sql.py:518} INFO - Rows affected: 1
[2024-09-25T01:52:16.608+0000] {base.py:84} INFO - Retrieving connection 'books_connection'
[2024-09-25T01:52:16.612+0000] {sql.py:509} INFO - Running statement: 
    INSERT INTO books (title, authors, price, rating)
    VALUES (%s,%s,%s,%s)
    , parameters: ('Azure Data Engineer Associate Certification Guide: Ace the DP-203 exam with advanced data engineering skills', 'Giacinto Palmieri', '32.', '4.4 out of 5 stars')
[2024-09-25T01:52:16.615+0000] {sql.py:518} INFO - Rows affected: 1
[2024-09-25T01:52:16.623+0000] {base.py:84} INFO - Retrieving connection 'books_connection'
[2024-09-25T01:52:16.628+0000] {sql.py:509} INFO - Running statement: 
    INSERT INTO books (title, authors, price, rating)
    VALUES (%s,%s,%s,%s)
    , parameters: ('Data Engineering with dbt: A practical guide to building a cloud-based, pragmatic, and dependable data platform with SQL', 'Roberto Zagni', '37.', '4.6 out of 5 stars')
[2024-09-25T01:52:16.630+0000] {sql.py:518} INFO - Rows affected: 1
[2024-09-25T01:52:16.639+0000] {base.py:84} INFO - Retrieving connection 'books_connection'
[2024-09-25T01:52:16.643+0000] {sql.py:509} INFO - Running statement: 
    INSERT INTO books (title, authors, price, rating)
    VALUES (%s,%s,%s,%s)
    , parameters: ('Fundamentals of Data Engineering: Plan and Build Robust Data Systems', 'Joe Reis', '42.', '4.7 out of 5 stars')
[2024-09-25T01:52:16.645+0000] {sql.py:518} INFO - Rows affected: 1
[2024-09-25T01:52:16.655+0000] {base.py:84} INFO - Retrieving connection 'books_connection'
[2024-09-25T01:52:16.659+0000] {sql.py:509} INFO - Running statement: 
    INSERT INTO books (title, authors, price, rating)
    VALUES (%s,%s,%s,%s)
    , parameters: ('Designing Data-Intensive Applications: The Big Ideas Behind Reliable, Scalable, and Maintainable Systems', 'Martin Kleppmann', '46.', '4.8 out of 5 stars')
[2024-09-25T01:52:16.661+0000] {sql.py:518} INFO - Rows affected: 1
[2024-09-25T01:52:16.671+0000] {base.py:84} INFO - Retrieving connection 'books_connection'
[2024-09-25T01:52:16.674+0000] {sql.py:509} INFO - Running statement: 
    INSERT INTO books (title, authors, price, rating)
    VALUES (%s,%s,%s,%s)
    , parameters: ('Data Pipelines Pocket Reference: Moving and Processing Data for Analytics', 'James Densmore', '17.', '4.5 out of 5 stars')
[2024-09-25T01:52:16.676+0000] {sql.py:518} INFO - Rows affected: 1
[2024-09-25T01:52:16.686+0000] {base.py:84} INFO - Retrieving connection 'books_connection'
[2024-09-25T01:52:16.690+0000] {sql.py:509} INFO - Running statement: 
    INSERT INTO books (title, authors, price, rating)
    VALUES (%s,%s,%s,%s)
    , parameters: ('Fundamentals of Data Analytics: Learn Essential Skills, Embrace the Future, and Catapult Your Career in the Data-Driven World—A Comprehensive Guide to Data Literacy for Beginners', 'Russell Dawson', '17.', '4.8 out of 5 stars')
[2024-09-25T01:52:16.692+0000] {sql.py:518} INFO - Rows affected: 1
[2024-09-25T01:52:16.702+0000] {base.py:84} INFO - Retrieving connection 'books_connection'
[2024-09-25T01:52:16.706+0000] {sql.py:509} INFO - Running statement: 
    INSERT INTO books (title, authors, price, rating)
    VALUES (%s,%s,%s,%s)
    , parameters: ("Azure Data Factory Cookbook: A data engineer's guide to building and managing ETL and ELT pipelines with data integration", 'Dmitry Foshin', '51.', '4.2 out of 5 stars')
[2024-09-25T01:52:16.708+0000] {sql.py:518} INFO - Rows affected: 1
[2024-09-25T01:52:16.718+0000] {base.py:84} INFO - Retrieving connection 'books_connection'
[2024-09-25T01:52:16.723+0000] {sql.py:509} INFO - Running statement: 
    INSERT INTO books (title, authors, price, rating)
    VALUES (%s,%s,%s,%s)
    , parameters: ('Data Engineering with Python: Work with massive datasets to design data models and automate data pipelines using Python', 'Paul Crickard', '37.', '4.1 out of 5 stars')
[2024-09-25T01:52:16.725+0000] {sql.py:518} INFO - Rows affected: 1
[2024-09-25T01:52:16.734+0000] {base.py:84} INFO - Retrieving connection 'books_connection'
[2024-09-25T01:52:16.739+0000] {sql.py:509} INFO - Running statement: 
    INSERT INTO books (title, authors, price, rating)
    VALUES (%s,%s,%s,%s)
    , parameters: ('Cracking the Data Engineering Interview: Land your dream job with the help of resume-building tips, over 100 mock questions, and a unique portfolio', 'Kedeisha Bryan', '26.', '4.4 out of 5 stars')
[2024-09-25T01:52:16.741+0000] {sql.py:518} INFO - Rows affected: 1
[2024-09-25T01:52:16.751+0000] {base.py:84} INFO - Retrieving connection 'books_connection'
[2024-09-25T01:52:16.755+0000] {sql.py:509} INFO - Running statement: 
    INSERT INTO books (title, authors, price, rating)
    VALUES (%s,%s,%s,%s)
    , parameters: ('Ace the Data Engineering Interview: Questions and Answers for Python, SQL, Data Modeling and More', 'Sean Coyne', '24.', '3.8 out of 5 stars')
[2024-09-25T01:52:16.758+0000] {sql.py:518} INFO - Rows affected: 1
[2024-09-25T01:52:16.767+0000] {base.py:84} INFO - Retrieving connection 'books_connection'
[2024-09-25T01:52:16.771+0000] {sql.py:509} INFO - Running statement: 
    INSERT INTO books (title, authors, price, rating)
    VALUES (%s,%s,%s,%s)
    , parameters: ('Data Engineering with Databricks Cookbook: Build effective data and AI solutions using Apache Spark, Databricks, and Delta Lake', 'Pulkit Chadha', '33.', '4.3 out of 5 stars')
[2024-09-25T01:52:16.773+0000] {sql.py:518} INFO - Rows affected: 1
[2024-09-25T01:52:16.783+0000] {base.py:84} INFO - Retrieving connection 'books_connection'
[2024-09-25T01:52:16.787+0000] {sql.py:509} INFO - Running statement: 
    INSERT INTO books (title, authors, price, rating)
    VALUES (%s,%s,%s,%s)
    , parameters: ('Ace the Data Science Interview: 201 Real Interview Questions Asked By FAANG, Tech Startups, & Wall Street', 'Nick Singh', '34.', '4.5 out of 5 stars')
[2024-09-25T01:52:16.790+0000] {sql.py:518} INFO - Rows affected: 1
[2024-09-25T01:52:16.799+0000] {base.py:84} INFO - Retrieving connection 'books_connection'
[2024-09-25T01:52:16.804+0000] {sql.py:509} INFO - Running statement: 
    INSERT INTO books (title, authors, price, rating)
    VALUES (%s,%s,%s,%s)
    , parameters: ('Essentials of Data Engineering', 'Dr. Mukesh Saini', '19.', '5.0 out of 5 stars')
[2024-09-25T01:52:16.806+0000] {sql.py:518} INFO - Rows affected: 1
[2024-09-25T01:52:16.815+0000] {base.py:84} INFO - Retrieving connection 'books_connection'
[2024-09-25T01:52:16.819+0000] {sql.py:509} INFO - Running statement: 
    INSERT INTO books (title, authors, price, rating)
    VALUES (%s,%s,%s,%s)
    , parameters: ('Data Privacy: A runbook for engineers', 'Nishant Bhajaria', '35.', '4.8 out of 5 stars')
[2024-09-25T01:52:16.821+0000] {sql.py:518} INFO - Rows affected: 1
[2024-09-25T01:52:16.830+0000] {base.py:84} INFO - Retrieving connection 'books_connection'
[2024-09-25T01:52:16.834+0000] {sql.py:509} INFO - Running statement: 
    INSERT INTO books (title, authors, price, rating)
    VALUES (%s,%s,%s,%s)
    , parameters: ('Data Engineering with Python cookbook: Learn to build efficient data pipelines using the Modern Cloud Data Stack', 'Adithyan Ramanujakootam', '32.', '5.0 out of 5 stars')
[2024-09-25T01:52:16.836+0000] {sql.py:518} INFO - Rows affected: 1
[2024-09-25T01:52:16.844+0000] {base.py:84} INFO - Retrieving connection 'books_connection'
[2024-09-25T01:52:16.849+0000] {sql.py:509} INFO - Running statement: 
    INSERT INTO books (title, authors, price, rating)
    VALUES (%s,%s,%s,%s)
    , parameters: ('Data Engineering with AWS: Learn how to design and build cloud-based data transformation pipelines using AWS', 'Gareth Eagar', '49.', '4.4 out of 5 stars')
[2024-09-25T01:52:16.851+0000] {sql.py:518} INFO - Rows affected: 1
[2024-09-25T01:52:16.859+0000] {base.py:84} INFO - Retrieving connection 'books_connection'
[2024-09-25T01:52:16.863+0000] {sql.py:509} INFO - Running statement: 
    INSERT INTO books (title, authors, price, rating)
    VALUES (%s,%s,%s,%s)
    , parameters: ('97 Things Every Data Engineer Should Know: Collective Wisdom from the Experts', 'Tobias Macey', '28.', '4.1 out of 5 stars')
[2024-09-25T01:52:16.865+0000] {sql.py:518} INFO - Rows affected: 1
[2024-09-25T01:52:16.875+0000] {base.py:84} INFO - Retrieving connection 'books_connection'
[2024-09-25T01:52:16.879+0000] {sql.py:509} INFO - Running statement: 
    INSERT INTO books (title, authors, price, rating)
    VALUES (%s,%s,%s,%s)
    , parameters: ('Software Engineering for Data Scientists: From Notebooks to Scalable Systems', 'Catherine Nelson', '51.', '4.4 out of 5 stars')
[2024-09-25T01:52:16.881+0000] {sql.py:518} INFO - Rows affected: 1
[2024-09-25T01:52:16.890+0000] {base.py:84} INFO - Retrieving connection 'books_connection'
[2024-09-25T01:52:16.895+0000] {sql.py:509} INFO - Running statement: 
    INSERT INTO books (title, authors, price, rating)
    VALUES (%s,%s,%s,%s)
    , parameters: ('Data Engineering Fundamentals for Beginners: Mastering the Art of Building, Managing, and Scaling Data Systems', 'Paperback', '14.', '5.0 out of 5 stars')
[2024-09-25T01:52:16.896+0000] {sql.py:518} INFO - Rows affected: 1
[2024-09-25T01:52:16.905+0000] {base.py:84} INFO - Retrieving connection 'books_connection'
[2024-09-25T01:52:16.909+0000] {sql.py:509} INFO - Running statement: 
    INSERT INTO books (title, authors, price, rating)
    VALUES (%s,%s,%s,%s)
    , parameters: ("Ultimate Data Engineering with Databricks: Develop Scalable Data Pipelines Using Data Engineering's Core Tenets Such as Delta Tables, Ingestion, ... Security, and Scalability (English Edition)", 'Mayank Malhotra', '37.', '4.1 out of 5 stars')
[2024-09-25T01:52:16.911+0000] {sql.py:518} INFO - Rows affected: 1
[2024-09-25T01:52:16.920+0000] {base.py:84} INFO - Retrieving connection 'books_connection'
[2024-09-25T01:52:16.924+0000] {sql.py:509} INFO - Running statement: 
    INSERT INTO books (title, authors, price, rating)
    VALUES (%s,%s,%s,%s)
    , parameters: ('DATA ENGINEERING AND AI FOR BEGINNERS: Revolutionizing Data Processing and Analytics by Leveraging Artificial Intelligence for Efficient Input Collection, Storage, and Transformation (World of AI)', 'Paperback', '13.', '4.3 out of 5 stars')
[2024-09-25T01:52:16.926+0000] {sql.py:518} INFO - Rows affected: 1
[2024-09-25T01:52:16.935+0000] {base.py:84} INFO - Retrieving connection 'books_connection'
[2024-09-25T01:52:16.939+0000] {sql.py:509} INFO - Running statement: 
    INSERT INTO books (title, authors, price, rating)
    VALUES (%s,%s,%s,%s)
    , parameters: ('Data-Driven Science and Engineering: Machine Learning, Dynamical Systems, and Control', 'Steven L. Brunton', '64.', '4.8 out of 5 stars')
[2024-09-25T01:52:16.941+0000] {sql.py:518} INFO - Rows affected: 1
[2024-09-25T01:52:16.951+0000] {base.py:84} INFO - Retrieving connection 'books_connection'
[2024-09-25T01:52:16.955+0000] {sql.py:509} INFO - Running statement: 
    INSERT INTO books (title, authors, price, rating)
    VALUES (%s,%s,%s,%s)
    , parameters: ("Data Quality Fundamentals: A Practitioner's Guide to Building Trustworthy Data Pipelines", 'Paperback', '45.', '4.1 out of 5 stars')
[2024-09-25T01:52:16.956+0000] {sql.py:518} INFO - Rows affected: 1
[2024-09-25T01:52:16.966+0000] {base.py:84} INFO - Retrieving connection 'books_connection'
[2024-09-25T01:52:16.971+0000] {sql.py:509} INFO - Running statement: 
    INSERT INTO books (title, authors, price, rating)
    VALUES (%s,%s,%s,%s)
    , parameters: ('Mastering Large Datasets with Python: Parallelize and Distribute Your Python Code', 'John T. Wolohan', '49.', '3.9 out of 5 stars')
[2024-09-25T01:52:16.973+0000] {sql.py:518} INFO - Rows affected: 1
[2024-09-25T01:52:16.982+0000] {base.py:84} INFO - Retrieving connection 'books_connection'
[2024-09-25T01:52:16.986+0000] {sql.py:509} INFO - Running statement: 
    INSERT INTO books (title, authors, price, rating)
    VALUES (%s,%s,%s,%s)
    , parameters: ("Engineering Data Mesh in Azure Cloud: Implement data mesh using Microsoft Azure's Cloud Adoption Framework", 'Paperback', '47.', '4.5 out of 5 stars')
[2024-09-25T01:52:16.988+0000] {sql.py:518} INFO - Rows affected: 1
[2024-09-25T01:52:16.997+0000] {base.py:84} INFO - Retrieving connection 'books_connection'
[2024-09-25T01:52:17.002+0000] {sql.py:509} INFO - Running statement: 
    INSERT INTO books (title, authors, price, rating)
    VALUES (%s,%s,%s,%s)
    , parameters: ('Python Data Engineering Resources: Boost Your Career With This Python Handbook; Prepare For Python Interview; Python Programming Cookbook For Beginners and Experienced; Python Data Analysis and More', 'Vajo Lukic', '0.', '4.7 out of 5 stars')
[2024-09-25T01:52:17.004+0000] {sql.py:518} INFO - Rows affected: 1
[2024-09-25T01:52:17.013+0000] {base.py:84} INFO - Retrieving connection 'books_connection'
[2024-09-25T01:52:17.017+0000] {sql.py:509} INFO - Running statement: 
    INSERT INTO books (title, authors, price, rating)
    VALUES (%s,%s,%s,%s)
    , parameters: ('Data Engineering with Scala and Spark: A practical guide helping you build streaming and batch pipelines that process massive amounts of data using Scala', 'Eric Tome', '36.', '4.1 out of 5 stars')
[2024-09-25T01:52:17.019+0000] {sql.py:518} INFO - Rows affected: 1
[2024-09-25T01:52:17.028+0000] {base.py:84} INFO - Retrieving connection 'books_connection'
[2024-09-25T01:52:17.033+0000] {sql.py:509} INFO - Running statement: 
    INSERT INTO books (title, authors, price, rating)
    VALUES (%s,%s,%s,%s)
    , parameters: ('Data Engineering with Google Cloud Platform: A guide to leveling up as a data engineer by building a scalable data platform with Google Cloud', 'Adi Wijaya', '41.', '5.0 out of 5 stars')
[2024-09-25T01:52:17.035+0000] {sql.py:518} INFO - Rows affected: 1
[2024-09-25T01:52:17.044+0000] {base.py:84} INFO - Retrieving connection 'books_connection'
[2024-09-25T01:52:17.048+0000] {sql.py:509} INFO - Running statement: 
    INSERT INTO books (title, authors, price, rating)
    VALUES (%s,%s,%s,%s)
    , parameters: ('Analytics Engineering with SQL and dbt: Building Meaningful Data Models at Scale', 'Rui Pedro Machado', '41.', '3.9 out of 5 stars')
[2024-09-25T01:52:17.050+0000] {sql.py:518} INFO - Rows affected: 1
[2024-09-25T01:52:17.059+0000] {base.py:84} INFO - Retrieving connection 'books_connection'
[2024-09-25T01:52:17.064+0000] {sql.py:509} INFO - Running statement: 
    INSERT INTO books (title, authors, price, rating)
    VALUES (%s,%s,%s,%s)
    , parameters: ('Storytelling with Data: A Data Visualization Guide for Business Professionals', 'Cole Nussbaumer Knaflic', '27.', '4.6 out of 5 stars')
[2024-09-25T01:52:17.066+0000] {sql.py:518} INFO - Rows affected: 1
[2024-09-25T01:52:17.074+0000] {base.py:84} INFO - Retrieving connection 'books_connection'
[2024-09-25T01:52:17.079+0000] {sql.py:509} INFO - Running statement: 
    INSERT INTO books (title, authors, price, rating)
    VALUES (%s,%s,%s,%s)
    , parameters: ('Data Engineering with Apache Spark, Delta Lake, and Lakehouse: Create scalable pipelines that ingest, curate, and aggregate complex data in a timely and secure way', 'Manoj Kukreja', '46.', '3.9 out of 5 stars')
[2024-09-25T01:52:17.081+0000] {sql.py:518} INFO - Rows affected: 1
[2024-09-25T01:52:17.089+0000] {base.py:84} INFO - Retrieving connection 'books_connection'
[2024-09-25T01:52:17.093+0000] {sql.py:509} INFO - Running statement: 
    INSERT INTO books (title, authors, price, rating)
    VALUES (%s,%s,%s,%s)
    , parameters: ('Data Engineering with Google Cloud Platform: A practical guide to operationalizing scalable data analytics systems on GCP', 'Adi Wijaya', '39.', '4.7 out of 5 stars')
[2024-09-25T01:52:17.095+0000] {sql.py:518} INFO - Rows affected: 1
[2024-09-25T01:52:17.104+0000] {base.py:84} INFO - Retrieving connection 'books_connection'
[2024-09-25T01:52:17.108+0000] {sql.py:509} INFO - Running statement: 
    INSERT INTO books (title, authors, price, rating)
    VALUES (%s,%s,%s,%s)
    , parameters: ('Official Google Cloud Certified Professional Data Engineer Study Guide', 'Dan Sullivan', '33.', '4.5 out of 5 stars')
[2024-09-25T01:52:17.110+0000] {sql.py:518} INFO - Rows affected: 1
[2024-09-25T01:52:17.120+0000] {base.py:84} INFO - Retrieving connection 'books_connection'
[2024-09-25T01:52:17.124+0000] {sql.py:509} INFO - Running statement: 
    INSERT INTO books (title, authors, price, rating)
    VALUES (%s,%s,%s,%s)
    , parameters: ('Mastering the Data Paradox: Key to Winning in the AI Age', 'Nitin Seth', '17.', '4.8 out of 5 stars')
[2024-09-25T01:52:17.126+0000] {sql.py:518} INFO - Rows affected: 1
[2024-09-25T01:52:17.134+0000] {base.py:84} INFO - Retrieving connection 'books_connection'
[2024-09-25T01:52:17.138+0000] {sql.py:509} INFO - Running statement: 
    INSERT INTO books (title, authors, price, rating)
    VALUES (%s,%s,%s,%s)
    , parameters: ('Python Programming and SQL: 5 books in 1 - The #1 Coding Course from Beginner to Advanced. Learn it Well & Fast (2024) (Computer Programming)', 'Paperback', '29.', '4.3 out of 5 stars')
[2024-09-25T01:52:17.140+0000] {sql.py:518} INFO - Rows affected: 1
[2024-09-25T01:52:17.150+0000] {base.py:84} INFO - Retrieving connection 'books_connection'
[2024-09-25T01:52:17.154+0000] {sql.py:509} INFO - Running statement: 
    INSERT INTO books (title, authors, price, rating)
    VALUES (%s,%s,%s,%s)
    , parameters: ('Modern Data Engineering with Apache Spark: A Hands-On Guide for Building Mission-Critical Streaming Applications', 'Scott Haines', '30.', '4.1 out of 5 stars')
[2024-09-25T01:52:17.156+0000] {sql.py:518} INFO - Rows affected: 1
[2024-09-25T01:52:17.164+0000] {base.py:84} INFO - Retrieving connection 'books_connection'
[2024-09-25T01:52:17.168+0000] {sql.py:509} INFO - Running statement: 
    INSERT INTO books (title, authors, price, rating)
    VALUES (%s,%s,%s,%s)
    , parameters: ('Data Mesh: Delivering Data-Driven Value at Scale', 'Audible Audiobook', '0.', '4.5 out of 5 stars')
[2024-09-25T01:52:17.170+0000] {sql.py:518} INFO - Rows affected: 1
[2024-09-25T01:52:17.180+0000] {base.py:84} INFO - Retrieving connection 'books_connection'
[2024-09-25T01:52:17.184+0000] {sql.py:509} INFO - Running statement: 
    INSERT INTO books (title, authors, price, rating)
    VALUES (%s,%s,%s,%s)
    , parameters: ('Database Internals: A Deep Dive into How Distributed Data Systems Work', 'Alex Petrov', '36.', '4.6 out of 5 stars')
[2024-09-25T01:52:17.186+0000] {sql.py:518} INFO - Rows affected: 1
[2024-09-25T01:52:17.195+0000] {base.py:84} INFO - Retrieving connection 'books_connection'
[2024-09-25T01:52:17.199+0000] {sql.py:509} INFO - Running statement: 
    INSERT INTO books (title, authors, price, rating)
    VALUES (%s,%s,%s,%s)
    , parameters: ('Data Modeling with Snowflake: A practical guide to accelerating Snowflake development using universal data modeling techniques', 'Serge Gershkovich', '36.', '4.8 out of 5 stars')
[2024-09-25T01:52:17.201+0000] {sql.py:518} INFO - Rows affected: 1
[2024-09-25T01:52:17.210+0000] {base.py:84} INFO - Retrieving connection 'books_connection'
[2024-09-25T01:52:17.214+0000] {sql.py:509} INFO - Running statement: 
    INSERT INTO books (title, authors, price, rating)
    VALUES (%s,%s,%s,%s)
    , parameters: ('Better Data Visualizations: A Guide for Scholars, Researchers, and Wonks', 'Jonathan Schwabish', '26.', '4.5 out of 5 stars')
[2024-09-25T01:52:17.216+0000] {sql.py:518} INFO - Rows affected: 1
[2024-09-25T01:52:17.225+0000] {base.py:84} INFO - Retrieving connection 'books_connection'
[2024-09-25T01:52:17.229+0000] {sql.py:509} INFO - Running statement: 
    INSERT INTO books (title, authors, price, rating)
    VALUES (%s,%s,%s,%s)
    , parameters: ('Machine Learning Engineering', 'Andriy Burkov', '39.', '4.7 out of 5 stars')
[2024-09-25T01:52:17.231+0000] {sql.py:518} INFO - Rows affected: 1
[2024-09-25T01:52:17.240+0000] {base.py:84} INFO - Retrieving connection 'books_connection'
[2024-09-25T01:52:17.245+0000] {sql.py:509} INFO - Running statement: 
    INSERT INTO books (title, authors, price, rating)
    VALUES (%s,%s,%s,%s)
    , parameters: ('Data Engineering with Databricks', 'Paperback', '25.', '3.4 out of 5 stars')
[2024-09-25T01:52:17.247+0000] {sql.py:518} INFO - Rows affected: 1
[2024-09-25T01:52:17.256+0000] {base.py:84} INFO - Retrieving connection 'books_connection'
[2024-09-25T01:52:17.260+0000] {sql.py:509} INFO - Running statement: 
    INSERT INTO books (title, authors, price, rating)
    VALUES (%s,%s,%s,%s)
    , parameters: ("Engineers' Data Book", 'Clifford Matthews', '26.', '4.6 out of 5 stars')
[2024-09-25T01:52:17.263+0000] {sql.py:518} INFO - Rows affected: 1
[2024-09-25T01:52:17.272+0000] {base.py:84} INFO - Retrieving connection 'books_connection'
[2024-09-25T01:52:17.276+0000] {sql.py:509} INFO - Running statement: 
    INSERT INTO books (title, authors, price, rating)
    VALUES (%s,%s,%s,%s)
    , parameters: ('Prompt Engineering for Generative AI: Future-Proof Inputs for Reliable AI Outputs', 'James Phoenix', '53.', '4.5 out of 5 stars')
[2024-09-25T01:52:17.279+0000] {sql.py:518} INFO - Rows affected: 1
[2024-09-25T01:52:17.288+0000] {base.py:84} INFO - Retrieving connection 'books_connection'
[2024-09-25T01:52:17.292+0000] {sql.py:509} INFO - Running statement: 
    INSERT INTO books (title, authors, price, rating)
    VALUES (%s,%s,%s,%s)
    , parameters: ('Designing Machine Learning Systems: An Iterative Process for Production-Ready Applications', 'Chip Huyen', '52.', '4.6 out of 5 stars')
[2024-09-25T01:52:17.294+0000] {sql.py:518} INFO - Rows affected: 1
[2024-09-25T01:52:17.304+0000] {base.py:84} INFO - Retrieving connection 'books_connection'
[2024-09-25T01:52:17.309+0000] {sql.py:509} INFO - Running statement: 
    INSERT INTO books (title, authors, price, rating)
    VALUES (%s,%s,%s,%s)
    , parameters: ("SQL QuickStart Guide: The Simplified Beginner's Guide to Managing, Analyzing, and Manipulating Data With SQL (Coding & Programming - QuickStart Guides)", 'Paperback', '23.', '4.6 out of 5 stars')
[2024-09-25T01:52:17.311+0000] {sql.py:518} INFO - Rows affected: 1
[2024-09-25T01:52:17.321+0000] {base.py:84} INFO - Retrieving connection 'books_connection'
[2024-09-25T01:52:17.325+0000] {sql.py:509} INFO - Running statement: 
    INSERT INTO books (title, authors, price, rating)
    VALUES (%s,%s,%s,%s)
    , parameters: ('Ultimate Azure Data Engineering: Build Robust Data Engineering Systems on Azure with SQL, ETL, Data Modeling, and Power BI for Business Insights and Crack Azure Certifications (English Edition)', 'Ashish Agarwal', '39.', '5.0 out of 5 stars')
[2024-09-25T01:52:17.327+0000] {sql.py:518} INFO - Rows affected: 1
[2024-09-25T01:52:17.337+0000] {base.py:84} INFO - Retrieving connection 'books_connection'
[2024-09-25T01:52:17.341+0000] {sql.py:509} INFO - Running statement: 
    INSERT INTO books (title, authors, price, rating)
    VALUES (%s,%s,%s,%s)
    , parameters: ('Building ETL Pipelines with Python: Create and deploy enterprise-ready ETL pipelines by employing modern methods', 'Brij Kishore Pandey', '34.', '4.2 out of 5 stars')
[2024-09-25T01:52:17.343+0000] {sql.py:518} INFO - Rows affected: 1
[2024-09-25T01:52:17.347+0000] {python.py:240} INFO - Done. Returned value was: None
[2024-09-25T01:52:17.359+0000] {taskinstance.py:340} INFO - ::group::Post task execution logs
[2024-09-25T01:52:17.360+0000] {taskinstance.py:352} INFO - Marking task as SUCCESS. dag_id=fetch_and_store_amazon_books, task_id=insert_book_data, run_id=manual__2024-09-25T01:29:51.716070+00:00, execution_date=20240925T012951, start_date=20240925T015216, end_date=20240925T015217
[2024-09-25T01:52:17.373+0000] {logging_mixin.py:190} INFO - Task instance in success state
[2024-09-25T01:52:17.374+0000] {logging_mixin.py:190} INFO -  Previous state of the Task instance: running
[2024-09-25T01:52:17.374+0000] {logging_mixin.py:190} INFO - Dag name:fetch_and_store_amazon_books queued_at:2024-09-25 01:52:14.141069+00:00
[2024-09-25T01:52:17.375+0000] {logging_mixin.py:190} INFO - Task hostname:12236234e313 operator:PythonOperator
[2024-09-25T01:52:17.406+0000] {local_task_job_runner.py:266} INFO - Task exited with return code 0
[2024-09-25T01:52:17.431+0000] {taskinstance.py:3900} INFO - 0 downstream tasks scheduled from follow-on schedule check
[2024-09-25T01:52:17.436+0000] {local_task_job_runner.py:245} INFO - ::endgroup::
