[2024-09-25T01:52:04.183+0000] {local_task_job_runner.py:123} INFO - ::group::Pre task execution logs
[2024-09-25T01:52:04.202+0000] {taskinstance.py:2612} INFO - Dependencies all met for dep_context=non-requeueable deps ti=<TaskInstance: fetch_and_store_amazon_books.insert_book_data scheduled__2024-07-04T00:00:00+00:00 [queued]>
[2024-09-25T01:52:04.212+0000] {taskinstance.py:2612} INFO - Dependencies all met for dep_context=requeueable deps ti=<TaskInstance: fetch_and_store_amazon_books.insert_book_data scheduled__2024-07-04T00:00:00+00:00 [queued]>
[2024-09-25T01:52:04.214+0000] {taskinstance.py:2865} INFO - Starting attempt 3 of 4
[2024-09-25T01:52:04.229+0000] {taskinstance.py:2888} INFO - Executing <Task(PythonOperator): insert_book_data> on 2024-07-04 00:00:00+00:00
[2024-09-25T01:52:04.238+0000] {warnings.py:112} WARNING - /home/***/.local/lib/python3.12/site-packages/***/task/task_runner/standard_task_runner.py:70: DeprecationWarning: This process (pid=3670) is multi-threaded, use of fork() may lead to deadlocks in the child.
  pid = os.fork()

[2024-09-25T01:52:04.241+0000] {standard_task_runner.py:72} INFO - Started process 3672 to run task
[2024-09-25T01:52:04.241+0000] {standard_task_runner.py:104} INFO - Running: ['***', 'tasks', 'run', 'fetch_and_store_amazon_books', 'insert_book_data', 'scheduled__2024-07-04T00:00:00+00:00', '--job-id', '130', '--raw', '--subdir', 'DAGS_FOLDER/dag.py', '--cfg-path', '/tmp/tmphrrifjk_']
[2024-09-25T01:52:04.242+0000] {standard_task_runner.py:105} INFO - Job 130: Subtask insert_book_data
[2024-09-25T01:52:04.295+0000] {task_command.py:467} INFO - Running <TaskInstance: fetch_and_store_amazon_books.insert_book_data scheduled__2024-07-04T00:00:00+00:00 [running]> on host 12236234e313
[2024-09-25T01:52:04.402+0000] {taskinstance.py:3131} INFO - Exporting env vars: AIRFLOW_CTX_DAG_OWNER='***' AIRFLOW_CTX_DAG_ID='fetch_and_store_amazon_books' AIRFLOW_CTX_TASK_ID='insert_book_data' AIRFLOW_CTX_EXECUTION_DATE='2024-07-04T00:00:00+00:00' AIRFLOW_CTX_TRY_NUMBER='3' AIRFLOW_CTX_DAG_RUN_ID='scheduled__2024-07-04T00:00:00+00:00'
[2024-09-25T01:52:04.404+0000] {logging_mixin.py:190} INFO - Task instance is in running state
[2024-09-25T01:52:04.405+0000] {logging_mixin.py:190} INFO -  Previous state of the Task instance: queued
[2024-09-25T01:52:04.406+0000] {logging_mixin.py:190} INFO - Current task name:insert_book_data state:running start_date:2024-09-25 01:52:04.204461+00:00
[2024-09-25T01:52:04.407+0000] {logging_mixin.py:190} INFO - Dag name:fetch_and_store_amazon_books and current dag run status:running
[2024-09-25T01:52:04.407+0000] {taskinstance.py:731} INFO - ::endgroup::
[2024-09-25T01:52:04.432+0000] {base.py:84} INFO - Retrieving connection 'books_connection'
[2024-09-25T01:52:04.437+0000] {sql.py:509} INFO - Running statement: 
    INSERT INTO books (title, authors, price, rating)
    VALUES (%s,%s,%s,%s)
    , parameters: ('Data Engineering with AWS - Second Edition: Acquire the skills to design and build AWS-based data transformation pipelines like a pro', 'Gareth Eagar', '41.', '4.4 out of 5 stars')
[2024-09-25T01:52:04.439+0000] {sql.py:518} INFO - Rows affected: 1
[2024-09-25T01:52:04.449+0000] {base.py:84} INFO - Retrieving connection 'books_connection'
[2024-09-25T01:52:04.453+0000] {sql.py:509} INFO - Running statement: 
    INSERT INTO books (title, authors, price, rating)
    VALUES (%s,%s,%s,%s)
    , parameters: ('Data Engineering 101', 'Hardcover', '30.', '4.6 out of 5 stars')
[2024-09-25T01:52:04.456+0000] {sql.py:518} INFO - Rows affected: 1
[2024-09-25T01:52:04.465+0000] {base.py:84} INFO - Retrieving connection 'books_connection'
[2024-09-25T01:52:04.470+0000] {sql.py:509} INFO - Running statement: 
    INSERT INTO books (title, authors, price, rating)
    VALUES (%s,%s,%s,%s)
    , parameters: ('Azure Data Engineer Associate Certification Guide: Ace the DP-203 exam with advanced data engineering skills', 'Giacinto Palmieri', '32.', '4.4 out of 5 stars')
[2024-09-25T01:52:04.472+0000] {sql.py:518} INFO - Rows affected: 1
[2024-09-25T01:52:04.481+0000] {base.py:84} INFO - Retrieving connection 'books_connection'
[2024-09-25T01:52:04.486+0000] {sql.py:509} INFO - Running statement: 
    INSERT INTO books (title, authors, price, rating)
    VALUES (%s,%s,%s,%s)
    , parameters: ('Data Engineering with dbt: A practical guide to building a cloud-based, pragmatic, and dependable data platform with SQL', 'Roberto Zagni', '37.', '4.6 out of 5 stars')
[2024-09-25T01:52:04.488+0000] {sql.py:518} INFO - Rows affected: 1
[2024-09-25T01:52:04.498+0000] {base.py:84} INFO - Retrieving connection 'books_connection'
[2024-09-25T01:52:04.503+0000] {sql.py:509} INFO - Running statement: 
    INSERT INTO books (title, authors, price, rating)
    VALUES (%s,%s,%s,%s)
    , parameters: ('Fundamentals of Data Engineering: Plan and Build Robust Data Systems', 'Joe Reis', '42.', '4.7 out of 5 stars')
[2024-09-25T01:52:04.505+0000] {sql.py:518} INFO - Rows affected: 1
[2024-09-25T01:52:04.515+0000] {base.py:84} INFO - Retrieving connection 'books_connection'
[2024-09-25T01:52:04.519+0000] {sql.py:509} INFO - Running statement: 
    INSERT INTO books (title, authors, price, rating)
    VALUES (%s,%s,%s,%s)
    , parameters: ('Designing Data-Intensive Applications: The Big Ideas Behind Reliable, Scalable, and Maintainable Systems', 'Martin Kleppmann', '46.', '4.8 out of 5 stars')
[2024-09-25T01:52:04.522+0000] {sql.py:518} INFO - Rows affected: 1
[2024-09-25T01:52:04.531+0000] {base.py:84} INFO - Retrieving connection 'books_connection'
[2024-09-25T01:52:04.536+0000] {sql.py:509} INFO - Running statement: 
    INSERT INTO books (title, authors, price, rating)
    VALUES (%s,%s,%s,%s)
    , parameters: ('Data Pipelines Pocket Reference: Moving and Processing Data for Analytics', 'James Densmore', '17.', '4.5 out of 5 stars')
[2024-09-25T01:52:04.538+0000] {sql.py:518} INFO - Rows affected: 1
[2024-09-25T01:52:04.547+0000] {base.py:84} INFO - Retrieving connection 'books_connection'
[2024-09-25T01:52:04.551+0000] {sql.py:509} INFO - Running statement: 
    INSERT INTO books (title, authors, price, rating)
    VALUES (%s,%s,%s,%s)
    , parameters: ("Azure Data Factory Cookbook: A data engineer's guide to building and managing ETL and ELT pipelines with data integration", 'Dmitry Foshin', '51.', '4.2 out of 5 stars')
[2024-09-25T01:52:04.553+0000] {sql.py:518} INFO - Rows affected: 1
[2024-09-25T01:52:04.562+0000] {base.py:84} INFO - Retrieving connection 'books_connection'
[2024-09-25T01:52:04.566+0000] {sql.py:509} INFO - Running statement: 
    INSERT INTO books (title, authors, price, rating)
    VALUES (%s,%s,%s,%s)
    , parameters: ('Data Analysis with Python and PySpark', 'Jonathan Rioux', '55.', '4.4 out of 5 stars')
[2024-09-25T01:52:04.568+0000] {sql.py:518} INFO - Rows affected: 1
[2024-09-25T01:52:04.577+0000] {base.py:84} INFO - Retrieving connection 'books_connection'
[2024-09-25T01:52:04.581+0000] {sql.py:509} INFO - Running statement: 
    INSERT INTO books (title, authors, price, rating)
    VALUES (%s,%s,%s,%s)
    , parameters: ('Data Engineering with Python: Work with massive datasets to design data models and automate data pipelines using Python', 'Paul Crickard', '37.', '4.1 out of 5 stars')
[2024-09-25T01:52:04.583+0000] {sql.py:518} INFO - Rows affected: 1
[2024-09-25T01:52:04.592+0000] {base.py:84} INFO - Retrieving connection 'books_connection'
[2024-09-25T01:52:04.596+0000] {sql.py:509} INFO - Running statement: 
    INSERT INTO books (title, authors, price, rating)
    VALUES (%s,%s,%s,%s)
    , parameters: ('Cracking the Data Engineering Interview: Land your dream job with the help of resume-building tips, over 100 mock questions, and a unique portfolio', 'Kedeisha Bryan', '26.', '4.4 out of 5 stars')
[2024-09-25T01:52:04.599+0000] {sql.py:518} INFO - Rows affected: 1
[2024-09-25T01:52:04.608+0000] {base.py:84} INFO - Retrieving connection 'books_connection'
[2024-09-25T01:52:04.612+0000] {sql.py:509} INFO - Running statement: 
    INSERT INTO books (title, authors, price, rating)
    VALUES (%s,%s,%s,%s)
    , parameters: ('Data Engineering with Databricks Cookbook: Build effective data and AI solutions using Apache Spark, Databricks, and Delta Lake', 'Pulkit Chadha', '33.', '4.3 out of 5 stars')
[2024-09-25T01:52:04.614+0000] {sql.py:518} INFO - Rows affected: 1
[2024-09-25T01:52:04.623+0000] {base.py:84} INFO - Retrieving connection 'books_connection'
[2024-09-25T01:52:04.627+0000] {sql.py:509} INFO - Running statement: 
    INSERT INTO books (title, authors, price, rating)
    VALUES (%s,%s,%s,%s)
    , parameters: ('Ace the Data Engineering Interview: Questions and Answers for Python, SQL, Data Modeling and More', 'Sean Coyne', '24.', '3.8 out of 5 stars')
[2024-09-25T01:52:04.629+0000] {sql.py:518} INFO - Rows affected: 1
[2024-09-25T01:52:04.638+0000] {base.py:84} INFO - Retrieving connection 'books_connection'
[2024-09-25T01:52:04.643+0000] {sql.py:509} INFO - Running statement: 
    INSERT INTO books (title, authors, price, rating)
    VALUES (%s,%s,%s,%s)
    , parameters: ('Essentials of Data Engineering', 'Dr. Mukesh Saini', '19.', '5.0 out of 5 stars')
[2024-09-25T01:52:04.645+0000] {sql.py:518} INFO - Rows affected: 1
[2024-09-25T01:52:04.654+0000] {base.py:84} INFO - Retrieving connection 'books_connection'
[2024-09-25T01:52:04.658+0000] {sql.py:509} INFO - Running statement: 
    INSERT INTO books (title, authors, price, rating)
    VALUES (%s,%s,%s,%s)
    , parameters: ('97 Things Every Data Engineer Should Know: Collective Wisdom from the Experts', 'Tobias Macey', '28.', '4.1 out of 5 stars')
[2024-09-25T01:52:04.660+0000] {sql.py:518} INFO - Rows affected: 1
[2024-09-25T01:52:04.668+0000] {base.py:84} INFO - Retrieving connection 'books_connection'
[2024-09-25T01:52:04.672+0000] {sql.py:509} INFO - Running statement: 
    INSERT INTO books (title, authors, price, rating)
    VALUES (%s,%s,%s,%s)
    , parameters: ('Ace the Data Science Interview: 201 Real Interview Questions Asked By FAANG, Tech Startups, & Wall Street', 'Nick Singh', '34.', '4.5 out of 5 stars')
[2024-09-25T01:52:04.674+0000] {sql.py:518} INFO - Rows affected: 1
[2024-09-25T01:52:04.683+0000] {base.py:84} INFO - Retrieving connection 'books_connection'
[2024-09-25T01:52:04.687+0000] {sql.py:509} INFO - Running statement: 
    INSERT INTO books (title, authors, price, rating)
    VALUES (%s,%s,%s,%s)
    , parameters: ('Python Data Engineering Resources: Boost Your Career With This Python Handbook; Prepare For Python Interview; Python Programming Cookbook For Beginners and Experienced; Python Data Analysis and More', 'Vajo Lukic', '0.', '4.7 out of 5 stars')
[2024-09-25T01:52:04.689+0000] {sql.py:518} INFO - Rows affected: 1
[2024-09-25T01:52:04.698+0000] {base.py:84} INFO - Retrieving connection 'books_connection'
[2024-09-25T01:52:04.703+0000] {sql.py:509} INFO - Running statement: 
    INSERT INTO books (title, authors, price, rating)
    VALUES (%s,%s,%s,%s)
    , parameters: ('Mastering Large Datasets with Python: Parallelize and Distribute Your Python Code', 'John T. Wolohan', '49.', '3.9 out of 5 stars')
[2024-09-25T01:52:04.705+0000] {sql.py:518} INFO - Rows affected: 1
[2024-09-25T01:52:04.714+0000] {base.py:84} INFO - Retrieving connection 'books_connection'
[2024-09-25T01:52:04.718+0000] {sql.py:509} INFO - Running statement: 
    INSERT INTO books (title, authors, price, rating)
    VALUES (%s,%s,%s,%s)
    , parameters: ("Ultimate Data Engineering with Databricks: Develop Scalable Data Pipelines Using Data Engineering's Core Tenets Such as Delta Tables, Ingestion, ... Security, and Scalability (English Edition)", 'Mayank Malhotra', '37.', '4.1 out of 5 stars')
[2024-09-25T01:52:04.720+0000] {sql.py:518} INFO - Rows affected: 1
[2024-09-25T01:52:04.728+0000] {base.py:84} INFO - Retrieving connection 'books_connection'
[2024-09-25T01:52:04.732+0000] {sql.py:509} INFO - Running statement: 
    INSERT INTO books (title, authors, price, rating)
    VALUES (%s,%s,%s,%s)
    , parameters: ('Software Engineering for Data Scientists: From Notebooks to Scalable Systems', 'Catherine Nelson', '51.', '4.4 out of 5 stars')
[2024-09-25T01:52:04.734+0000] {sql.py:518} INFO - Rows affected: 1
[2024-09-25T01:52:04.743+0000] {base.py:84} INFO - Retrieving connection 'books_connection'
[2024-09-25T01:52:04.747+0000] {sql.py:509} INFO - Running statement: 
    INSERT INTO books (title, authors, price, rating)
    VALUES (%s,%s,%s,%s)
    , parameters: ('DATA ENGINEERING AND AI FOR BEGINNERS: Revolutionizing Data Processing and Analytics by Leveraging Artificial Intelligence for Efficient Input Collection, Storage, and Transformation (World of AI)', 'Paperback', '13.', '4.3 out of 5 stars')
[2024-09-25T01:52:04.750+0000] {sql.py:518} INFO - Rows affected: 1
[2024-09-25T01:52:04.759+0000] {base.py:84} INFO - Retrieving connection 'books_connection'
[2024-09-25T01:52:04.763+0000] {sql.py:509} INFO - Running statement: 
    INSERT INTO books (title, authors, price, rating)
    VALUES (%s,%s,%s,%s)
    , parameters: ('Data Engineering with Python cookbook: Learn to build efficient data pipelines using the Modern Cloud Data Stack', 'Adithyan Ramanujakootam', '32.', '5.0 out of 5 stars')
[2024-09-25T01:52:04.765+0000] {sql.py:518} INFO - Rows affected: 1
[2024-09-25T01:52:04.774+0000] {base.py:84} INFO - Retrieving connection 'books_connection'
[2024-09-25T01:52:04.778+0000] {sql.py:509} INFO - Running statement: 
    INSERT INTO books (title, authors, price, rating)
    VALUES (%s,%s,%s,%s)
    , parameters: ('Data-Driven Science and Engineering: Machine Learning, Dynamical Systems, and Control', 'Steven L. Brunton', '64.', '4.8 out of 5 stars')
[2024-09-25T01:52:04.780+0000] {sql.py:518} INFO - Rows affected: 1
[2024-09-25T01:52:04.789+0000] {base.py:84} INFO - Retrieving connection 'books_connection'
[2024-09-25T01:52:04.793+0000] {sql.py:509} INFO - Running statement: 
    INSERT INTO books (title, authors, price, rating)
    VALUES (%s,%s,%s,%s)
    , parameters: ('Mastering Databricks Lakehouse Platform: Perform Data Warehousing, Data Engineering, Machine Learning, DevOps, and BI into a Single Platform (English Edition)', 'Sagar Lad', '32.', '3.6 out of 5 stars')
[2024-09-25T01:52:04.795+0000] {sql.py:518} INFO - Rows affected: 1
[2024-09-25T01:52:04.804+0000] {base.py:84} INFO - Retrieving connection 'books_connection'
[2024-09-25T01:52:04.808+0000] {sql.py:509} INFO - Running statement: 
    INSERT INTO books (title, authors, price, rating)
    VALUES (%s,%s,%s,%s)
    , parameters: ('Data Privacy: A runbook for engineers', 'Nishant Bhajaria', '35.', '4.8 out of 5 stars')
[2024-09-25T01:52:04.810+0000] {sql.py:518} INFO - Rows affected: 1
[2024-09-25T01:52:04.819+0000] {base.py:84} INFO - Retrieving connection 'books_connection'
[2024-09-25T01:52:04.823+0000] {sql.py:509} INFO - Running statement: 
    INSERT INTO books (title, authors, price, rating)
    VALUES (%s,%s,%s,%s)
    , parameters: ('Expert Data Modeling with Power BI - Second Edition: Enrich and optimize your data models to get the best out of Power BI for reporting and business needs', 'Soheil Bakhshi', '47.', '4.8 out of 5 stars')
[2024-09-25T01:52:04.825+0000] {sql.py:518} INFO - Rows affected: 1
[2024-09-25T01:52:04.834+0000] {base.py:84} INFO - Retrieving connection 'books_connection'
[2024-09-25T01:52:04.837+0000] {sql.py:509} INFO - Running statement: 
    INSERT INTO books (title, authors, price, rating)
    VALUES (%s,%s,%s,%s)
    , parameters: ('Data Engineering with AWS: Learn how to design and build cloud-based data transformation pipelines using AWS', 'Gareth Eagar', '49.', '4.4 out of 5 stars')
[2024-09-25T01:52:04.839+0000] {sql.py:518} INFO - Rows affected: 1
[2024-09-25T01:52:04.847+0000] {base.py:84} INFO - Retrieving connection 'books_connection'
[2024-09-25T01:52:04.852+0000] {sql.py:509} INFO - Running statement: 
    INSERT INTO books (title, authors, price, rating)
    VALUES (%s,%s,%s,%s)
    , parameters: ('Data Engineering with Scala and Spark: A practical guide helping you build streaming and batch pipelines that process massive amounts of data using Scala', 'Eric Tome', '36.', '4.1 out of 5 stars')
[2024-09-25T01:52:04.854+0000] {sql.py:518} INFO - Rows affected: 1
[2024-09-25T01:52:04.863+0000] {base.py:84} INFO - Retrieving connection 'books_connection'
[2024-09-25T01:52:04.867+0000] {sql.py:509} INFO - Running statement: 
    INSERT INTO books (title, authors, price, rating)
    VALUES (%s,%s,%s,%s)
    , parameters: ("Data Quality Fundamentals: A Practitioner's Guide to Building Trustworthy Data Pipelines", 'Paperback', '45.', '4.1 out of 5 stars')
[2024-09-25T01:52:04.869+0000] {sql.py:518} INFO - Rows affected: 1
[2024-09-25T01:52:04.878+0000] {base.py:84} INFO - Retrieving connection 'books_connection'
[2024-09-25T01:52:04.883+0000] {sql.py:509} INFO - Running statement: 
    INSERT INTO books (title, authors, price, rating)
    VALUES (%s,%s,%s,%s)
    , parameters: ('Analytics Engineering with SQL and dbt: Building Meaningful Data Models at Scale', 'Rui Pedro Machado', '41.', '3.9 out of 5 stars')
[2024-09-25T01:52:04.885+0000] {sql.py:518} INFO - Rows affected: 1
[2024-09-25T01:52:04.895+0000] {base.py:84} INFO - Retrieving connection 'books_connection'
[2024-09-25T01:52:04.899+0000] {sql.py:509} INFO - Running statement: 
    INSERT INTO books (title, authors, price, rating)
    VALUES (%s,%s,%s,%s)
    , parameters: ('Storytelling with Data: A Data Visualization Guide for Business Professionals', 'Cole Nussbaumer Knaflic', '27.', '4.6 out of 5 stars')
[2024-09-25T01:52:04.901+0000] {sql.py:518} INFO - Rows affected: 1
[2024-09-25T01:52:04.911+0000] {base.py:84} INFO - Retrieving connection 'books_connection'
[2024-09-25T01:52:04.915+0000] {sql.py:509} INFO - Running statement: 
    INSERT INTO books (title, authors, price, rating)
    VALUES (%s,%s,%s,%s)
    , parameters: ('Data Engineering with Google Cloud Platform: A guide to leveling up as a data engineer by building a scalable data platform with Google Cloud', 'Adi Wijaya', '41.', '5.0 out of 5 stars')
[2024-09-25T01:52:04.917+0000] {sql.py:518} INFO - Rows affected: 1
[2024-09-25T01:52:04.926+0000] {base.py:84} INFO - Retrieving connection 'books_connection'
[2024-09-25T01:52:04.930+0000] {sql.py:509} INFO - Running statement: 
    INSERT INTO books (title, authors, price, rating)
    VALUES (%s,%s,%s,%s)
    , parameters: ('Fundamentals of Data Analytics: Learn Essential Skills, Embrace the Future, and Catapult Your Career in the Data-Driven World—A Comprehensive Guide to Data Literacy for Beginners', 'Russell Dawson', '17.', '4.8 out of 5 stars')
[2024-09-25T01:52:04.932+0000] {sql.py:518} INFO - Rows affected: 1
[2024-09-25T01:52:04.941+0000] {base.py:84} INFO - Retrieving connection 'books_connection'
[2024-09-25T01:52:04.946+0000] {sql.py:509} INFO - Running statement: 
    INSERT INTO books (title, authors, price, rating)
    VALUES (%s,%s,%s,%s)
    , parameters: ('Data Engineering with Apache Spark, Delta Lake, and Lakehouse: Create scalable pipelines that ingest, curate, and aggregate complex data in a timely and secure way', 'Manoj Kukreja', '46.', '3.9 out of 5 stars')
[2024-09-25T01:52:04.948+0000] {sql.py:518} INFO - Rows affected: 1
[2024-09-25T01:52:04.957+0000] {base.py:84} INFO - Retrieving connection 'books_connection'
[2024-09-25T01:52:04.962+0000] {sql.py:509} INFO - Running statement: 
    INSERT INTO books (title, authors, price, rating)
    VALUES (%s,%s,%s,%s)
    , parameters: ('Data Engineering with Google Cloud Platform: A practical guide to operationalizing scalable data analytics systems on GCP', 'Adi Wijaya', '39.', '4.7 out of 5 stars')
[2024-09-25T01:52:04.964+0000] {sql.py:518} INFO - Rows affected: 1
[2024-09-25T01:52:04.974+0000] {base.py:84} INFO - Retrieving connection 'books_connection'
[2024-09-25T01:52:04.978+0000] {sql.py:509} INFO - Running statement: 
    INSERT INTO books (title, authors, price, rating)
    VALUES (%s,%s,%s,%s)
    , parameters: ('Official Google Cloud Certified Professional Data Engineer Study Guide', 'Dan Sullivan', '33.', '4.5 out of 5 stars')
[2024-09-25T01:52:04.980+0000] {sql.py:518} INFO - Rows affected: 1
[2024-09-25T01:52:04.990+0000] {base.py:84} INFO - Retrieving connection 'books_connection'
[2024-09-25T01:52:04.994+0000] {sql.py:509} INFO - Running statement: 
    INSERT INTO books (title, authors, price, rating)
    VALUES (%s,%s,%s,%s)
    , parameters: ('Data Mesh: Delivering Data-Driven Value at Scale', 'Audible Audiobook', '0.', '4.5 out of 5 stars')
[2024-09-25T01:52:04.997+0000] {sql.py:518} INFO - Rows affected: 1
[2024-09-25T01:52:05.007+0000] {base.py:84} INFO - Retrieving connection 'books_connection'
[2024-09-25T01:52:05.011+0000] {sql.py:509} INFO - Running statement: 
    INSERT INTO books (title, authors, price, rating)
    VALUES (%s,%s,%s,%s)
    , parameters: ("Engineers' Data Book", 'Clifford Matthews', '26.', '4.6 out of 5 stars')
[2024-09-25T01:52:05.013+0000] {sql.py:518} INFO - Rows affected: 1
[2024-09-25T01:52:05.024+0000] {base.py:84} INFO - Retrieving connection 'books_connection'
[2024-09-25T01:52:05.028+0000] {sql.py:509} INFO - Running statement: 
    INSERT INTO books (title, authors, price, rating)
    VALUES (%s,%s,%s,%s)
    , parameters: ('Designing Machine Learning Systems: An Iterative Process for Production-Ready Applications', 'Chip Huyen', '52.', '4.6 out of 5 stars')
[2024-09-25T01:52:05.029+0000] {sql.py:518} INFO - Rows affected: 1
[2024-09-25T01:52:05.040+0000] {base.py:84} INFO - Retrieving connection 'books_connection'
[2024-09-25T01:52:05.045+0000] {sql.py:509} INFO - Running statement: 
    INSERT INTO books (title, authors, price, rating)
    VALUES (%s,%s,%s,%s)
    , parameters: ('Mastering the Data Paradox: Key to Winning in the AI Age', 'Nitin Seth', '17.', '4.8 out of 5 stars')
[2024-09-25T01:52:05.047+0000] {sql.py:518} INFO - Rows affected: 1
[2024-09-25T01:52:05.057+0000] {base.py:84} INFO - Retrieving connection 'books_connection'
[2024-09-25T01:52:05.061+0000] {sql.py:509} INFO - Running statement: 
    INSERT INTO books (title, authors, price, rating)
    VALUES (%s,%s,%s,%s)
    , parameters: ('Python Programming and SQL: 5 books in 1 - The #1 Coding Course from Beginner to Advanced. Learn it Well & Fast (2024) (Computer Programming)', 'Paperback', '29.', '4.3 out of 5 stars')
[2024-09-25T01:52:05.063+0000] {sql.py:518} INFO - Rows affected: 1
[2024-09-25T01:52:05.074+0000] {base.py:84} INFO - Retrieving connection 'books_connection'
[2024-09-25T01:52:05.079+0000] {sql.py:509} INFO - Running statement: 
    INSERT INTO books (title, authors, price, rating)
    VALUES (%s,%s,%s,%s)
    , parameters: ('Database Internals: A Deep Dive into How Distributed Data Systems Work', 'Alex Petrov', '36.', '4.6 out of 5 stars')
[2024-09-25T01:52:05.082+0000] {sql.py:518} INFO - Rows affected: 1
[2024-09-25T01:52:05.092+0000] {base.py:84} INFO - Retrieving connection 'books_connection'
[2024-09-25T01:52:05.098+0000] {sql.py:509} INFO - Running statement: 
    INSERT INTO books (title, authors, price, rating)
    VALUES (%s,%s,%s,%s)
    , parameters: ('Modern Data Engineering with Apache Spark: A Hands-On Guide for Building Mission-Critical Streaming Applications', 'Scott Haines', '30.', '4.1 out of 5 stars')
[2024-09-25T01:52:05.101+0000] {sql.py:518} INFO - Rows affected: 1
[2024-09-25T01:52:05.114+0000] {base.py:84} INFO - Retrieving connection 'books_connection'
[2024-09-25T01:52:05.120+0000] {sql.py:509} INFO - Running statement: 
    INSERT INTO books (title, authors, price, rating)
    VALUES (%s,%s,%s,%s)
    , parameters: ('Data Engineering Fundamentals for Beginners: Mastering the Art of Building, Managing, and Scaling Data Systems', 'Paperback', '14.', '5.0 out of 5 stars')
[2024-09-25T01:52:05.123+0000] {sql.py:518} INFO - Rows affected: 1
[2024-09-25T01:52:05.135+0000] {base.py:84} INFO - Retrieving connection 'books_connection'
[2024-09-25T01:52:05.141+0000] {sql.py:509} INFO - Running statement: 
    INSERT INTO books (title, authors, price, rating)
    VALUES (%s,%s,%s,%s)
    , parameters: ('Machine Learning Engineering', 'Andriy Burkov', '39.', '4.7 out of 5 stars')
[2024-09-25T01:52:05.144+0000] {sql.py:518} INFO - Rows affected: 1
[2024-09-25T01:52:05.157+0000] {base.py:84} INFO - Retrieving connection 'books_connection'
[2024-09-25T01:52:05.162+0000] {sql.py:509} INFO - Running statement: 
    INSERT INTO books (title, authors, price, rating)
    VALUES (%s,%s,%s,%s)
    , parameters: ('Data Modeling with Snowflake: A practical guide to accelerating Snowflake development using universal data modeling techniques', 'Serge Gershkovich', '36.', '4.8 out of 5 stars')
[2024-09-25T01:52:05.164+0000] {sql.py:518} INFO - Rows affected: 1
[2024-09-25T01:52:05.176+0000] {base.py:84} INFO - Retrieving connection 'books_connection'
[2024-09-25T01:52:05.182+0000] {sql.py:509} INFO - Running statement: 
    INSERT INTO books (title, authors, price, rating)
    VALUES (%s,%s,%s,%s)
    , parameters: ('Data Engineering with Databricks', 'Paperback', '25.', '3.4 out of 5 stars')
[2024-09-25T01:52:05.184+0000] {sql.py:518} INFO - Rows affected: 1
[2024-09-25T01:52:05.197+0000] {base.py:84} INFO - Retrieving connection 'books_connection'
[2024-09-25T01:52:05.203+0000] {sql.py:509} INFO - Running statement: 
    INSERT INTO books (title, authors, price, rating)
    VALUES (%s,%s,%s,%s)
    , parameters: ('The Enterprise Data Catalog: Improve Data Discovery, Ensure Data Governance, and Enable Innovation', 'Ole Olesen-Bagneux', '31.', '4.5 out of 5 stars')
[2024-09-25T01:52:05.205+0000] {sql.py:518} INFO - Rows affected: 1
[2024-09-25T01:52:05.218+0000] {base.py:84} INFO - Retrieving connection 'books_connection'
[2024-09-25T01:52:05.224+0000] {sql.py:509} INFO - Running statement: 
    INSERT INTO books (title, authors, price, rating)
    VALUES (%s,%s,%s,%s)
    , parameters: ('Ultimate Azure Data Engineering: Build Robust Data Engineering Systems on Azure with SQL, ETL, Data Modeling, and Power BI for Business Insights and Crack Azure Certifications (English Edition)', 'Ashish Agarwal', '39.', '5.0 out of 5 stars')
[2024-09-25T01:52:05.227+0000] {sql.py:518} INFO - Rows affected: 1
[2024-09-25T01:52:05.240+0000] {base.py:84} INFO - Retrieving connection 'books_connection'
[2024-09-25T01:52:05.245+0000] {sql.py:509} INFO - Running statement: 
    INSERT INTO books (title, authors, price, rating)
    VALUES (%s,%s,%s,%s)
    , parameters: ('Better Data Visualizations: A Guide for Scholars, Researchers, and Wonks', 'Jonathan Schwabish', '26.', '4.5 out of 5 stars')
[2024-09-25T01:52:05.247+0000] {sql.py:518} INFO - Rows affected: 1
[2024-09-25T01:52:05.251+0000] {python.py:240} INFO - Done. Returned value was: None
[2024-09-25T01:52:05.264+0000] {taskinstance.py:340} INFO - ::group::Post task execution logs
[2024-09-25T01:52:05.265+0000] {taskinstance.py:352} INFO - Marking task as SUCCESS. dag_id=fetch_and_store_amazon_books, task_id=insert_book_data, run_id=scheduled__2024-07-04T00:00:00+00:00, execution_date=20240704T000000, start_date=20240925T015204, end_date=20240925T015205
[2024-09-25T01:52:05.281+0000] {logging_mixin.py:190} INFO - Task instance in success state
[2024-09-25T01:52:05.282+0000] {logging_mixin.py:190} INFO -  Previous state of the Task instance: running
[2024-09-25T01:52:05.283+0000] {logging_mixin.py:190} INFO - Dag name:fetch_and_store_amazon_books queued_at:2024-09-25 01:52:01.798617+00:00
[2024-09-25T01:52:05.284+0000] {logging_mixin.py:190} INFO - Task hostname:12236234e313 operator:PythonOperator
[2024-09-25T01:52:05.301+0000] {local_task_job_runner.py:266} INFO - Task exited with return code 0
[2024-09-25T01:52:05.314+0000] {local_task_job_runner.py:245} INFO - ::endgroup::
