[2024-09-25T01:51:25.117+0000] {local_task_job_runner.py:123} INFO - ::group::Pre task execution logs
[2024-09-25T01:51:25.135+0000] {taskinstance.py:2612} INFO - Dependencies all met for dep_context=non-requeueable deps ti=<TaskInstance: fetch_and_store_amazon_books.insert_book_data scheduled__2024-06-23T00:00:00+00:00 [queued]>
[2024-09-25T01:51:25.145+0000] {taskinstance.py:2612} INFO - Dependencies all met for dep_context=requeueable deps ti=<TaskInstance: fetch_and_store_amazon_books.insert_book_data scheduled__2024-06-23T00:00:00+00:00 [queued]>
[2024-09-25T01:51:25.146+0000] {taskinstance.py:2865} INFO - Starting attempt 3 of 4
[2024-09-25T01:51:25.162+0000] {taskinstance.py:2888} INFO - Executing <Task(PythonOperator): insert_book_data> on 2024-06-23 00:00:00+00:00
[2024-09-25T01:51:25.170+0000] {warnings.py:112} WARNING - /home/***/.local/lib/python3.12/site-packages/***/task/task_runner/standard_task_runner.py:70: DeprecationWarning: This process (pid=3612) is multi-threaded, use of fork() may lead to deadlocks in the child.
  pid = os.fork()

[2024-09-25T01:51:25.173+0000] {standard_task_runner.py:72} INFO - Started process 3614 to run task
[2024-09-25T01:51:25.172+0000] {standard_task_runner.py:104} INFO - Running: ['***', 'tasks', 'run', 'fetch_and_store_amazon_books', 'insert_book_data', 'scheduled__2024-06-23T00:00:00+00:00', '--job-id', '119', '--raw', '--subdir', 'DAGS_FOLDER/dag.py', '--cfg-path', '/tmp/tmp8996ndhv']
[2024-09-25T01:51:25.174+0000] {standard_task_runner.py:105} INFO - Job 119: Subtask insert_book_data
[2024-09-25T01:51:25.232+0000] {task_command.py:467} INFO - Running <TaskInstance: fetch_and_store_amazon_books.insert_book_data scheduled__2024-06-23T00:00:00+00:00 [running]> on host 12236234e313
[2024-09-25T01:51:25.327+0000] {taskinstance.py:3131} INFO - Exporting env vars: AIRFLOW_CTX_DAG_OWNER='***' AIRFLOW_CTX_DAG_ID='fetch_and_store_amazon_books' AIRFLOW_CTX_TASK_ID='insert_book_data' AIRFLOW_CTX_EXECUTION_DATE='2024-06-23T00:00:00+00:00' AIRFLOW_CTX_TRY_NUMBER='3' AIRFLOW_CTX_DAG_RUN_ID='scheduled__2024-06-23T00:00:00+00:00'
[2024-09-25T01:51:25.329+0000] {logging_mixin.py:190} INFO - Task instance is in running state
[2024-09-25T01:51:25.330+0000] {logging_mixin.py:190} INFO -  Previous state of the Task instance: queued
[2024-09-25T01:51:25.331+0000] {logging_mixin.py:190} INFO - Current task name:insert_book_data state:running start_date:2024-09-25 01:51:25.136937+00:00
[2024-09-25T01:51:25.331+0000] {logging_mixin.py:190} INFO - Dag name:fetch_and_store_amazon_books and current dag run status:running
[2024-09-25T01:51:25.332+0000] {taskinstance.py:731} INFO - ::endgroup::
[2024-09-25T01:51:25.354+0000] {base.py:84} INFO - Retrieving connection 'books_connection'
[2024-09-25T01:51:25.359+0000] {sql.py:509} INFO - Running statement: 
    INSERT INTO books (title, authors, price, rating)
    VALUES (%s,%s,%s,%s)
    , parameters: ('Data Engineering with AWS - Second Edition: Acquire the skills to design and build AWS-based data transformation pipelines like a pro', 'Gareth Eagar', '41.', '4.4 out of 5 stars')
[2024-09-25T01:51:25.362+0000] {sql.py:518} INFO - Rows affected: 1
[2024-09-25T01:51:25.371+0000] {base.py:84} INFO - Retrieving connection 'books_connection'
[2024-09-25T01:51:25.375+0000] {sql.py:509} INFO - Running statement: 
    INSERT INTO books (title, authors, price, rating)
    VALUES (%s,%s,%s,%s)
    , parameters: ('Data Engineering 101', 'Hardcover', '30.', '4.6 out of 5 stars')
[2024-09-25T01:51:25.378+0000] {sql.py:518} INFO - Rows affected: 1
[2024-09-25T01:51:25.388+0000] {base.py:84} INFO - Retrieving connection 'books_connection'
[2024-09-25T01:51:25.392+0000] {sql.py:509} INFO - Running statement: 
    INSERT INTO books (title, authors, price, rating)
    VALUES (%s,%s,%s,%s)
    , parameters: ('Data Governance Handbook: A practical approach to building trust in data', 'Wendy S Batchelder', '32.', '5.0 out of 5 stars')
[2024-09-25T01:51:25.394+0000] {sql.py:518} INFO - Rows affected: 1
[2024-09-25T01:51:25.404+0000] {base.py:84} INFO - Retrieving connection 'books_connection'
[2024-09-25T01:51:25.408+0000] {sql.py:509} INFO - Running statement: 
    INSERT INTO books (title, authors, price, rating)
    VALUES (%s,%s,%s,%s)
    , parameters: ('Fundamentals of Data Analytics: Learn Essential Skills, Embrace the Future, and Catapult Your Career in the Data-Driven World—A Comprehensive Guide to Data Literacy for Beginners', 'Russell Dawson', '17.', '4.8 out of 5 stars')
[2024-09-25T01:51:25.411+0000] {sql.py:518} INFO - Rows affected: 1
[2024-09-25T01:51:25.419+0000] {base.py:84} INFO - Retrieving connection 'books_connection'
[2024-09-25T01:51:25.424+0000] {sql.py:509} INFO - Running statement: 
    INSERT INTO books (title, authors, price, rating)
    VALUES (%s,%s,%s,%s)
    , parameters: ('Fundamentals of Data Engineering: Plan and Build Robust Data Systems', 'Joe Reis', '42.', '4.7 out of 5 stars')
[2024-09-25T01:51:25.425+0000] {sql.py:518} INFO - Rows affected: 1
[2024-09-25T01:51:25.434+0000] {base.py:84} INFO - Retrieving connection 'books_connection'
[2024-09-25T01:51:25.439+0000] {sql.py:509} INFO - Running statement: 
    INSERT INTO books (title, authors, price, rating)
    VALUES (%s,%s,%s,%s)
    , parameters: ('Designing Data-Intensive Applications: The Big Ideas Behind Reliable, Scalable, and Maintainable Systems', 'Martin Kleppmann', '46.', '4.8 out of 5 stars')
[2024-09-25T01:51:25.441+0000] {sql.py:518} INFO - Rows affected: 1
[2024-09-25T01:51:25.451+0000] {base.py:84} INFO - Retrieving connection 'books_connection'
[2024-09-25T01:51:25.455+0000] {sql.py:509} INFO - Running statement: 
    INSERT INTO books (title, authors, price, rating)
    VALUES (%s,%s,%s,%s)
    , parameters: ('Data Pipelines Pocket Reference: Moving and Processing Data for Analytics', 'James Densmore', '17.', '4.5 out of 5 stars')
[2024-09-25T01:51:25.457+0000] {sql.py:518} INFO - Rows affected: 1
[2024-09-25T01:51:25.466+0000] {base.py:84} INFO - Retrieving connection 'books_connection'
[2024-09-25T01:51:25.469+0000] {sql.py:509} INFO - Running statement: 
    INSERT INTO books (title, authors, price, rating)
    VALUES (%s,%s,%s,%s)
    , parameters: ('Azure Data Engineer Associate Certification Guide: Ace the DP-203 exam with advanced data engineering skills', 'Giacinto Palmieri', '32.', '4.4 out of 5 stars')
[2024-09-25T01:51:25.472+0000] {sql.py:518} INFO - Rows affected: 1
[2024-09-25T01:51:25.480+0000] {base.py:84} INFO - Retrieving connection 'books_connection'
[2024-09-25T01:51:25.484+0000] {sql.py:509} INFO - Running statement: 
    INSERT INTO books (title, authors, price, rating)
    VALUES (%s,%s,%s,%s)
    , parameters: ('Data Engineering with dbt: A practical guide to building a cloud-based, pragmatic, and dependable data platform with SQL', 'Roberto Zagni', '37.', '4.6 out of 5 stars')
[2024-09-25T01:51:25.487+0000] {sql.py:518} INFO - Rows affected: 1
[2024-09-25T01:51:25.496+0000] {base.py:84} INFO - Retrieving connection 'books_connection'
[2024-09-25T01:51:25.499+0000] {sql.py:509} INFO - Running statement: 
    INSERT INTO books (title, authors, price, rating)
    VALUES (%s,%s,%s,%s)
    , parameters: ("Azure Data Factory Cookbook: A data engineer's guide to building and managing ETL and ELT pipelines with data integration", 'Dmitry Foshin', '51.', '4.2 out of 5 stars')
[2024-09-25T01:51:25.502+0000] {sql.py:518} INFO - Rows affected: 1
[2024-09-25T01:51:25.510+0000] {base.py:84} INFO - Retrieving connection 'books_connection'
[2024-09-25T01:51:25.514+0000] {sql.py:509} INFO - Running statement: 
    INSERT INTO books (title, authors, price, rating)
    VALUES (%s,%s,%s,%s)
    , parameters: ('Data Engineering with Python: Work with massive datasets to design data models and automate data pipelines using Python', 'Paul Crickard', '37.', '4.1 out of 5 stars')
[2024-09-25T01:51:25.516+0000] {sql.py:518} INFO - Rows affected: 1
[2024-09-25T01:51:25.525+0000] {base.py:84} INFO - Retrieving connection 'books_connection'
[2024-09-25T01:51:25.529+0000] {sql.py:509} INFO - Running statement: 
    INSERT INTO books (title, authors, price, rating)
    VALUES (%s,%s,%s,%s)
    , parameters: ('Cracking the Data Engineering Interview: Land your dream job with the help of resume-building tips, over 100 mock questions, and a unique portfolio', 'Kedeisha Bryan', '26.', '4.4 out of 5 stars')
[2024-09-25T01:51:25.531+0000] {sql.py:518} INFO - Rows affected: 1
[2024-09-25T01:51:25.539+0000] {base.py:84} INFO - Retrieving connection 'books_connection'
[2024-09-25T01:51:25.543+0000] {sql.py:509} INFO - Running statement: 
    INSERT INTO books (title, authors, price, rating)
    VALUES (%s,%s,%s,%s)
    , parameters: ('Ace the Data Engineering Interview: Questions and Answers for Python, SQL, Data Modeling and More', 'Sean Coyne', '24.', '3.8 out of 5 stars')
[2024-09-25T01:51:25.545+0000] {sql.py:518} INFO - Rows affected: 1
[2024-09-25T01:51:25.554+0000] {base.py:84} INFO - Retrieving connection 'books_connection'
[2024-09-25T01:51:25.558+0000] {sql.py:509} INFO - Running statement: 
    INSERT INTO books (title, authors, price, rating)
    VALUES (%s,%s,%s,%s)
    , parameters: ('Data Engineering with Databricks Cookbook: Build effective data and AI solutions using Apache Spark, Databricks, and Delta Lake', 'Pulkit Chadha', '33.', '4.3 out of 5 stars')
[2024-09-25T01:51:25.560+0000] {sql.py:518} INFO - Rows affected: 1
[2024-09-25T01:51:25.568+0000] {base.py:84} INFO - Retrieving connection 'books_connection'
[2024-09-25T01:51:25.572+0000] {sql.py:509} INFO - Running statement: 
    INSERT INTO books (title, authors, price, rating)
    VALUES (%s,%s,%s,%s)
    , parameters: ('Ace the Data Science Interview: 201 Real Interview Questions Asked By FAANG, Tech Startups, & Wall Street', 'Nick Singh', '34.', '4.5 out of 5 stars')
[2024-09-25T01:51:25.574+0000] {sql.py:518} INFO - Rows affected: 1
[2024-09-25T01:51:25.581+0000] {base.py:84} INFO - Retrieving connection 'books_connection'
[2024-09-25T01:51:25.585+0000] {sql.py:509} INFO - Running statement: 
    INSERT INTO books (title, authors, price, rating)
    VALUES (%s,%s,%s,%s)
    , parameters: ('Essentials of Data Engineering', 'Dr. Mukesh Saini', '19.', '5.0 out of 5 stars')
[2024-09-25T01:51:25.587+0000] {sql.py:518} INFO - Rows affected: 1
[2024-09-25T01:51:25.596+0000] {base.py:84} INFO - Retrieving connection 'books_connection'
[2024-09-25T01:51:25.599+0000] {sql.py:509} INFO - Running statement: 
    INSERT INTO books (title, authors, price, rating)
    VALUES (%s,%s,%s,%s)
    , parameters: ('Data Engineering with Python cookbook: Learn to build efficient data pipelines using the Modern Cloud Data Stack', 'Adithyan Ramanujakootam', '32.', '5.0 out of 5 stars')
[2024-09-25T01:51:25.601+0000] {sql.py:518} INFO - Rows affected: 1
[2024-09-25T01:51:25.609+0000] {base.py:84} INFO - Retrieving connection 'books_connection'
[2024-09-25T01:51:25.613+0000] {sql.py:509} INFO - Running statement: 
    INSERT INTO books (title, authors, price, rating)
    VALUES (%s,%s,%s,%s)
    , parameters: ("Ultimate Data Engineering with Databricks: Develop Scalable Data Pipelines Using Data Engineering's Core Tenets Such as Delta Tables, Ingestion, ... Security, and Scalability (English Edition)", 'Mayank Malhotra', '37.', '4.1 out of 5 stars')
[2024-09-25T01:51:25.615+0000] {sql.py:518} INFO - Rows affected: 1
[2024-09-25T01:51:25.625+0000] {base.py:84} INFO - Retrieving connection 'books_connection'
[2024-09-25T01:51:25.629+0000] {sql.py:509} INFO - Running statement: 
    INSERT INTO books (title, authors, price, rating)
    VALUES (%s,%s,%s,%s)
    , parameters: ('Data Privacy: A runbook for engineers', 'Nishant Bhajaria', '35.', '4.8 out of 5 stars')
[2024-09-25T01:51:25.631+0000] {sql.py:518} INFO - Rows affected: 1
[2024-09-25T01:51:25.641+0000] {base.py:84} INFO - Retrieving connection 'books_connection'
[2024-09-25T01:51:25.646+0000] {sql.py:509} INFO - Running statement: 
    INSERT INTO books (title, authors, price, rating)
    VALUES (%s,%s,%s,%s)
    , parameters: ('Driving Data Quality with Data Contracts: A comprehensive guide to building reliable, trusted, and effective data platforms', 'Andrew Jones', '28.', '4.6 out of 5 stars')
[2024-09-25T01:51:25.648+0000] {sql.py:518} INFO - Rows affected: 1
[2024-09-25T01:51:25.660+0000] {base.py:84} INFO - Retrieving connection 'books_connection'
[2024-09-25T01:51:25.664+0000] {sql.py:509} INFO - Running statement: 
    INSERT INTO books (title, authors, price, rating)
    VALUES (%s,%s,%s,%s)
    , parameters: ('Data Engineering with AWS: Learn how to design and build cloud-based data transformation pipelines using AWS', 'Gareth Eagar', '49.', '4.4 out of 5 stars')
[2024-09-25T01:51:25.667+0000] {sql.py:518} INFO - Rows affected: 1
[2024-09-25T01:51:25.677+0000] {base.py:84} INFO - Retrieving connection 'books_connection'
[2024-09-25T01:51:25.681+0000] {sql.py:509} INFO - Running statement: 
    INSERT INTO books (title, authors, price, rating)
    VALUES (%s,%s,%s,%s)
    , parameters: ('97 Things Every Data Engineer Should Know: Collective Wisdom from the Experts', 'Tobias Macey', '28.', '4.1 out of 5 stars')
[2024-09-25T01:51:25.683+0000] {sql.py:518} INFO - Rows affected: 1
[2024-09-25T01:51:25.694+0000] {base.py:84} INFO - Retrieving connection 'books_connection'
[2024-09-25T01:51:25.698+0000] {sql.py:509} INFO - Running statement: 
    INSERT INTO books (title, authors, price, rating)
    VALUES (%s,%s,%s,%s)
    , parameters: ('Software Engineering for Data Scientists: From Notebooks to Scalable Systems', 'Catherine Nelson', '51.', '4.4 out of 5 stars')
[2024-09-25T01:51:25.702+0000] {sql.py:518} INFO - Rows affected: 1
[2024-09-25T01:51:25.712+0000] {base.py:84} INFO - Retrieving connection 'books_connection'
[2024-09-25T01:51:25.716+0000] {sql.py:509} INFO - Running statement: 
    INSERT INTO books (title, authors, price, rating)
    VALUES (%s,%s,%s,%s)
    , parameters: ('DATA ENGINEERING AND AI FOR BEGINNERS: Revolutionizing Data Processing and Analytics by Leveraging Artificial Intelligence for Efficient Input Collection, Storage, and Transformation (World of AI)', 'Paperback', '13.', '4.3 out of 5 stars')
[2024-09-25T01:51:25.719+0000] {sql.py:518} INFO - Rows affected: 1
[2024-09-25T01:51:25.729+0000] {base.py:84} INFO - Retrieving connection 'books_connection'
[2024-09-25T01:51:25.733+0000] {sql.py:509} INFO - Running statement: 
    INSERT INTO books (title, authors, price, rating)
    VALUES (%s,%s,%s,%s)
    , parameters: ('Practical Data Science with R, Second Edition', 'Nina Zumel', '49.', '4.5 out of 5 stars')
[2024-09-25T01:51:25.736+0000] {sql.py:518} INFO - Rows affected: 1
[2024-09-25T01:51:25.747+0000] {base.py:84} INFO - Retrieving connection 'books_connection'
[2024-09-25T01:51:25.752+0000] {sql.py:509} INFO - Running statement: 
    INSERT INTO books (title, authors, price, rating)
    VALUES (%s,%s,%s,%s)
    , parameters: ('Data-Driven Science and Engineering: Machine Learning, Dynamical Systems, and Control', 'Steven L. Brunton', '64.', '4.8 out of 5 stars')
[2024-09-25T01:51:25.755+0000] {sql.py:518} INFO - Rows affected: 1
[2024-09-25T01:51:25.766+0000] {base.py:84} INFO - Retrieving connection 'books_connection'
[2024-09-25T01:51:25.771+0000] {sql.py:509} INFO - Running statement: 
    INSERT INTO books (title, authors, price, rating)
    VALUES (%s,%s,%s,%s)
    , parameters: ("Data Quality Fundamentals: A Practitioner's Guide to Building Trustworthy Data Pipelines", 'Paperback', '45.', '4.1 out of 5 stars')
[2024-09-25T01:51:25.774+0000] {sql.py:518} INFO - Rows affected: 1
[2024-09-25T01:51:25.784+0000] {base.py:84} INFO - Retrieving connection 'books_connection'
[2024-09-25T01:51:25.789+0000] {sql.py:509} INFO - Running statement: 
    INSERT INTO books (title, authors, price, rating)
    VALUES (%s,%s,%s,%s)
    , parameters: ('Data Engineering with Scala and Spark: A practical guide helping you build streaming and batch pipelines that process massive amounts of data using Scala', 'Eric Tome', '36.', '4.1 out of 5 stars')
[2024-09-25T01:51:25.791+0000] {sql.py:518} INFO - Rows affected: 1
[2024-09-25T01:51:25.801+0000] {base.py:84} INFO - Retrieving connection 'books_connection'
[2024-09-25T01:51:25.806+0000] {sql.py:509} INFO - Running statement: 
    INSERT INTO books (title, authors, price, rating)
    VALUES (%s,%s,%s,%s)
    , parameters: ('Data Engineering with Google Cloud Platform: A guide to leveling up as a data engineer by building a scalable data platform with Google Cloud', 'Adi Wijaya', '41.', '5.0 out of 5 stars')
[2024-09-25T01:51:25.808+0000] {sql.py:518} INFO - Rows affected: 1
[2024-09-25T01:51:25.819+0000] {base.py:84} INFO - Retrieving connection 'books_connection'
[2024-09-25T01:51:25.823+0000] {sql.py:509} INFO - Running statement: 
    INSERT INTO books (title, authors, price, rating)
    VALUES (%s,%s,%s,%s)
    , parameters: ('Analytics Engineering with SQL and dbt: Building Meaningful Data Models at Scale', 'Rui Pedro Machado', '41.', '3.9 out of 5 stars')
[2024-09-25T01:51:25.825+0000] {sql.py:518} INFO - Rows affected: 1
[2024-09-25T01:51:25.837+0000] {base.py:84} INFO - Retrieving connection 'books_connection'
[2024-09-25T01:51:25.842+0000] {sql.py:509} INFO - Running statement: 
    INSERT INTO books (title, authors, price, rating)
    VALUES (%s,%s,%s,%s)
    , parameters: ('Storytelling with Data: A Data Visualization Guide for Business Professionals', 'Cole Nussbaumer Knaflic', '27.', '4.6 out of 5 stars')
[2024-09-25T01:51:25.844+0000] {sql.py:518} INFO - Rows affected: 1
[2024-09-25T01:51:25.854+0000] {base.py:84} INFO - Retrieving connection 'books_connection'
[2024-09-25T01:51:25.859+0000] {sql.py:509} INFO - Running statement: 
    INSERT INTO books (title, authors, price, rating)
    VALUES (%s,%s,%s,%s)
    , parameters: ('Data Engineering with Apache Spark, Delta Lake, and Lakehouse: Create scalable pipelines that ingest, curate, and aggregate complex data in a timely and secure way', 'Manoj Kukreja', '46.', '3.9 out of 5 stars')
[2024-09-25T01:51:25.862+0000] {sql.py:518} INFO - Rows affected: 1
[2024-09-25T01:51:25.873+0000] {base.py:84} INFO - Retrieving connection 'books_connection'
[2024-09-25T01:51:25.877+0000] {sql.py:509} INFO - Running statement: 
    INSERT INTO books (title, authors, price, rating)
    VALUES (%s,%s,%s,%s)
    , parameters: ('Data Engineering with Google Cloud Platform: A practical guide to operationalizing scalable data analytics systems on GCP', 'Adi Wijaya', '39.', '4.7 out of 5 stars')
[2024-09-25T01:51:25.880+0000] {sql.py:518} INFO - Rows affected: 1
[2024-09-25T01:51:25.891+0000] {base.py:84} INFO - Retrieving connection 'books_connection'
[2024-09-25T01:51:25.896+0000] {sql.py:509} INFO - Running statement: 
    INSERT INTO books (title, authors, price, rating)
    VALUES (%s,%s,%s,%s)
    , parameters: ('Official Google Cloud Certified Professional Data Engineer Study Guide', 'Dan Sullivan', '33.', '4.5 out of 5 stars')
[2024-09-25T01:51:25.898+0000] {sql.py:518} INFO - Rows affected: 1
[2024-09-25T01:51:25.910+0000] {base.py:84} INFO - Retrieving connection 'books_connection'
[2024-09-25T01:51:25.915+0000] {sql.py:509} INFO - Running statement: 
    INSERT INTO books (title, authors, price, rating)
    VALUES (%s,%s,%s,%s)
    , parameters: ('Mastering the Data Paradox: Key to Winning in the AI Age', 'Nitin Seth', '17.', '4.8 out of 5 stars')
[2024-09-25T01:51:25.917+0000] {sql.py:518} INFO - Rows affected: 1
[2024-09-25T01:51:25.927+0000] {base.py:84} INFO - Retrieving connection 'books_connection'
[2024-09-25T01:51:25.933+0000] {sql.py:509} INFO - Running statement: 
    INSERT INTO books (title, authors, price, rating)
    VALUES (%s,%s,%s,%s)
    , parameters: ('Python Programming and SQL: 5 books in 1 - The #1 Coding Course from Beginner to Advanced. Learn it Well & Fast (2024) (Computer Programming)', 'Paperback', '29.', '4.3 out of 5 stars')
[2024-09-25T01:51:25.935+0000] {sql.py:518} INFO - Rows affected: 1
[2024-09-25T01:51:25.946+0000] {base.py:84} INFO - Retrieving connection 'books_connection'
[2024-09-25T01:51:25.951+0000] {sql.py:509} INFO - Running statement: 
    INSERT INTO books (title, authors, price, rating)
    VALUES (%s,%s,%s,%s)
    , parameters: ('Modern Data Engineering with Apache Spark: A Hands-On Guide for Building Mission-Critical Streaming Applications', 'Scott Haines', '30.', '4.1 out of 5 stars')
[2024-09-25T01:51:25.953+0000] {sql.py:518} INFO - Rows affected: 1
[2024-09-25T01:51:25.965+0000] {base.py:84} INFO - Retrieving connection 'books_connection'
[2024-09-25T01:51:25.970+0000] {sql.py:509} INFO - Running statement: 
    INSERT INTO books (title, authors, price, rating)
    VALUES (%s,%s,%s,%s)
    , parameters: ('Data Mesh: Delivering Data-Driven Value at Scale', 'Audible Audiobook', '0.', '4.5 out of 5 stars')
[2024-09-25T01:51:25.973+0000] {sql.py:518} INFO - Rows affected: 1
[2024-09-25T01:51:25.985+0000] {base.py:84} INFO - Retrieving connection 'books_connection'
[2024-09-25T01:51:25.991+0000] {sql.py:509} INFO - Running statement: 
    INSERT INTO books (title, authors, price, rating)
    VALUES (%s,%s,%s,%s)
    , parameters: ('Database Internals: A Deep Dive into How Distributed Data Systems Work', 'Alex Petrov', '36.', '4.6 out of 5 stars')
[2024-09-25T01:51:25.993+0000] {sql.py:518} INFO - Rows affected: 1
[2024-09-25T01:51:26.004+0000] {base.py:84} INFO - Retrieving connection 'books_connection'
[2024-09-25T01:51:26.009+0000] {sql.py:509} INFO - Running statement: 
    INSERT INTO books (title, authors, price, rating)
    VALUES (%s,%s,%s,%s)
    , parameters: ('Data Modeling with Snowflake: A practical guide to accelerating Snowflake development using universal data modeling techniques', 'Serge Gershkovich', '36.', '4.8 out of 5 stars')
[2024-09-25T01:51:26.012+0000] {sql.py:518} INFO - Rows affected: 1
[2024-09-25T01:51:26.024+0000] {base.py:84} INFO - Retrieving connection 'books_connection'
[2024-09-25T01:51:26.028+0000] {sql.py:509} INFO - Running statement: 
    INSERT INTO books (title, authors, price, rating)
    VALUES (%s,%s,%s,%s)
    , parameters: ('Better Data Visualizations: A Guide for Scholars, Researchers, and Wonks', 'Jonathan Schwabish', '26.', '4.5 out of 5 stars')
[2024-09-25T01:51:26.031+0000] {sql.py:518} INFO - Rows affected: 1
[2024-09-25T01:51:26.042+0000] {base.py:84} INFO - Retrieving connection 'books_connection'
[2024-09-25T01:51:26.047+0000] {sql.py:509} INFO - Running statement: 
    INSERT INTO books (title, authors, price, rating)
    VALUES (%s,%s,%s,%s)
    , parameters: ('Machine Learning Engineering', 'Andriy Burkov', '39.', '4.7 out of 5 stars')
[2024-09-25T01:51:26.049+0000] {sql.py:518} INFO - Rows affected: 1
[2024-09-25T01:51:26.061+0000] {base.py:84} INFO - Retrieving connection 'books_connection'
[2024-09-25T01:51:26.067+0000] {sql.py:509} INFO - Running statement: 
    INSERT INTO books (title, authors, price, rating)
    VALUES (%s,%s,%s,%s)
    , parameters: ('Data Engineering with Databricks', 'Paperback', '25.', '3.4 out of 5 stars')
[2024-09-25T01:51:26.070+0000] {sql.py:518} INFO - Rows affected: 1
[2024-09-25T01:51:26.080+0000] {base.py:84} INFO - Retrieving connection 'books_connection'
[2024-09-25T01:51:26.086+0000] {sql.py:509} INFO - Running statement: 
    INSERT INTO books (title, authors, price, rating)
    VALUES (%s,%s,%s,%s)
    , parameters: ("Engineers' Data Book", 'Clifford Matthews', '26.', '4.6 out of 5 stars')
[2024-09-25T01:51:26.088+0000] {sql.py:518} INFO - Rows affected: 1
[2024-09-25T01:51:26.100+0000] {base.py:84} INFO - Retrieving connection 'books_connection'
[2024-09-25T01:51:26.106+0000] {sql.py:509} INFO - Running statement: 
    INSERT INTO books (title, authors, price, rating)
    VALUES (%s,%s,%s,%s)
    , parameters: ('Prompt Engineering for Generative AI: Future-Proof Inputs for Reliable AI Outputs', 'James Phoenix', '53.', '4.5 out of 5 stars')
[2024-09-25T01:51:26.108+0000] {sql.py:518} INFO - Rows affected: 1
[2024-09-25T01:51:26.121+0000] {base.py:84} INFO - Retrieving connection 'books_connection'
[2024-09-25T01:51:26.127+0000] {sql.py:509} INFO - Running statement: 
    INSERT INTO books (title, authors, price, rating)
    VALUES (%s,%s,%s,%s)
    , parameters: ('Designing Machine Learning Systems: An Iterative Process for Production-Ready Applications', 'Chip Huyen', '52.', '4.6 out of 5 stars')
[2024-09-25T01:51:26.130+0000] {sql.py:518} INFO - Rows affected: 1
[2024-09-25T01:51:26.144+0000] {base.py:84} INFO - Retrieving connection 'books_connection'
[2024-09-25T01:51:26.151+0000] {sql.py:509} INFO - Running statement: 
    INSERT INTO books (title, authors, price, rating)
    VALUES (%s,%s,%s,%s)
    , parameters: ("SQL QuickStart Guide: The Simplified Beginner's Guide to Managing, Analyzing, and Manipulating Data With SQL (Coding & Programming - QuickStart Guides)", 'Paperback', '23.', '4.6 out of 5 stars')
[2024-09-25T01:51:26.155+0000] {sql.py:518} INFO - Rows affected: 1
[2024-09-25T01:51:26.168+0000] {base.py:84} INFO - Retrieving connection 'books_connection'
[2024-09-25T01:51:26.175+0000] {sql.py:509} INFO - Running statement: 
    INSERT INTO books (title, authors, price, rating)
    VALUES (%s,%s,%s,%s)
    , parameters: ('Ultimate Azure Data Engineering: Build Robust Data Engineering Systems on Azure with SQL, ETL, Data Modeling, and Power BI for Business Insights and Crack Azure Certifications (English Edition)', 'Ashish Agarwal', '39.', '5.0 out of 5 stars')
[2024-09-25T01:51:26.178+0000] {sql.py:518} INFO - Rows affected: 1
[2024-09-25T01:51:26.193+0000] {base.py:84} INFO - Retrieving connection 'books_connection'
[2024-09-25T01:51:26.198+0000] {sql.py:509} INFO - Running statement: 
    INSERT INTO books (title, authors, price, rating)
    VALUES (%s,%s,%s,%s)
    , parameters: ('Building ETL Pipelines with Python: Create and deploy enterprise-ready ETL pipelines by employing modern methods', 'Brij Kishore Pandey', '34.', '4.2 out of 5 stars')
[2024-09-25T01:51:26.202+0000] {sql.py:518} INFO - Rows affected: 1
[2024-09-25T01:51:26.215+0000] {base.py:84} INFO - Retrieving connection 'books_connection'
[2024-09-25T01:51:26.222+0000] {sql.py:509} INFO - Running statement: 
    INSERT INTO books (title, authors, price, rating)
    VALUES (%s,%s,%s,%s)
    , parameters: ('Machine Learning Engineering with Python - Second Edition: Manage the lifecycle of machine learning models using MLOps with practical examples', 'Andrew McMahon', '32.', '4.7 out of 5 stars')
[2024-09-25T01:51:26.224+0000] {sql.py:518} INFO - Rows affected: 1
[2024-09-25T01:51:26.227+0000] {python.py:240} INFO - Done. Returned value was: None
[2024-09-25T01:51:26.243+0000] {taskinstance.py:340} INFO - ::group::Post task execution logs
[2024-09-25T01:51:26.244+0000] {taskinstance.py:352} INFO - Marking task as SUCCESS. dag_id=fetch_and_store_amazon_books, task_id=insert_book_data, run_id=scheduled__2024-06-23T00:00:00+00:00, execution_date=20240623T000000, start_date=20240925T015125, end_date=20240925T015126
[2024-09-25T01:51:26.262+0000] {logging_mixin.py:190} INFO - Task instance in success state
[2024-09-25T01:51:26.263+0000] {logging_mixin.py:190} INFO -  Previous state of the Task instance: running
[2024-09-25T01:51:26.264+0000] {logging_mixin.py:190} INFO - Dag name:fetch_and_store_amazon_books queued_at:2024-09-25 01:51:22.832272+00:00
[2024-09-25T01:51:26.265+0000] {logging_mixin.py:190} INFO - Task hostname:12236234e313 operator:PythonOperator
[2024-09-25T01:51:26.315+0000] {local_task_job_runner.py:266} INFO - Task exited with return code 0
[2024-09-25T01:51:26.338+0000] {taskinstance.py:3900} INFO - 0 downstream tasks scheduled from follow-on schedule check
[2024-09-25T01:51:26.342+0000] {local_task_job_runner.py:245} INFO - ::endgroup::
