[2024-09-25T01:33:29.618+0000] {local_task_job_runner.py:123} INFO - ::group::Pre task execution logs
[2024-09-25T01:33:29.650+0000] {taskinstance.py:2612} INFO - Dependencies all met for dep_context=non-requeueable deps ti=<TaskInstance: fetch_and_store_amazon_books.create_table scheduled__2024-06-29T00:00:00+00:00 [queued]>
[2024-09-25T01:33:29.669+0000] {taskinstance.py:2612} INFO - Dependencies all met for dep_context=requeueable deps ti=<TaskInstance: fetch_and_store_amazon_books.create_table scheduled__2024-06-29T00:00:00+00:00 [queued]>
[2024-09-25T01:33:29.671+0000] {taskinstance.py:2865} INFO - Starting attempt 1 of 2
[2024-09-25T01:33:29.696+0000] {taskinstance.py:2888} INFO - Executing <Task(PostgresOperator): create_table> on 2024-06-29 00:00:00+00:00
[2024-09-25T01:33:29.708+0000] {warnings.py:112} WARNING - /home/***/.local/lib/python3.12/site-packages/***/task/task_runner/standard_task_runner.py:70: DeprecationWarning: This process (pid=3123) is multi-threaded, use of fork() may lead to deadlocks in the child.
  pid = os.fork()

[2024-09-25T01:33:29.711+0000] {standard_task_runner.py:72} INFO - Started process 3139 to run task
[2024-09-25T01:33:29.714+0000] {standard_task_runner.py:104} INFO - Running: ['***', 'tasks', 'run', 'fetch_and_store_amazon_books', 'create_table', 'scheduled__2024-06-29T00:00:00+00:00', '--job-id', '58', '--raw', '--subdir', 'DAGS_FOLDER/dag.py', '--cfg-path', '/tmp/tmpz45ul78z']
[2024-09-25T01:33:29.718+0000] {standard_task_runner.py:105} INFO - Job 58: Subtask create_table
[2024-09-25T01:33:29.821+0000] {task_command.py:467} INFO - Running <TaskInstance: fetch_and_store_amazon_books.create_table scheduled__2024-06-29T00:00:00+00:00 [running]> on host 12236234e313
[2024-09-25T01:33:29.999+0000] {taskinstance.py:3131} INFO - Exporting env vars: AIRFLOW_CTX_DAG_OWNER='***' AIRFLOW_CTX_DAG_ID='fetch_and_store_amazon_books' AIRFLOW_CTX_TASK_ID='create_table' AIRFLOW_CTX_EXECUTION_DATE='2024-06-29T00:00:00+00:00' AIRFLOW_CTX_TRY_NUMBER='1' AIRFLOW_CTX_DAG_RUN_ID='scheduled__2024-06-29T00:00:00+00:00'
[2024-09-25T01:33:30.003+0000] {logging_mixin.py:190} INFO - Task instance is in running state
[2024-09-25T01:33:30.005+0000] {logging_mixin.py:190} INFO -  Previous state of the Task instance: queued
[2024-09-25T01:33:30.007+0000] {logging_mixin.py:190} INFO - Current task name:create_table state:running start_date:2024-09-25 01:33:29.652081+00:00
[2024-09-25T01:33:30.008+0000] {logging_mixin.py:190} INFO - Dag name:fetch_and_store_amazon_books and current dag run status:running
[2024-09-25T01:33:30.010+0000] {taskinstance.py:731} INFO - ::endgroup::
[2024-09-25T01:33:30.012+0000] {sql.py:266} INFO - Executing: 
    CREATE TABLE IF NOT EXISTS books (
        id SERIAL PRIMARY KEY,
        title TEXT NOT NULL,
        authors TEXT,
        price TEXT,
        rating TEXT
    );
    
[2024-09-25T01:33:30.033+0000] {base.py:84} INFO - Retrieving connection 'books_connection'
[2024-09-25T01:33:30.054+0000] {base.py:84} INFO - Retrieving connection 'books_connection'
[2024-09-25T01:33:30.063+0000] {sql.py:509} INFO - Running statement: 
    CREATE TABLE IF NOT EXISTS books (
        id SERIAL PRIMARY KEY,
        title TEXT NOT NULL,
        authors TEXT,
        price TEXT,
        rating TEXT
    );
    , parameters: None
[2024-09-25T01:33:30.088+0000] {taskinstance.py:340} INFO - ::group::Post task execution logs
[2024-09-25T01:33:30.090+0000] {taskinstance.py:352} INFO - Marking task as SUCCESS. dag_id=fetch_and_store_amazon_books, task_id=create_table, run_id=scheduled__2024-06-29T00:00:00+00:00, execution_date=20240629T000000, start_date=20240925T013329, end_date=20240925T013330
[2024-09-25T01:33:30.114+0000] {logging_mixin.py:190} INFO - Task instance in success state
[2024-09-25T01:33:30.116+0000] {logging_mixin.py:190} INFO -  Previous state of the Task instance: running
[2024-09-25T01:33:30.118+0000] {logging_mixin.py:190} INFO - Dag name:fetch_and_store_amazon_books queued_at:2024-09-25 01:25:20.454857+00:00
[2024-09-25T01:33:30.119+0000] {logging_mixin.py:190} INFO - Task hostname:12236234e313 operator:PostgresOperator
[2024-09-25T01:33:30.173+0000] {local_task_job_runner.py:266} INFO - Task exited with return code 0
[2024-09-25T01:33:30.198+0000] {local_task_job_runner.py:245} INFO - ::endgroup::
