[2024-09-25T01:33:19.476+0000] {local_task_job_runner.py:123} INFO - ::group::Pre task execution logs
[2024-09-25T01:33:19.539+0000] {taskinstance.py:2612} INFO - Dependencies all met for dep_context=non-requeueable deps ti=<TaskInstance: fetch_and_store_amazon_books.fetch_book_data scheduled__2024-06-25T00:00:00+00:00 [queued]>
[2024-09-25T01:33:19.568+0000] {taskinstance.py:2612} INFO - Dependencies all met for dep_context=requeueable deps ti=<TaskInstance: fetch_and_store_amazon_books.fetch_book_data scheduled__2024-06-25T00:00:00+00:00 [queued]>
[2024-09-25T01:33:19.591+0000] {taskinstance.py:2865} INFO - Starting attempt 2 of 2
[2024-09-25T01:33:19.643+0000] {taskinstance.py:2888} INFO - Executing <Task(PythonOperator): fetch_book_data> on 2024-06-25 00:00:00+00:00
[2024-09-25T01:33:19.661+0000] {warnings.py:112} WARNING - /home/***/.local/lib/python3.12/site-packages/***/task/task_runner/standard_task_runner.py:70: DeprecationWarning: This process (pid=3083) is multi-threaded, use of fork() may lead to deadlocks in the child.
  pid = os.fork()

[2024-09-25T01:33:19.665+0000] {standard_task_runner.py:72} INFO - Started process 3099 to run task
[2024-09-25T01:33:19.669+0000] {standard_task_runner.py:104} INFO - Running: ['***', 'tasks', 'run', 'fetch_and_store_amazon_books', 'fetch_book_data', 'scheduled__2024-06-25T00:00:00+00:00', '--job-id', '45', '--raw', '--subdir', 'DAGS_FOLDER/dag.py', '--cfg-path', '/tmp/tmp4mjro_x0']
[2024-09-25T01:33:19.673+0000] {standard_task_runner.py:105} INFO - Job 45: Subtask fetch_book_data
[2024-09-25T01:33:19.928+0000] {task_command.py:467} INFO - Running <TaskInstance: fetch_and_store_amazon_books.fetch_book_data scheduled__2024-06-25T00:00:00+00:00 [running]> on host 12236234e313
[2024-09-25T01:33:20.177+0000] {taskinstance.py:3131} INFO - Exporting env vars: AIRFLOW_CTX_DAG_OWNER='***' AIRFLOW_CTX_DAG_ID='fetch_and_store_amazon_books' AIRFLOW_CTX_TASK_ID='fetch_book_data' AIRFLOW_CTX_EXECUTION_DATE='2024-06-25T00:00:00+00:00' AIRFLOW_CTX_TRY_NUMBER='2' AIRFLOW_CTX_DAG_RUN_ID='scheduled__2024-06-25T00:00:00+00:00'
[2024-09-25T01:33:20.183+0000] {logging_mixin.py:190} INFO - Task instance is in running state
[2024-09-25T01:33:20.184+0000] {logging_mixin.py:190} INFO -  Previous state of the Task instance: queued
[2024-09-25T01:33:20.186+0000] {logging_mixin.py:190} INFO - Current task name:fetch_book_data state:running start_date:2024-09-25 01:33:19.541406+00:00
[2024-09-25T01:33:20.187+0000] {logging_mixin.py:190} INFO - Dag name:fetch_and_store_amazon_books and current dag run status:running
[2024-09-25T01:33:20.188+0000] {taskinstance.py:731} INFO - ::endgroup::
[2024-09-25T01:33:22.564+0000] {python.py:240} INFO - Done. Returned value was: None
[2024-09-25T01:33:22.593+0000] {taskinstance.py:340} INFO - ::group::Post task execution logs
[2024-09-25T01:33:22.595+0000] {taskinstance.py:352} INFO - Marking task as SUCCESS. dag_id=fetch_and_store_amazon_books, task_id=fetch_book_data, run_id=scheduled__2024-06-25T00:00:00+00:00, execution_date=20240625T000000, start_date=20240925T013319, end_date=20240925T013322
[2024-09-25T01:33:22.622+0000] {logging_mixin.py:190} INFO - Task instance in success state
[2024-09-25T01:33:22.624+0000] {logging_mixin.py:190} INFO -  Previous state of the Task instance: running
[2024-09-25T01:33:22.625+0000] {logging_mixin.py:190} INFO - Dag name:fetch_and_store_amazon_books queued_at:2024-09-25 01:25:17.968051+00:00
[2024-09-25T01:33:22.627+0000] {logging_mixin.py:190} INFO - Task hostname:12236234e313 operator:PythonOperator
[2024-09-25T01:33:22.719+0000] {local_task_job_runner.py:266} INFO - Task exited with return code 0
[2024-09-25T01:33:22.748+0000] {local_task_job_runner.py:245} INFO - ::endgroup::
