[2024-09-25T01:32:37.801+0000] {local_task_job_runner.py:123} INFO - ::group::Pre task execution logs
[2024-09-25T01:32:37.841+0000] {taskinstance.py:2612} INFO - Dependencies all met for dep_context=non-requeueable deps ti=<TaskInstance: fetch_and_store_amazon_books.create_table scheduled__2024-07-01T00:00:00+00:00 [queued]>
[2024-09-25T01:32:37.865+0000] {taskinstance.py:2612} INFO - Dependencies all met for dep_context=requeueable deps ti=<TaskInstance: fetch_and_store_amazon_books.create_table scheduled__2024-07-01T00:00:00+00:00 [queued]>
[2024-09-25T01:32:37.866+0000] {taskinstance.py:2865} INFO - Starting attempt 1 of 2
[2024-09-25T01:32:37.896+0000] {taskinstance.py:2888} INFO - Executing <Task(PostgresOperator): create_table> on 2024-07-01 00:00:00+00:00
[2024-09-25T01:32:37.910+0000] {warnings.py:112} WARNING - /home/***/.local/lib/python3.12/site-packages/***/task/task_runner/standard_task_runner.py:70: DeprecationWarning: This process (pid=3006) is multi-threaded, use of fork() may lead to deadlocks in the child.
  pid = os.fork()

[2024-09-25T01:32:37.913+0000] {standard_task_runner.py:72} INFO - Started process 3015 to run task
[2024-09-25T01:32:37.916+0000] {standard_task_runner.py:104} INFO - Running: ['***', 'tasks', 'run', 'fetch_and_store_amazon_books', 'create_table', 'scheduled__2024-07-01T00:00:00+00:00', '--job-id', '28', '--raw', '--subdir', 'DAGS_FOLDER/dag.py', '--cfg-path', '/tmp/tmpnpw2u32h']
[2024-09-25T01:32:37.919+0000] {standard_task_runner.py:105} INFO - Job 28: Subtask create_table
[2024-09-25T01:32:38.020+0000] {task_command.py:467} INFO - Running <TaskInstance: fetch_and_store_amazon_books.create_table scheduled__2024-07-01T00:00:00+00:00 [running]> on host 12236234e313
[2024-09-25T01:32:38.171+0000] {taskinstance.py:3131} INFO - Exporting env vars: AIRFLOW_CTX_DAG_OWNER='***' AIRFLOW_CTX_DAG_ID='fetch_and_store_amazon_books' AIRFLOW_CTX_TASK_ID='create_table' AIRFLOW_CTX_EXECUTION_DATE='2024-07-01T00:00:00+00:00' AIRFLOW_CTX_TRY_NUMBER='1' AIRFLOW_CTX_DAG_RUN_ID='scheduled__2024-07-01T00:00:00+00:00'
[2024-09-25T01:32:38.175+0000] {logging_mixin.py:190} INFO - Task instance is in running state
[2024-09-25T01:32:38.177+0000] {logging_mixin.py:190} INFO -  Previous state of the Task instance: queued
[2024-09-25T01:32:38.179+0000] {logging_mixin.py:190} INFO - Current task name:create_table state:running start_date:2024-09-25 01:32:37.842691+00:00
[2024-09-25T01:32:38.180+0000] {logging_mixin.py:190} INFO - Dag name:fetch_and_store_amazon_books and current dag run status:running
[2024-09-25T01:32:38.181+0000] {taskinstance.py:731} INFO - ::endgroup::
[2024-09-25T01:32:38.183+0000] {sql.py:266} INFO - Executing: 
    CREATE TABLE IF NOT EXISTS books (
        id SERIAL PRIMARY KEY,
        title TEXT NOT NULL,
        authors TEXT,
        price TEXT,
        rating TEXT
    );
    
[2024-09-25T01:32:38.202+0000] {base.py:84} INFO - Retrieving connection 'books_connection'
[2024-09-25T01:32:38.218+0000] {base.py:84} INFO - Retrieving connection 'books_connection'
[2024-09-25T01:32:38.227+0000] {sql.py:509} INFO - Running statement: 
    CREATE TABLE IF NOT EXISTS books (
        id SERIAL PRIMARY KEY,
        title TEXT NOT NULL,
        authors TEXT,
        price TEXT,
        rating TEXT
    );
    , parameters: None
[2024-09-25T01:32:38.251+0000] {taskinstance.py:340} INFO - ::group::Post task execution logs
[2024-09-25T01:32:38.252+0000] {taskinstance.py:352} INFO - Marking task as SUCCESS. dag_id=fetch_and_store_amazon_books, task_id=create_table, run_id=scheduled__2024-07-01T00:00:00+00:00, execution_date=20240701T000000, start_date=20240925T013237, end_date=20240925T013238
[2024-09-25T01:32:38.271+0000] {logging_mixin.py:190} INFO - Task instance in success state
[2024-09-25T01:32:38.272+0000] {logging_mixin.py:190} INFO -  Previous state of the Task instance: running
[2024-09-25T01:32:38.274+0000] {logging_mixin.py:190} INFO - Dag name:fetch_and_store_amazon_books queued_at:2024-09-25 01:25:21.351919+00:00
[2024-09-25T01:32:38.275+0000] {logging_mixin.py:190} INFO - Task hostname:12236234e313 operator:PostgresOperator
[2024-09-25T01:32:38.295+0000] {local_task_job_runner.py:266} INFO - Task exited with return code 0
[2024-09-25T01:32:38.316+0000] {warnings.py:112} WARNING - /home/***/.local/lib/python3.12/site-packages/***/models/baseoperator.py:1378: AirflowProviderDeprecationWarning: Call to deprecated class PostgresOperator. (Please use `***.providers.common.sql.operators.sql.SQLExecuteQueryOperator`.Also, you can provide `hook_params={'schema': <database>}`.)
  result = cls.__new__(cls)

[2024-09-25T01:32:38.337+0000] {taskinstance.py:3900} INFO - 1 downstream tasks scheduled from follow-on schedule check
[2024-09-25T01:32:38.342+0000] {local_task_job_runner.py:245} INFO - ::endgroup::
